
Due to MODULEPATH changes, the following have been reloaded:
  1) cray-mpich/8.1.12


Currently Loaded Modules:
  1) craype-x86-rome                        15) ELPA/2021.11.001
  2) libfabric/1.15.2.0                     16) libxsmm/1.17
  3) craype-network-ofi                     17) libxc/5.1.7
  4) xpmem/2.4.4-2.3_13.8__gff0e1d9.shasta  18) Libint-CP2K/2.6.0
  5) PrgEnv-gnu/8.3.0                       19) cray-hdf5/1.12.0.7
  6) cray-dsmml/0.2.2                       20) GSL/2.7
  7) cray-libsci/21.08.1.2                  21) SpFFT/1.0.5
  8) cray-mpich/8.1.12                      22) SPLA/1.5.2
  9) craype/2.7.13                          23) SIRIUS/7.3.1
 10) gcc/11.2.0                             24) spglib/1.16.3
 11) perftools-base/21.12.0                 25) libvori/210412
 12) cpe/21.12                              26) zlib/.1.2.11       (H)
 13) cpeGNU/21.12                           27) PLUMED/2.7.3
 14) cray-fftw/3.3.8.12

  Where:
   H:  Hidden Module

 

cpu-bind=MASK - nid001398, task  4  4 [130440]: mask 0x1000000000000000000000000000000010 set
cpu-bind=MASK - nid001398, task  9  9 [130445]: mask 0x20000000000000000000000000000000200 set
cpu-bind=MASK - nid001398, task 11 11 [130447]: mask 0x80000000000000000000000000000000800 set
cpu-bind=MASK - nid001398, task 13 13 [130449]: mask 0x200000000000000000000000000000002000 set
cpu-bind=MASK - nid001398, task  0  0 [130436]: mask 0x100000000000000000000000000000001 set
cpu-bind=MASK - nid001398, task  1  1 [130437]: mask 0x200000000000000000000000000000002 set
cpu-bind=MASK - nid001398, task  2  2 [130438]: mask 0x400000000000000000000000000000004 set
cpu-bind=MASK - nid001398, task  3  3 [130439]: mask 0x800000000000000000000000000000008 set
cpu-bind=MASK - nid001398, task  5  5 [130441]: mask 0x2000000000000000000000000000000020 set
cpu-bind=MASK - nid001398, task  6  6 [130442]: mask 0x4000000000000000000000000000000040 set
cpu-bind=MASK - nid001398, task  7  7 [130443]: mask 0x8000000000000000000000000000000080 set
cpu-bind=MASK - nid001398, task  8  8 [130444]: mask 0x10000000000000000000000000000000100 set
cpu-bind=MASK - nid001398, task 10 10 [130446]: mask 0x40000000000000000000000000000000400 set
cpu-bind=MASK - nid001398, task 12 12 [130448]: mask 0x100000000000000000000000000000001000 set
cpu-bind=MASK - nid001398, task 14 14 [130450]: mask 0x400000000000000000000000000000004000 set
cpu-bind=MASK - nid001398, task 15 15 [130451]: mask 0x800000000000000000000000000000008000 set
cpu-bind=MASK - nid001398, task 20 20 [130456]: mask 0x10000000000000000000000000000000100000 set
cpu-bind=MASK - nid001398, task 21 21 [130457]: mask 0x20000000000000000000000000000000200000 set
cpu-bind=MASK - nid001398, task 16 16 [130452]: mask 0x1000000000000000000000000000000010000 set
cpu-bind=MASK - nid001398, task 17 17 [130453]: mask 0x2000000000000000000000000000000020000 set
cpu-bind=MASK - nid001398, task 18 18 [130454]: mask 0x4000000000000000000000000000000040000 set
cpu-bind=MASK - nid001398, task 19 19 [130455]: mask 0x8000000000000000000000000000000080000 set
cpu-bind=MASK - nid001398, task 22 22 [130458]: mask 0x40000000000000000000000000000000400000 set
cpu-bind=MASK - nid001398, task 23 23 [130459]: mask 0x80000000000000000000000000000000800000 set
cpu-bind=MASK - nid001398, task 24 24 [130460]: mask 0x100000000000000000000000000000001000000 set
cpu-bind=MASK - nid001398, task 25 25 [130461]: mask 0x200000000000000000000000000000002000000 set
cpu-bind=MASK - nid001398, task 26 26 [130462]: mask 0x400000000000000000000000000000004000000 set
cpu-bind=MASK - nid001398, task 27 27 [130463]: mask 0x800000000000000000000000000000008000000 set
cpu-bind=MASK - nid001398, task 28 28 [130464]: mask 0x1000000000000000000000000000000010000000 set
cpu-bind=MASK - nid001398, task 29 29 [130465]: mask 0x2000000000000000000000000000000020000000 set
cpu-bind=MASK - nid001398, task 30 30 [130466]: mask 0x4000000000000000000000000000000040000000 set
cpu-bind=MASK - nid001398, task 31 31 [130467]: mask 0x8000000000000000000000000000000080000000 set
cpu-bind=MASK - nid001398, task 32 32 [130468]: mask 0x10000000000000000000000000000000100000000 set
cpu-bind=MASK - nid001398, task 33 33 [130469]: mask 0x20000000000000000000000000000000200000000 set
cpu-bind=MASK - nid001398, task 34 34 [130470]: mask 0x40000000000000000000000000000000400000000 set
cpu-bind=MASK - nid001398, task 35 35 [130471]: mask 0x80000000000000000000000000000000800000000 set
cpu-bind=MASK - nid001398, task 36 36 [130472]: mask 0x100000000000000000000000000000001000000000 set
cpu-bind=MASK - nid001398, task 37 37 [130473]: mask 0x200000000000000000000000000000002000000000 set
cpu-bind=MASK - nid001398, task 38 38 [130474]: mask 0x400000000000000000000000000000004000000000 set
cpu-bind=MASK - nid001398, task 43 43 [130479]: mask 0x8000000000000000000000000000000080000000000 set
cpu-bind=MASK - nid001398, task 44 44 [130480]: mask 0x10000000000000000000000000000000100000000000 set
cpu-bind=MASK - nid001398, task 45 45 [130481]: mask 0x20000000000000000000000000000000200000000000 set
cpu-bind=MASK - nid001398, task 46 46 [130482]: mask 0x40000000000000000000000000000000400000000000 set
cpu-bind=MASK - nid001398, task 39 39 [130475]: mask 0x800000000000000000000000000000008000000000 set
cpu-bind=MASK - nid001398, task 40 40 [130476]: mask 0x1000000000000000000000000000000010000000000 set
cpu-bind=MASK - nid001398, task 41 41 [130477]: mask 0x2000000000000000000000000000000020000000000 set
cpu-bind=MASK - nid001398, task 52 52 [130488]: mask 0x1000000000000000000000000000000010000000000000 set
cpu-bind=MASK - nid001398, task 42 42 [130478]: mask 0x4000000000000000000000000000000040000000000 set
cpu-bind=MASK - nid001398, task 47 47 [130483]: mask 0x80000000000000000000000000000000800000000000 set
cpu-bind=MASK - nid001398, task 54 54 [130490]: mask 0x4000000000000000000000000000000040000000000000 set
cpu-bind=MASK - nid001398, task 55 55 [130491]: mask 0x8000000000000000000000000000000080000000000000 set
cpu-bind=MASK - nid001398, task 53 53 [130489]: mask 0x2000000000000000000000000000000020000000000000 set
cpu-bind=MASK - nid001398, task 60 60 [130496]: mask 0x100000000000000000000000000000001000000000000000 set
cpu-bind=MASK - nid001398, task 61 61 [130497]: mask 0x200000000000000000000000000000002000000000000000 set
cpu-bind=MASK - nid001398, task 49 49 [130485]: mask 0x200000000000000000000000000000002000000000000 set
cpu-bind=MASK - nid001398, task 51 51 [130487]: mask 0x800000000000000000000000000000008000000000000 set
cpu-bind=MASK - nid001398, task 56 56 [130492]: mask 0x10000000000000000000000000000000100000000000000 set
cpu-bind=MASK - nid001398, task 57 57 [130493]: mask 0x20000000000000000000000000000000200000000000000 set
cpu-bind=MASK - nid001398, task 58 58 [130494]: mask 0x40000000000000000000000000000000400000000000000 set
cpu-bind=MASK - nid001398, task 64 64 [130500]: mask 0x1000000000000000000000000000000010000000000000000 set
cpu-bind=MASK - nid001398, task 65 65 [130501]: mask 0x2000000000000000000000000000000020000000000000000 set
cpu-bind=MASK - nid001398, task 59 59 [130495]: mask 0x80000000000000000000000000000000800000000000000 set
cpu-bind=MASK - nid001398, task 62 62 [130498]: mask 0x400000000000000000000000000000004000000000000000 set
cpu-bind=MASK - nid001398, task 63 63 [130499]: mask 0x800000000000000000000000000000008000000000000000 set
cpu-bind=MASK - nid001398, task 67 67 [130503]: mask 0x8000000000000000000000000000000080000000000000000 set
cpu-bind=MASK - nid001398, task 68 68 [130504]: mask 0x10000000000000000000000000000000100000000000000000 set
cpu-bind=MASK - nid001398, task 48 48 [130484]: mask 0x100000000000000000000000000000001000000000000 set
cpu-bind=MASK - nid001398, task 66 66 [130502]: mask 0x4000000000000000000000000000000040000000000000000 set
cpu-bind=MASK - nid001398, task 50 50 [130486]: mask 0x400000000000000000000000000000004000000000000 set
cpu-bind=MASK - nid001398, task 69 69 [130505]: mask 0x20000000000000000000000000000000200000000000000000 set
cpu-bind=MASK - nid001398, task 73 73 [130509]: mask 0x200000000000000000000000000000002000000000000000000 set
cpu-bind=MASK - nid001398, task 74 74 [130510]: mask 0x400000000000000000000000000000004000000000000000000 set
cpu-bind=MASK - nid001398, task 75 75 [130511]: mask 0x800000000000000000000000000000008000000000000000000 set
cpu-bind=MASK - nid001398, task 76 76 [130512]: mask 0x1000000000000000000000000000000010000000000000000000 set
cpu-bind=MASK - nid001398, task 77 77 [130513]: mask 0x2000000000000000000000000000000020000000000000000000 set
cpu-bind=MASK - nid001398, task 71 71 [130507]: mask 0x80000000000000000000000000000000800000000000000000 set
cpu-bind=MASK - nid001398, task 70 70 [130506]: mask 0x40000000000000000000000000000000400000000000000000 set
cpu-bind=MASK - nid001398, task 72 72 [130508]: mask 0x100000000000000000000000000000001000000000000000000 set
cpu-bind=MASK - nid001398, task 78 78 [130514]: mask 0x4000000000000000000000000000000040000000000000000000 set
cpu-bind=MASK - nid001398, task 81 81 [130517]: mask 0x20000000000000000000000000000000200000000000000000000 set
cpu-bind=MASK - nid001398, task 79 79 [130515]: mask 0x8000000000000000000000000000000080000000000000000000 set
cpu-bind=MASK - nid001398, task 82 82 [130518]: mask 0x40000000000000000000000000000000400000000000000000000 set
cpu-bind=MASK - nid001398, task 83 83 [130519]: mask 0x80000000000000000000000000000000800000000000000000000 set
cpu-bind=MASK - nid001398, task 85 85 [130521]: mask 0x200000000000000000000000000000002000000000000000000000 set
cpu-bind=MASK - nid001398, task 88 88 [130524]: mask 0x1000000000000000000000000000000010000000000000000000000 set
cpu-bind=MASK - nid001398, task 104 104 [130540]: mask 0x10000000000000000000000000000000100000000000000000000000000 set
cpu-bind=MASK - nid001398, task 80 80 [130516]: mask 0x10000000000000000000000000000000100000000000000000000 set
cpu-bind=MASK - nid001398, task 92 92 [130528]: mask 0x10000000000000000000000000000000100000000000000000000000 set
cpu-bind=MASK - nid001398, task 111 111 [130547]: mask 0x800000000000000000000000000000008000000000000000000000000000 set
cpu-bind=MASK - nid001398, task 115 115 [130551]: mask 0x8000000000000000000000000000000080000000000000000000000000000 set
cpu-bind=MASK - nid001398, task 84 84 [130520]: mask 0x100000000000000000000000000000001000000000000000000000 set
cpu-bind=MASK - nid001398, task 86 86 [130522]: mask 0x400000000000000000000000000000004000000000000000000000 set
cpu-bind=MASK - nid001398, task 99 99 [130535]: mask 0x800000000000000000000000000000008000000000000000000000000 set
cpu-bind=MASK - nid001398, task 105 105 [130541]: mask 0x20000000000000000000000000000000200000000000000000000000000 set
cpu-bind=MASK - nid001398, task 108 108 [130544]: mask 0x100000000000000000000000000000001000000000000000000000000000 set
cpu-bind=MASK - nid001398, task 87 87 [130523]: mask 0x800000000000000000000000000000008000000000000000000000 set
cpu-bind=MASK - nid001398, task 89 89 [130525]: mask 0x2000000000000000000000000000000020000000000000000000000 set
cpu-bind=MASK - nid001398, task 90 90 [130526]: mask 0x4000000000000000000000000000000040000000000000000000000 set
cpu-bind=MASK - nid001398, task 91 91 [130527]: mask 0x8000000000000000000000000000000080000000000000000000000 set
cpu-bind=MASK - nid001398, task 93 93 [130529]: mask 0x20000000000000000000000000000000200000000000000000000000 set
cpu-bind=MASK - nid001398, task 94 94 [130530]: mask 0x40000000000000000000000000000000400000000000000000000000 set
cpu-bind=MASK - nid001398, task 96 96 [130532]: mask 0x100000000000000000000000000000001000000000000000000000000 set
cpu-bind=MASK - nid001398, task 97 97 [130533]: mask 0x200000000000000000000000000000002000000000000000000000000 set
cpu-bind=MASK - nid001398, task 98 98 [130534]: mask 0x400000000000000000000000000000004000000000000000000000000 set
cpu-bind=MASK - nid001398, task 100 100 [130536]: mask 0x1000000000000000000000000000000010000000000000000000000000 set
cpu-bind=MASK - nid001398, task 101 101 [130537]: mask 0x2000000000000000000000000000000020000000000000000000000000 set
cpu-bind=MASK - nid001398, task 102 102 [130538]: mask 0x4000000000000000000000000000000040000000000000000000000000 set
cpu-bind=MASK - nid001398, task 103 103 [130539]: mask 0x8000000000000000000000000000000080000000000000000000000000 set
cpu-bind=MASK - nid001398, task 106 106 [130542]: mask 0x40000000000000000000000000000000400000000000000000000000000 set
cpu-bind=MASK - nid001398, task 107 107 [130543]: mask 0x80000000000000000000000000000000800000000000000000000000000 set
cpu-bind=MASK - nid001398, task 121 121 [130557]: mask 0x200000000000000000000000000000002000000000000000000000000000000 set
cpu-bind=MASK - nid001398, task 95 95 [130531]: mask 0x80000000000000000000000000000000800000000000000000000000 set
cpu-bind=MASK - nid001398, task 109 109 [130545]: mask 0x200000000000000000000000000000002000000000000000000000000000 set
cpu-bind=MASK - nid001398, task 120 120 [130556]: mask 0x100000000000000000000000000000001000000000000000000000000000000 set
cpu-bind=MASK - nid001398, task 124 124 [130560]: mask 0x1000000000000000000000000000000010000000000000000000000000000000 set
cpu-bind=MASK - nid001398, task 125 125 [130561]: mask 0x2000000000000000000000000000000020000000000000000000000000000000 set
cpu-bind=MASK - nid001398, task 113 113 [130549]: mask 0x2000000000000000000000000000000020000000000000000000000000000 set
cpu-bind=MASK - nid001398, task 114 114 [130550]: mask 0x4000000000000000000000000000000040000000000000000000000000000 set
cpu-bind=MASK - nid001398, task 112 112 [130548]: mask 0x1000000000000000000000000000000010000000000000000000000000000 set
cpu-bind=MASK - nid001398, task 110 110 [130546]: mask 0x400000000000000000000000000000004000000000000000000000000000 set
cpu-bind=MASK - nid001398, task 116 116 [130552]: mask 0x10000000000000000000000000000000100000000000000000000000000000 set
cpu-bind=MASK - nid001398, task 117 117 [130553]: mask 0x20000000000000000000000000000000200000000000000000000000000000 set
cpu-bind=MASK - nid001398, task 118 118 [130554]: mask 0x40000000000000000000000000000000400000000000000000000000000000 set
cpu-bind=MASK - nid001398, task 119 119 [130555]: mask 0x80000000000000000000000000000000800000000000000000000000000000 set
cpu-bind=MASK - nid001398, task 123 123 [130559]: mask 0x800000000000000000000000000000008000000000000000000000000000000 set
cpu-bind=MASK - nid001398, task 127 127 [130563]: mask 0x8000000000000000000000000000000080000000000000000000000000000000 set
cpu-bind=MASK - nid001398, task 122 122 [130558]: mask 0x400000000000000000000000000000004000000000000000000000000000000 set
cpu-bind=MASK - nid001398, task 126 126 [130562]: mask 0x4000000000000000000000000000000040000000000000000000000000000000 set
cpu-bind=MASK - nid001725, task 129  1 [237760]: mask 0x200000000000000000000000000000002 set
cpu-bind=MASK - nid001725, task 130  2 [237761]: mask 0x400000000000000000000000000000004 set
cpu-bind=MASK - nid001725, task 128  0 [237759]: mask 0x100000000000000000000000000000001 set
cpu-bind=MASK - nid001725, task 132  4 [237763]: mask 0x1000000000000000000000000000000010 set
cpu-bind=MASK - nid001725, task 133  5 [237764]: mask 0x2000000000000000000000000000000020 set
cpu-bind=MASK - nid001725, task 131  3 [237762]: mask 0x800000000000000000000000000000008 set
cpu-bind=MASK - nid001725, task 135  7 [237766]: mask 0x8000000000000000000000000000000080 set
cpu-bind=MASK - nid001725, task 137  9 [237768]: mask 0x20000000000000000000000000000000200 set
cpu-bind=MASK - nid001725, task 134  6 [237765]: mask 0x4000000000000000000000000000000040 set
cpu-bind=MASK - nid001725, task 136  8 [237767]: mask 0x10000000000000000000000000000000100 set
cpu-bind=MASK - nid001725, task 139 11 [237770]: mask 0x80000000000000000000000000000000800 set
cpu-bind=MASK - nid001725, task 138 10 [237769]: mask 0x40000000000000000000000000000000400 set
cpu-bind=MASK - nid001725, task 145 17 [237776]: mask 0x2000000000000000000000000000000020000 set
cpu-bind=MASK - nid001725, task 147 19 [237778]: mask 0x8000000000000000000000000000000080000 set
cpu-bind=MASK - nid001725, task 146 18 [237777]: mask 0x4000000000000000000000000000000040000 set
cpu-bind=MASK - nid001725, task 140 12 [237771]: mask 0x100000000000000000000000000000001000 set
cpu-bind=MASK - nid001725, task 141 13 [237772]: mask 0x200000000000000000000000000000002000 set
cpu-bind=MASK - nid001725, task 142 14 [237773]: mask 0x400000000000000000000000000000004000 set
cpu-bind=MASK - nid001725, task 143 15 [237774]: mask 0x800000000000000000000000000000008000 set
cpu-bind=MASK - nid001725, task 149 21 [237780]: mask 0x20000000000000000000000000000000200000 set
cpu-bind=MASK - nid001725, task 150 22 [237781]: mask 0x40000000000000000000000000000000400000 set
cpu-bind=MASK - nid001725, task 151 23 [237782]: mask 0x80000000000000000000000000000000800000 set
cpu-bind=MASK - nid001725, task 144 16 [237775]: mask 0x1000000000000000000000000000000010000 set
cpu-bind=MASK - nid001725, task 148 20 [237779]: mask 0x10000000000000000000000000000000100000 set
cpu-bind=MASK - nid001725, task 157 29 [237788]: mask 0x2000000000000000000000000000000020000000 set
cpu-bind=MASK - nid001725, task 152 24 [237783]: mask 0x100000000000000000000000000000001000000 set
cpu-bind=MASK - nid001725, task 153 25 [237784]: mask 0x200000000000000000000000000000002000000 set
cpu-bind=MASK - nid001725, task 154 26 [237785]: mask 0x400000000000000000000000000000004000000 set
cpu-bind=MASK - nid001725, task 158 30 [237789]: mask 0x4000000000000000000000000000000040000000 set
cpu-bind=MASK - nid001725, task 155 27 [237786]: mask 0x800000000000000000000000000000008000000 set
cpu-bind=MASK - nid001725, task 156 28 [237787]: mask 0x1000000000000000000000000000000010000000 set
cpu-bind=MASK - nid001725, task 160 32 [237791]: mask 0x10000000000000000000000000000000100000000 set
cpu-bind=MASK - nid001725, task 161 33 [237792]: mask 0x20000000000000000000000000000000200000000 set
cpu-bind=MASK - nid001725, task 162 34 [237793]: mask 0x40000000000000000000000000000000400000000 set
cpu-bind=MASK - nid001725, task 168 40 [237799]: mask 0x1000000000000000000000000000000010000000000 set
cpu-bind=MASK - nid001725, task 164 36 [237795]: mask 0x100000000000000000000000000000001000000000 set
cpu-bind=MASK - nid001725, task 167 39 [237798]: mask 0x800000000000000000000000000000008000000000 set
cpu-bind=MASK - nid001725, task 173 45 [237804]: mask 0x20000000000000000000000000000000200000000000 set
cpu-bind=MASK - nid001725, task 169 41 [237800]: mask 0x2000000000000000000000000000000020000000000 set
cpu-bind=MASK - nid001725, task 165 37 [237796]: mask 0x200000000000000000000000000000002000000000 set
cpu-bind=MASK - nid001725, task 166 38 [237797]: mask 0x400000000000000000000000000000004000000000 set
cpu-bind=MASK - nid001725, task 175 47 [237806]: mask 0x80000000000000000000000000000000800000000000 set
cpu-bind=MASK - nid001725, task 176 48 [237807]: mask 0x100000000000000000000000000000001000000000000 set
cpu-bind=MASK - nid001725, task 177 49 [237808]: mask 0x200000000000000000000000000000002000000000000 set
cpu-bind=MASK - nid001725, task 171 43 [237802]: mask 0x8000000000000000000000000000000080000000000 set
cpu-bind=MASK - nid001725, task 180 52 [237811]: mask 0x1000000000000000000000000000000010000000000000 set
cpu-bind=MASK - nid001725, task 163 35 [237794]: mask 0x80000000000000000000000000000000800000000 set
cpu-bind=MASK - nid001725, task 174 46 [237805]: mask 0x40000000000000000000000000000000400000000000 set
cpu-bind=MASK - nid001725, task 183 55 [237814]: mask 0x8000000000000000000000000000000080000000000000 set
cpu-bind=MASK - nid001725, task 184 56 [237815]: mask 0x10000000000000000000000000000000100000000000000 set
cpu-bind=MASK - nid001725, task 185 57 [237816]: mask 0x20000000000000000000000000000000200000000000000 set
cpu-bind=MASK - nid001725, task 189 61 [237820]: mask 0x200000000000000000000000000000002000000000000000 set
cpu-bind=MASK - nid001725, task 190 62 [237821]: mask 0x400000000000000000000000000000004000000000000000 set
cpu-bind=MASK - nid001725, task 178 50 [237809]: mask 0x400000000000000000000000000000004000000000000 set
cpu-bind=MASK - nid001725, task 179 51 [237810]: mask 0x800000000000000000000000000000008000000000000 set
cpu-bind=MASK - nid001725, task 196 68 [237827]: mask 0x10000000000000000000000000000000100000000000000000 set
cpu-bind=MASK - nid001725, task 195 67 [237826]: mask 0x8000000000000000000000000000000080000000000000000 set
cpu-bind=MASK - nid001725, task 181 53 [237812]: mask 0x2000000000000000000000000000000020000000000000 set
cpu-bind=MASK - nid001725, task 182 54 [237813]: mask 0x4000000000000000000000000000000040000000000000 set
cpu-bind=MASK - nid001725, task 197 69 [237828]: mask 0x20000000000000000000000000000000200000000000000000 set
cpu-bind=MASK - nid001725, task 198 70 [237829]: mask 0x40000000000000000000000000000000400000000000000000 set
cpu-bind=MASK - nid001725, task 203 75 [237834]: mask 0x800000000000000000000000000000008000000000000000000 set
cpu-bind=MASK - nid001725, task 204 76 [237835]: mask 0x1000000000000000000000000000000010000000000000000000 set
cpu-bind=MASK - nid001725, task 186 58 [237817]: mask 0x40000000000000000000000000000000400000000000000 set
cpu-bind=MASK - nid001725, task 199 71 [237830]: mask 0x80000000000000000000000000000000800000000000000000 set
cpu-bind=MASK - nid001725, task 202 74 [237833]: mask 0x400000000000000000000000000000004000000000000000000 set
cpu-bind=MASK - nid001725, task 187 59 [237818]: mask 0x80000000000000000000000000000000800000000000000 set
cpu-bind=MASK - nid001725, task 188 60 [237819]: mask 0x100000000000000000000000000000001000000000000000 set
cpu-bind=MASK - nid001725, task 191 63 [237822]: mask 0x800000000000000000000000000000008000000000000000 set
cpu-bind=MASK - nid001725, task 159 31 [237790]: mask 0x8000000000000000000000000000000080000000 set
cpu-bind=MASK - nid001725, task 192 64 [237823]: mask 0x1000000000000000000000000000000010000000000000000 set
cpu-bind=MASK - nid001725, task 194 66 [237825]: mask 0x4000000000000000000000000000000040000000000000000 set
cpu-bind=MASK - nid001725, task 193 65 [237824]: mask 0x2000000000000000000000000000000020000000000000000 set
cpu-bind=MASK - nid001725, task 208 80 [237839]: mask 0x10000000000000000000000000000000100000000000000000000 set
cpu-bind=MASK - nid001725, task 207 79 [237838]: mask 0x8000000000000000000000000000000080000000000000000000 set
cpu-bind=MASK - nid001725, task 213 85 [237844]: mask 0x200000000000000000000000000000002000000000000000000000 set
cpu-bind=MASK - nid001725, task 215 87 [237846]: mask 0x800000000000000000000000000000008000000000000000000000 set
cpu-bind=MASK - nid001725, task 172 44 [237803]: mask 0x10000000000000000000000000000000100000000000 set
cpu-bind=MASK - nid001725, task 216 88 [237847]: mask 0x1000000000000000000000000000000010000000000000000000000 set
cpu-bind=MASK - nid001725, task 200 72 [237831]: mask 0x100000000000000000000000000000001000000000000000000 set
cpu-bind=MASK - nid001725, task 201 73 [237832]: mask 0x200000000000000000000000000000002000000000000000000 set
cpu-bind=MASK - nid001725, task 205 77 [237836]: mask 0x2000000000000000000000000000000020000000000000000000 set
cpu-bind=MASK - nid001725, task 206 78 [237837]: mask 0x4000000000000000000000000000000040000000000000000000 set
cpu-bind=MASK - nid001725, task 217 89 [237848]: mask 0x2000000000000000000000000000000020000000000000000000000 set
cpu-bind=MASK - nid001725, task 209 81 [237840]: mask 0x20000000000000000000000000000000200000000000000000000 set
cpu-bind=MASK - nid001725, task 218 90 [237849]: mask 0x4000000000000000000000000000000040000000000000000000000 set
cpu-bind=MASK - nid001725, task 170 42 [237801]: mask 0x4000000000000000000000000000000040000000000 set
cpu-bind=MASK - nid001725, task 210 82 [237841]: mask 0x40000000000000000000000000000000400000000000000000000 set
cpu-bind=MASK - nid001725, task 211 83 [237842]: mask 0x80000000000000000000000000000000800000000000000000000 set
cpu-bind=MASK - nid001725, task 212 84 [237843]: mask 0x100000000000000000000000000000001000000000000000000000 set
cpu-bind=MASK - nid001725, task 214 86 [237845]: mask 0x400000000000000000000000000000004000000000000000000000 set
cpu-bind=MASK - nid001725, task 229 101 [237860]: mask 0x2000000000000000000000000000000020000000000000000000000000 set
cpu-bind=MASK - nid001725, task 250 122 [237881]: mask 0x400000000000000000000000000000004000000000000000000000000000000 set
cpu-bind=MASK - nid001725, task 253 125 [237884]: mask 0x2000000000000000000000000000000020000000000000000000000000000000 set
cpu-bind=MASK - nid001725, task 254 126 [237885]: mask 0x4000000000000000000000000000000040000000000000000000000000000000 set
cpu-bind=MASK - nid001725, task 255 127 [237886]: mask 0x8000000000000000000000000000000080000000000000000000000000000000 set
cpu-bind=MASK - nid001725, task 219 91 [237850]: mask 0x8000000000000000000000000000000080000000000000000000000 set
cpu-bind=MASK - nid001725, task 220 92 [237851]: mask 0x10000000000000000000000000000000100000000000000000000000 set
cpu-bind=MASK - nid001725, task 221 93 [237852]: mask 0x20000000000000000000000000000000200000000000000000000000 set
cpu-bind=MASK - nid001725, task 225 97 [237856]: mask 0x200000000000000000000000000000002000000000000000000000000 set
cpu-bind=MASK - nid001725, task 226 98 [237857]: mask 0x400000000000000000000000000000004000000000000000000000000 set
cpu-bind=MASK - nid001725, task 227 99 [237858]: mask 0x800000000000000000000000000000008000000000000000000000000 set
cpu-bind=MASK - nid001725, task 228 100 [237859]: mask 0x1000000000000000000000000000000010000000000000000000000000 set
cpu-bind=MASK - nid001725, task 232 104 [237863]: mask 0x10000000000000000000000000000000100000000000000000000000000 set
cpu-bind=MASK - nid001725, task 233 105 [237864]: mask 0x20000000000000000000000000000000200000000000000000000000000 set
cpu-bind=MASK - nid001725, task 234 106 [237865]: mask 0x40000000000000000000000000000000400000000000000000000000000 set
cpu-bind=MASK - nid001725, task 235 107 [237866]: mask 0x80000000000000000000000000000000800000000000000000000000000 set
cpu-bind=MASK - nid001725, task 236 108 [237867]: mask 0x100000000000000000000000000000001000000000000000000000000000 set
cpu-bind=MASK - nid001725, task 237 109 [237868]: mask 0x200000000000000000000000000000002000000000000000000000000000 set
cpu-bind=MASK - nid001725, task 238 110 [237869]: mask 0x400000000000000000000000000000004000000000000000000000000000 set
cpu-bind=MASK - nid001725, task 239 111 [237870]: mask 0x800000000000000000000000000000008000000000000000000000000000 set
cpu-bind=MASK - nid001725, task 240 112 [237871]: mask 0x1000000000000000000000000000000010000000000000000000000000000 set
cpu-bind=MASK - nid001725, task 243 115 [237874]: mask 0x8000000000000000000000000000000080000000000000000000000000000 set
cpu-bind=MASK - nid001725, task 244 116 [237875]: mask 0x10000000000000000000000000000000100000000000000000000000000000 set
cpu-bind=MASK - nid001725, task 245 117 [237876]: mask 0x20000000000000000000000000000000200000000000000000000000000000 set
cpu-bind=MASK - nid001725, task 246 118 [237877]: mask 0x40000000000000000000000000000000400000000000000000000000000000 set
cpu-bind=MASK - nid001725, task 247 119 [237878]: mask 0x80000000000000000000000000000000800000000000000000000000000000 set
cpu-bind=MASK - nid001725, task 248 120 [237879]: mask 0x100000000000000000000000000000001000000000000000000000000000000 set
cpu-bind=MASK - nid001725, task 249 121 [237880]: mask 0x200000000000000000000000000000002000000000000000000000000000000 set
cpu-bind=MASK - nid001725, task 251 123 [237882]: mask 0x800000000000000000000000000000008000000000000000000000000000000 set
cpu-bind=MASK - nid001725, task 252 124 [237883]: mask 0x1000000000000000000000000000000010000000000000000000000000000000 set
cpu-bind=MASK - nid001725, task 223 95 [237854]: mask 0x80000000000000000000000000000000800000000000000000000000 set
cpu-bind=MASK - nid001725, task 224 96 [237855]: mask 0x100000000000000000000000000000001000000000000000000000000 set
cpu-bind=MASK - nid001725, task 230 102 [237861]: mask 0x4000000000000000000000000000000040000000000000000000000000 set
cpu-bind=MASK - nid001725, task 231 103 [237862]: mask 0x8000000000000000000000000000000080000000000000000000000000 set
cpu-bind=MASK - nid001725, task 241 113 [237872]: mask 0x2000000000000000000000000000000020000000000000000000000000000 set
cpu-bind=MASK - nid001725, task 242 114 [237873]: mask 0x4000000000000000000000000000000040000000000000000000000000000 set
cpu-bind=MASK - nid001725, task 222 94 [237853]: mask 0x40000000000000000000000000000000400000000000000000000000 set
