
Due to MODULEPATH changes, the following have been reloaded:
  1) cray-mpich/8.1.12


Currently Loaded Modules:
  1) craype-x86-rome                        15) ELPA/2021.11.001
  2) libfabric/1.15.2.0                     16) libxsmm/1.17
  3) craype-network-ofi                     17) libxc/5.1.7
  4) xpmem/2.4.4-2.3_13.8__gff0e1d9.shasta  18) Libint-CP2K/2.6.0
  5) PrgEnv-gnu/8.3.0                       19) cray-hdf5/1.12.0.7
  6) cray-dsmml/0.2.2                       20) GSL/2.7
  7) cray-libsci/21.08.1.2                  21) SpFFT/1.0.5
  8) cray-mpich/8.1.12                      22) SPLA/1.5.2
  9) craype/2.7.13                          23) SIRIUS/7.3.1
 10) gcc/11.2.0                             24) spglib/1.16.3
 11) perftools-base/21.12.0                 25) libvori/210412
 12) cpe/21.12                              26) zlib/.1.2.11       (H)
 13) cpeGNU/21.12                           27) PLUMED/2.7.3
 14) cray-fftw/3.3.8.12

  Where:
   H:  Hidden Module

 

cpu-bind=MASK - nid001121, task  0  0 [69545]: mask 0x100000000000000000000000000000001 set
cpu-bind=MASK - nid001121, task  1  1 [69546]: mask 0x200000000000000000000000000000002 set
cpu-bind=MASK - nid001121, task  6  6 [69551]: mask 0x4000000000000000000000000000000040 set
cpu-bind=MASK - nid001121, task  5  5 [69550]: mask 0x2000000000000000000000000000000020 set
cpu-bind=MASK - nid001122, task 128  0 [58927]: mask 0x100000000000000000000000000000001 set
cpu-bind=MASK - nid001122, task 129  1 [58928]: mask 0x200000000000000000000000000000002 set
cpu-bind=MASK - nid001122, task 130  2 [58929]: mask 0x400000000000000000000000000000004 set
cpu-bind=MASK - nid001122, task 131  3 [58930]: mask 0x800000000000000000000000000000008 set
cpu-bind=MASK - nid001122, task 132  4 [58931]: mask 0x1000000000000000000000000000000010 set
cpu-bind=MASK - nid001122, task 138 10 [58937]: mask 0x40000000000000000000000000000000400 set
cpu-bind=MASK - nid001122, task 133  5 [58932]: mask 0x2000000000000000000000000000000020 set
cpu-bind=MASK - nid001122, task 134  6 [58933]: mask 0x4000000000000000000000000000000040 set
cpu-bind=MASK - nid001122, task 136  8 [58935]: mask 0x10000000000000000000000000000000100 set
cpu-bind=MASK - nid001121, task  2  2 [69547]: mask 0x400000000000000000000000000000004 set
cpu-bind=MASK - nid001122, task 137  9 [58936]: mask 0x20000000000000000000000000000000200 set
cpu-bind=MASK - nid001121, task  3  3 [69548]: mask 0x800000000000000000000000000000008 set
cpu-bind=MASK - nid001122, task 141 13 [58940]: mask 0x200000000000000000000000000000002000 set
cpu-bind=MASK - nid001122, task 135  7 [58934]: mask 0x8000000000000000000000000000000080 set
cpu-bind=MASK - nid001121, task  7  7 [69552]: mask 0x8000000000000000000000000000000080 set
cpu-bind=MASK - nid001122, task 140 12 [58939]: mask 0x100000000000000000000000000000001000 set
cpu-bind=MASK - nid001122, task 139 11 [58938]: mask 0x80000000000000000000000000000000800 set
cpu-bind=MASK - nid001121, task  4  4 [69549]: mask 0x1000000000000000000000000000000010 set
cpu-bind=MASK - nid001121, task  9  9 [69554]: mask 0x20000000000000000000000000000000200 set
cpu-bind=MASK - nid001121, task 10 10 [69555]: mask 0x40000000000000000000000000000000400 set
cpu-bind=MASK - nid001121, task 13 13 [69558]: mask 0x200000000000000000000000000000002000 set
cpu-bind=MASK - nid001121, task  8  8 [69553]: mask 0x10000000000000000000000000000000100 set
cpu-bind=MASK - nid001121, task 14 14 [69559]: mask 0x400000000000000000000000000000004000 set
cpu-bind=MASK - nid001121, task 12 12 [69557]: mask 0x100000000000000000000000000000001000 set
cpu-bind=MASK - nid001121, task 11 11 [69556]: mask 0x80000000000000000000000000000000800 set
cpu-bind=MASK - nid001121, task 15 15 [69560]: mask 0x800000000000000000000000000000008000 set
cpu-bind=MASK - nid001122, task 144 16 [58943]: mask 0x1000000000000000000000000000000010000 set
cpu-bind=MASK - nid001121, task 16 16 [69561]: mask 0x1000000000000000000000000000000010000 set
cpu-bind=MASK - nid001122, task 145 17 [58944]: mask 0x2000000000000000000000000000000020000 set
cpu-bind=MASK - nid001122, task 146 18 [58945]: mask 0x4000000000000000000000000000000040000 set
cpu-bind=MASK - nid001121, task 18 18 [69563]: mask 0x4000000000000000000000000000000040000 set
cpu-bind=MASK - nid001121, task 22 22 [69567]: mask 0x40000000000000000000000000000000400000 set
cpu-bind=MASK - nid001121, task 17 17 [69562]: mask 0x2000000000000000000000000000000020000 set
cpu-bind=MASK - nid001121, task 19 19 [69564]: mask 0x8000000000000000000000000000000080000 set
cpu-bind=MASK - nid001121, task 20 20 [69565]: mask 0x10000000000000000000000000000000100000 set
cpu-bind=MASK - nid001121, task 21 21 [69566]: mask 0x20000000000000000000000000000000200000 set
cpu-bind=MASK - nid001122, task 142 14 [58941]: mask 0x400000000000000000000000000000004000 set
cpu-bind=MASK - nid001121, task 23 23 [69568]: mask 0x80000000000000000000000000000000800000 set
cpu-bind=MASK - nid001122, task 143 15 [58942]: mask 0x800000000000000000000000000000008000 set
cpu-bind=MASK - nid001122, task 147 19 [58946]: mask 0x8000000000000000000000000000000080000 set
cpu-bind=MASK - nid001122, task 148 20 [58947]: mask 0x10000000000000000000000000000000100000 set
cpu-bind=MASK - nid001122, task 150 22 [58949]: mask 0x40000000000000000000000000000000400000 set
cpu-bind=MASK - nid001122, task 149 21 [58948]: mask 0x20000000000000000000000000000000200000 set
cpu-bind=MASK - nid001122, task 151 23 [58950]: mask 0x80000000000000000000000000000000800000 set
cpu-bind=MASK - nid001122, task 152 24 [58951]: mask 0x100000000000000000000000000000001000000 set
cpu-bind=MASK - nid001122, task 153 25 [58952]: mask 0x200000000000000000000000000000002000000 set
cpu-bind=MASK - nid001122, task 154 26 [58953]: mask 0x400000000000000000000000000000004000000 set
cpu-bind=MASK - nid001121, task 24 24 [69569]: mask 0x100000000000000000000000000000001000000 set
cpu-bind=MASK - nid001121, task 25 25 [69570]: mask 0x200000000000000000000000000000002000000 set
cpu-bind=MASK - nid001122, task 157 29 [58956]: mask 0x2000000000000000000000000000000020000000 set
cpu-bind=MASK - nid001122, task 155 27 [58954]: mask 0x800000000000000000000000000000008000000 set
cpu-bind=MASK - nid001121, task 26 26 [69571]: mask 0x400000000000000000000000000000004000000 set
cpu-bind=MASK - nid001121, task 27 27 [69572]: mask 0x800000000000000000000000000000008000000 set
cpu-bind=MASK - nid001121, task 31 31 [69576]: mask 0x8000000000000000000000000000000080000000 set
cpu-bind=MASK - nid001121, task 32 32 [69577]: mask 0x10000000000000000000000000000000100000000 set
cpu-bind=MASK - nid001121, task 30 30 [69575]: mask 0x4000000000000000000000000000000040000000 set
cpu-bind=MASK - nid001122, task 156 28 [58955]: mask 0x1000000000000000000000000000000010000000 set
cpu-bind=MASK - nid001122, task 158 30 [58957]: mask 0x4000000000000000000000000000000040000000 set
cpu-bind=MASK - nid001121, task 28 28 [69573]: mask 0x1000000000000000000000000000000010000000 set
cpu-bind=MASK - nid001121, task 29 29 [69574]: mask 0x2000000000000000000000000000000020000000 set
cpu-bind=MASK - nid001121, task 33 33 [69578]: mask 0x20000000000000000000000000000000200000000 set
cpu-bind=MASK - nid001122, task 161 33 [58960]: mask 0x20000000000000000000000000000000200000000 set
cpu-bind=MASK - nid001121, task 34 34 [69579]: mask 0x40000000000000000000000000000000400000000 set
cpu-bind=MASK - nid001122, task 162 34 [58961]: mask 0x40000000000000000000000000000000400000000 set
cpu-bind=MASK - nid001121, task 43 43 [69588]: mask 0x8000000000000000000000000000000080000000000 set
cpu-bind=MASK - nid001121, task 44 44 [69589]: mask 0x10000000000000000000000000000000100000000000 set
cpu-bind=MASK - nid001122, task 163 35 [58962]: mask 0x80000000000000000000000000000000800000000 set
cpu-bind=MASK - nid001121, task 45 45 [69590]: mask 0x20000000000000000000000000000000200000000000 set
cpu-bind=MASK - nid001122, task 166 38 [58965]: mask 0x400000000000000000000000000000004000000000 set
cpu-bind=MASK - nid001121, task 49 49 [69594]: mask 0x200000000000000000000000000000002000000000000 set
cpu-bind=MASK - nid001122, task 167 39 [58966]: mask 0x800000000000000000000000000000008000000000 set
cpu-bind=MASK - nid001122, task 168 40 [58967]: mask 0x1000000000000000000000000000000010000000000 set
cpu-bind=MASK - nid001121, task 50 50 [69595]: mask 0x400000000000000000000000000000004000000000000 set
cpu-bind=MASK - nid001122, task 173 45 [58972]: mask 0x20000000000000000000000000000000200000000000 set
cpu-bind=MASK - nid001122, task 171 43 [58970]: mask 0x8000000000000000000000000000000080000000000 set
cpu-bind=MASK - nid001122, task 172 44 [58971]: mask 0x10000000000000000000000000000000100000000000 set
cpu-bind=MASK - nid001122, task 159 31 [58958]: mask 0x8000000000000000000000000000000080000000 set
cpu-bind=MASK - nid001121, task 68 68 [69613]: mask 0x10000000000000000000000000000000100000000000000000 set
cpu-bind=MASK - nid001122, task 176 48 [58975]: mask 0x100000000000000000000000000000001000000000000 set
cpu-bind=MASK - nid001122, task 177 49 [58976]: mask 0x200000000000000000000000000000002000000000000 set
cpu-bind=MASK - nid001122, task 178 50 [58977]: mask 0x400000000000000000000000000000004000000000000 set
cpu-bind=MASK - nid001122, task 160 32 [58959]: mask 0x10000000000000000000000000000000100000000 set
cpu-bind=MASK - nid001122, task 164 36 [58963]: mask 0x100000000000000000000000000000001000000000 set
cpu-bind=MASK - nid001122, task 169 41 [58968]: mask 0x2000000000000000000000000000000020000000000 set
cpu-bind=MASK - nid001121, task 35 35 [69580]: mask 0x80000000000000000000000000000000800000000 set
cpu-bind=MASK - nid001122, task 170 42 [58969]: mask 0x4000000000000000000000000000000040000000000 set
cpu-bind=MASK - nid001121, task 37 37 [69582]: mask 0x200000000000000000000000000000002000000000 set
cpu-bind=MASK - nid001122, task 165 37 [58964]: mask 0x200000000000000000000000000000002000000000 set
cpu-bind=MASK - nid001121, task 38 38 [69583]: mask 0x400000000000000000000000000000004000000000 set
cpu-bind=MASK - nid001121, task 39 39 [69584]: mask 0x800000000000000000000000000000008000000000 set
cpu-bind=MASK - nid001121, task 40 40 [69585]: mask 0x1000000000000000000000000000000010000000000 set
cpu-bind=MASK - nid001121, task 41 41 [69586]: mask 0x2000000000000000000000000000000020000000000 set
cpu-bind=MASK - nid001121, task 42 42 [69587]: mask 0x4000000000000000000000000000000040000000000 set
cpu-bind=MASK - nid001121, task 46 46 [69591]: mask 0x40000000000000000000000000000000400000000000 set
cpu-bind=MASK - nid001121, task 47 47 [69592]: mask 0x80000000000000000000000000000000800000000000 set
cpu-bind=MASK - nid001121, task 63 63 [69608]: mask 0x800000000000000000000000000000008000000000000000 set
cpu-bind=MASK - nid001121, task 36 36 [69581]: mask 0x100000000000000000000000000000001000000000 set
cpu-bind=MASK - nid001121, task 48 48 [69593]: mask 0x100000000000000000000000000000001000000000000 set
cpu-bind=MASK - nid001121, task 51 51 [69596]: mask 0x800000000000000000000000000000008000000000000 set
cpu-bind=MASK - nid001122, task 174 46 [58973]: mask 0x40000000000000000000000000000000400000000000 set
cpu-bind=MASK - nid001121, task 52 52 [69597]: mask 0x1000000000000000000000000000000010000000000000 set
cpu-bind=MASK - nid001121, task 71 71 [69616]: mask 0x80000000000000000000000000000000800000000000000000 set
cpu-bind=MASK - nid001122, task 175 47 [58974]: mask 0x80000000000000000000000000000000800000000000 set
cpu-bind=MASK - nid001121, task 78 78 [69623]: mask 0x4000000000000000000000000000000040000000000000000000 set
cpu-bind=MASK - nid001121, task 69 69 [69614]: mask 0x20000000000000000000000000000000200000000000000000 set
cpu-bind=MASK - nid001122, task 180 52 [58979]: mask 0x1000000000000000000000000000000010000000000000 set
cpu-bind=MASK - nid001121, task 70 70 [69615]: mask 0x40000000000000000000000000000000400000000000000000 set
cpu-bind=MASK - nid001122, task 181 53 [58980]: mask 0x2000000000000000000000000000000020000000000000 set
cpu-bind=MASK - nid001121, task 72 72 [69617]: mask 0x100000000000000000000000000000001000000000000000000 set
cpu-bind=MASK - nid001121, task 53 53 [69598]: mask 0x2000000000000000000000000000000020000000000000 set
cpu-bind=MASK - nid001122, task 182 54 [58981]: mask 0x4000000000000000000000000000000040000000000000 set
cpu-bind=MASK - nid001121, task 54 54 [69599]: mask 0x4000000000000000000000000000000040000000000000 set
cpu-bind=MASK - nid001121, task 55 55 [69600]: mask 0x8000000000000000000000000000000080000000000000 set
cpu-bind=MASK - nid001121, task 56 56 [69601]: mask 0x10000000000000000000000000000000100000000000000 set
cpu-bind=MASK - nid001121, task 57 57 [69602]: mask 0x20000000000000000000000000000000200000000000000 set
cpu-bind=MASK - nid001121, task 58 58 [69603]: mask 0x40000000000000000000000000000000400000000000000 set
cpu-bind=MASK - nid001121, task 59 59 [69604]: mask 0x80000000000000000000000000000000800000000000000 set
cpu-bind=MASK - nid001121, task 60 60 [69605]: mask 0x100000000000000000000000000000001000000000000000 set
cpu-bind=MASK - nid001121, task 64 64 [69609]: mask 0x1000000000000000000000000000000010000000000000000 set
cpu-bind=MASK - nid001122, task 183 55 [58982]: mask 0x8000000000000000000000000000000080000000000000 set
cpu-bind=MASK - nid001122, task 184 56 [58983]: mask 0x10000000000000000000000000000000100000000000000 set
cpu-bind=MASK - nid001122, task 185 57 [58984]: mask 0x20000000000000000000000000000000200000000000000 set
cpu-bind=MASK - nid001121, task 67 67 [69612]: mask 0x8000000000000000000000000000000080000000000000000 set
cpu-bind=MASK - nid001122, task 203 75 [59002]: mask 0x800000000000000000000000000000008000000000000000000 set
cpu-bind=MASK - nid001121, task 77 77 [69622]: mask 0x2000000000000000000000000000000020000000000000000000 set
cpu-bind=MASK - nid001122, task 204 76 [59003]: mask 0x1000000000000000000000000000000010000000000000000000 set
cpu-bind=MASK - nid001121, task 61 61 [69606]: mask 0x200000000000000000000000000000002000000000000000 set
cpu-bind=MASK - nid001121, task 62 62 [69607]: mask 0x400000000000000000000000000000004000000000000000 set
cpu-bind=MASK - nid001122, task 205 77 [59004]: mask 0x2000000000000000000000000000000020000000000000000000 set
cpu-bind=MASK - nid001122, task 206 78 [59005]: mask 0x4000000000000000000000000000000040000000000000000000 set
cpu-bind=MASK - nid001121, task 65 65 [69610]: mask 0x2000000000000000000000000000000020000000000000000 set
cpu-bind=MASK - nid001121, task 66 66 [69611]: mask 0x4000000000000000000000000000000040000000000000000 set
cpu-bind=MASK - nid001122, task 186 58 [58985]: mask 0x40000000000000000000000000000000400000000000000 set
cpu-bind=MASK - nid001122, task 187 59 [58986]: mask 0x80000000000000000000000000000000800000000000000 set
cpu-bind=MASK - nid001121, task 75 75 [69620]: mask 0x800000000000000000000000000000008000000000000000000 set
cpu-bind=MASK - nid001122, task 188 60 [58987]: mask 0x100000000000000000000000000000001000000000000000 set
cpu-bind=MASK - nid001121, task 73 73 [69618]: mask 0x200000000000000000000000000000002000000000000000000 set
cpu-bind=MASK - nid001122, task 209 81 [59008]: mask 0x20000000000000000000000000000000200000000000000000000 set
cpu-bind=MASK - nid001121, task 74 74 [69619]: mask 0x400000000000000000000000000000004000000000000000000 set
cpu-bind=MASK - nid001121, task 76 76 [69621]: mask 0x1000000000000000000000000000000010000000000000000000 set
cpu-bind=MASK - nid001122, task 189 61 [58988]: mask 0x200000000000000000000000000000002000000000000000 set
cpu-bind=MASK - nid001121, task 79 79 [69624]: mask 0x8000000000000000000000000000000080000000000000000000 set
cpu-bind=MASK - nid001122, task 192 64 [58991]: mask 0x1000000000000000000000000000000010000000000000000 set
cpu-bind=MASK - nid001121, task 80 80 [69625]: mask 0x10000000000000000000000000000000100000000000000000000 set
cpu-bind=MASK - nid001122, task 196 68 [58995]: mask 0x10000000000000000000000000000000100000000000000000 set
cpu-bind=MASK - nid001121, task 81 81 [69626]: mask 0x20000000000000000000000000000000200000000000000000000 set
cpu-bind=MASK - nid001122, task 190 62 [58989]: mask 0x400000000000000000000000000000004000000000000000 set
cpu-bind=MASK - nid001122, task 191 63 [58990]: mask 0x800000000000000000000000000000008000000000000000 set
cpu-bind=MASK - nid001122, task 193 65 [58992]: mask 0x2000000000000000000000000000000020000000000000000 set
cpu-bind=MASK - nid001122, task 194 66 [58993]: mask 0x4000000000000000000000000000000040000000000000000 set
cpu-bind=MASK - nid001122, task 195 67 [58994]: mask 0x8000000000000000000000000000000080000000000000000 set
cpu-bind=MASK - nid001122, task 199 71 [58998]: mask 0x80000000000000000000000000000000800000000000000000 set
cpu-bind=MASK - nid001122, task 200 72 [58999]: mask 0x100000000000000000000000000000001000000000000000000 set
cpu-bind=MASK - nid001122, task 202 74 [59001]: mask 0x400000000000000000000000000000004000000000000000000 set
cpu-bind=MASK - nid001122, task 197 69 [58996]: mask 0x20000000000000000000000000000000200000000000000000 set
cpu-bind=MASK - nid001122, task 198 70 [58997]: mask 0x40000000000000000000000000000000400000000000000000 set
cpu-bind=MASK - nid001122, task 201 73 [59000]: mask 0x200000000000000000000000000000002000000000000000000 set
cpu-bind=MASK - nid001122, task 210 82 [59009]: mask 0x40000000000000000000000000000000400000000000000000000 set
cpu-bind=MASK - nid001122, task 207 79 [59006]: mask 0x8000000000000000000000000000000080000000000000000000 set
cpu-bind=MASK - nid001122, task 208 80 [59007]: mask 0x10000000000000000000000000000000100000000000000000000 set
cpu-bind=MASK - nid001122, task 211 83 [59010]: mask 0x80000000000000000000000000000000800000000000000000000 set
cpu-bind=MASK - nid001122, task 212 84 [59011]: mask 0x100000000000000000000000000000001000000000000000000000 set
cpu-bind=MASK - nid001122, task 213 85 [59012]: mask 0x200000000000000000000000000000002000000000000000000000 set
cpu-bind=MASK - nid001122, task 214 86 [59013]: mask 0x400000000000000000000000000000004000000000000000000000 set
cpu-bind=MASK - nid001122, task 219 91 [59018]: mask 0x8000000000000000000000000000000080000000000000000000000 set
cpu-bind=MASK - nid001122, task 215 87 [59014]: mask 0x800000000000000000000000000000008000000000000000000000 set
cpu-bind=MASK - nid001122, task 216 88 [59015]: mask 0x1000000000000000000000000000000010000000000000000000000 set
cpu-bind=MASK - nid001121, task 82 82 [69627]: mask 0x40000000000000000000000000000000400000000000000000000 set
cpu-bind=MASK - nid001122, task 179 51 [58978]: mask 0x800000000000000000000000000000008000000000000 set
cpu-bind=MASK - nid001122, task 217 89 [59016]: mask 0x2000000000000000000000000000000020000000000000000000000 set
cpu-bind=MASK - nid001122, task 218 90 [59017]: mask 0x4000000000000000000000000000000040000000000000000000000 set
cpu-bind=MASK - nid001121, task 88 88 [69633]: mask 0x1000000000000000000000000000000010000000000000000000000 set
cpu-bind=MASK - nid001121, task 92 92 [69637]: mask 0x10000000000000000000000000000000100000000000000000000000 set
cpu-bind=MASK - nid001121, task 102 102 [69647]: mask 0x4000000000000000000000000000000040000000000000000000000000 set
cpu-bind=MASK - nid001121, task 103 103 [69648]: mask 0x8000000000000000000000000000000080000000000000000000000000 set
cpu-bind=MASK - nid001121, task 90 90 [69635]: mask 0x4000000000000000000000000000000040000000000000000000000 set
cpu-bind=MASK - nid001121, task 101 101 [69646]: mask 0x2000000000000000000000000000000020000000000000000000000000 set
cpu-bind=MASK - nid001121, task 93 93 [69638]: mask 0x20000000000000000000000000000000200000000000000000000000 set
cpu-bind=MASK - nid001121, task 94 94 [69639]: mask 0x40000000000000000000000000000000400000000000000000000000 set
cpu-bind=MASK - nid001121, task 95 95 [69640]: mask 0x80000000000000000000000000000000800000000000000000000000 set
cpu-bind=MASK - nid001121, task 96 96 [69641]: mask 0x100000000000000000000000000000001000000000000000000000000 set
cpu-bind=MASK - nid001121, task 100 100 [69645]: mask 0x1000000000000000000000000000000010000000000000000000000000 set
cpu-bind=MASK - nid001121, task 97 97 [69642]: mask 0x200000000000000000000000000000002000000000000000000000000 set
cpu-bind=MASK - nid001121, task 98 98 [69643]: mask 0x400000000000000000000000000000004000000000000000000000000 set
cpu-bind=MASK - nid001121, task 99 99 [69644]: mask 0x800000000000000000000000000000008000000000000000000000000 set
cpu-bind=MASK - nid001122, task 220 92 [59019]: mask 0x10000000000000000000000000000000100000000000000000000000 set
cpu-bind=MASK - nid001121, task 104 104 [69649]: mask 0x10000000000000000000000000000000100000000000000000000000000 set
cpu-bind=MASK - nid001122, task 221 93 [59020]: mask 0x20000000000000000000000000000000200000000000000000000000 set
cpu-bind=MASK - nid001121, task 105 105 [69650]: mask 0x20000000000000000000000000000000200000000000000000000000000 set
cpu-bind=MASK - nid001121, task 106 106 [69651]: mask 0x40000000000000000000000000000000400000000000000000000000000 set
cpu-bind=MASK - nid001122, task 222 94 [59021]: mask 0x40000000000000000000000000000000400000000000000000000000 set
cpu-bind=MASK - nid001121, task 107 107 [69652]: mask 0x80000000000000000000000000000000800000000000000000000000000 set
cpu-bind=MASK - nid001121, task 108 108 [69653]: mask 0x100000000000000000000000000000001000000000000000000000000000 set
cpu-bind=MASK - nid001121, task 116 116 [69661]: mask 0x10000000000000000000000000000000100000000000000000000000000000 set
cpu-bind=MASK - nid001122, task 223 95 [59022]: mask 0x80000000000000000000000000000000800000000000000000000000 set
cpu-bind=MASK - nid001122, task 226 98 [59025]: mask 0x400000000000000000000000000000004000000000000000000000000 set
cpu-bind=MASK - nid001122, task 224 96 [59023]: mask 0x100000000000000000000000000000001000000000000000000000000 set
cpu-bind=MASK - nid001122, task 225 97 [59024]: mask 0x200000000000000000000000000000002000000000000000000000000 set
cpu-bind=MASK - nid001121, task 119 119 [69664]: mask 0x80000000000000000000000000000000800000000000000000000000000000 set
cpu-bind=MASK - nid001121, task 121 121 [69666]: mask 0x200000000000000000000000000000002000000000000000000000000000000 set
cpu-bind=MASK - nid001122, task 227 99 [59026]: mask 0x800000000000000000000000000000008000000000000000000000000 set
cpu-bind=MASK - nid001122, task 229 101 [59028]: mask 0x2000000000000000000000000000000020000000000000000000000000 set
cpu-bind=MASK - nid001122, task 232 104 [59031]: mask 0x10000000000000000000000000000000100000000000000000000000000 set
cpu-bind=MASK - nid001122, task 228 100 [59027]: mask 0x1000000000000000000000000000000010000000000000000000000000 set
cpu-bind=MASK - nid001122, task 233 105 [59032]: mask 0x20000000000000000000000000000000200000000000000000000000000 set
cpu-bind=MASK - nid001121, task 83 83 [69628]: mask 0x80000000000000000000000000000000800000000000000000000 set
cpu-bind=MASK - nid001121, task 84 84 [69629]: mask 0x100000000000000000000000000000001000000000000000000000 set
cpu-bind=MASK - nid001121, task 85 85 [69630]: mask 0x200000000000000000000000000000002000000000000000000000 set
cpu-bind=MASK - nid001121, task 86 86 [69631]: mask 0x400000000000000000000000000000004000000000000000000000 set
cpu-bind=MASK - nid001122, task 234 106 [59033]: mask 0x40000000000000000000000000000000400000000000000000000000000 set
cpu-bind=MASK - nid001121, task 87 87 [69632]: mask 0x800000000000000000000000000000008000000000000000000000 set
cpu-bind=MASK - nid001121, task 109 109 [69654]: mask 0x200000000000000000000000000000002000000000000000000000000000 set
cpu-bind=MASK - nid001121, task 111 111 [69656]: mask 0x800000000000000000000000000000008000000000000000000000000000 set
cpu-bind=MASK - nid001122, task 230 102 [59029]: mask 0x4000000000000000000000000000000040000000000000000000000000 set
cpu-bind=MASK - nid001121, task 113 113 [69658]: mask 0x2000000000000000000000000000000020000000000000000000000000000 set
cpu-bind=MASK - nid001121, task 114 114 [69659]: mask 0x4000000000000000000000000000000040000000000000000000000000000 set
cpu-bind=MASK - nid001121, task 115 115 [69660]: mask 0x8000000000000000000000000000000080000000000000000000000000000 set
cpu-bind=MASK - nid001122, task 231 103 [59030]: mask 0x8000000000000000000000000000000080000000000000000000000000 set
cpu-bind=MASK - nid001121, task 117 117 [69662]: mask 0x20000000000000000000000000000000200000000000000000000000000000 set
cpu-bind=MASK - nid001121, task 118 118 [69663]: mask 0x40000000000000000000000000000000400000000000000000000000000000 set
cpu-bind=MASK - nid001121, task 112 112 [69657]: mask 0x1000000000000000000000000000000010000000000000000000000000000 set
cpu-bind=MASK - nid001121, task 120 120 [69665]: mask 0x100000000000000000000000000000001000000000000000000000000000000 set
cpu-bind=MASK - nid001122, task 235 107 [59034]: mask 0x80000000000000000000000000000000800000000000000000000000000 set
cpu-bind=MASK - nid001121, task 110 110 [69655]: mask 0x400000000000000000000000000000004000000000000000000000000000 set
cpu-bind=MASK - nid001121, task 124 124 [69669]: mask 0x1000000000000000000000000000000010000000000000000000000000000000 set
cpu-bind=MASK - nid001121, task 125 125 [69670]: mask 0x2000000000000000000000000000000020000000000000000000000000000000 set
cpu-bind=MASK - nid001122, task 236 108 [59035]: mask 0x100000000000000000000000000000001000000000000000000000000000 set
cpu-bind=MASK - nid001121, task 89 89 [69634]: mask 0x2000000000000000000000000000000020000000000000000000000 set
cpu-bind=MASK - nid001121, task 123 123 [69668]: mask 0x800000000000000000000000000000008000000000000000000000000000000 set
cpu-bind=MASK - nid001121, task 127 127 [69672]: mask 0x8000000000000000000000000000000080000000000000000000000000000000 set
cpu-bind=MASK - nid001121, task 91 91 [69636]: mask 0x8000000000000000000000000000000080000000000000000000000 set
cpu-bind=MASK - nid001122, task 237 109 [59036]: mask 0x200000000000000000000000000000002000000000000000000000000000 set
cpu-bind=MASK - nid001121, task 126 126 [69671]: mask 0x4000000000000000000000000000000040000000000000000000000000000000 set
cpu-bind=MASK - nid001121, task 122 122 [69667]: mask 0x400000000000000000000000000000004000000000000000000000000000000 set
cpu-bind=MASK - nid001122, task 238 110 [59037]: mask 0x400000000000000000000000000000004000000000000000000000000000 set
cpu-bind=MASK - nid001122, task 239 111 [59038]: mask 0x800000000000000000000000000000008000000000000000000000000000 set
cpu-bind=MASK - nid001122, task 240 112 [59039]: mask 0x1000000000000000000000000000000010000000000000000000000000000 set
cpu-bind=MASK - nid001122, task 241 113 [59040]: mask 0x2000000000000000000000000000000020000000000000000000000000000 set
cpu-bind=MASK - nid001122, task 242 114 [59041]: mask 0x4000000000000000000000000000000040000000000000000000000000000 set
cpu-bind=MASK - nid001122, task 248 120 [59047]: mask 0x100000000000000000000000000000001000000000000000000000000000000 set
cpu-bind=MASK - nid001122, task 249 121 [59048]: mask 0x200000000000000000000000000000002000000000000000000000000000000 set
cpu-bind=MASK - nid001122, task 250 122 [59049]: mask 0x400000000000000000000000000000004000000000000000000000000000000 set
cpu-bind=MASK - nid001122, task 251 123 [59050]: mask 0x800000000000000000000000000000008000000000000000000000000000000 set
cpu-bind=MASK - nid001122, task 247 119 [59046]: mask 0x80000000000000000000000000000000800000000000000000000000000000 set
cpu-bind=MASK - nid001122, task 253 125 [59052]: mask 0x2000000000000000000000000000000020000000000000000000000000000000 set
cpu-bind=MASK - nid001122, task 254 126 [59053]: mask 0x4000000000000000000000000000000040000000000000000000000000000000 set
cpu-bind=MASK - nid001122, task 255 127 [59054]: mask 0x8000000000000000000000000000000080000000000000000000000000000000 set
cpu-bind=MASK - nid001122, task 252 124 [59051]: mask 0x1000000000000000000000000000000010000000000000000000000000000000 set
cpu-bind=MASK - nid001122, task 243 115 [59042]: mask 0x8000000000000000000000000000000080000000000000000000000000000 set
cpu-bind=MASK - nid001122, task 244 116 [59043]: mask 0x10000000000000000000000000000000100000000000000000000000000000 set
cpu-bind=MASK - nid001122, task 245 117 [59044]: mask 0x20000000000000000000000000000000200000000000000000000000000000 set
cpu-bind=MASK - nid001122, task 246 118 [59045]: mask 0x40000000000000000000000000000000400000000000000000000000000000 set
