
Due to MODULEPATH changes, the following have been reloaded:
  1) cray-mpich/8.1.12


Currently Loaded Modules:
  1) craype-x86-rome                        15) ELPA/2021.11.001
  2) libfabric/1.15.2.0                     16) libxsmm/1.17
  3) craype-network-ofi                     17) libxc/5.1.7
  4) xpmem/2.4.4-2.3_13.8__gff0e1d9.shasta  18) Libint-CP2K/2.6.0
  5) PrgEnv-gnu/8.3.0                       19) cray-hdf5/1.12.0.7
  6) cray-dsmml/0.2.2                       20) GSL/2.7
  7) cray-libsci/21.08.1.2                  21) SpFFT/1.0.5
  8) cray-mpich/8.1.12                      22) SPLA/1.5.2
  9) craype/2.7.13                          23) SIRIUS/7.3.1
 10) gcc/11.2.0                             24) spglib/1.16.3
 11) perftools-base/21.12.0                 25) libvori/210412
 12) cpe/21.12                              26) zlib/.1.2.11       (H)
 13) cpeGNU/21.12                           27) PLUMED/2.7.3
 14) cray-fftw/3.3.8.12

  Where:
   H:  Hidden Module

 

cpu-bind=MASK - nid001121, task  0  0 [70470]: mask 0x100000000000000000000000000000001 set
cpu-bind=MASK - nid001121, task  1  1 [70471]: mask 0x200000000000000000000000000000002 set
cpu-bind=MASK - nid001121, task  2  2 [70472]: mask 0x400000000000000000000000000000004 set
cpu-bind=MASK - nid001121, task  3  3 [70473]: mask 0x800000000000000000000000000000008 set
cpu-bind=MASK - nid001121, task  5  5 [70475]: mask 0x2000000000000000000000000000000020 set
cpu-bind=MASK - nid001121, task  4  4 [70474]: mask 0x1000000000000000000000000000000010 set
cpu-bind=MASK - nid001121, task  6  6 [70476]: mask 0x4000000000000000000000000000000040 set
cpu-bind=MASK - nid001121, task  7  7 [70477]: mask 0x8000000000000000000000000000000080 set
cpu-bind=MASK - nid001121, task  8  8 [70478]: mask 0x10000000000000000000000000000000100 set
cpu-bind=MASK - nid001121, task  9  9 [70479]: mask 0x20000000000000000000000000000000200 set
cpu-bind=MASK - nid001121, task 10 10 [70480]: mask 0x40000000000000000000000000000000400 set
cpu-bind=MASK - nid001121, task 11 11 [70481]: mask 0x80000000000000000000000000000000800 set
cpu-bind=MASK - nid001121, task 12 12 [70482]: mask 0x100000000000000000000000000000001000 set
cpu-bind=MASK - nid001121, task 13 13 [70483]: mask 0x200000000000000000000000000000002000 set
cpu-bind=MASK - nid001121, task 14 14 [70484]: mask 0x400000000000000000000000000000004000 set
cpu-bind=MASK - nid001121, task 15 15 [70485]: mask 0x800000000000000000000000000000008000 set
cpu-bind=MASK - nid001121, task 18 18 [70488]: mask 0x4000000000000000000000000000000040000 set
cpu-bind=MASK - nid001121, task 19 19 [70489]: mask 0x8000000000000000000000000000000080000 set
cpu-bind=MASK - nid001121, task 20 20 [70490]: mask 0x10000000000000000000000000000000100000 set
cpu-bind=MASK - nid001121, task 16 16 [70486]: mask 0x1000000000000000000000000000000010000 set
cpu-bind=MASK - nid001121, task 17 17 [70487]: mask 0x2000000000000000000000000000000020000 set
cpu-bind=MASK - nid001121, task 23 23 [70493]: mask 0x80000000000000000000000000000000800000 set
cpu-bind=MASK - nid001121, task 24 24 [70494]: mask 0x100000000000000000000000000000001000000 set
cpu-bind=MASK - nid001121, task 21 21 [70491]: mask 0x20000000000000000000000000000000200000 set
cpu-bind=MASK - nid001121, task 22 22 [70492]: mask 0x40000000000000000000000000000000400000 set
cpu-bind=MASK - nid001121, task 25 25 [70495]: mask 0x200000000000000000000000000000002000000 set
cpu-bind=MASK - nid001121, task 26 26 [70496]: mask 0x400000000000000000000000000000004000000 set
cpu-bind=MASK - nid001121, task 29 29 [70499]: mask 0x2000000000000000000000000000000020000000 set
cpu-bind=MASK - nid001121, task 27 27 [70497]: mask 0x800000000000000000000000000000008000000 set
cpu-bind=MASK - nid001121, task 28 28 [70498]: mask 0x1000000000000000000000000000000010000000 set
cpu-bind=MASK - nid001121, task 40 40 [70510]: mask 0x1000000000000000000000000000000010000000000 set
cpu-bind=MASK - nid001121, task 43 43 [70513]: mask 0x8000000000000000000000000000000080000000000 set
cpu-bind=MASK - nid001121, task 49 49 [70519]: mask 0x200000000000000000000000000000002000000000000 set
cpu-bind=MASK - nid001121, task 51 51 [70521]: mask 0x800000000000000000000000000000008000000000000 set
cpu-bind=MASK - nid001121, task 30 30 [70500]: mask 0x4000000000000000000000000000000040000000 set
cpu-bind=MASK - nid001121, task 31 31 [70501]: mask 0x8000000000000000000000000000000080000000 set
cpu-bind=MASK - nid001121, task 32 32 [70502]: mask 0x10000000000000000000000000000000100000000 set
cpu-bind=MASK - nid001121, task 33 33 [70503]: mask 0x20000000000000000000000000000000200000000 set
cpu-bind=MASK - nid001121, task 34 34 [70504]: mask 0x40000000000000000000000000000000400000000 set
cpu-bind=MASK - nid001121, task 35 35 [70505]: mask 0x80000000000000000000000000000000800000000 set
cpu-bind=MASK - nid001121, task 36 36 [70506]: mask 0x100000000000000000000000000000001000000000 set
cpu-bind=MASK - nid001121, task 37 37 [70507]: mask 0x200000000000000000000000000000002000000000 set
cpu-bind=MASK - nid001121, task 38 38 [70508]: mask 0x400000000000000000000000000000004000000000 set
cpu-bind=MASK - nid001121, task 41 41 [70511]: mask 0x2000000000000000000000000000000020000000000 set
cpu-bind=MASK - nid001121, task 42 42 [70512]: mask 0x4000000000000000000000000000000040000000000 set
cpu-bind=MASK - nid001121, task 44 44 [70514]: mask 0x10000000000000000000000000000000100000000000 set
cpu-bind=MASK - nid001121, task 45 45 [70515]: mask 0x20000000000000000000000000000000200000000000 set
cpu-bind=MASK - nid001121, task 39 39 [70509]: mask 0x800000000000000000000000000000008000000000 set
cpu-bind=MASK - nid001121, task 46 46 [70516]: mask 0x40000000000000000000000000000000400000000000 set
cpu-bind=MASK - nid001121, task 47 47 [70517]: mask 0x80000000000000000000000000000000800000000000 set
cpu-bind=MASK - nid001121, task 48 48 [70518]: mask 0x100000000000000000000000000000001000000000000 set
cpu-bind=MASK - nid001121, task 50 50 [70520]: mask 0x400000000000000000000000000000004000000000000 set
cpu-bind=MASK - nid001121, task 52 52 [70522]: mask 0x1000000000000000000000000000000010000000000000 set
cpu-bind=MASK - nid001121, task 53 53 [70523]: mask 0x2000000000000000000000000000000020000000000000 set
cpu-bind=MASK - nid001121, task 54 54 [70524]: mask 0x4000000000000000000000000000000040000000000000 set
cpu-bind=MASK - nid001122, task 135  7 [59714]: mask 0x8000000000000000000000000000000080 set
cpu-bind=MASK - nid001121, task 55 55 [70525]: mask 0x8000000000000000000000000000000080000000000000 set
cpu-bind=MASK - nid001122, task 136  8 [59715]: mask 0x10000000000000000000000000000000100 set
cpu-bind=MASK - nid001122, task 141 13 [59720]: mask 0x200000000000000000000000000000002000 set
cpu-bind=MASK - nid001122, task 142 14 [59721]: mask 0x400000000000000000000000000000004000 set
cpu-bind=MASK - nid001122, task 128  0 [59707]: mask 0x100000000000000000000000000000001 set
cpu-bind=MASK - nid001122, task 129  1 [59708]: mask 0x200000000000000000000000000000002 set
cpu-bind=MASK - nid001122, task 130  2 [59709]: mask 0x400000000000000000000000000000004 set
cpu-bind=MASK - nid001122, task 133  5 [59712]: mask 0x2000000000000000000000000000000020 set
cpu-bind=MASK - nid001122, task 140 12 [59719]: mask 0x100000000000000000000000000000001000 set
cpu-bind=MASK - nid001122, task 145 17 [59724]: mask 0x2000000000000000000000000000000020000 set
cpu-bind=MASK - nid001122, task 146 18 [59725]: mask 0x4000000000000000000000000000000040000 set
cpu-bind=MASK - nid001122, task 147 19 [59726]: mask 0x8000000000000000000000000000000080000 set
cpu-bind=MASK - nid001122, task 131  3 [59710]: mask 0x800000000000000000000000000000008 set
cpu-bind=MASK - nid001122, task 132  4 [59711]: mask 0x1000000000000000000000000000000010 set
cpu-bind=MASK - nid001122, task 134  6 [59713]: mask 0x4000000000000000000000000000000040 set
cpu-bind=MASK - nid001122, task 137  9 [59716]: mask 0x20000000000000000000000000000000200 set
cpu-bind=MASK - nid001122, task 138 10 [59717]: mask 0x40000000000000000000000000000000400 set
cpu-bind=MASK - nid001122, task 139 11 [59718]: mask 0x80000000000000000000000000000000800 set
cpu-bind=MASK - nid001122, task 143 15 [59722]: mask 0x800000000000000000000000000000008000 set
cpu-bind=MASK - nid001122, task 144 16 [59723]: mask 0x1000000000000000000000000000000010000 set
cpu-bind=MASK - nid001122, task 148 20 [59727]: mask 0x10000000000000000000000000000000100000 set
cpu-bind=MASK - nid001122, task 149 21 [59728]: mask 0x20000000000000000000000000000000200000 set
cpu-bind=MASK - nid001122, task 152 24 [59731]: mask 0x100000000000000000000000000000001000000 set
cpu-bind=MASK - nid001122, task 154 26 [59733]: mask 0x400000000000000000000000000000004000000 set
cpu-bind=MASK - nid001121, task 56 56 [70526]: mask 0x10000000000000000000000000000000100000000000000 set
cpu-bind=MASK - nid001122, task 151 23 [59730]: mask 0x80000000000000000000000000000000800000 set
cpu-bind=MASK - nid001121, task 75 75 [70545]: mask 0x800000000000000000000000000000008000000000000000000 set
cpu-bind=MASK - nid001122, task 153 25 [59732]: mask 0x200000000000000000000000000000002000000 set
cpu-bind=MASK - nid001122, task 155 27 [59734]: mask 0x800000000000000000000000000000008000000 set
cpu-bind=MASK - nid001121, task 76 76 [70546]: mask 0x1000000000000000000000000000000010000000000000000000 set
cpu-bind=MASK - nid001121, task 77 77 [70547]: mask 0x2000000000000000000000000000000020000000000000000000 set
cpu-bind=MASK - nid001121, task 57 57 [70527]: mask 0x20000000000000000000000000000000200000000000000 set
cpu-bind=MASK - nid001121, task 58 58 [70528]: mask 0x40000000000000000000000000000000400000000000000 set
cpu-bind=MASK - nid001121, task 67 67 [70537]: mask 0x8000000000000000000000000000000080000000000000000 set
cpu-bind=MASK - nid001121, task 61 61 [70531]: mask 0x200000000000000000000000000000002000000000000000 set
cpu-bind=MASK - nid001122, task 159 31 [59738]: mask 0x8000000000000000000000000000000080000000 set
cpu-bind=MASK - nid001121, task 62 62 [70532]: mask 0x400000000000000000000000000000004000000000000000 set
cpu-bind=MASK - nid001122, task 157 29 [59736]: mask 0x2000000000000000000000000000000020000000 set
cpu-bind=MASK - nid001121, task 63 63 [70533]: mask 0x800000000000000000000000000000008000000000000000 set
cpu-bind=MASK - nid001121, task 69 69 [70539]: mask 0x20000000000000000000000000000000200000000000000000 set
cpu-bind=MASK - nid001122, task 162 34 [59741]: mask 0x40000000000000000000000000000000400000000 set
cpu-bind=MASK - nid001121, task 73 73 [70543]: mask 0x200000000000000000000000000000002000000000000000000 set
cpu-bind=MASK - nid001121, task 60 60 [70530]: mask 0x100000000000000000000000000000001000000000000000 set
cpu-bind=MASK - nid001121, task 68 68 [70538]: mask 0x10000000000000000000000000000000100000000000000000 set
cpu-bind=MASK - nid001121, task 70 70 [70540]: mask 0x40000000000000000000000000000000400000000000000000 set
cpu-bind=MASK - nid001121, task 71 71 [70541]: mask 0x80000000000000000000000000000000800000000000000000 set
cpu-bind=MASK - nid001121, task 74 74 [70544]: mask 0x400000000000000000000000000000004000000000000000000 set
cpu-bind=MASK - nid001121, task 59 59 [70529]: mask 0x80000000000000000000000000000000800000000000000 set
cpu-bind=MASK - nid001121, task 72 72 [70542]: mask 0x100000000000000000000000000000001000000000000000000 set
cpu-bind=MASK - nid001121, task 78 78 [70548]: mask 0x4000000000000000000000000000000040000000000000000000 set
cpu-bind=MASK - nid001121, task 79 79 [70549]: mask 0x8000000000000000000000000000000080000000000000000000 set
cpu-bind=MASK - nid001122, task 150 22 [59729]: mask 0x40000000000000000000000000000000400000 set
cpu-bind=MASK - nid001122, task 156 28 [59735]: mask 0x1000000000000000000000000000000010000000 set
cpu-bind=MASK - nid001122, task 158 30 [59737]: mask 0x4000000000000000000000000000000040000000 set
cpu-bind=MASK - nid001122, task 160 32 [59739]: mask 0x10000000000000000000000000000000100000000 set
cpu-bind=MASK - nid001122, task 161 33 [59740]: mask 0x20000000000000000000000000000000200000000 set
cpu-bind=MASK - nid001122, task 163 35 [59742]: mask 0x80000000000000000000000000000000800000000 set
cpu-bind=MASK - nid001122, task 164 36 [59743]: mask 0x100000000000000000000000000000001000000000 set
cpu-bind=MASK - nid001122, task 166 38 [59745]: mask 0x400000000000000000000000000000004000000000 set
cpu-bind=MASK - nid001122, task 165 37 [59744]: mask 0x200000000000000000000000000000002000000000 set
cpu-bind=MASK - nid001121, task 83 83 [70553]: mask 0x80000000000000000000000000000000800000000000000000000 set
cpu-bind=MASK - nid001121, task 95 95 [70565]: mask 0x80000000000000000000000000000000800000000000000000000000 set
cpu-bind=MASK - nid001121, task 96 96 [70566]: mask 0x100000000000000000000000000000001000000000000000000000000 set
cpu-bind=MASK - nid001121, task 97 97 [70567]: mask 0x200000000000000000000000000000002000000000000000000000000 set
cpu-bind=MASK - nid001122, task 170 42 [59749]: mask 0x4000000000000000000000000000000040000000000 set
cpu-bind=MASK - nid001121, task 108 108 [70578]: mask 0x100000000000000000000000000000001000000000000000000000000000 set
cpu-bind=MASK - nid001121, task 109 109 [70579]: mask 0x200000000000000000000000000000002000000000000000000000000000 set
cpu-bind=MASK - nid001121, task 110 110 [70580]: mask 0x400000000000000000000000000000004000000000000000000000000000 set
cpu-bind=MASK - nid001122, task 174 46 [59753]: mask 0x40000000000000000000000000000000400000000000 set
cpu-bind=MASK - nid001122, task 167 39 [59746]: mask 0x800000000000000000000000000000008000000000 set
cpu-bind=MASK - nid001122, task 168 40 [59747]: mask 0x1000000000000000000000000000000010000000000 set
cpu-bind=MASK - nid001122, task 169 41 [59748]: mask 0x2000000000000000000000000000000020000000000 set
cpu-bind=MASK - nid001121, task 80 80 [70550]: mask 0x10000000000000000000000000000000100000000000000000000 set
cpu-bind=MASK - nid001122, task 172 44 [59751]: mask 0x10000000000000000000000000000000100000000000 set
cpu-bind=MASK - nid001122, task 173 45 [59752]: mask 0x20000000000000000000000000000000200000000000 set
cpu-bind=MASK - nid001121, task 82 82 [70552]: mask 0x40000000000000000000000000000000400000000000000000000 set
cpu-bind=MASK - nid001122, task 179 51 [59758]: mask 0x800000000000000000000000000000008000000000000 set
cpu-bind=MASK - nid001122, task 171 43 [59750]: mask 0x8000000000000000000000000000000080000000000 set
cpu-bind=MASK - nid001122, task 175 47 [59754]: mask 0x80000000000000000000000000000000800000000000 set
cpu-bind=MASK - nid001121, task 84 84 [70554]: mask 0x100000000000000000000000000000001000000000000000000000 set
cpu-bind=MASK - nid001122, task 177 49 [59756]: mask 0x200000000000000000000000000000002000000000000 set
cpu-bind=MASK - nid001122, task 180 52 [59759]: mask 0x1000000000000000000000000000000010000000000000 set
cpu-bind=MASK - nid001121, task 85 85 [70555]: mask 0x200000000000000000000000000000002000000000000000000000 set
cpu-bind=MASK - nid001121, task 86 86 [70556]: mask 0x400000000000000000000000000000004000000000000000000000 set
cpu-bind=MASK - nid001122, task 181 53 [59760]: mask 0x2000000000000000000000000000000020000000000000 set
cpu-bind=MASK - nid001121, task 106 106 [70576]: mask 0x40000000000000000000000000000000400000000000000000000000000 set
cpu-bind=MASK - nid001122, task 182 54 [59761]: mask 0x4000000000000000000000000000000040000000000000 set
cpu-bind=MASK - nid001122, task 178 50 [59757]: mask 0x400000000000000000000000000000004000000000000 set
cpu-bind=MASK - nid001121, task 107 107 [70577]: mask 0x80000000000000000000000000000000800000000000000000000000000 set
cpu-bind=MASK - nid001121, task 81 81 [70551]: mask 0x20000000000000000000000000000000200000000000000000000 set
cpu-bind=MASK - nid001121, task 87 87 [70557]: mask 0x800000000000000000000000000000008000000000000000000000 set
cpu-bind=MASK - nid001121, task 88 88 [70558]: mask 0x1000000000000000000000000000000010000000000000000000000 set
cpu-bind=MASK - nid001122, task 183 55 [59762]: mask 0x8000000000000000000000000000000080000000000000 set
cpu-bind=MASK - nid001121, task 90 90 [70560]: mask 0x4000000000000000000000000000000040000000000000000000000 set
cpu-bind=MASK - nid001121, task 91 91 [70561]: mask 0x8000000000000000000000000000000080000000000000000000000 set
cpu-bind=MASK - nid001121, task 92 92 [70562]: mask 0x10000000000000000000000000000000100000000000000000000000 set
cpu-bind=MASK - nid001121, task 93 93 [70563]: mask 0x20000000000000000000000000000000200000000000000000000000 set
cpu-bind=MASK - nid001122, task 190 62 [59769]: mask 0x400000000000000000000000000000004000000000000000 set
cpu-bind=MASK - nid001121, task 94 94 [70564]: mask 0x40000000000000000000000000000000400000000000000000000000 set
cpu-bind=MASK - nid001121, task 98 98 [70568]: mask 0x400000000000000000000000000000004000000000000000000000000 set
cpu-bind=MASK - nid001121, task 89 89 [70559]: mask 0x2000000000000000000000000000000020000000000000000000000 set
cpu-bind=MASK - nid001122, task 184 56 [59763]: mask 0x10000000000000000000000000000000100000000000000 set
cpu-bind=MASK - nid001121, task 115 115 [70585]: mask 0x8000000000000000000000000000000080000000000000000000000000000 set
cpu-bind=MASK - nid001122, task 185 57 [59764]: mask 0x20000000000000000000000000000000200000000000000 set
cpu-bind=MASK - nid001122, task 186 58 [59765]: mask 0x40000000000000000000000000000000400000000000000 set
cpu-bind=MASK - nid001121, task 99 99 [70569]: mask 0x800000000000000000000000000000008000000000000000000000000 set
cpu-bind=MASK - nid001122, task 189 61 [59768]: mask 0x200000000000000000000000000000002000000000000000 set
cpu-bind=MASK - nid001121, task 64 64 [70534]: mask 0x1000000000000000000000000000000010000000000000000 set
cpu-bind=MASK - nid001121, task 103 103 [70573]: mask 0x8000000000000000000000000000000080000000000000000000000000 set
cpu-bind=MASK - nid001121, task 111 111 [70581]: mask 0x800000000000000000000000000000008000000000000000000000000000 set
cpu-bind=MASK - nid001121, task 113 113 [70583]: mask 0x2000000000000000000000000000000020000000000000000000000000000 set
cpu-bind=MASK - nid001121, task 120 120 [70590]: mask 0x100000000000000000000000000000001000000000000000000000000000000 set
cpu-bind=MASK - nid001121, task 121 121 [70591]: mask 0x200000000000000000000000000000002000000000000000000000000000000 set
cpu-bind=MASK - nid001121, task 122 122 [70592]: mask 0x400000000000000000000000000000004000000000000000000000000000000 set
cpu-bind=MASK - nid001121, task 100 100 [70570]: mask 0x1000000000000000000000000000000010000000000000000000000000 set
cpu-bind=MASK - nid001121, task 114 114 [70584]: mask 0x4000000000000000000000000000000040000000000000000000000000000 set
cpu-bind=MASK - nid001121, task 119 119 [70589]: mask 0x80000000000000000000000000000000800000000000000000000000000000 set
cpu-bind=MASK - nid001121, task 65 65 [70535]: mask 0x2000000000000000000000000000000020000000000000000 set
cpu-bind=MASK - nid001121, task 101 101 [70571]: mask 0x2000000000000000000000000000000020000000000000000000000000 set
cpu-bind=MASK - nid001122, task 191 63 [59770]: mask 0x800000000000000000000000000000008000000000000000 set
cpu-bind=MASK - nid001121, task 104 104 [70574]: mask 0x10000000000000000000000000000000100000000000000000000000000 set
cpu-bind=MASK - nid001121, task 66 66 [70536]: mask 0x4000000000000000000000000000000040000000000000000 set
cpu-bind=MASK - nid001122, task 193 65 [59772]: mask 0x2000000000000000000000000000000020000000000000000 set
cpu-bind=MASK - nid001121, task 102 102 [70572]: mask 0x4000000000000000000000000000000040000000000000000000000000 set
cpu-bind=MASK - nid001121, task 105 105 [70575]: mask 0x20000000000000000000000000000000200000000000000000000000000 set
cpu-bind=MASK - nid001122, task 187 59 [59766]: mask 0x80000000000000000000000000000000800000000000000 set
cpu-bind=MASK - nid001122, task 188 60 [59767]: mask 0x100000000000000000000000000000001000000000000000 set
cpu-bind=MASK - nid001122, task 196 68 [59775]: mask 0x10000000000000000000000000000000100000000000000000 set
cpu-bind=MASK - nid001122, task 198 70 [59777]: mask 0x40000000000000000000000000000000400000000000000000 set
cpu-bind=MASK - nid001121, task 112 112 [70582]: mask 0x1000000000000000000000000000000010000000000000000000000000000 set
cpu-bind=MASK - nid001122, task 197 69 [59776]: mask 0x20000000000000000000000000000000200000000000000000 set
cpu-bind=MASK - nid001121, task 118 118 [70588]: mask 0x40000000000000000000000000000000400000000000000000000000000000 set
cpu-bind=MASK - nid001121, task 116 116 [70586]: mask 0x10000000000000000000000000000000100000000000000000000000000000 set
cpu-bind=MASK - nid001121, task 117 117 [70587]: mask 0x20000000000000000000000000000000200000000000000000000000000000 set
cpu-bind=MASK - nid001121, task 123 123 [70593]: mask 0x800000000000000000000000000000008000000000000000000000000000000 set
cpu-bind=MASK - nid001121, task 125 125 [70595]: mask 0x2000000000000000000000000000000020000000000000000000000000000000 set
cpu-bind=MASK - nid001121, task 126 126 [70596]: mask 0x4000000000000000000000000000000040000000000000000000000000000000 set
cpu-bind=MASK - nid001121, task 127 127 [70597]: mask 0x8000000000000000000000000000000080000000000000000000000000000000 set
cpu-bind=MASK - nid001121, task 124 124 [70594]: mask 0x1000000000000000000000000000000010000000000000000000000000000000 set
cpu-bind=MASK - nid001122, task 192 64 [59771]: mask 0x1000000000000000000000000000000010000000000000000 set
cpu-bind=MASK - nid001122, task 194 66 [59773]: mask 0x4000000000000000000000000000000040000000000000000 set
cpu-bind=MASK - nid001122, task 201 73 [59780]: mask 0x200000000000000000000000000000002000000000000000000 set
cpu-bind=MASK - nid001122, task 202 74 [59781]: mask 0x400000000000000000000000000000004000000000000000000 set
cpu-bind=MASK - nid001122, task 199 71 [59778]: mask 0x80000000000000000000000000000000800000000000000000 set
cpu-bind=MASK - nid001122, task 200 72 [59779]: mask 0x100000000000000000000000000000001000000000000000000 set
cpu-bind=MASK - nid001122, task 195 67 [59774]: mask 0x8000000000000000000000000000000080000000000000000 set
cpu-bind=MASK - nid001122, task 203 75 [59782]: mask 0x800000000000000000000000000000008000000000000000000 set
cpu-bind=MASK - nid001122, task 176 48 [59755]: mask 0x100000000000000000000000000000001000000000000 set
cpu-bind=MASK - nid001122, task 204 76 [59783]: mask 0x1000000000000000000000000000000010000000000000000000 set
cpu-bind=MASK - nid001122, task 205 77 [59784]: mask 0x2000000000000000000000000000000020000000000000000000 set
cpu-bind=MASK - nid001122, task 206 78 [59785]: mask 0x4000000000000000000000000000000040000000000000000000 set
cpu-bind=MASK - nid001122, task 207 79 [59786]: mask 0x8000000000000000000000000000000080000000000000000000 set
cpu-bind=MASK - nid001122, task 218 90 [59797]: mask 0x4000000000000000000000000000000040000000000000000000000 set
cpu-bind=MASK - nid001122, task 219 91 [59798]: mask 0x8000000000000000000000000000000080000000000000000000000 set
cpu-bind=MASK - nid001122, task 217 89 [59796]: mask 0x2000000000000000000000000000000020000000000000000000000 set
cpu-bind=MASK - nid001122, task 213 85 [59792]: mask 0x200000000000000000000000000000002000000000000000000000 set
cpu-bind=MASK - nid001122, task 224 96 [59803]: mask 0x100000000000000000000000000000001000000000000000000000000 set
cpu-bind=MASK - nid001122, task 208 80 [59787]: mask 0x10000000000000000000000000000000100000000000000000000 set
cpu-bind=MASK - nid001122, task 209 81 [59788]: mask 0x20000000000000000000000000000000200000000000000000000 set
cpu-bind=MASK - nid001122, task 214 86 [59793]: mask 0x400000000000000000000000000000004000000000000000000000 set
cpu-bind=MASK - nid001122, task 216 88 [59795]: mask 0x1000000000000000000000000000000010000000000000000000000 set
cpu-bind=MASK - nid001122, task 211 83 [59790]: mask 0x80000000000000000000000000000000800000000000000000000 set
cpu-bind=MASK - nid001122, task 229 101 [59808]: mask 0x2000000000000000000000000000000020000000000000000000000000 set
cpu-bind=MASK - nid001122, task 230 102 [59809]: mask 0x4000000000000000000000000000000040000000000000000000000000 set
cpu-bind=MASK - nid001122, task 231 103 [59810]: mask 0x8000000000000000000000000000000080000000000000000000000000 set
cpu-bind=MASK - nid001122, task 212 84 [59791]: mask 0x100000000000000000000000000000001000000000000000000000 set
cpu-bind=MASK - nid001122, task 215 87 [59794]: mask 0x800000000000000000000000000000008000000000000000000000 set
cpu-bind=MASK - nid001122, task 220 92 [59799]: mask 0x10000000000000000000000000000000100000000000000000000000 set
cpu-bind=MASK - nid001122, task 221 93 [59800]: mask 0x20000000000000000000000000000000200000000000000000000000 set
cpu-bind=MASK - nid001122, task 222 94 [59801]: mask 0x40000000000000000000000000000000400000000000000000000000 set
cpu-bind=MASK - nid001122, task 223 95 [59802]: mask 0x80000000000000000000000000000000800000000000000000000000 set
cpu-bind=MASK - nid001122, task 232 104 [59811]: mask 0x10000000000000000000000000000000100000000000000000000000000 set
cpu-bind=MASK - nid001122, task 233 105 [59812]: mask 0x20000000000000000000000000000000200000000000000000000000000 set
cpu-bind=MASK - nid001122, task 225 97 [59804]: mask 0x200000000000000000000000000000002000000000000000000000000 set
cpu-bind=MASK - nid001122, task 226 98 [59805]: mask 0x400000000000000000000000000000004000000000000000000000000 set
cpu-bind=MASK - nid001122, task 227 99 [59806]: mask 0x800000000000000000000000000000008000000000000000000000000 set
cpu-bind=MASK - nid001122, task 234 106 [59813]: mask 0x40000000000000000000000000000000400000000000000000000000000 set
cpu-bind=MASK - nid001122, task 235 107 [59814]: mask 0x80000000000000000000000000000000800000000000000000000000000 set
cpu-bind=MASK - nid001122, task 228 100 [59807]: mask 0x1000000000000000000000000000000010000000000000000000000000 set
cpu-bind=MASK - nid001122, task 241 113 [59820]: mask 0x2000000000000000000000000000000020000000000000000000000000000 set
cpu-bind=MASK - nid001122, task 240 112 [59819]: mask 0x1000000000000000000000000000000010000000000000000000000000000 set
cpu-bind=MASK - nid001122, task 236 108 [59815]: mask 0x100000000000000000000000000000001000000000000000000000000000 set
cpu-bind=MASK - nid001122, task 237 109 [59816]: mask 0x200000000000000000000000000000002000000000000000000000000000 set
cpu-bind=MASK - nid001122, task 238 110 [59817]: mask 0x400000000000000000000000000000004000000000000000000000000000 set
cpu-bind=MASK - nid001122, task 239 111 [59818]: mask 0x800000000000000000000000000000008000000000000000000000000000 set
cpu-bind=MASK - nid001122, task 243 115 [59822]: mask 0x8000000000000000000000000000000080000000000000000000000000000 set
cpu-bind=MASK - nid001122, task 245 117 [59824]: mask 0x20000000000000000000000000000000200000000000000000000000000000 set
cpu-bind=MASK - nid001122, task 246 118 [59825]: mask 0x40000000000000000000000000000000400000000000000000000000000000 set
cpu-bind=MASK - nid001122, task 210 82 [59789]: mask 0x40000000000000000000000000000000400000000000000000000 set
cpu-bind=MASK - nid001122, task 244 116 [59823]: mask 0x10000000000000000000000000000000100000000000000000000000000000 set
cpu-bind=MASK - nid001122, task 247 119 [59826]: mask 0x80000000000000000000000000000000800000000000000000000000000000 set
cpu-bind=MASK - nid001122, task 242 114 [59821]: mask 0x4000000000000000000000000000000040000000000000000000000000000 set
cpu-bind=MASK - nid001122, task 248 120 [59827]: mask 0x100000000000000000000000000000001000000000000000000000000000000 set
cpu-bind=MASK - nid001122, task 250 122 [59829]: mask 0x400000000000000000000000000000004000000000000000000000000000000 set
cpu-bind=MASK - nid001122, task 252 124 [59831]: mask 0x1000000000000000000000000000000010000000000000000000000000000000 set
cpu-bind=MASK - nid001122, task 253 125 [59832]: mask 0x2000000000000000000000000000000020000000000000000000000000000000 set
cpu-bind=MASK - nid001122, task 254 126 [59833]: mask 0x4000000000000000000000000000000040000000000000000000000000000000 set
cpu-bind=MASK - nid001122, task 255 127 [59834]: mask 0x8000000000000000000000000000000080000000000000000000000000000000 set
cpu-bind=MASK - nid001122, task 249 121 [59828]: mask 0x200000000000000000000000000000002000000000000000000000000000000 set
cpu-bind=MASK - nid001122, task 251 123 [59830]: mask 0x800000000000000000000000000000008000000000000000000000000000000 set
