
Due to MODULEPATH changes, the following have been reloaded:
  1) cray-mpich/8.1.12


Currently Loaded Modules:
  1) craype-x86-rome                        15) ELPA/2021.11.001
  2) libfabric/1.15.2.0                     16) libxsmm/1.17
  3) craype-network-ofi                     17) libxc/5.1.7
  4) xpmem/2.4.4-2.3_13.8__gff0e1d9.shasta  18) Libint-CP2K/2.6.0
  5) PrgEnv-gnu/8.3.0                       19) cray-hdf5/1.12.0.7
  6) cray-dsmml/0.2.2                       20) GSL/2.7
  7) cray-libsci/21.08.1.2                  21) SpFFT/1.0.5
  8) cray-mpich/8.1.12                      22) SPLA/1.5.2
  9) craype/2.7.13                          23) SIRIUS/7.3.1
 10) gcc/11.2.0                             24) spglib/1.16.3
 11) perftools-base/21.12.0                 25) libvori/210412
 12) cpe/21.12                              26) zlib/.1.2.11       (H)
 13) cpeGNU/21.12                           27) PLUMED/2.7.3
 14) cray-fftw/3.3.8.12

  Where:
   H:  Hidden Module

 

cpu-bind=MASK - nid001731, task  9  9 [14792]: mask 0x20000000000000000000000000000000200 set
cpu-bind=MASK - nid001731, task 10 10 [14793]: mask 0x40000000000000000000000000000000400 set
cpu-bind=MASK - nid001731, task 13 13 [14796]: mask 0x200000000000000000000000000000002000 set
cpu-bind=MASK - nid001731, task  0  0 [14783]: mask 0x100000000000000000000000000000001 set
cpu-bind=MASK - nid001731, task  1  1 [14784]: mask 0x200000000000000000000000000000002 set
cpu-bind=MASK - nid001731, task  3  3 [14786]: mask 0x800000000000000000000000000000008 set
cpu-bind=MASK - nid001731, task  4  4 [14787]: mask 0x1000000000000000000000000000000010 set
cpu-bind=MASK - nid001731, task  8  8 [14791]: mask 0x10000000000000000000000000000000100 set
cpu-bind=MASK - nid001731, task 12 12 [14795]: mask 0x100000000000000000000000000000001000 set
cpu-bind=MASK - nid001731, task  2  2 [14785]: mask 0x400000000000000000000000000000004 set
cpu-bind=MASK - nid001731, task  7  7 [14790]: mask 0x8000000000000000000000000000000080 set
cpu-bind=MASK - nid001731, task 11 11 [14794]: mask 0x80000000000000000000000000000000800 set
cpu-bind=MASK - nid001731, task  5  5 [14788]: mask 0x2000000000000000000000000000000020 set
cpu-bind=MASK - nid001731, task  6  6 [14789]: mask 0x4000000000000000000000000000000040 set
cpu-bind=MASK - nid001731, task 17 17 [14800]: mask 0x2000000000000000000000000000000020000 set
cpu-bind=MASK - nid001731, task 14 14 [14797]: mask 0x400000000000000000000000000000004000 set
cpu-bind=MASK - nid001731, task 15 15 [14798]: mask 0x800000000000000000000000000000008000 set
cpu-bind=MASK - nid001731, task 16 16 [14799]: mask 0x1000000000000000000000000000000010000 set
cpu-bind=MASK - nid001731, task 18 18 [14801]: mask 0x4000000000000000000000000000000040000 set
cpu-bind=MASK - nid001731, task 19 19 [14802]: mask 0x8000000000000000000000000000000080000 set
cpu-bind=MASK - nid001731, task 21 21 [14804]: mask 0x20000000000000000000000000000000200000 set
cpu-bind=MASK - nid001731, task 20 20 [14803]: mask 0x10000000000000000000000000000000100000 set
cpu-bind=MASK - nid001731, task 22 22 [14805]: mask 0x40000000000000000000000000000000400000 set
cpu-bind=MASK - nid001731, task 35 35 [14818]: mask 0x80000000000000000000000000000000800000000 set
cpu-bind=MASK - nid001731, task 24 24 [14807]: mask 0x100000000000000000000000000000001000000 set
cpu-bind=MASK - nid001731, task 26 26 [14809]: mask 0x400000000000000000000000000000004000000 set
cpu-bind=MASK - nid001731, task 27 27 [14810]: mask 0x800000000000000000000000000000008000000 set
cpu-bind=MASK - nid001731, task 28 28 [14811]: mask 0x1000000000000000000000000000000010000000 set
cpu-bind=MASK - nid001731, task 46 46 [14829]: mask 0x40000000000000000000000000000000400000000000 set
cpu-bind=MASK - nid001731, task 23 23 [14806]: mask 0x80000000000000000000000000000000800000 set
cpu-bind=MASK - nid001731, task 25 25 [14808]: mask 0x200000000000000000000000000000002000000 set
cpu-bind=MASK - nid001731, task 29 29 [14812]: mask 0x2000000000000000000000000000000020000000 set
cpu-bind=MASK - nid001731, task 30 30 [14813]: mask 0x4000000000000000000000000000000040000000 set
cpu-bind=MASK - nid001731, task 36 36 [14819]: mask 0x100000000000000000000000000000001000000000 set
cpu-bind=MASK - nid001731, task 31 31 [14814]: mask 0x8000000000000000000000000000000080000000 set
cpu-bind=MASK - nid001731, task 37 37 [14820]: mask 0x200000000000000000000000000000002000000000 set
cpu-bind=MASK - nid001731, task 34 34 [14817]: mask 0x40000000000000000000000000000000400000000 set
cpu-bind=MASK - nid001731, task 47 47 [14830]: mask 0x80000000000000000000000000000000800000000000 set
cpu-bind=MASK - nid001731, task 48 48 [14831]: mask 0x100000000000000000000000000000001000000000000 set
cpu-bind=MASK - nid001731, task 38 38 [14821]: mask 0x400000000000000000000000000000004000000000 set
cpu-bind=MASK - nid001731, task 39 39 [14822]: mask 0x800000000000000000000000000000008000000000 set
cpu-bind=MASK - nid001731, task 44 44 [14827]: mask 0x10000000000000000000000000000000100000000000 set
cpu-bind=MASK - nid001731, task 45 45 [14828]: mask 0x20000000000000000000000000000000200000000000 set
cpu-bind=MASK - nid001731, task 49 49 [14832]: mask 0x200000000000000000000000000000002000000000000 set
cpu-bind=MASK - nid001731, task 53 53 [14836]: mask 0x2000000000000000000000000000000020000000000000 set
cpu-bind=MASK - nid001731, task 55 55 [14838]: mask 0x8000000000000000000000000000000080000000000000 set
cpu-bind=MASK - nid001731, task 51 51 [14834]: mask 0x800000000000000000000000000000008000000000000 set
cpu-bind=MASK - nid001731, task 50 50 [14833]: mask 0x400000000000000000000000000000004000000000000 set
cpu-bind=MASK - nid001731, task 52 52 [14835]: mask 0x1000000000000000000000000000000010000000000000 set
cpu-bind=MASK - nid001731, task 57 57 [14840]: mask 0x20000000000000000000000000000000200000000000000 set
cpu-bind=MASK - nid001731, task 33 33 [14816]: mask 0x20000000000000000000000000000000200000000 set
cpu-bind=MASK - nid001731, task 58 58 [14841]: mask 0x40000000000000000000000000000000400000000000000 set
cpu-bind=MASK - nid001731, task 54 54 [14837]: mask 0x4000000000000000000000000000000040000000000000 set
cpu-bind=MASK - nid001731, task 56 56 [14839]: mask 0x10000000000000000000000000000000100000000000000 set
cpu-bind=MASK - nid001731, task 61 61 [14844]: mask 0x200000000000000000000000000000002000000000000000 set
cpu-bind=MASK - nid001731, task 59 59 [14842]: mask 0x80000000000000000000000000000000800000000000000 set
cpu-bind=MASK - nid001731, task 62 62 [14845]: mask 0x400000000000000000000000000000004000000000000000 set
cpu-bind=MASK - nid001731, task 60 60 [14843]: mask 0x100000000000000000000000000000001000000000000000 set
cpu-bind=MASK - nid001731, task 63 63 [14846]: mask 0x800000000000000000000000000000008000000000000000 set
cpu-bind=MASK - nid001731, task 74 74 [14857]: mask 0x400000000000000000000000000000004000000000000000000 set
cpu-bind=MASK - nid001731, task 75 75 [14858]: mask 0x800000000000000000000000000000008000000000000000000 set
cpu-bind=MASK - nid001731, task 76 76 [14859]: mask 0x1000000000000000000000000000000010000000000000000000 set
cpu-bind=MASK - nid001731, task 32 32 [14815]: mask 0x10000000000000000000000000000000100000000 set
cpu-bind=MASK - nid001731, task 40 40 [14823]: mask 0x1000000000000000000000000000000010000000000 set
cpu-bind=MASK - nid001731, task 41 41 [14824]: mask 0x2000000000000000000000000000000020000000000 set
cpu-bind=MASK - nid001731, task 42 42 [14825]: mask 0x4000000000000000000000000000000040000000000 set
cpu-bind=MASK - nid001731, task 43 43 [14826]: mask 0x8000000000000000000000000000000080000000000 set
cpu-bind=MASK - nid001731, task 66 66 [14849]: mask 0x4000000000000000000000000000000040000000000000000 set
cpu-bind=MASK - nid001731, task 67 67 [14850]: mask 0x8000000000000000000000000000000080000000000000000 set
cpu-bind=MASK - nid001731, task 68 68 [14851]: mask 0x10000000000000000000000000000000100000000000000000 set
cpu-bind=MASK - nid001731, task 69 69 [14852]: mask 0x20000000000000000000000000000000200000000000000000 set
cpu-bind=MASK - nid001731, task 70 70 [14853]: mask 0x40000000000000000000000000000000400000000000000000 set
cpu-bind=MASK - nid001731, task 71 71 [14854]: mask 0x80000000000000000000000000000000800000000000000000 set
cpu-bind=MASK - nid001731, task 72 72 [14855]: mask 0x100000000000000000000000000000001000000000000000000 set
cpu-bind=MASK - nid001731, task 73 73 [14856]: mask 0x200000000000000000000000000000002000000000000000000 set
cpu-bind=MASK - nid001731, task 77 77 [14860]: mask 0x2000000000000000000000000000000020000000000000000000 set
cpu-bind=MASK - nid001731, task 78 78 [14861]: mask 0x4000000000000000000000000000000040000000000000000000 set
cpu-bind=MASK - nid001731, task 79 79 [14862]: mask 0x8000000000000000000000000000000080000000000000000000 set
cpu-bind=MASK - nid001731, task 80 80 [14863]: mask 0x10000000000000000000000000000000100000000000000000000 set
cpu-bind=MASK - nid001731, task 81 81 [14864]: mask 0x20000000000000000000000000000000200000000000000000000 set
cpu-bind=MASK - nid001731, task 82 82 [14865]: mask 0x40000000000000000000000000000000400000000000000000000 set
cpu-bind=MASK - nid001731, task 83 83 [14866]: mask 0x80000000000000000000000000000000800000000000000000000 set
cpu-bind=MASK - nid001731, task 84 84 [14867]: mask 0x100000000000000000000000000000001000000000000000000000 set
cpu-bind=MASK - nid001731, task 85 85 [14868]: mask 0x200000000000000000000000000000002000000000000000000000 set
cpu-bind=MASK - nid001731, task 92 92 [14875]: mask 0x10000000000000000000000000000000100000000000000000000000 set
cpu-bind=MASK - nid001731, task 87 87 [14870]: mask 0x800000000000000000000000000000008000000000000000000000 set
cpu-bind=MASK - nid001731, task 86 86 [14869]: mask 0x400000000000000000000000000000004000000000000000000000 set
cpu-bind=MASK - nid001731, task 88 88 [14871]: mask 0x1000000000000000000000000000000010000000000000000000000 set
cpu-bind=MASK - nid001731, task 96 96 [14879]: mask 0x100000000000000000000000000000001000000000000000000000000 set
cpu-bind=MASK - nid001731, task 95 95 [14878]: mask 0x80000000000000000000000000000000800000000000000000000000 set
cpu-bind=MASK - nid001731, task 104 104 [14887]: mask 0x10000000000000000000000000000000100000000000000000000000000 set
cpu-bind=MASK - nid001731, task 93 93 [14876]: mask 0x20000000000000000000000000000000200000000000000000000000 set
cpu-bind=MASK - nid001731, task 108 108 [14891]: mask 0x100000000000000000000000000000001000000000000000000000000000 set
cpu-bind=MASK - nid001731, task 107 107 [14890]: mask 0x80000000000000000000000000000000800000000000000000000000000 set
cpu-bind=MASK - nid001731, task 90 90 [14873]: mask 0x4000000000000000000000000000000040000000000000000000000 set
cpu-bind=MASK - nid001731, task 94 94 [14877]: mask 0x40000000000000000000000000000000400000000000000000000000 set
cpu-bind=MASK - nid001731, task 97 97 [14880]: mask 0x200000000000000000000000000000002000000000000000000000000 set
cpu-bind=MASK - nid001731, task 105 105 [14888]: mask 0x20000000000000000000000000000000200000000000000000000000000 set
cpu-bind=MASK - nid001731, task 91 91 [14874]: mask 0x8000000000000000000000000000000080000000000000000000000 set
cpu-bind=MASK - nid001731, task 98 98 [14881]: mask 0x400000000000000000000000000000004000000000000000000000000 set
cpu-bind=MASK - nid001731, task 112 112 [14895]: mask 0x1000000000000000000000000000000010000000000000000000000000000 set
cpu-bind=MASK - nid001731, task 113 113 [14896]: mask 0x2000000000000000000000000000000020000000000000000000000000000 set
cpu-bind=MASK - nid001731, task 89 89 [14872]: mask 0x2000000000000000000000000000000020000000000000000000000 set
cpu-bind=MASK - nid001731, task 99 99 [14882]: mask 0x800000000000000000000000000000008000000000000000000000000 set
cpu-bind=MASK - nid001731, task 114 114 [14897]: mask 0x4000000000000000000000000000000040000000000000000000000000000 set
cpu-bind=MASK - nid001731, task 64 64 [14847]: mask 0x1000000000000000000000000000000010000000000000000 set
cpu-bind=MASK - nid001731, task 65 65 [14848]: mask 0x2000000000000000000000000000000020000000000000000 set
cpu-bind=MASK - nid001731, task 106 106 [14889]: mask 0x40000000000000000000000000000000400000000000000000000000000 set
cpu-bind=MASK - nid001731, task 117 117 [14900]: mask 0x20000000000000000000000000000000200000000000000000000000000000 set
cpu-bind=MASK - nid001731, task 100 100 [14883]: mask 0x1000000000000000000000000000000010000000000000000000000000 set
cpu-bind=MASK - nid001731, task 101 101 [14884]: mask 0x2000000000000000000000000000000020000000000000000000000000 set
cpu-bind=MASK - nid001731, task 103 103 [14886]: mask 0x8000000000000000000000000000000080000000000000000000000000 set
cpu-bind=MASK - nid001731, task 109 109 [14892]: mask 0x200000000000000000000000000000002000000000000000000000000000 set
cpu-bind=MASK - nid001731, task 110 110 [14893]: mask 0x400000000000000000000000000000004000000000000000000000000000 set
cpu-bind=MASK - nid001731, task 111 111 [14894]: mask 0x800000000000000000000000000000008000000000000000000000000000 set
cpu-bind=MASK - nid001731, task 115 115 [14898]: mask 0x8000000000000000000000000000000080000000000000000000000000000 set
cpu-bind=MASK - nid001731, task 116 116 [14899]: mask 0x10000000000000000000000000000000100000000000000000000000000000 set
cpu-bind=MASK - nid001731, task 118 118 [14901]: mask 0x40000000000000000000000000000000400000000000000000000000000000 set
cpu-bind=MASK - nid001731, task 119 119 [14902]: mask 0x80000000000000000000000000000000800000000000000000000000000000 set
cpu-bind=MASK - nid001731, task 120 120 [14903]: mask 0x100000000000000000000000000000001000000000000000000000000000000 set
cpu-bind=MASK - nid001731, task 121 121 [14904]: mask 0x200000000000000000000000000000002000000000000000000000000000000 set
cpu-bind=MASK - nid001731, task 122 122 [14905]: mask 0x400000000000000000000000000000004000000000000000000000000000000 set
cpu-bind=MASK - nid001731, task 123 123 [14906]: mask 0x800000000000000000000000000000008000000000000000000000000000000 set
cpu-bind=MASK - nid001731, task 124 124 [14907]: mask 0x1000000000000000000000000000000010000000000000000000000000000000 set
cpu-bind=MASK - nid001731, task 127 127 [14910]: mask 0x8000000000000000000000000000000080000000000000000000000000000000 set
cpu-bind=MASK - nid001731, task 102 102 [14885]: mask 0x4000000000000000000000000000000040000000000000000000000000 set
cpu-bind=MASK - nid001731, task 125 125 [14908]: mask 0x2000000000000000000000000000000020000000000000000000000000000000 set
cpu-bind=MASK - nid001731, task 126 126 [14909]: mask 0x4000000000000000000000000000000040000000000000000000000000000000 set
cpu-bind=MASK - nid002161, task 128  0 [225144]: mask 0x100000000000000000000000000000001 set
cpu-bind=MASK - nid002161, task 129  1 [225145]: mask 0x200000000000000000000000000000002 set
cpu-bind=MASK - nid002161, task 134  6 [225150]: mask 0x4000000000000000000000000000000040 set
cpu-bind=MASK - nid002161, task 135  7 [225151]: mask 0x8000000000000000000000000000000080 set
cpu-bind=MASK - nid002161, task 133  5 [225149]: mask 0x2000000000000000000000000000000020 set
cpu-bind=MASK - nid002161, task 136  8 [225152]: mask 0x10000000000000000000000000000000100 set
cpu-bind=MASK - nid002161, task 137  9 [225153]: mask 0x20000000000000000000000000000000200 set
cpu-bind=MASK - nid002161, task 138 10 [225154]: mask 0x40000000000000000000000000000000400 set
cpu-bind=MASK - nid002161, task 131  3 [225147]: mask 0x800000000000000000000000000000008 set
cpu-bind=MASK - nid002161, task 132  4 [225148]: mask 0x1000000000000000000000000000000010 set
cpu-bind=MASK - nid002161, task 139 11 [225155]: mask 0x80000000000000000000000000000000800 set
cpu-bind=MASK - nid002161, task 141 13 [225157]: mask 0x200000000000000000000000000000002000 set
cpu-bind=MASK - nid002161, task 142 14 [225158]: mask 0x400000000000000000000000000000004000 set
cpu-bind=MASK - nid002161, task 130  2 [225146]: mask 0x400000000000000000000000000000004 set
cpu-bind=MASK - nid002161, task 145 17 [225161]: mask 0x2000000000000000000000000000000020000 set
cpu-bind=MASK - nid002161, task 155 27 [225171]: mask 0x800000000000000000000000000000008000000 set
cpu-bind=MASK - nid002161, task 146 18 [225162]: mask 0x4000000000000000000000000000000040000 set
cpu-bind=MASK - nid002161, task 166 38 [225182]: mask 0x400000000000000000000000000000004000000000 set
cpu-bind=MASK - nid002161, task 167 39 [225183]: mask 0x800000000000000000000000000000008000000000 set
cpu-bind=MASK - nid002161, task 147 19 [225163]: mask 0x8000000000000000000000000000000080000 set
cpu-bind=MASK - nid002161, task 154 26 [225170]: mask 0x400000000000000000000000000000004000000 set
cpu-bind=MASK - nid002161, task 152 24 [225168]: mask 0x100000000000000000000000000000001000000 set
cpu-bind=MASK - nid002161, task 153 25 [225169]: mask 0x200000000000000000000000000000002000000 set
cpu-bind=MASK - nid002161, task 156 28 [225172]: mask 0x1000000000000000000000000000000010000000 set
cpu-bind=MASK - nid002161, task 157 29 [225173]: mask 0x2000000000000000000000000000000020000000 set
cpu-bind=MASK - nid002161, task 178 50 [225194]: mask 0x400000000000000000000000000000004000000000000 set
cpu-bind=MASK - nid002161, task 144 16 [225160]: mask 0x1000000000000000000000000000000010000 set
cpu-bind=MASK - nid002161, task 181 53 [225197]: mask 0x2000000000000000000000000000000020000000000000 set
cpu-bind=MASK - nid002161, task 182 54 [225198]: mask 0x4000000000000000000000000000000040000000000000 set
cpu-bind=MASK - nid002161, task 183 55 [225199]: mask 0x8000000000000000000000000000000080000000000000 set
cpu-bind=MASK - nid002161, task 168 40 [225184]: mask 0x1000000000000000000000000000000010000000000 set
cpu-bind=MASK - nid002161, task 169 41 [225185]: mask 0x2000000000000000000000000000000020000000000 set
cpu-bind=MASK - nid002161, task 158 30 [225174]: mask 0x4000000000000000000000000000000040000000 set
cpu-bind=MASK - nid002161, task 160 32 [225176]: mask 0x10000000000000000000000000000000100000000 set
cpu-bind=MASK - nid002161, task 164 36 [225180]: mask 0x100000000000000000000000000000001000000000 set
cpu-bind=MASK - nid002161, task 159 31 [225175]: mask 0x8000000000000000000000000000000080000000 set
cpu-bind=MASK - nid002161, task 161 33 [225177]: mask 0x20000000000000000000000000000000200000000 set
cpu-bind=MASK - nid002161, task 162 34 [225178]: mask 0x40000000000000000000000000000000400000000 set
cpu-bind=MASK - nid002161, task 163 35 [225179]: mask 0x80000000000000000000000000000000800000000 set
cpu-bind=MASK - nid002161, task 165 37 [225181]: mask 0x200000000000000000000000000000002000000000 set
cpu-bind=MASK - nid002161, task 140 12 [225156]: mask 0x100000000000000000000000000000001000 set
cpu-bind=MASK - nid002161, task 143 15 [225159]: mask 0x800000000000000000000000000000008000 set
cpu-bind=MASK - nid002161, task 187 59 [225203]: mask 0x80000000000000000000000000000000800000000000000 set
cpu-bind=MASK - nid002161, task 186 58 [225202]: mask 0x40000000000000000000000000000000400000000000000 set
cpu-bind=MASK - nid002161, task 151 23 [225167]: mask 0x80000000000000000000000000000000800000 set
cpu-bind=MASK - nid002161, task 148 20 [225164]: mask 0x10000000000000000000000000000000100000 set
cpu-bind=MASK - nid002161, task 170 42 [225186]: mask 0x4000000000000000000000000000000040000000000 set
cpu-bind=MASK - nid002161, task 175 47 [225191]: mask 0x80000000000000000000000000000000800000000000 set
cpu-bind=MASK - nid002161, task 171 43 [225187]: mask 0x8000000000000000000000000000000080000000000 set
cpu-bind=MASK - nid002161, task 149 21 [225165]: mask 0x20000000000000000000000000000000200000 set
cpu-bind=MASK - nid002161, task 172 44 [225188]: mask 0x10000000000000000000000000000000100000000000 set
cpu-bind=MASK - nid002161, task 174 46 [225190]: mask 0x40000000000000000000000000000000400000000000 set
cpu-bind=MASK - nid002161, task 176 48 [225192]: mask 0x100000000000000000000000000000001000000000000 set
cpu-bind=MASK - nid002161, task 150 22 [225166]: mask 0x40000000000000000000000000000000400000 set
cpu-bind=MASK - nid002161, task 173 45 [225189]: mask 0x20000000000000000000000000000000200000000000 set
cpu-bind=MASK - nid002161, task 177 49 [225193]: mask 0x200000000000000000000000000000002000000000000 set
cpu-bind=MASK - nid002161, task 179 51 [225195]: mask 0x800000000000000000000000000000008000000000000 set
cpu-bind=MASK - nid002161, task 180 52 [225196]: mask 0x1000000000000000000000000000000010000000000000 set
cpu-bind=MASK - nid002161, task 184 56 [225200]: mask 0x10000000000000000000000000000000100000000000000 set
cpu-bind=MASK - nid002161, task 185 57 [225201]: mask 0x20000000000000000000000000000000200000000000000 set
cpu-bind=MASK - nid002161, task 188 60 [225204]: mask 0x100000000000000000000000000000001000000000000000 set
cpu-bind=MASK - nid002161, task 189 61 [225205]: mask 0x200000000000000000000000000000002000000000000000 set
cpu-bind=MASK - nid002161, task 195 67 [225211]: mask 0x8000000000000000000000000000000080000000000000000 set
cpu-bind=MASK - nid002161, task 190 62 [225206]: mask 0x400000000000000000000000000000004000000000000000 set
cpu-bind=MASK - nid002161, task 192 64 [225208]: mask 0x1000000000000000000000000000000010000000000000000 set
cpu-bind=MASK - nid002161, task 191 63 [225207]: mask 0x800000000000000000000000000000008000000000000000 set
cpu-bind=MASK - nid002161, task 193 65 [225209]: mask 0x2000000000000000000000000000000020000000000000000 set
cpu-bind=MASK - nid002161, task 194 66 [225210]: mask 0x4000000000000000000000000000000040000000000000000 set
cpu-bind=MASK - nid002161, task 196 68 [225212]: mask 0x10000000000000000000000000000000100000000000000000 set
cpu-bind=MASK - nid002161, task 199 71 [225215]: mask 0x80000000000000000000000000000000800000000000000000 set
cpu-bind=MASK - nid002161, task 200 72 [225216]: mask 0x100000000000000000000000000000001000000000000000000 set
cpu-bind=MASK - nid002161, task 198 70 [225214]: mask 0x40000000000000000000000000000000400000000000000000 set
cpu-bind=MASK - nid002161, task 197 69 [225213]: mask 0x20000000000000000000000000000000200000000000000000 set
cpu-bind=MASK - nid002161, task 204 76 [225220]: mask 0x1000000000000000000000000000000010000000000000000000 set
cpu-bind=MASK - nid002161, task 201 73 [225217]: mask 0x200000000000000000000000000000002000000000000000000 set
cpu-bind=MASK - nid002161, task 202 74 [225218]: mask 0x400000000000000000000000000000004000000000000000000 set
cpu-bind=MASK - nid002161, task 211 83 [225227]: mask 0x80000000000000000000000000000000800000000000000000000 set
cpu-bind=MASK - nid002161, task 210 82 [225226]: mask 0x40000000000000000000000000000000400000000000000000000 set
cpu-bind=MASK - nid002161, task 205 77 [225221]: mask 0x2000000000000000000000000000000020000000000000000000 set
cpu-bind=MASK - nid002161, task 206 78 [225222]: mask 0x4000000000000000000000000000000040000000000000000000 set
cpu-bind=MASK - nid002161, task 208 80 [225224]: mask 0x10000000000000000000000000000000100000000000000000000 set
cpu-bind=MASK - nid002161, task 209 81 [225225]: mask 0x20000000000000000000000000000000200000000000000000000 set
cpu-bind=MASK - nid002161, task 203 75 [225219]: mask 0x800000000000000000000000000000008000000000000000000 set
cpu-bind=MASK - nid002161, task 207 79 [225223]: mask 0x8000000000000000000000000000000080000000000000000000 set
cpu-bind=MASK - nid002161, task 212 84 [225228]: mask 0x100000000000000000000000000000001000000000000000000000 set
cpu-bind=MASK - nid002161, task 213 85 [225229]: mask 0x200000000000000000000000000000002000000000000000000000 set
cpu-bind=MASK - nid002161, task 217 89 [225233]: mask 0x2000000000000000000000000000000020000000000000000000000 set
cpu-bind=MASK - nid002161, task 220 92 [225236]: mask 0x10000000000000000000000000000000100000000000000000000000 set
cpu-bind=MASK - nid002161, task 214 86 [225230]: mask 0x400000000000000000000000000000004000000000000000000000 set
cpu-bind=MASK - nid002161, task 215 87 [225231]: mask 0x800000000000000000000000000000008000000000000000000000 set
cpu-bind=MASK - nid002161, task 222 94 [225238]: mask 0x40000000000000000000000000000000400000000000000000000000 set
cpu-bind=MASK - nid002161, task 223 95 [225239]: mask 0x80000000000000000000000000000000800000000000000000000000 set
cpu-bind=MASK - nid002161, task 216 88 [225232]: mask 0x1000000000000000000000000000000010000000000000000000000 set
cpu-bind=MASK - nid002161, task 218 90 [225234]: mask 0x4000000000000000000000000000000040000000000000000000000 set
cpu-bind=MASK - nid002161, task 219 91 [225235]: mask 0x8000000000000000000000000000000080000000000000000000000 set
cpu-bind=MASK - nid002161, task 221 93 [225237]: mask 0x20000000000000000000000000000000200000000000000000000000 set
cpu-bind=MASK - nid002161, task 224 96 [225240]: mask 0x100000000000000000000000000000001000000000000000000000000 set
cpu-bind=MASK - nid002161, task 225 97 [225241]: mask 0x200000000000000000000000000000002000000000000000000000000 set
cpu-bind=MASK - nid002161, task 226 98 [225242]: mask 0x400000000000000000000000000000004000000000000000000000000 set
cpu-bind=MASK - nid002161, task 230 102 [225246]: mask 0x4000000000000000000000000000000040000000000000000000000000 set
cpu-bind=MASK - nid002161, task 231 103 [225247]: mask 0x8000000000000000000000000000000080000000000000000000000000 set
cpu-bind=MASK - nid002161, task 234 106 [225250]: mask 0x40000000000000000000000000000000400000000000000000000000000 set
cpu-bind=MASK - nid002161, task 235 107 [225251]: mask 0x80000000000000000000000000000000800000000000000000000000000 set
cpu-bind=MASK - nid002161, task 236 108 [225252]: mask 0x100000000000000000000000000000001000000000000000000000000000 set
cpu-bind=MASK - nid002161, task 229 101 [225245]: mask 0x2000000000000000000000000000000020000000000000000000000000 set
cpu-bind=MASK - nid002161, task 227 99 [225243]: mask 0x800000000000000000000000000000008000000000000000000000000 set
cpu-bind=MASK - nid002161, task 228 100 [225244]: mask 0x1000000000000000000000000000000010000000000000000000000000 set
cpu-bind=MASK - nid002161, task 240 112 [225256]: mask 0x1000000000000000000000000000000010000000000000000000000000000 set
cpu-bind=MASK - nid002161, task 237 109 [225253]: mask 0x200000000000000000000000000000002000000000000000000000000000 set
cpu-bind=MASK - nid002161, task 238 110 [225254]: mask 0x400000000000000000000000000000004000000000000000000000000000 set
cpu-bind=MASK - nid002161, task 232 104 [225248]: mask 0x10000000000000000000000000000000100000000000000000000000000 set
cpu-bind=MASK - nid002161, task 233 105 [225249]: mask 0x20000000000000000000000000000000200000000000000000000000000 set
cpu-bind=MASK - nid002161, task 248 120 [225264]: mask 0x100000000000000000000000000000001000000000000000000000000000000 set
cpu-bind=MASK - nid002161, task 249 121 [225265]: mask 0x200000000000000000000000000000002000000000000000000000000000000 set
cpu-bind=MASK - nid002161, task 239 111 [225255]: mask 0x800000000000000000000000000000008000000000000000000000000000 set
cpu-bind=MASK - nid002161, task 241 113 [225257]: mask 0x2000000000000000000000000000000020000000000000000000000000000 set
cpu-bind=MASK - nid002161, task 243 115 [225259]: mask 0x8000000000000000000000000000000080000000000000000000000000000 set
cpu-bind=MASK - nid002161, task 244 116 [225260]: mask 0x10000000000000000000000000000000100000000000000000000000000000 set
cpu-bind=MASK - nid002161, task 245 117 [225261]: mask 0x20000000000000000000000000000000200000000000000000000000000000 set
cpu-bind=MASK - nid002161, task 246 118 [225262]: mask 0x40000000000000000000000000000000400000000000000000000000000000 set
cpu-bind=MASK - nid002161, task 247 119 [225263]: mask 0x80000000000000000000000000000000800000000000000000000000000000 set
cpu-bind=MASK - nid002161, task 252 124 [225268]: mask 0x1000000000000000000000000000000010000000000000000000000000000000 set
cpu-bind=MASK - nid002161, task 253 125 [225269]: mask 0x2000000000000000000000000000000020000000000000000000000000000000 set
cpu-bind=MASK - nid002161, task 254 126 [225270]: mask 0x4000000000000000000000000000000040000000000000000000000000000000 set
cpu-bind=MASK - nid002161, task 255 127 [225271]: mask 0x8000000000000000000000000000000080000000000000000000000000000000 set
cpu-bind=MASK - nid002161, task 242 114 [225258]: mask 0x4000000000000000000000000000000040000000000000000000000000000 set
cpu-bind=MASK - nid002161, task 250 122 [225266]: mask 0x400000000000000000000000000000004000000000000000000000000000000 set
cpu-bind=MASK - nid002161, task 251 123 [225267]: mask 0x800000000000000000000000000000008000000000000000000000000000000 set
