
Due to MODULEPATH changes, the following have been reloaded:
  1) cray-mpich/8.1.12


Currently Loaded Modules:
  1) craype-x86-rome                        15) ELPA/2021.11.001
  2) libfabric/1.15.2.0                     16) libxsmm/1.17
  3) craype-network-ofi                     17) libxc/5.1.7
  4) xpmem/2.4.4-2.3_13.8__gff0e1d9.shasta  18) Libint-CP2K/2.6.0
  5) PrgEnv-gnu/8.3.0                       19) cray-hdf5/1.12.0.7
  6) cray-dsmml/0.2.2                       20) GSL/2.7
  7) cray-libsci/21.08.1.2                  21) SpFFT/1.0.5
  8) cray-mpich/8.1.12                      22) SPLA/1.5.2
  9) craype/2.7.13                          23) SIRIUS/7.3.1
 10) gcc/11.2.0                             24) spglib/1.16.3
 11) perftools-base/21.12.0                 25) libvori/210412
 12) cpe/21.12                              26) zlib/.1.2.11       (H)
 13) cpeGNU/21.12                           27) PLUMED/2.7.3
 14) cray-fftw/3.3.8.12

  Where:
   H:  Hidden Module

 

cpu-bind=MASK - nid001063, task 128  0 [61811]: mask 0x100000000000000000000000000000001 set
cpu-bind=MASK - nid001063, task 129  1 [61812]: mask 0x200000000000000000000000000000002 set
cpu-bind=MASK - nid001063, task 134  6 [61817]: mask 0x4000000000000000000000000000000040 set
cpu-bind=MASK - nid001063, task 130  2 [61813]: mask 0x400000000000000000000000000000004 set
cpu-bind=MASK - nid001063, task 140 12 [61823]: mask 0x100000000000000000000000000000001000 set
cpu-bind=MASK - nid001063, task 131  3 [61814]: mask 0x800000000000000000000000000000008 set
cpu-bind=MASK - nid001063, task 133  5 [61816]: mask 0x2000000000000000000000000000000020 set
cpu-bind=MASK - nid001063, task 135  7 [61818]: mask 0x8000000000000000000000000000000080 set
cpu-bind=MASK - nid001063, task 132  4 [61815]: mask 0x1000000000000000000000000000000010 set
cpu-bind=MASK - nid001063, task 138 10 [61821]: mask 0x40000000000000000000000000000000400 set
cpu-bind=MASK - nid001063, task 139 11 [61822]: mask 0x80000000000000000000000000000000800 set
cpu-bind=MASK - nid001063, task 137  9 [61820]: mask 0x20000000000000000000000000000000200 set
cpu-bind=MASK - nid001063, task 136  8 [61819]: mask 0x10000000000000000000000000000000100 set
cpu-bind=MASK - nid001063, task 141 13 [61824]: mask 0x200000000000000000000000000000002000 set
cpu-bind=MASK - nid001063, task 142 14 [61825]: mask 0x400000000000000000000000000000004000 set
cpu-bind=MASK - nid001063, task 143 15 [61826]: mask 0x800000000000000000000000000000008000 set
cpu-bind=MASK - nid001063, task 145 17 [61828]: mask 0x2000000000000000000000000000000020000 set
cpu-bind=MASK - nid001063, task 144 16 [61827]: mask 0x1000000000000000000000000000000010000 set
cpu-bind=MASK - nid001050, task  2  2 [53055]: mask 0x400000000000000000000000000000004 set
cpu-bind=MASK - nid001050, task  1  1 [53054]: mask 0x200000000000000000000000000000002 set
cpu-bind=MASK - nid001063, task 149 21 [61832]: mask 0x20000000000000000000000000000000200000 set
cpu-bind=MASK - nid001050, task  7  7 [53060]: mask 0x8000000000000000000000000000000080 set
cpu-bind=MASK - nid001063, task 150 22 [61833]: mask 0x40000000000000000000000000000000400000 set
cpu-bind=MASK - nid001050, task  6  6 [53059]: mask 0x4000000000000000000000000000000040 set
cpu-bind=MASK - nid001063, task 146 18 [61829]: mask 0x4000000000000000000000000000000040000 set
cpu-bind=MASK - nid001050, task  0  0 [53053]: mask 0x100000000000000000000000000000001 set
cpu-bind=MASK - nid001063, task 147 19 [61830]: mask 0x8000000000000000000000000000000080000 set
cpu-bind=MASK - nid001050, task 10 10 [53063]: mask 0x40000000000000000000000000000000400 set
cpu-bind=MASK - nid001063, task 148 20 [61831]: mask 0x10000000000000000000000000000000100000 set
cpu-bind=MASK - nid001050, task  5  5 [53058]: mask 0x2000000000000000000000000000000020 set
cpu-bind=MASK - nid001063, task 151 23 [61834]: mask 0x80000000000000000000000000000000800000 set
cpu-bind=MASK - nid001050, task  8  8 [53061]: mask 0x10000000000000000000000000000000100 set
cpu-bind=MASK - nid001063, task 152 24 [61835]: mask 0x100000000000000000000000000000001000000 set
cpu-bind=MASK - nid001050, task  9  9 [53062]: mask 0x20000000000000000000000000000000200 set
cpu-bind=MASK - nid001063, task 155 27 [61838]: mask 0x800000000000000000000000000000008000000 set
cpu-bind=MASK - nid001050, task  3  3 [53056]: mask 0x800000000000000000000000000000008 set
cpu-bind=MASK - nid001063, task 153 25 [61836]: mask 0x200000000000000000000000000000002000000 set
cpu-bind=MASK - nid001050, task  4  4 [53057]: mask 0x1000000000000000000000000000000010 set
cpu-bind=MASK - nid001063, task 154 26 [61837]: mask 0x400000000000000000000000000000004000000 set
cpu-bind=MASK - nid001050, task 11 11 [53064]: mask 0x80000000000000000000000000000000800 set
cpu-bind=MASK - nid001050, task 13 13 [53066]: mask 0x200000000000000000000000000000002000 set
cpu-bind=MASK - nid001050, task 14 14 [53067]: mask 0x400000000000000000000000000000004000 set
cpu-bind=MASK - nid001050, task 12 12 [53065]: mask 0x100000000000000000000000000000001000 set
cpu-bind=MASK - nid001050, task 15 15 [53068]: mask 0x800000000000000000000000000000008000 set
cpu-bind=MASK - nid001050, task 16 16 [53069]: mask 0x1000000000000000000000000000000010000 set
cpu-bind=MASK - nid001050, task 17 17 [53070]: mask 0x2000000000000000000000000000000020000 set
cpu-bind=MASK - nid001063, task 156 28 [61839]: mask 0x1000000000000000000000000000000010000000 set
cpu-bind=MASK - nid001063, task 157 29 [61840]: mask 0x2000000000000000000000000000000020000000 set
cpu-bind=MASK - nid001063, task 158 30 [61841]: mask 0x4000000000000000000000000000000040000000 set
cpu-bind=MASK - nid001063, task 159 31 [61842]: mask 0x8000000000000000000000000000000080000000 set
cpu-bind=MASK - nid001063, task 160 32 [61843]: mask 0x10000000000000000000000000000000100000000 set
cpu-bind=MASK - nid001063, task 161 33 [61844]: mask 0x20000000000000000000000000000000200000000 set
cpu-bind=MASK - nid001063, task 162 34 [61845]: mask 0x40000000000000000000000000000000400000000 set
cpu-bind=MASK - nid001063, task 164 36 [61847]: mask 0x100000000000000000000000000000001000000000 set
cpu-bind=MASK - nid001063, task 165 37 [61848]: mask 0x200000000000000000000000000000002000000000 set
cpu-bind=MASK - nid001063, task 163 35 [61846]: mask 0x80000000000000000000000000000000800000000 set
cpu-bind=MASK - nid001063, task 166 38 [61849]: mask 0x400000000000000000000000000000004000000000 set
cpu-bind=MASK - nid001063, task 167 39 [61850]: mask 0x800000000000000000000000000000008000000000 set
cpu-bind=MASK - nid001063, task 168 40 [61851]: mask 0x1000000000000000000000000000000010000000000 set
cpu-bind=MASK - nid001050, task 23 23 [53076]: mask 0x80000000000000000000000000000000800000 set
cpu-bind=MASK - nid001063, task 169 41 [61852]: mask 0x2000000000000000000000000000000020000000000 set
cpu-bind=MASK - nid001063, task 170 42 [61853]: mask 0x4000000000000000000000000000000040000000000 set
cpu-bind=MASK - nid001050, task 20 20 [53073]: mask 0x10000000000000000000000000000000100000 set
cpu-bind=MASK - nid001063, task 171 43 [61854]: mask 0x8000000000000000000000000000000080000000000 set
cpu-bind=MASK - nid001050, task 24 24 [53077]: mask 0x100000000000000000000000000000001000000 set
cpu-bind=MASK - nid001063, task 172 44 [61855]: mask 0x10000000000000000000000000000000100000000000 set
cpu-bind=MASK - nid001050, task 25 25 [53078]: mask 0x200000000000000000000000000000002000000 set
cpu-bind=MASK - nid001063, task 173 45 [61856]: mask 0x20000000000000000000000000000000200000000000 set
cpu-bind=MASK - nid001063, task 174 46 [61857]: mask 0x40000000000000000000000000000000400000000000 set
cpu-bind=MASK - nid001063, task 177 49 [61860]: mask 0x200000000000000000000000000000002000000000000 set
cpu-bind=MASK - nid001063, task 178 50 [61861]: mask 0x400000000000000000000000000000004000000000000 set
cpu-bind=MASK - nid001063, task 179 51 [61862]: mask 0x800000000000000000000000000000008000000000000 set
cpu-bind=MASK - nid001063, task 175 47 [61858]: mask 0x80000000000000000000000000000000800000000000 set
cpu-bind=MASK - nid001063, task 176 48 [61859]: mask 0x100000000000000000000000000000001000000000000 set
cpu-bind=MASK - nid001063, task 180 52 [61863]: mask 0x1000000000000000000000000000000010000000000000 set
cpu-bind=MASK - nid001050, task 19 19 [53072]: mask 0x8000000000000000000000000000000080000 set
cpu-bind=MASK - nid001063, task 181 53 [61864]: mask 0x2000000000000000000000000000000020000000000000 set
cpu-bind=MASK - nid001063, task 186 58 [61869]: mask 0x40000000000000000000000000000000400000000000000 set
cpu-bind=MASK - nid001063, task 187 59 [61870]: mask 0x80000000000000000000000000000000800000000000000 set
cpu-bind=MASK - nid001063, task 182 54 [61865]: mask 0x4000000000000000000000000000000040000000000000 set
cpu-bind=MASK - nid001063, task 183 55 [61866]: mask 0x8000000000000000000000000000000080000000000000 set
cpu-bind=MASK - nid001063, task 190 62 [61873]: mask 0x400000000000000000000000000000004000000000000000 set
cpu-bind=MASK - nid001063, task 184 56 [61867]: mask 0x10000000000000000000000000000000100000000000000 set
cpu-bind=MASK - nid001063, task 185 57 [61868]: mask 0x20000000000000000000000000000000200000000000000 set
cpu-bind=MASK - nid001063, task 192 64 [61875]: mask 0x1000000000000000000000000000000010000000000000000 set
cpu-bind=MASK - nid001050, task 18 18 [53071]: mask 0x4000000000000000000000000000000040000 set
cpu-bind=MASK - nid001050, task 22 22 [53075]: mask 0x40000000000000000000000000000000400000 set
cpu-bind=MASK - nid001063, task 188 60 [61871]: mask 0x100000000000000000000000000000001000000000000000 set
cpu-bind=MASK - nid001050, task 26 26 [53079]: mask 0x400000000000000000000000000000004000000 set
cpu-bind=MASK - nid001063, task 189 61 [61872]: mask 0x200000000000000000000000000000002000000000000000 set
cpu-bind=MASK - nid001050, task 27 27 [53080]: mask 0x800000000000000000000000000000008000000 set
cpu-bind=MASK - nid001050, task 28 28 [53081]: mask 0x1000000000000000000000000000000010000000 set
cpu-bind=MASK - nid001050, task 29 29 [53082]: mask 0x2000000000000000000000000000000020000000 set
cpu-bind=MASK - nid001050, task 30 30 [53083]: mask 0x4000000000000000000000000000000040000000 set
cpu-bind=MASK - nid001050, task 31 31 [53084]: mask 0x8000000000000000000000000000000080000000 set
cpu-bind=MASK - nid001063, task 191 63 [61874]: mask 0x800000000000000000000000000000008000000000000000 set
cpu-bind=MASK - nid001063, task 193 65 [61876]: mask 0x2000000000000000000000000000000020000000000000000 set
cpu-bind=MASK - nid001063, task 196 68 [61879]: mask 0x10000000000000000000000000000000100000000000000000 set
cpu-bind=MASK - nid001050, task 38 38 [53091]: mask 0x400000000000000000000000000000004000000000 set
cpu-bind=MASK - nid001050, task 41 41 [53094]: mask 0x2000000000000000000000000000000020000000000 set
cpu-bind=MASK - nid001050, task 40 40 [53093]: mask 0x1000000000000000000000000000000010000000000 set
cpu-bind=MASK - nid001050, task 44 44 [53097]: mask 0x10000000000000000000000000000000100000000000 set
cpu-bind=MASK - nid001063, task 195 67 [61878]: mask 0x8000000000000000000000000000000080000000000000000 set
cpu-bind=MASK - nid001063, task 197 69 [61880]: mask 0x20000000000000000000000000000000200000000000000000 set
cpu-bind=MASK - nid001063, task 198 70 [61881]: mask 0x40000000000000000000000000000000400000000000000000 set
cpu-bind=MASK - nid001050, task 21 21 [53074]: mask 0x20000000000000000000000000000000200000 set
cpu-bind=MASK - nid001050, task 32 32 [53085]: mask 0x10000000000000000000000000000000100000000 set
cpu-bind=MASK - nid001050, task 33 33 [53086]: mask 0x20000000000000000000000000000000200000000 set
cpu-bind=MASK - nid001050, task 34 34 [53087]: mask 0x40000000000000000000000000000000400000000 set
cpu-bind=MASK - nid001050, task 35 35 [53088]: mask 0x80000000000000000000000000000000800000000 set
cpu-bind=MASK - nid001050, task 36 36 [53089]: mask 0x100000000000000000000000000000001000000000 set
cpu-bind=MASK - nid001050, task 37 37 [53090]: mask 0x200000000000000000000000000000002000000000 set
cpu-bind=MASK - nid001050, task 45 45 [53098]: mask 0x20000000000000000000000000000000200000000000 set
cpu-bind=MASK - nid001050, task 46 46 [53099]: mask 0x40000000000000000000000000000000400000000000 set
cpu-bind=MASK - nid001050, task 47 47 [53100]: mask 0x80000000000000000000000000000000800000000000 set
cpu-bind=MASK - nid001050, task 56 56 [53109]: mask 0x10000000000000000000000000000000100000000000000 set
cpu-bind=MASK - nid001050, task 58 58 [53111]: mask 0x40000000000000000000000000000000400000000000000 set
cpu-bind=MASK - nid001050, task 57 57 [53110]: mask 0x20000000000000000000000000000000200000000000000 set
cpu-bind=MASK - nid001050, task 50 50 [53103]: mask 0x400000000000000000000000000000004000000000000 set
cpu-bind=MASK - nid001063, task 194 66 [61877]: mask 0x4000000000000000000000000000000040000000000000000 set
cpu-bind=MASK - nid001063, task 199 71 [61882]: mask 0x80000000000000000000000000000000800000000000000000 set
cpu-bind=MASK - nid001050, task 51 51 [53104]: mask 0x800000000000000000000000000000008000000000000 set
cpu-bind=MASK - nid001063, task 201 73 [61884]: mask 0x200000000000000000000000000000002000000000000000000 set
cpu-bind=MASK - nid001050, task 52 52 [53105]: mask 0x1000000000000000000000000000000010000000000000 set
cpu-bind=MASK - nid001050, task 53 53 [53106]: mask 0x2000000000000000000000000000000020000000000000 set
cpu-bind=MASK - nid001050, task 55 55 [53108]: mask 0x8000000000000000000000000000000080000000000000 set
cpu-bind=MASK - nid001063, task 202 74 [61885]: mask 0x400000000000000000000000000000004000000000000000000 set
cpu-bind=MASK - nid001063, task 204 76 [61887]: mask 0x1000000000000000000000000000000010000000000000000000 set
cpu-bind=MASK - nid001063, task 212 84 [61895]: mask 0x100000000000000000000000000000001000000000000000000000 set
cpu-bind=MASK - nid001063, task 200 72 [61883]: mask 0x100000000000000000000000000000001000000000000000000 set
cpu-bind=MASK - nid001050, task 59 59 [53112]: mask 0x80000000000000000000000000000000800000000000000 set
cpu-bind=MASK - nid001063, task 203 75 [61886]: mask 0x800000000000000000000000000000008000000000000000000 set
cpu-bind=MASK - nid001050, task 48 48 [53101]: mask 0x100000000000000000000000000000001000000000000 set
cpu-bind=MASK - nid001050, task 49 49 [53102]: mask 0x200000000000000000000000000000002000000000000 set
cpu-bind=MASK - nid001050, task 54 54 [53107]: mask 0x4000000000000000000000000000000040000000000000 set
cpu-bind=MASK - nid001050, task 61 61 [53114]: mask 0x200000000000000000000000000000002000000000000000 set
cpu-bind=MASK - nid001050, task 62 62 [53115]: mask 0x400000000000000000000000000000004000000000000000 set
cpu-bind=MASK - nid001050, task 63 63 [53116]: mask 0x800000000000000000000000000000008000000000000000 set
cpu-bind=MASK - nid001063, task 205 77 [61888]: mask 0x2000000000000000000000000000000020000000000000000000 set
cpu-bind=MASK - nid001063, task 206 78 [61889]: mask 0x4000000000000000000000000000000040000000000000000000 set
cpu-bind=MASK - nid001063, task 224 96 [61907]: mask 0x100000000000000000000000000000001000000000000000000000000 set
cpu-bind=MASK - nid001050, task 60 60 [53113]: mask 0x100000000000000000000000000000001000000000000000 set
cpu-bind=MASK - nid001050, task 66 66 [53119]: mask 0x4000000000000000000000000000000040000000000000000 set
cpu-bind=MASK - nid001050, task 64 64 [53117]: mask 0x1000000000000000000000000000000010000000000000000 set
cpu-bind=MASK - nid001050, task 65 65 [53118]: mask 0x2000000000000000000000000000000020000000000000000 set
cpu-bind=MASK - nid001063, task 207 79 [61890]: mask 0x8000000000000000000000000000000080000000000000000000 set
cpu-bind=MASK - nid001063, task 213 85 [61896]: mask 0x200000000000000000000000000000002000000000000000000000 set
cpu-bind=MASK - nid001063, task 208 80 [61891]: mask 0x10000000000000000000000000000000100000000000000000000 set
cpu-bind=MASK - nid001063, task 209 81 [61892]: mask 0x20000000000000000000000000000000200000000000000000000 set
cpu-bind=MASK - nid001050, task 71 71 [53124]: mask 0x80000000000000000000000000000000800000000000000000 set
cpu-bind=MASK - nid001063, task 210 82 [61893]: mask 0x40000000000000000000000000000000400000000000000000000 set
cpu-bind=MASK - nid001063, task 211 83 [61894]: mask 0x80000000000000000000000000000000800000000000000000000 set
cpu-bind=MASK - nid001050, task 39 39 [53092]: mask 0x800000000000000000000000000000008000000000 set
cpu-bind=MASK - nid001050, task 42 42 [53095]: mask 0x4000000000000000000000000000000040000000000 set
cpu-bind=MASK - nid001050, task 67 67 [53120]: mask 0x8000000000000000000000000000000080000000000000000 set
cpu-bind=MASK - nid001050, task 68 68 [53121]: mask 0x10000000000000000000000000000000100000000000000000 set
cpu-bind=MASK - nid001050, task 43 43 [53096]: mask 0x8000000000000000000000000000000080000000000 set
cpu-bind=MASK - nid001050, task 70 70 [53123]: mask 0x40000000000000000000000000000000400000000000000000 set
cpu-bind=MASK - nid001050, task 74 74 [53127]: mask 0x400000000000000000000000000000004000000000000000000 set
cpu-bind=MASK - nid001063, task 214 86 [61897]: mask 0x400000000000000000000000000000004000000000000000000000 set
cpu-bind=MASK - nid001050, task 69 69 [53122]: mask 0x20000000000000000000000000000000200000000000000000 set
cpu-bind=MASK - nid001063, task 215 87 [61898]: mask 0x800000000000000000000000000000008000000000000000000000 set
cpu-bind=MASK - nid001063, task 216 88 [61899]: mask 0x1000000000000000000000000000000010000000000000000000000 set
cpu-bind=MASK - nid001050, task 72 72 [53125]: mask 0x100000000000000000000000000000001000000000000000000 set
cpu-bind=MASK - nid001063, task 218 90 [61901]: mask 0x4000000000000000000000000000000040000000000000000000000 set
cpu-bind=MASK - nid001050, task 73 73 [53126]: mask 0x200000000000000000000000000000002000000000000000000 set
cpu-bind=MASK - nid001063, task 220 92 [61903]: mask 0x10000000000000000000000000000000100000000000000000000000 set
cpu-bind=MASK - nid001063, task 221 93 [61904]: mask 0x20000000000000000000000000000000200000000000000000000000 set
cpu-bind=MASK - nid001063, task 217 89 [61900]: mask 0x2000000000000000000000000000000020000000000000000000000 set
cpu-bind=MASK - nid001063, task 219 91 [61902]: mask 0x8000000000000000000000000000000080000000000000000000000 set
cpu-bind=MASK - nid001063, task 223 95 [61906]: mask 0x80000000000000000000000000000000800000000000000000000000 set
cpu-bind=MASK - nid001063, task 227 99 [61910]: mask 0x800000000000000000000000000000008000000000000000000000000 set
cpu-bind=MASK - nid001063, task 222 94 [61905]: mask 0x40000000000000000000000000000000400000000000000000000000 set
cpu-bind=MASK - nid001063, task 225 97 [61908]: mask 0x200000000000000000000000000000002000000000000000000000000 set
cpu-bind=MASK - nid001063, task 226 98 [61909]: mask 0x400000000000000000000000000000004000000000000000000000000 set
cpu-bind=MASK - nid001063, task 228 100 [61911]: mask 0x1000000000000000000000000000000010000000000000000000000000 set
cpu-bind=MASK - nid001063, task 229 101 [61912]: mask 0x2000000000000000000000000000000020000000000000000000000000 set
cpu-bind=MASK - nid001050, task 76 76 [53129]: mask 0x1000000000000000000000000000000010000000000000000000 set
cpu-bind=MASK - nid001063, task 230 102 [61913]: mask 0x4000000000000000000000000000000040000000000000000000000000 set
cpu-bind=MASK - nid001063, task 232 104 [61915]: mask 0x10000000000000000000000000000000100000000000000000000000000 set
cpu-bind=MASK - nid001063, task 234 106 [61917]: mask 0x40000000000000000000000000000000400000000000000000000000000 set
cpu-bind=MASK - nid001063, task 231 103 [61914]: mask 0x8000000000000000000000000000000080000000000000000000000000 set
cpu-bind=MASK - nid001063, task 233 105 [61916]: mask 0x20000000000000000000000000000000200000000000000000000000000 set
cpu-bind=MASK - nid001050, task 79 79 [53132]: mask 0x8000000000000000000000000000000080000000000000000000 set
cpu-bind=MASK - nid001050, task 80 80 [53133]: mask 0x10000000000000000000000000000000100000000000000000000 set
cpu-bind=MASK - nid001050, task 85 85 [53138]: mask 0x200000000000000000000000000000002000000000000000000000 set
cpu-bind=MASK - nid001050, task 86 86 [53139]: mask 0x400000000000000000000000000000004000000000000000000000 set
cpu-bind=MASK - nid001050, task 75 75 [53128]: mask 0x800000000000000000000000000000008000000000000000000 set
cpu-bind=MASK - nid001050, task 77 77 [53130]: mask 0x2000000000000000000000000000000020000000000000000000 set
cpu-bind=MASK - nid001050, task 78 78 [53131]: mask 0x4000000000000000000000000000000040000000000000000000 set
cpu-bind=MASK - nid001050, task 90 90 [53143]: mask 0x4000000000000000000000000000000040000000000000000000000 set
cpu-bind=MASK - nid001050, task 91 91 [53144]: mask 0x8000000000000000000000000000000080000000000000000000000 set
cpu-bind=MASK - nid001050, task 89 89 [53142]: mask 0x2000000000000000000000000000000020000000000000000000000 set
cpu-bind=MASK - nid001050, task 88 88 [53141]: mask 0x1000000000000000000000000000000010000000000000000000000 set
cpu-bind=MASK - nid001063, task 237 109 [61920]: mask 0x200000000000000000000000000000002000000000000000000000000000 set
cpu-bind=MASK - nid001050, task 92 92 [53145]: mask 0x10000000000000000000000000000000100000000000000000000000 set
cpu-bind=MASK - nid001063, task 236 108 [61919]: mask 0x100000000000000000000000000000001000000000000000000000000000 set
cpu-bind=MASK - nid001050, task 100 100 [53153]: mask 0x1000000000000000000000000000000010000000000000000000000000 set
cpu-bind=MASK - nid001050, task 93 93 [53146]: mask 0x20000000000000000000000000000000200000000000000000000000 set
cpu-bind=MASK - nid001050, task 103 103 [53156]: mask 0x8000000000000000000000000000000080000000000000000000000000 set
cpu-bind=MASK - nid001063, task 239 111 [61922]: mask 0x800000000000000000000000000000008000000000000000000000000000 set
cpu-bind=MASK - nid001050, task 95 95 [53148]: mask 0x80000000000000000000000000000000800000000000000000000000 set
cpu-bind=MASK - nid001063, task 235 107 [61918]: mask 0x80000000000000000000000000000000800000000000000000000000000 set
cpu-bind=MASK - nid001063, task 238 110 [61921]: mask 0x400000000000000000000000000000004000000000000000000000000000 set
cpu-bind=MASK - nid001063, task 240 112 [61923]: mask 0x1000000000000000000000000000000010000000000000000000000000000 set
cpu-bind=MASK - nid001050, task 96 96 [53149]: mask 0x100000000000000000000000000000001000000000000000000000000 set
cpu-bind=MASK - nid001050, task 98 98 [53151]: mask 0x400000000000000000000000000000004000000000000000000000000 set
cpu-bind=MASK - nid001050, task 94 94 [53147]: mask 0x40000000000000000000000000000000400000000000000000000000 set
cpu-bind=MASK - nid001050, task 97 97 [53150]: mask 0x200000000000000000000000000000002000000000000000000000000 set
cpu-bind=MASK - nid001050, task 99 99 [53152]: mask 0x800000000000000000000000000000008000000000000000000000000 set
cpu-bind=MASK - nid001050, task 104 104 [53157]: mask 0x10000000000000000000000000000000100000000000000000000000000 set
cpu-bind=MASK - nid001063, task 241 113 [61924]: mask 0x2000000000000000000000000000000020000000000000000000000000000 set
cpu-bind=MASK - nid001050, task 102 102 [53155]: mask 0x4000000000000000000000000000000040000000000000000000000000 set
cpu-bind=MASK - nid001050, task 105 105 [53158]: mask 0x20000000000000000000000000000000200000000000000000000000000 set
cpu-bind=MASK - nid001050, task 101 101 [53154]: mask 0x2000000000000000000000000000000020000000000000000000000000 set
cpu-bind=MASK - nid001050, task 107 107 [53160]: mask 0x80000000000000000000000000000000800000000000000000000000000 set
cpu-bind=MASK - nid001050, task 82 82 [53135]: mask 0x40000000000000000000000000000000400000000000000000000 set
cpu-bind=MASK - nid001050, task 81 81 [53134]: mask 0x20000000000000000000000000000000200000000000000000000 set
cpu-bind=MASK - nid001050, task 106 106 [53159]: mask 0x40000000000000000000000000000000400000000000000000000000000 set
cpu-bind=MASK - nid001050, task 83 83 [53136]: mask 0x80000000000000000000000000000000800000000000000000000 set
cpu-bind=MASK - nid001050, task 108 108 [53161]: mask 0x100000000000000000000000000000001000000000000000000000000000 set
cpu-bind=MASK - nid001050, task 109 109 [53162]: mask 0x200000000000000000000000000000002000000000000000000000000000 set
cpu-bind=MASK - nid001050, task 111 111 [53164]: mask 0x800000000000000000000000000000008000000000000000000000000000 set
cpu-bind=MASK - nid001050, task 110 110 [53163]: mask 0x400000000000000000000000000000004000000000000000000000000000 set
cpu-bind=MASK - nid001050, task 127 127 [53180]: mask 0x8000000000000000000000000000000080000000000000000000000000000000 set
cpu-bind=MASK - nid001050, task 122 122 [53175]: mask 0x400000000000000000000000000000004000000000000000000000000000000 set
cpu-bind=MASK - nid001050, task 119 119 [53172]: mask 0x80000000000000000000000000000000800000000000000000000000000000 set
cpu-bind=MASK - nid001050, task 121 121 [53174]: mask 0x200000000000000000000000000000002000000000000000000000000000000 set
cpu-bind=MASK - nid001050, task 124 124 [53177]: mask 0x1000000000000000000000000000000010000000000000000000000000000000 set
cpu-bind=MASK - nid001050, task 126 126 [53179]: mask 0x4000000000000000000000000000000040000000000000000000000000000000 set
cpu-bind=MASK - nid001050, task 120 120 [53173]: mask 0x100000000000000000000000000000001000000000000000000000000000000 set
cpu-bind=MASK - nid001050, task 123 123 [53176]: mask 0x800000000000000000000000000000008000000000000000000000000000000 set
cpu-bind=MASK - nid001050, task 116 116 [53169]: mask 0x10000000000000000000000000000000100000000000000000000000000000 set
cpu-bind=MASK - nid001050, task 84 84 [53137]: mask 0x100000000000000000000000000000001000000000000000000000 set
cpu-bind=MASK - nid001050, task 87 87 [53140]: mask 0x800000000000000000000000000000008000000000000000000000 set
cpu-bind=MASK - nid001050, task 114 114 [53167]: mask 0x4000000000000000000000000000000040000000000000000000000000000 set
cpu-bind=MASK - nid001050, task 117 117 [53170]: mask 0x20000000000000000000000000000000200000000000000000000000000000 set
cpu-bind=MASK - nid001050, task 112 112 [53165]: mask 0x1000000000000000000000000000000010000000000000000000000000000 set
cpu-bind=MASK - nid001050, task 115 115 [53168]: mask 0x8000000000000000000000000000000080000000000000000000000000000 set
cpu-bind=MASK - nid001063, task 242 114 [61925]: mask 0x4000000000000000000000000000000040000000000000000000000000000 set
cpu-bind=MASK - nid001063, task 243 115 [61926]: mask 0x8000000000000000000000000000000080000000000000000000000000000 set
cpu-bind=MASK - nid001050, task 113 113 [53166]: mask 0x2000000000000000000000000000000020000000000000000000000000000 set
cpu-bind=MASK - nid001050, task 118 118 [53171]: mask 0x40000000000000000000000000000000400000000000000000000000000000 set
cpu-bind=MASK - nid001063, task 252 124 [61935]: mask 0x1000000000000000000000000000000010000000000000000000000000000000 set
cpu-bind=MASK - nid001063, task 253 125 [61936]: mask 0x2000000000000000000000000000000020000000000000000000000000000000 set
cpu-bind=MASK - nid001063, task 254 126 [61937]: mask 0x4000000000000000000000000000000040000000000000000000000000000000 set
cpu-bind=MASK - nid001063, task 255 127 [61938]: mask 0x8000000000000000000000000000000080000000000000000000000000000000 set
cpu-bind=MASK - nid001050, task 125 125 [53178]: mask 0x2000000000000000000000000000000020000000000000000000000000000000 set
cpu-bind=MASK - nid001063, task 246 118 [61929]: mask 0x40000000000000000000000000000000400000000000000000000000000000 set
cpu-bind=MASK - nid001063, task 249 121 [61932]: mask 0x200000000000000000000000000000002000000000000000000000000000000 set
cpu-bind=MASK - nid001063, task 251 123 [61934]: mask 0x800000000000000000000000000000008000000000000000000000000000000 set
cpu-bind=MASK - nid001063, task 244 116 [61927]: mask 0x10000000000000000000000000000000100000000000000000000000000000 set
cpu-bind=MASK - nid001063, task 245 117 [61928]: mask 0x20000000000000000000000000000000200000000000000000000000000000 set
cpu-bind=MASK - nid001063, task 247 119 [61930]: mask 0x80000000000000000000000000000000800000000000000000000000000000 set
cpu-bind=MASK - nid001063, task 248 120 [61931]: mask 0x100000000000000000000000000000001000000000000000000000000000000 set
cpu-bind=MASK - nid001063, task 250 122 [61933]: mask 0x400000000000000000000000000000004000000000000000000000000000000 set
