
Due to MODULEPATH changes, the following have been reloaded:
  1) cray-mpich/8.1.12


Currently Loaded Modules:
  1) craype-x86-rome                        15) ELPA/2021.11.001
  2) libfabric/1.15.2.0                     16) libxsmm/1.17
  3) craype-network-ofi                     17) libxc/5.1.7
  4) xpmem/2.4.4-2.3_13.8__gff0e1d9.shasta  18) Libint-CP2K/2.6.0
  5) PrgEnv-gnu/8.3.0                       19) cray-hdf5/1.12.0.7
  6) cray-dsmml/0.2.2                       20) GSL/2.7
  7) cray-libsci/21.08.1.2                  21) SpFFT/1.0.5
  8) cray-mpich/8.1.12                      22) SPLA/1.5.2
  9) craype/2.7.13                          23) SIRIUS/7.3.1
 10) gcc/11.2.0                             24) spglib/1.16.3
 11) perftools-base/21.12.0                 25) libvori/210412
 12) cpe/21.12                              26) zlib/.1.2.11       (H)
 13) cpeGNU/21.12                           27) PLUMED/2.7.3
 14) cray-fftw/3.3.8.12

  Where:
   H:  Hidden Module

 

cpu-bind=MASK - nid001513, task 128  0 [3155]: mask 0x100000000000000000000000000000001 set
cpu-bind=MASK - nid001513, task 130  2 [3157]: mask 0x400000000000000000000000000000004 set
cpu-bind=MASK - nid001513, task 129  1 [3156]: mask 0x200000000000000000000000000000002 set
cpu-bind=MASK - nid001513, task 133  5 [3160]: mask 0x2000000000000000000000000000000020 set
cpu-bind=MASK - nid001513, task 134  6 [3161]: mask 0x4000000000000000000000000000000040 set
cpu-bind=MASK - nid001513, task 135  7 [3162]: mask 0x8000000000000000000000000000000080 set
cpu-bind=MASK - nid001513, task 136  8 [3163]: mask 0x10000000000000000000000000000000100 set
cpu-bind=MASK - nid001513, task 137  9 [3164]: mask 0x20000000000000000000000000000000200 set
cpu-bind=MASK - nid001513, task 132  4 [3159]: mask 0x1000000000000000000000000000000010 set
cpu-bind=MASK - nid001305, task  2  2 [196125]: mask 0x400000000000000000000000000000004 set
cpu-bind=MASK - nid001305, task  0  0 [196123]: mask 0x100000000000000000000000000000001 set
cpu-bind=MASK - nid001305, task  1  1 [196124]: mask 0x200000000000000000000000000000002 set
cpu-bind=MASK - nid001305, task  3  3 [196126]: mask 0x800000000000000000000000000000008 set
cpu-bind=MASK - nid001305, task  4  4 [196127]: mask 0x1000000000000000000000000000000010 set
cpu-bind=MASK - nid001513, task 131  3 [3158]: mask 0x800000000000000000000000000000008 set
cpu-bind=MASK - nid001513, task 139 11 [3166]: mask 0x80000000000000000000000000000000800 set
cpu-bind=MASK - nid001305, task  5  5 [196128]: mask 0x2000000000000000000000000000000020 set
cpu-bind=MASK - nid001305, task  7  7 [196130]: mask 0x8000000000000000000000000000000080 set
cpu-bind=MASK - nid001513, task 140 12 [3167]: mask 0x100000000000000000000000000000001000 set
cpu-bind=MASK - nid001513, task 141 13 [3168]: mask 0x200000000000000000000000000000002000 set
cpu-bind=MASK - nid001513, task 142 14 [3169]: mask 0x400000000000000000000000000000004000 set
cpu-bind=MASK - nid001513, task 143 15 [3170]: mask 0x800000000000000000000000000000008000 set
cpu-bind=MASK - nid001513, task 144 16 [3171]: mask 0x1000000000000000000000000000000010000 set
cpu-bind=MASK - nid001513, task 145 17 [3172]: mask 0x2000000000000000000000000000000020000 set
cpu-bind=MASK - nid001513, task 146 18 [3173]: mask 0x4000000000000000000000000000000040000 set
cpu-bind=MASK - nid001513, task 147 19 [3174]: mask 0x8000000000000000000000000000000080000 set
cpu-bind=MASK - nid001513, task 148 20 [3175]: mask 0x10000000000000000000000000000000100000 set
cpu-bind=MASK - nid001513, task 149 21 [3176]: mask 0x20000000000000000000000000000000200000 set
cpu-bind=MASK - nid001305, task  8  8 [196131]: mask 0x10000000000000000000000000000000100 set
cpu-bind=MASK - nid001305, task 10 10 [196133]: mask 0x40000000000000000000000000000000400 set
cpu-bind=MASK - nid001305, task  6  6 [196129]: mask 0x4000000000000000000000000000000040 set
cpu-bind=MASK - nid001305, task  9  9 [196132]: mask 0x20000000000000000000000000000000200 set
cpu-bind=MASK - nid001305, task 13 13 [196136]: mask 0x200000000000000000000000000000002000 set
cpu-bind=MASK - nid001305, task 14 14 [196137]: mask 0x400000000000000000000000000000004000 set
cpu-bind=MASK - nid001513, task 155 27 [3182]: mask 0x800000000000000000000000000000008000000 set
cpu-bind=MASK - nid001513, task 152 24 [3179]: mask 0x100000000000000000000000000000001000000 set
cpu-bind=MASK - nid001513, task 153 25 [3180]: mask 0x200000000000000000000000000000002000000 set
cpu-bind=MASK - nid001513, task 154 26 [3181]: mask 0x400000000000000000000000000000004000000 set
cpu-bind=MASK - nid001305, task 15 15 [196138]: mask 0x800000000000000000000000000000008000 set
cpu-bind=MASK - nid001513, task 158 30 [3185]: mask 0x4000000000000000000000000000000040000000 set
cpu-bind=MASK - nid001305, task 16 16 [196139]: mask 0x1000000000000000000000000000000010000 set
cpu-bind=MASK - nid001513, task 138 10 [3165]: mask 0x40000000000000000000000000000000400 set
cpu-bind=MASK - nid001513, task 150 22 [3177]: mask 0x40000000000000000000000000000000400000 set
cpu-bind=MASK - nid001513, task 151 23 [3178]: mask 0x80000000000000000000000000000000800000 set
cpu-bind=MASK - nid001513, task 157 29 [3184]: mask 0x2000000000000000000000000000000020000000 set
cpu-bind=MASK - nid001305, task 12 12 [196135]: mask 0x100000000000000000000000000000001000 set
cpu-bind=MASK - nid001513, task 156 28 [3183]: mask 0x1000000000000000000000000000000010000000 set
cpu-bind=MASK - nid001305, task 11 11 [196134]: mask 0x80000000000000000000000000000000800 set
cpu-bind=MASK - nid001513, task 161 33 [3188]: mask 0x20000000000000000000000000000000200000000 set
cpu-bind=MASK - nid001513, task 160 32 [3187]: mask 0x10000000000000000000000000000000100000000 set
cpu-bind=MASK - nid001513, task 159 31 [3186]: mask 0x8000000000000000000000000000000080000000 set
cpu-bind=MASK - nid001305, task 17 17 [196140]: mask 0x2000000000000000000000000000000020000 set
cpu-bind=MASK - nid001305, task 18 18 [196141]: mask 0x4000000000000000000000000000000040000 set
cpu-bind=MASK - nid001305, task 19 19 [196142]: mask 0x8000000000000000000000000000000080000 set
cpu-bind=MASK - nid001305, task 20 20 [196143]: mask 0x10000000000000000000000000000000100000 set
cpu-bind=MASK - nid001513, task 165 37 [3192]: mask 0x200000000000000000000000000000002000000000 set
cpu-bind=MASK - nid001513, task 171 43 [3198]: mask 0x8000000000000000000000000000000080000000000 set
cpu-bind=MASK - nid001513, task 172 44 [3199]: mask 0x10000000000000000000000000000000100000000000 set
cpu-bind=MASK - nid001513, task 173 45 [3200]: mask 0x20000000000000000000000000000000200000000000 set
cpu-bind=MASK - nid001513, task 176 48 [3203]: mask 0x100000000000000000000000000000001000000000000 set
cpu-bind=MASK - nid001513, task 177 49 [3204]: mask 0x200000000000000000000000000000002000000000000 set
cpu-bind=MASK - nid001513, task 186 58 [3213]: mask 0x40000000000000000000000000000000400000000000000 set
cpu-bind=MASK - nid001513, task 189 61 [3216]: mask 0x200000000000000000000000000000002000000000000000 set
cpu-bind=MASK - nid001513, task 162 34 [3189]: mask 0x40000000000000000000000000000000400000000 set
cpu-bind=MASK - nid001305, task 28 28 [196151]: mask 0x1000000000000000000000000000000010000000 set
cpu-bind=MASK - nid001513, task 163 35 [3190]: mask 0x80000000000000000000000000000000800000000 set
cpu-bind=MASK - nid001305, task 37 37 [196160]: mask 0x200000000000000000000000000000002000000000 set
cpu-bind=MASK - nid001305, task 39 39 [196162]: mask 0x800000000000000000000000000000008000000000 set
cpu-bind=MASK - nid001305, task 40 40 [196163]: mask 0x1000000000000000000000000000000010000000000 set
cpu-bind=MASK - nid001305, task 41 41 [196164]: mask 0x2000000000000000000000000000000020000000000 set
cpu-bind=MASK - nid001513, task 164 36 [3191]: mask 0x100000000000000000000000000000001000000000 set
cpu-bind=MASK - nid001305, task 24 24 [196147]: mask 0x100000000000000000000000000000001000000 set
cpu-bind=MASK - nid001513, task 166 38 [3193]: mask 0x400000000000000000000000000000004000000000 set
cpu-bind=MASK - nid001513, task 167 39 [3194]: mask 0x800000000000000000000000000000008000000000 set
cpu-bind=MASK - nid001513, task 168 40 [3195]: mask 0x1000000000000000000000000000000010000000000 set
cpu-bind=MASK - nid001513, task 169 41 [3196]: mask 0x2000000000000000000000000000000020000000000 set
cpu-bind=MASK - nid001513, task 170 42 [3197]: mask 0x4000000000000000000000000000000040000000000 set
cpu-bind=MASK - nid001305, task 27 27 [196150]: mask 0x800000000000000000000000000000008000000 set
cpu-bind=MASK - nid001513, task 174 46 [3201]: mask 0x40000000000000000000000000000000400000000000 set
cpu-bind=MASK - nid001513, task 175 47 [3202]: mask 0x80000000000000000000000000000000800000000000 set
cpu-bind=MASK - nid001513, task 179 51 [3206]: mask 0x800000000000000000000000000000008000000000000 set
cpu-bind=MASK - nid001513, task 178 50 [3205]: mask 0x400000000000000000000000000000004000000000000 set
cpu-bind=MASK - nid001513, task 180 52 [3207]: mask 0x1000000000000000000000000000000010000000000000 set
cpu-bind=MASK - nid001513, task 181 53 [3208]: mask 0x2000000000000000000000000000000020000000000000 set
cpu-bind=MASK - nid001305, task 29 29 [196152]: mask 0x2000000000000000000000000000000020000000 set
cpu-bind=MASK - nid001305, task 25 25 [196148]: mask 0x200000000000000000000000000000002000000 set
cpu-bind=MASK - nid001305, task 26 26 [196149]: mask 0x400000000000000000000000000000004000000 set
cpu-bind=MASK - nid001305, task 33 33 [196156]: mask 0x20000000000000000000000000000000200000000 set
cpu-bind=MASK - nid001305, task 34 34 [196157]: mask 0x40000000000000000000000000000000400000000 set
cpu-bind=MASK - nid001305, task 30 30 [196153]: mask 0x4000000000000000000000000000000040000000 set
cpu-bind=MASK - nid001305, task 32 32 [196155]: mask 0x10000000000000000000000000000000100000000 set
cpu-bind=MASK - nid001305, task 31 31 [196154]: mask 0x8000000000000000000000000000000080000000 set
cpu-bind=MASK - nid001305, task 35 35 [196158]: mask 0x80000000000000000000000000000000800000000 set
cpu-bind=MASK - nid001305, task 36 36 [196159]: mask 0x100000000000000000000000000000001000000000 set
cpu-bind=MASK - nid001305, task 44 44 [196167]: mask 0x10000000000000000000000000000000100000000000 set
cpu-bind=MASK - nid001305, task 45 45 [196168]: mask 0x20000000000000000000000000000000200000000000 set
cpu-bind=MASK - nid001305, task 50 50 [196173]: mask 0x400000000000000000000000000000004000000000000 set
cpu-bind=MASK - nid001305, task 51 51 [196174]: mask 0x800000000000000000000000000000008000000000000 set
cpu-bind=MASK - nid001305, task 49 49 [196172]: mask 0x200000000000000000000000000000002000000000000 set
cpu-bind=MASK - nid001305, task 38 38 [196161]: mask 0x400000000000000000000000000000004000000000 set
cpu-bind=MASK - nid001305, task 63 63 [196186]: mask 0x800000000000000000000000000000008000000000000000 set
cpu-bind=MASK - nid001305, task 64 64 [196187]: mask 0x1000000000000000000000000000000010000000000000000 set
cpu-bind=MASK - nid001305, task 42 42 [196165]: mask 0x4000000000000000000000000000000040000000000 set
cpu-bind=MASK - nid001305, task 43 43 [196166]: mask 0x8000000000000000000000000000000080000000000 set
cpu-bind=MASK - nid001305, task 48 48 [196171]: mask 0x100000000000000000000000000000001000000000000 set
cpu-bind=MASK - nid001305, task 47 47 [196170]: mask 0x80000000000000000000000000000000800000000000 set
cpu-bind=MASK - nid001305, task 52 52 [196175]: mask 0x1000000000000000000000000000000010000000000000 set
cpu-bind=MASK - nid001305, task 53 53 [196176]: mask 0x2000000000000000000000000000000020000000000000 set
cpu-bind=MASK - nid001305, task 62 62 [196185]: mask 0x400000000000000000000000000000004000000000000000 set
cpu-bind=MASK - nid001305, task 104 104 [196227]: mask 0x10000000000000000000000000000000100000000000000000000000000 set
cpu-bind=MASK - nid001305, task 54 54 [196177]: mask 0x4000000000000000000000000000000040000000000000 set
cpu-bind=MASK - nid001305, task 57 57 [196180]: mask 0x20000000000000000000000000000000200000000000000 set
cpu-bind=MASK - nid001305, task 58 58 [196181]: mask 0x40000000000000000000000000000000400000000000000 set
cpu-bind=MASK - nid001513, task 183 55 [3210]: mask 0x8000000000000000000000000000000080000000000000 set
cpu-bind=MASK - nid001305, task 61 61 [196184]: mask 0x200000000000000000000000000000002000000000000000 set
cpu-bind=MASK - nid001513, task 184 56 [3211]: mask 0x10000000000000000000000000000000100000000000000 set
cpu-bind=MASK - nid001305, task 98 98 [196221]: mask 0x400000000000000000000000000000004000000000000000000000000 set
cpu-bind=MASK - nid001513, task 187 59 [3214]: mask 0x80000000000000000000000000000000800000000000000 set
cpu-bind=MASK - nid001305, task 55 55 [196178]: mask 0x8000000000000000000000000000000080000000000000 set
cpu-bind=MASK - nid001513, task 188 60 [3215]: mask 0x100000000000000000000000000000001000000000000000 set
cpu-bind=MASK - nid001513, task 182 54 [3209]: mask 0x4000000000000000000000000000000040000000000000 set
cpu-bind=MASK - nid001513, task 185 57 [3212]: mask 0x20000000000000000000000000000000200000000000000 set
cpu-bind=MASK - nid001513, task 190 62 [3217]: mask 0x400000000000000000000000000000004000000000000000 set
cpu-bind=MASK - nid001513, task 191 63 [3218]: mask 0x800000000000000000000000000000008000000000000000 set
cpu-bind=MASK - nid001305, task 59 59 [196182]: mask 0x80000000000000000000000000000000800000000000000 set
cpu-bind=MASK - nid001513, task 193 65 [3220]: mask 0x2000000000000000000000000000000020000000000000000 set
cpu-bind=MASK - nid001513, task 194 66 [3221]: mask 0x4000000000000000000000000000000040000000000000000 set
cpu-bind=MASK - nid001513, task 195 67 [3222]: mask 0x8000000000000000000000000000000080000000000000000 set
cpu-bind=MASK - nid001513, task 202 74 [3229]: mask 0x400000000000000000000000000000004000000000000000000 set
cpu-bind=MASK - nid001513, task 201 73 [3228]: mask 0x200000000000000000000000000000002000000000000000000 set
cpu-bind=MASK - nid001305, task 60 60 [196183]: mask 0x100000000000000000000000000000001000000000000000 set
cpu-bind=MASK - nid001305, task 78 78 [196201]: mask 0x4000000000000000000000000000000040000000000000000000 set
cpu-bind=MASK - nid001513, task 200 72 [3227]: mask 0x100000000000000000000000000000001000000000000000000 set
cpu-bind=MASK - nid001305, task 65 65 [196188]: mask 0x2000000000000000000000000000000020000000000000000 set
cpu-bind=MASK - nid001305, task 66 66 [196189]: mask 0x4000000000000000000000000000000040000000000000000 set
cpu-bind=MASK - nid001305, task 56 56 [196179]: mask 0x10000000000000000000000000000000100000000000000 set
cpu-bind=MASK - nid001305, task 67 67 [196190]: mask 0x8000000000000000000000000000000080000000000000000 set
cpu-bind=MASK - nid001305, task 107 107 [196230]: mask 0x80000000000000000000000000000000800000000000000000000000000 set
cpu-bind=MASK - nid001305, task 126 126 [196249]: mask 0x4000000000000000000000000000000040000000000000000000000000000000 set
cpu-bind=MASK - nid001305, task 81 81 [196204]: mask 0x20000000000000000000000000000000200000000000000000000 set
cpu-bind=MASK - nid001305, task 88 88 [196211]: mask 0x1000000000000000000000000000000010000000000000000000000 set
cpu-bind=MASK - nid001513, task 205 77 [3232]: mask 0x2000000000000000000000000000000020000000000000000000 set
cpu-bind=MASK - nid001305, task 69 69 [196192]: mask 0x20000000000000000000000000000000200000000000000000 set
cpu-bind=MASK - nid001513, task 196 68 [3223]: mask 0x10000000000000000000000000000000100000000000000000 set
cpu-bind=MASK - nid001513, task 197 69 [3224]: mask 0x20000000000000000000000000000000200000000000000000 set
cpu-bind=MASK - nid001305, task 70 70 [196193]: mask 0x40000000000000000000000000000000400000000000000000 set
cpu-bind=MASK - nid001305, task 71 71 [196194]: mask 0x80000000000000000000000000000000800000000000000000 set
cpu-bind=MASK - nid001305, task 85 85 [196208]: mask 0x200000000000000000000000000000002000000000000000000000 set
cpu-bind=MASK - nid001305, task 90 90 [196213]: mask 0x4000000000000000000000000000000040000000000000000000000 set
cpu-bind=MASK - nid001305, task 73 73 [196196]: mask 0x200000000000000000000000000000002000000000000000000 set
cpu-bind=MASK - nid001305, task 74 74 [196197]: mask 0x400000000000000000000000000000004000000000000000000 set
cpu-bind=MASK - nid001305, task 75 75 [196198]: mask 0x800000000000000000000000000000008000000000000000000 set
cpu-bind=MASK - nid001513, task 192 64 [3219]: mask 0x1000000000000000000000000000000010000000000000000 set
cpu-bind=MASK - nid001513, task 203 75 [3230]: mask 0x800000000000000000000000000000008000000000000000000 set
cpu-bind=MASK - nid001305, task 72 72 [196195]: mask 0x100000000000000000000000000000001000000000000000000 set
cpu-bind=MASK - nid001305, task 76 76 [196199]: mask 0x1000000000000000000000000000000010000000000000000000 set
cpu-bind=MASK - nid001513, task 198 70 [3225]: mask 0x40000000000000000000000000000000400000000000000000 set
cpu-bind=MASK - nid001305, task 86 86 [196209]: mask 0x400000000000000000000000000000004000000000000000000000 set
cpu-bind=MASK - nid001513, task 199 71 [3226]: mask 0x80000000000000000000000000000000800000000000000000 set
cpu-bind=MASK - nid001305, task 21 21 [196144]: mask 0x20000000000000000000000000000000200000 set
cpu-bind=MASK - nid001305, task 97 97 [196220]: mask 0x200000000000000000000000000000002000000000000000000000000 set
cpu-bind=MASK - nid001305, task 99 99 [196222]: mask 0x800000000000000000000000000000008000000000000000000000000 set
cpu-bind=MASK - nid001305, task 46 46 [196169]: mask 0x40000000000000000000000000000000400000000000 set
cpu-bind=MASK - nid001305, task 125 125 [196248]: mask 0x2000000000000000000000000000000020000000000000000000000000000000 set
cpu-bind=MASK - nid001513, task 204 76 [3231]: mask 0x1000000000000000000000000000000010000000000000000000 set
cpu-bind=MASK - nid001305, task 87 87 [196210]: mask 0x800000000000000000000000000000008000000000000000000000 set
cpu-bind=MASK - nid001305, task 92 92 [196215]: mask 0x10000000000000000000000000000000100000000000000000000000 set
cpu-bind=MASK - nid001513, task 206 78 [3233]: mask 0x4000000000000000000000000000000040000000000000000000 set
cpu-bind=MASK - nid001305, task 117 117 [196240]: mask 0x20000000000000000000000000000000200000000000000000000000000000 set
cpu-bind=MASK - nid001305, task 118 118 [196241]: mask 0x40000000000000000000000000000000400000000000000000000000000000 set
cpu-bind=MASK - nid001513, task 207 79 [3234]: mask 0x8000000000000000000000000000000080000000000000000000 set
cpu-bind=MASK - nid001305, task 100 100 [196223]: mask 0x1000000000000000000000000000000010000000000000000000000000 set
cpu-bind=MASK - nid001305, task 102 102 [196225]: mask 0x4000000000000000000000000000000040000000000000000000000000 set
cpu-bind=MASK - nid001305, task 103 103 [196226]: mask 0x8000000000000000000000000000000080000000000000000000000000 set
cpu-bind=MASK - nid001305, task 84 84 [196207]: mask 0x100000000000000000000000000000001000000000000000000000 set
cpu-bind=MASK - nid001513, task 211 83 [3238]: mask 0x80000000000000000000000000000000800000000000000000000 set
cpu-bind=MASK - nid001305, task 101 101 [196224]: mask 0x2000000000000000000000000000000020000000000000000000000000 set
cpu-bind=MASK - nid001513, task 215 87 [3242]: mask 0x800000000000000000000000000000008000000000000000000000 set
cpu-bind=MASK - nid001305, task 114 114 [196237]: mask 0x4000000000000000000000000000000040000000000000000000000000000 set
cpu-bind=MASK - nid001305, task 112 112 [196235]: mask 0x1000000000000000000000000000000010000000000000000000000000000 set
cpu-bind=MASK - nid001305, task 122 122 [196245]: mask 0x400000000000000000000000000000004000000000000000000000000000000 set
cpu-bind=MASK - nid001513, task 217 89 [3244]: mask 0x2000000000000000000000000000000020000000000000000000000 set
cpu-bind=MASK - nid001513, task 222 94 [3249]: mask 0x40000000000000000000000000000000400000000000000000000000 set
cpu-bind=MASK - nid001305, task 96 96 [196219]: mask 0x100000000000000000000000000000001000000000000000000000000 set
cpu-bind=MASK - nid001305, task 106 106 [196229]: mask 0x40000000000000000000000000000000400000000000000000000000000 set
cpu-bind=MASK - nid001513, task 248 120 [3293]: mask 0x100000000000000000000000000000001000000000000000000000000000000 set
cpu-bind=MASK - nid001305, task 109 109 [196232]: mask 0x200000000000000000000000000000002000000000000000000000000000 set
cpu-bind=MASK - nid001513, task 250 122 [3295]: mask 0x400000000000000000000000000000004000000000000000000000000000000 set
cpu-bind=MASK - nid001305, task 124 124 [196247]: mask 0x1000000000000000000000000000000010000000000000000000000000000000 set
cpu-bind=MASK - nid001305, task 22 22 [196145]: mask 0x40000000000000000000000000000000400000 set
cpu-bind=MASK - nid001305, task 77 77 [196200]: mask 0x2000000000000000000000000000000020000000000000000000 set
cpu-bind=MASK - nid001513, task 209 81 [3236]: mask 0x20000000000000000000000000000000200000000000000000000 set
cpu-bind=MASK - nid001305, task 94 94 [196217]: mask 0x40000000000000000000000000000000400000000000000000000000 set
cpu-bind=MASK - nid001513, task 210 82 [3237]: mask 0x40000000000000000000000000000000400000000000000000000 set
cpu-bind=MASK - nid001305, task 105 105 [196228]: mask 0x20000000000000000000000000000000200000000000000000000000000 set
cpu-bind=MASK - nid001513, task 212 84 [3239]: mask 0x100000000000000000000000000000001000000000000000000000 set
cpu-bind=MASK - nid001305, task 108 108 [196231]: mask 0x100000000000000000000000000000001000000000000000000000000000 set
cpu-bind=MASK - nid001513, task 213 85 [3240]: mask 0x200000000000000000000000000000002000000000000000000000 set
cpu-bind=MASK - nid001305, task 119 119 [196242]: mask 0x80000000000000000000000000000000800000000000000000000000000000 set
cpu-bind=MASK - nid001305, task 121 121 [196244]: mask 0x200000000000000000000000000000002000000000000000000000000000000 set
cpu-bind=MASK - nid001305, task 123 123 [196246]: mask 0x800000000000000000000000000000008000000000000000000000000000000 set
cpu-bind=MASK - nid001305, task 127 127 [196250]: mask 0x8000000000000000000000000000000080000000000000000000000000000000 set
cpu-bind=MASK - nid001513, task 214 86 [3241]: mask 0x400000000000000000000000000000004000000000000000000000 set
cpu-bind=MASK - nid001513, task 220 92 [3247]: mask 0x10000000000000000000000000000000100000000000000000000000 set
cpu-bind=MASK - nid001513, task 223 95 [3250]: mask 0x80000000000000000000000000000000800000000000000000000000 set
cpu-bind=MASK - nid001513, task 216 88 [3243]: mask 0x1000000000000000000000000000000010000000000000000000000 set
cpu-bind=MASK - nid001305, task 23 23 [196146]: mask 0x80000000000000000000000000000000800000 set
cpu-bind=MASK - nid001513, task 221 93 [3248]: mask 0x20000000000000000000000000000000200000000000000000000000 set
cpu-bind=MASK - nid001305, task 79 79 [196202]: mask 0x8000000000000000000000000000000080000000000000000000 set
cpu-bind=MASK - nid001305, task 93 93 [196216]: mask 0x20000000000000000000000000000000200000000000000000000000 set
cpu-bind=MASK - nid001305, task 95 95 [196218]: mask 0x80000000000000000000000000000000800000000000000000000000 set
cpu-bind=MASK - nid001513, task 219 91 [3246]: mask 0x8000000000000000000000000000000080000000000000000000000 set
cpu-bind=MASK - nid001305, task 110 110 [196233]: mask 0x400000000000000000000000000000004000000000000000000000000000 set
cpu-bind=MASK - nid001305, task 80 80 [196203]: mask 0x10000000000000000000000000000000100000000000000000000 set
cpu-bind=MASK - nid001305, task 111 111 [196234]: mask 0x800000000000000000000000000000008000000000000000000000000000 set
cpu-bind=MASK - nid001305, task 116 116 [196239]: mask 0x10000000000000000000000000000000100000000000000000000000000000 set
cpu-bind=MASK - nid001513, task 249 121 [3294]: mask 0x200000000000000000000000000000002000000000000000000000000000000 set
cpu-bind=MASK - nid001305, task 120 120 [196243]: mask 0x100000000000000000000000000000001000000000000000000000000000000 set
cpu-bind=MASK - nid001513, task 229 101 [3256]: mask 0x2000000000000000000000000000000020000000000000000000000000 set
cpu-bind=MASK - nid001305, task 68 68 [196191]: mask 0x10000000000000000000000000000000100000000000000000 set
cpu-bind=MASK - nid001305, task 82 82 [196205]: mask 0x40000000000000000000000000000000400000000000000000000 set
cpu-bind=MASK - nid001513, task 228 100 [3255]: mask 0x1000000000000000000000000000000010000000000000000000000000 set
cpu-bind=MASK - nid001305, task 89 89 [196212]: mask 0x2000000000000000000000000000000020000000000000000000000 set
cpu-bind=MASK - nid001513, task 231 103 [3258]: mask 0x8000000000000000000000000000000080000000000000000000000000 set
cpu-bind=MASK - nid001305, task 91 91 [196214]: mask 0x8000000000000000000000000000000080000000000000000000000 set
cpu-bind=MASK - nid001305, task 83 83 [196206]: mask 0x80000000000000000000000000000000800000000000000000000 set
cpu-bind=MASK - nid001305, task 113 113 [196236]: mask 0x2000000000000000000000000000000020000000000000000000000000000 set
cpu-bind=MASK - nid001305, task 115 115 [196238]: mask 0x8000000000000000000000000000000080000000000000000000000000000 set
cpu-bind=MASK - nid001513, task 230 102 [3257]: mask 0x4000000000000000000000000000000040000000000000000000000000 set
cpu-bind=MASK - nid001513, task 232 104 [3259]: mask 0x10000000000000000000000000000000100000000000000000000000000 set
cpu-bind=MASK - nid001513, task 235 107 [3267]: mask 0x80000000000000000000000000000000800000000000000000000000000 set
cpu-bind=MASK - nid001513, task 218 90 [3245]: mask 0x4000000000000000000000000000000040000000000000000000000 set
cpu-bind=MASK - nid001513, task 239 111 [3284]: mask 0x800000000000000000000000000000008000000000000000000000000000 set
cpu-bind=MASK - nid001513, task 233 105 [3260]: mask 0x20000000000000000000000000000000200000000000000000000000000 set
cpu-bind=MASK - nid001513, task 236 108 [3281]: mask 0x100000000000000000000000000000001000000000000000000000000000 set
cpu-bind=MASK - nid001513, task 237 109 [3282]: mask 0x200000000000000000000000000000002000000000000000000000000000 set
cpu-bind=MASK - nid001513, task 234 106 [3265]: mask 0x40000000000000000000000000000000400000000000000000000000000 set
cpu-bind=MASK - nid001513, task 238 110 [3283]: mask 0x400000000000000000000000000000004000000000000000000000000000 set
cpu-bind=MASK - nid001513, task 255 127 [3300]: mask 0x8000000000000000000000000000000080000000000000000000000000000000 set
cpu-bind=MASK - nid001513, task 226 98 [3253]: mask 0x400000000000000000000000000000004000000000000000000000000 set
cpu-bind=MASK - nid001513, task 227 99 [3254]: mask 0x800000000000000000000000000000008000000000000000000000000 set
cpu-bind=MASK - nid001513, task 240 112 [3285]: mask 0x1000000000000000000000000000000010000000000000000000000000000 set
cpu-bind=MASK - nid001513, task 243 115 [3288]: mask 0x8000000000000000000000000000000080000000000000000000000000000 set
cpu-bind=MASK - nid001513, task 244 116 [3289]: mask 0x10000000000000000000000000000000100000000000000000000000000000 set
cpu-bind=MASK - nid001513, task 208 80 [3235]: mask 0x10000000000000000000000000000000100000000000000000000 set
cpu-bind=MASK - nid001513, task 247 119 [3292]: mask 0x80000000000000000000000000000000800000000000000000000000000000 set
cpu-bind=MASK - nid001513, task 251 123 [3296]: mask 0x800000000000000000000000000000008000000000000000000000000000000 set
cpu-bind=MASK - nid001513, task 253 125 [3298]: mask 0x2000000000000000000000000000000020000000000000000000000000000000 set
cpu-bind=MASK - nid001513, task 254 126 [3299]: mask 0x4000000000000000000000000000000040000000000000000000000000000000 set
cpu-bind=MASK - nid001513, task 224 96 [3251]: mask 0x100000000000000000000000000000001000000000000000000000000 set
cpu-bind=MASK - nid001513, task 225 97 [3252]: mask 0x200000000000000000000000000000002000000000000000000000000 set
cpu-bind=MASK - nid001513, task 241 113 [3286]: mask 0x2000000000000000000000000000000020000000000000000000000000000 set
cpu-bind=MASK - nid001513, task 242 114 [3287]: mask 0x4000000000000000000000000000000040000000000000000000000000000 set
cpu-bind=MASK - nid001513, task 245 117 [3290]: mask 0x20000000000000000000000000000000200000000000000000000000000000 set
cpu-bind=MASK - nid001513, task 246 118 [3291]: mask 0x40000000000000000000000000000000400000000000000000000000000000 set
cpu-bind=MASK - nid001513, task 252 124 [3297]: mask 0x1000000000000000000000000000000010000000000000000000000000000000 set
