
Due to MODULEPATH changes, the following have been reloaded:
  1) cray-mpich/8.1.12


Currently Loaded Modules:
  1) craype-x86-rome                        15) ELPA/2021.11.001
  2) libfabric/1.15.2.0                     16) libxsmm/1.17
  3) craype-network-ofi                     17) libxc/5.1.7
  4) xpmem/2.4.4-2.3_13.8__gff0e1d9.shasta  18) Libint-CP2K/2.6.0
  5) PrgEnv-gnu/8.3.0                       19) cray-hdf5/1.12.0.7
  6) cray-dsmml/0.2.2                       20) GSL/2.7
  7) cray-libsci/21.08.1.2                  21) SpFFT/1.0.5
  8) cray-mpich/8.1.12                      22) SPLA/1.5.2
  9) craype/2.7.13                          23) SIRIUS/7.3.1
 10) gcc/11.2.0                             24) spglib/1.16.3
 11) perftools-base/21.12.0                 25) libvori/210412
 12) cpe/21.12                              26) zlib/.1.2.11       (H)
 13) cpeGNU/21.12                           27) PLUMED/2.7.3
 14) cray-fftw/3.3.8.12

  Where:
   H:  Hidden Module

 

cpu-bind=MASK - nid001088, task 129  1 [108947]: mask 0x200000000000000000000000000000002 set
cpu-bind=MASK - nid001088, task 134  6 [108952]: mask 0x4000000000000000000000000000000040 set
cpu-bind=MASK - nid001088, task 135  7 [108953]: mask 0x8000000000000000000000000000000080 set
cpu-bind=MASK - nid001088, task 136  8 [108954]: mask 0x10000000000000000000000000000000100 set
cpu-bind=MASK - nid001088, task 130  2 [108948]: mask 0x400000000000000000000000000000004 set
cpu-bind=MASK - nid001088, task 140 12 [108958]: mask 0x100000000000000000000000000000001000 set
cpu-bind=MASK - nid001088, task 141 13 [108959]: mask 0x200000000000000000000000000000002000 set
cpu-bind=MASK - nid001088, task 139 11 [108957]: mask 0x80000000000000000000000000000000800 set
cpu-bind=MASK - nid001088, task 128  0 [108946]: mask 0x100000000000000000000000000000001 set
cpu-bind=MASK - nid001088, task 131  3 [108949]: mask 0x800000000000000000000000000000008 set
cpu-bind=MASK - nid001088, task 132  4 [108950]: mask 0x1000000000000000000000000000000010 set
cpu-bind=MASK - nid001088, task 133  5 [108951]: mask 0x2000000000000000000000000000000020 set
cpu-bind=MASK - nid001088, task 137  9 [108955]: mask 0x20000000000000000000000000000000200 set
cpu-bind=MASK - nid001088, task 138 10 [108956]: mask 0x40000000000000000000000000000000400 set
cpu-bind=MASK - nid001088, task 142 14 [108960]: mask 0x400000000000000000000000000000004000 set
cpu-bind=MASK - nid001088, task 143 15 [108961]: mask 0x800000000000000000000000000000008000 set
cpu-bind=MASK - nid001088, task 144 16 [108962]: mask 0x1000000000000000000000000000000010000 set
cpu-bind=MASK - nid001088, task 145 17 [108963]: mask 0x2000000000000000000000000000000020000 set
cpu-bind=MASK - nid001088, task 148 20 [108966]: mask 0x10000000000000000000000000000000100000 set
cpu-bind=MASK - nid001088, task 146 18 [108964]: mask 0x4000000000000000000000000000000040000 set
cpu-bind=MASK - nid001088, task 147 19 [108965]: mask 0x8000000000000000000000000000000080000 set
cpu-bind=MASK - nid001088, task 150 22 [108968]: mask 0x40000000000000000000000000000000400000 set
cpu-bind=MASK - nid001088, task 149 21 [108967]: mask 0x20000000000000000000000000000000200000 set
cpu-bind=MASK - nid001088, task 151 23 [108969]: mask 0x80000000000000000000000000000000800000 set
cpu-bind=MASK - nid001088, task 152 24 [108970]: mask 0x100000000000000000000000000000001000000 set
cpu-bind=MASK - nid001088, task 154 26 [108972]: mask 0x400000000000000000000000000000004000000 set
cpu-bind=MASK - nid001088, task 153 25 [108971]: mask 0x200000000000000000000000000000002000000 set
cpu-bind=MASK - nid001088, task 155 27 [108973]: mask 0x800000000000000000000000000000008000000 set
cpu-bind=MASK - nid001088, task 156 28 [108974]: mask 0x1000000000000000000000000000000010000000 set
cpu-bind=MASK - nid001088, task 157 29 [108975]: mask 0x2000000000000000000000000000000020000000 set
cpu-bind=MASK - nid001088, task 159 31 [108977]: mask 0x8000000000000000000000000000000080000000 set
cpu-bind=MASK - nid001088, task 163 35 [108981]: mask 0x80000000000000000000000000000000800000000 set
cpu-bind=MASK - nid001088, task 164 36 [108982]: mask 0x100000000000000000000000000000001000000000 set
cpu-bind=MASK - nid001088, task 158 30 [108976]: mask 0x4000000000000000000000000000000040000000 set
cpu-bind=MASK - nid001028, task  1  1 [32461]: mask 0x200000000000000000000000000000002 set
cpu-bind=MASK - nid001088, task 160 32 [108978]: mask 0x10000000000000000000000000000000100000000 set
cpu-bind=MASK - nid001028, task  0  0 [32460]: mask 0x100000000000000000000000000000001 set
cpu-bind=MASK - nid001088, task 165 37 [108983]: mask 0x200000000000000000000000000000002000000000 set
cpu-bind=MASK - nid001028, task  2  2 [32462]: mask 0x400000000000000000000000000000004 set
cpu-bind=MASK - nid001088, task 168 40 [108986]: mask 0x1000000000000000000000000000000010000000000 set
cpu-bind=MASK - nid001088, task 169 41 [108987]: mask 0x2000000000000000000000000000000020000000000 set
cpu-bind=MASK - nid001088, task 170 42 [108988]: mask 0x4000000000000000000000000000000040000000000 set
cpu-bind=MASK - nid001088, task 161 33 [108979]: mask 0x20000000000000000000000000000000200000000 set
cpu-bind=MASK - nid001088, task 162 34 [108980]: mask 0x40000000000000000000000000000000400000000 set
cpu-bind=MASK - nid001028, task  4  4 [32464]: mask 0x1000000000000000000000000000000010 set
cpu-bind=MASK - nid001028, task  3  3 [32463]: mask 0x800000000000000000000000000000008 set
cpu-bind=MASK - nid001028, task  5  5 [32465]: mask 0x2000000000000000000000000000000020 set
cpu-bind=MASK - nid001088, task 166 38 [108984]: mask 0x400000000000000000000000000000004000000000 set
cpu-bind=MASK - nid001028, task  7  7 [32467]: mask 0x8000000000000000000000000000000080 set
cpu-bind=MASK - nid001088, task 167 39 [108985]: mask 0x800000000000000000000000000000008000000000 set
cpu-bind=MASK - nid001028, task  6  6 [32466]: mask 0x4000000000000000000000000000000040 set
cpu-bind=MASK - nid001088, task 171 43 [108989]: mask 0x8000000000000000000000000000000080000000000 set
cpu-bind=MASK - nid001088, task 172 44 [108990]: mask 0x10000000000000000000000000000000100000000000 set
cpu-bind=MASK - nid001088, task 174 46 [108992]: mask 0x40000000000000000000000000000000400000000000 set
cpu-bind=MASK - nid001088, task 175 47 [108993]: mask 0x80000000000000000000000000000000800000000000 set
cpu-bind=MASK - nid001088, task 173 45 [108991]: mask 0x20000000000000000000000000000000200000000000 set
cpu-bind=MASK - nid001088, task 176 48 [108994]: mask 0x100000000000000000000000000000001000000000000 set
cpu-bind=MASK - nid001088, task 177 49 [108995]: mask 0x200000000000000000000000000000002000000000000 set
cpu-bind=MASK - nid001088, task 184 56 [109002]: mask 0x10000000000000000000000000000000100000000000000 set
cpu-bind=MASK - nid001088, task 182 54 [109000]: mask 0x4000000000000000000000000000000040000000000000 set
cpu-bind=MASK - nid001088, task 183 55 [109001]: mask 0x8000000000000000000000000000000080000000000000 set
cpu-bind=MASK - nid001088, task 178 50 [108996]: mask 0x400000000000000000000000000000004000000000000 set
cpu-bind=MASK - nid001088, task 179 51 [108997]: mask 0x800000000000000000000000000000008000000000000 set
cpu-bind=MASK - nid001088, task 180 52 [108998]: mask 0x1000000000000000000000000000000010000000000000 set
cpu-bind=MASK - nid001088, task 181 53 [108999]: mask 0x2000000000000000000000000000000020000000000000 set
cpu-bind=MASK - nid001088, task 185 57 [109003]: mask 0x20000000000000000000000000000000200000000000000 set
cpu-bind=MASK - nid001088, task 186 58 [109004]: mask 0x40000000000000000000000000000000400000000000000 set
cpu-bind=MASK - nid001088, task 187 59 [109005]: mask 0x80000000000000000000000000000000800000000000000 set
cpu-bind=MASK - nid001088, task 188 60 [109006]: mask 0x100000000000000000000000000000001000000000000000 set
cpu-bind=MASK - nid001028, task  9  9 [32469]: mask 0x20000000000000000000000000000000200 set
cpu-bind=MASK - nid001028, task 10 10 [32470]: mask 0x40000000000000000000000000000000400 set
cpu-bind=MASK - nid001028, task  8  8 [32468]: mask 0x10000000000000000000000000000000100 set
cpu-bind=MASK - nid001028, task 12 12 [32472]: mask 0x100000000000000000000000000000001000 set
cpu-bind=MASK - nid001028, task 13 13 [32473]: mask 0x200000000000000000000000000000002000 set
cpu-bind=MASK - nid001028, task 16 16 [32476]: mask 0x1000000000000000000000000000000010000 set
cpu-bind=MASK - nid001028, task 18 18 [32478]: mask 0x4000000000000000000000000000000040000 set
cpu-bind=MASK - nid001028, task 15 15 [32475]: mask 0x800000000000000000000000000000008000 set
cpu-bind=MASK - nid001028, task 14 14 [32474]: mask 0x400000000000000000000000000000004000 set
cpu-bind=MASK - nid001028, task 17 17 [32477]: mask 0x2000000000000000000000000000000020000 set
cpu-bind=MASK - nid001028, task 19 19 [32479]: mask 0x8000000000000000000000000000000080000 set
cpu-bind=MASK - nid001028, task 20 20 [32480]: mask 0x10000000000000000000000000000000100000 set
cpu-bind=MASK - nid001028, task 21 21 [32481]: mask 0x20000000000000000000000000000000200000 set
cpu-bind=MASK - nid001028, task 22 22 [32482]: mask 0x40000000000000000000000000000000400000 set
cpu-bind=MASK - nid001088, task 205 77 [109023]: mask 0x2000000000000000000000000000000020000000000000000000 set
cpu-bind=MASK - nid001028, task 23 23 [32483]: mask 0x80000000000000000000000000000000800000 set
cpu-bind=MASK - nid001028, task 27 27 [32487]: mask 0x800000000000000000000000000000008000000 set
cpu-bind=MASK - nid001088, task 206 78 [109024]: mask 0x4000000000000000000000000000000040000000000000000000 set
cpu-bind=MASK - nid001028, task 28 28 [32488]: mask 0x1000000000000000000000000000000010000000 set
cpu-bind=MASK - nid001088, task 189 61 [109007]: mask 0x200000000000000000000000000000002000000000000000 set
cpu-bind=MASK - nid001028, task 29 29 [32489]: mask 0x2000000000000000000000000000000020000000 set
cpu-bind=MASK - nid001088, task 190 62 [109008]: mask 0x400000000000000000000000000000004000000000000000 set
cpu-bind=MASK - nid001028, task 34 34 [32494]: mask 0x40000000000000000000000000000000400000000 set
cpu-bind=MASK - nid001088, task 191 63 [109009]: mask 0x800000000000000000000000000000008000000000000000 set
cpu-bind=MASK - nid001028, task 35 35 [32495]: mask 0x80000000000000000000000000000000800000000 set
cpu-bind=MASK - nid001028, task 36 36 [32496]: mask 0x100000000000000000000000000000001000000000 set
cpu-bind=MASK - nid001088, task 195 67 [109013]: mask 0x8000000000000000000000000000000080000000000000000 set
cpu-bind=MASK - nid001088, task 199 71 [109017]: mask 0x80000000000000000000000000000000800000000000000000 set
cpu-bind=MASK - nid001088, task 207 79 [109025]: mask 0x8000000000000000000000000000000080000000000000000000 set
cpu-bind=MASK - nid001088, task 196 68 [109014]: mask 0x10000000000000000000000000000000100000000000000000 set
cpu-bind=MASK - nid001088, task 218 90 [109036]: mask 0x4000000000000000000000000000000040000000000000000000000 set
cpu-bind=MASK - nid001088, task 219 91 [109037]: mask 0x8000000000000000000000000000000080000000000000000000000 set
cpu-bind=MASK - nid001088, task 220 92 [109038]: mask 0x10000000000000000000000000000000100000000000000000000000 set
cpu-bind=MASK - nid001088, task 201 73 [109019]: mask 0x200000000000000000000000000000002000000000000000000 set
cpu-bind=MASK - nid001088, task 202 74 [109020]: mask 0x400000000000000000000000000000004000000000000000000 set
cpu-bind=MASK - nid001088, task 203 75 [109021]: mask 0x800000000000000000000000000000008000000000000000000 set
cpu-bind=MASK - nid001088, task 204 76 [109022]: mask 0x1000000000000000000000000000000010000000000000000000 set
cpu-bind=MASK - nid001028, task 30 30 [32490]: mask 0x4000000000000000000000000000000040000000 set
cpu-bind=MASK - nid001088, task 197 69 [109015]: mask 0x20000000000000000000000000000000200000000000000000 set
cpu-bind=MASK - nid001088, task 198 70 [109016]: mask 0x40000000000000000000000000000000400000000000000000 set
cpu-bind=MASK - nid001028, task 31 31 [32491]: mask 0x8000000000000000000000000000000080000000 set
cpu-bind=MASK - nid001088, task 200 72 [109018]: mask 0x100000000000000000000000000000001000000000000000000 set
cpu-bind=MASK - nid001088, task 193 65 [109011]: mask 0x2000000000000000000000000000000020000000000000000 set
cpu-bind=MASK - nid001028, task 24 24 [32484]: mask 0x100000000000000000000000000000001000000 set
cpu-bind=MASK - nid001088, task 194 66 [109012]: mask 0x4000000000000000000000000000000040000000000000000 set
cpu-bind=MASK - nid001088, task 231 103 [109049]: mask 0x8000000000000000000000000000000080000000000000000000000000 set
cpu-bind=MASK - nid001028, task 25 25 [32485]: mask 0x200000000000000000000000000000002000000 set
cpu-bind=MASK - nid001088, task 232 104 [109050]: mask 0x10000000000000000000000000000000100000000000000000000000000 set
cpu-bind=MASK - nid001028, task 11 11 [32471]: mask 0x80000000000000000000000000000000800 set
cpu-bind=MASK - nid001028, task 26 26 [32486]: mask 0x400000000000000000000000000000004000000 set
cpu-bind=MASK - nid001028, task 33 33 [32493]: mask 0x20000000000000000000000000000000200000000 set
cpu-bind=MASK - nid001088, task 233 105 [109051]: mask 0x20000000000000000000000000000000200000000000000000000000000 set
cpu-bind=MASK - nid001028, task 32 32 [32492]: mask 0x10000000000000000000000000000000100000000 set
cpu-bind=MASK - nid001028, task 37 37 [32497]: mask 0x200000000000000000000000000000002000000000 set
cpu-bind=MASK - nid001088, task 212 84 [109030]: mask 0x100000000000000000000000000000001000000000000000000000 set
cpu-bind=MASK - nid001028, task 38 38 [32498]: mask 0x400000000000000000000000000000004000000000 set
cpu-bind=MASK - nid001088, task 214 86 [109032]: mask 0x400000000000000000000000000000004000000000000000000000 set
cpu-bind=MASK - nid001088, task 216 88 [109034]: mask 0x1000000000000000000000000000000010000000000000000000000 set
cpu-bind=MASK - nid001088, task 210 82 [109028]: mask 0x40000000000000000000000000000000400000000000000000000 set
cpu-bind=MASK - nid001088, task 217 89 [109035]: mask 0x2000000000000000000000000000000020000000000000000000000 set
cpu-bind=MASK - nid001088, task 213 85 [109031]: mask 0x200000000000000000000000000000002000000000000000000000 set
cpu-bind=MASK - nid001088, task 215 87 [109033]: mask 0x800000000000000000000000000000008000000000000000000000 set
cpu-bind=MASK - nid001088, task 221 93 [109039]: mask 0x20000000000000000000000000000000200000000000000000000000 set
cpu-bind=MASK - nid001088, task 222 94 [109040]: mask 0x40000000000000000000000000000000400000000000000000000000 set
cpu-bind=MASK - nid001028, task 39 39 [32499]: mask 0x800000000000000000000000000000008000000000 set
cpu-bind=MASK - nid001028, task 49 49 [32509]: mask 0x200000000000000000000000000000002000000000000 set
cpu-bind=MASK - nid001028, task 60 60 [32520]: mask 0x100000000000000000000000000000001000000000000000 set
cpu-bind=MASK - nid001088, task 192 64 [109010]: mask 0x1000000000000000000000000000000010000000000000000 set
cpu-bind=MASK - nid001028, task 41 41 [32501]: mask 0x2000000000000000000000000000000020000000000 set
cpu-bind=MASK - nid001088, task 228 100 [109046]: mask 0x1000000000000000000000000000000010000000000000000000000000 set
cpu-bind=MASK - nid001028, task 43 43 [32503]: mask 0x8000000000000000000000000000000080000000000 set
cpu-bind=MASK - nid001088, task 234 106 [109052]: mask 0x40000000000000000000000000000000400000000000000000000000000 set
cpu-bind=MASK - nid001028, task 62 62 [32522]: mask 0x400000000000000000000000000000004000000000000000 set
cpu-bind=MASK - nid001088, task 223 95 [109041]: mask 0x80000000000000000000000000000000800000000000000000000000 set
cpu-bind=MASK - nid001028, task 63 63 [32523]: mask 0x800000000000000000000000000000008000000000000000 set
cpu-bind=MASK - nid001088, task 224 96 [109042]: mask 0x100000000000000000000000000000001000000000000000000000000 set
cpu-bind=MASK - nid001028, task 64 64 [32524]: mask 0x1000000000000000000000000000000010000000000000000 set
cpu-bind=MASK - nid001088, task 225 97 [109043]: mask 0x200000000000000000000000000000002000000000000000000000000 set
cpu-bind=MASK - nid001088, task 227 99 [109045]: mask 0x800000000000000000000000000000008000000000000000000000000 set
cpu-bind=MASK - nid001088, task 229 101 [109047]: mask 0x2000000000000000000000000000000020000000000000000000000000 set
cpu-bind=MASK - nid001028, task 40 40 [32500]: mask 0x1000000000000000000000000000000010000000000 set
cpu-bind=MASK - nid001088, task 235 107 [109053]: mask 0x80000000000000000000000000000000800000000000000000000000000 set
cpu-bind=MASK - nid001088, task 249 121 [109067]: mask 0x200000000000000000000000000000002000000000000000000000000000000 set
cpu-bind=MASK - nid001088, task 230 102 [109048]: mask 0x4000000000000000000000000000000040000000000000000000000000 set
cpu-bind=MASK - nid001088, task 226 98 [109044]: mask 0x400000000000000000000000000000004000000000000000000000000 set
cpu-bind=MASK - nid001028, task 42 42 [32502]: mask 0x4000000000000000000000000000000040000000000 set
cpu-bind=MASK - nid001088, task 245 117 [109063]: mask 0x20000000000000000000000000000000200000000000000000000000000000 set
cpu-bind=MASK - nid001028, task 44 44 [32504]: mask 0x10000000000000000000000000000000100000000000 set
cpu-bind=MASK - nid001028, task 45 45 [32505]: mask 0x20000000000000000000000000000000200000000000 set
cpu-bind=MASK - nid001028, task 46 46 [32506]: mask 0x40000000000000000000000000000000400000000000 set
cpu-bind=MASK - nid001028, task 47 47 [32507]: mask 0x80000000000000000000000000000000800000000000 set
cpu-bind=MASK - nid001028, task 48 48 [32508]: mask 0x100000000000000000000000000000001000000000000 set
cpu-bind=MASK - nid001028, task 50 50 [32510]: mask 0x400000000000000000000000000000004000000000000 set
cpu-bind=MASK - nid001028, task 51 51 [32511]: mask 0x800000000000000000000000000000008000000000000 set
cpu-bind=MASK - nid001028, task 52 52 [32512]: mask 0x1000000000000000000000000000000010000000000000 set
cpu-bind=MASK - nid001088, task 252 124 [109070]: mask 0x1000000000000000000000000000000010000000000000000000000000000000 set
cpu-bind=MASK - nid001028, task 67 67 [32527]: mask 0x8000000000000000000000000000000080000000000000000 set
cpu-bind=MASK - nid001028, task 68 68 [32528]: mask 0x10000000000000000000000000000000100000000000000000 set
cpu-bind=MASK - nid001088, task 253 125 [109071]: mask 0x2000000000000000000000000000000020000000000000000000000000000000 set
cpu-bind=MASK - nid001088, task 254 126 [109072]: mask 0x4000000000000000000000000000000040000000000000000000000000000000 set
cpu-bind=MASK - nid001088, task 255 127 [109073]: mask 0x8000000000000000000000000000000080000000000000000000000000000000 set
cpu-bind=MASK - nid001088, task 208 80 [109026]: mask 0x10000000000000000000000000000000100000000000000000000 set
cpu-bind=MASK - nid001028, task 65 65 [32525]: mask 0x2000000000000000000000000000000020000000000000000 set
cpu-bind=MASK - nid001088, task 241 113 [109059]: mask 0x2000000000000000000000000000000020000000000000000000000000000 set
cpu-bind=MASK - nid001028, task 53 53 [32513]: mask 0x2000000000000000000000000000000020000000000000 set
cpu-bind=MASK - nid001088, task 242 114 [109060]: mask 0x4000000000000000000000000000000040000000000000000000000000000 set
cpu-bind=MASK - nid001028, task 56 56 [32516]: mask 0x10000000000000000000000000000000100000000000000 set
cpu-bind=MASK - nid001088, task 243 115 [109061]: mask 0x8000000000000000000000000000000080000000000000000000000000000 set
cpu-bind=MASK - nid001088, task 247 119 [109065]: mask 0x80000000000000000000000000000000800000000000000000000000000000 set
cpu-bind=MASK - nid001088, task 236 108 [109054]: mask 0x100000000000000000000000000000001000000000000000000000000000 set
cpu-bind=MASK - nid001088, task 237 109 [109055]: mask 0x200000000000000000000000000000002000000000000000000000000000 set
cpu-bind=MASK - nid001088, task 238 110 [109056]: mask 0x400000000000000000000000000000004000000000000000000000000000 set
cpu-bind=MASK - nid001088, task 239 111 [109057]: mask 0x800000000000000000000000000000008000000000000000000000000000 set
cpu-bind=MASK - nid001088, task 240 112 [109058]: mask 0x1000000000000000000000000000000010000000000000000000000000000 set
cpu-bind=MASK - nid001028, task 57 57 [32517]: mask 0x20000000000000000000000000000000200000000000000 set
cpu-bind=MASK - nid001088, task 251 123 [109069]: mask 0x800000000000000000000000000000008000000000000000000000000000000 set
cpu-bind=MASK - nid001028, task 59 59 [32519]: mask 0x80000000000000000000000000000000800000000000000 set
cpu-bind=MASK - nid001028, task 55 55 [32515]: mask 0x8000000000000000000000000000000080000000000000 set
cpu-bind=MASK - nid001028, task 58 58 [32518]: mask 0x40000000000000000000000000000000400000000000000 set
cpu-bind=MASK - nid001028, task 61 61 [32521]: mask 0x200000000000000000000000000000002000000000000000 set
cpu-bind=MASK - nid001088, task 209 81 [109027]: mask 0x20000000000000000000000000000000200000000000000000000 set
cpu-bind=MASK - nid001028, task 66 66 [32526]: mask 0x4000000000000000000000000000000040000000000000000 set
cpu-bind=MASK - nid001028, task 54 54 [32514]: mask 0x4000000000000000000000000000000040000000000000 set
cpu-bind=MASK - nid001028, task 75 75 [32535]: mask 0x800000000000000000000000000000008000000000000000000 set
cpu-bind=MASK - nid001028, task 70 70 [32530]: mask 0x40000000000000000000000000000000400000000000000000 set
cpu-bind=MASK - nid001028, task 72 72 [32532]: mask 0x100000000000000000000000000000001000000000000000000 set
cpu-bind=MASK - nid001028, task 69 69 [32529]: mask 0x20000000000000000000000000000000200000000000000000 set
cpu-bind=MASK - nid001088, task 211 83 [109029]: mask 0x80000000000000000000000000000000800000000000000000000 set
cpu-bind=MASK - nid001028, task 71 71 [32531]: mask 0x80000000000000000000000000000000800000000000000000 set
cpu-bind=MASK - nid001088, task 244 116 [109062]: mask 0x10000000000000000000000000000000100000000000000000000000000000 set
cpu-bind=MASK - nid001028, task 80 80 [32540]: mask 0x10000000000000000000000000000000100000000000000000000 set
cpu-bind=MASK - nid001088, task 246 118 [109064]: mask 0x40000000000000000000000000000000400000000000000000000000000000 set
cpu-bind=MASK - nid001088, task 248 120 [109066]: mask 0x100000000000000000000000000000001000000000000000000000000000000 set
cpu-bind=MASK - nid001088, task 250 122 [109068]: mask 0x400000000000000000000000000000004000000000000000000000000000000 set
cpu-bind=MASK - nid001028, task 73 73 [32533]: mask 0x200000000000000000000000000000002000000000000000000 set
cpu-bind=MASK - nid001028, task 79 79 [32539]: mask 0x8000000000000000000000000000000080000000000000000000 set
cpu-bind=MASK - nid001028, task 82 82 [32542]: mask 0x40000000000000000000000000000000400000000000000000000 set
cpu-bind=MASK - nid001028, task 87 87 [32547]: mask 0x800000000000000000000000000000008000000000000000000000 set
cpu-bind=MASK - nid001028, task 102 102 [32562]: mask 0x4000000000000000000000000000000040000000000000000000000000 set
cpu-bind=MASK - nid001028, task 103 103 [32563]: mask 0x8000000000000000000000000000000080000000000000000000000000 set
cpu-bind=MASK - nid001028, task 120 120 [32581]: mask 0x100000000000000000000000000000001000000000000000000000000000000 set
cpu-bind=MASK - nid001028, task 97 97 [32557]: mask 0x200000000000000000000000000000002000000000000000000000000 set
cpu-bind=MASK - nid001028, task 105 105 [32565]: mask 0x20000000000000000000000000000000200000000000000000000000000 set
cpu-bind=MASK - nid001028, task 110 110 [32570]: mask 0x400000000000000000000000000000004000000000000000000000000000 set
cpu-bind=MASK - nid001028, task 119 119 [32580]: mask 0x80000000000000000000000000000000800000000000000000000000000000 set
cpu-bind=MASK - nid001028, task 109 109 [32569]: mask 0x200000000000000000000000000000002000000000000000000000000000 set
cpu-bind=MASK - nid001028, task 81 81 [32541]: mask 0x20000000000000000000000000000000200000000000000000000 set
cpu-bind=MASK - nid001028, task 83 83 [32543]: mask 0x80000000000000000000000000000000800000000000000000000 set
cpu-bind=MASK - nid001028, task 90 90 [32550]: mask 0x4000000000000000000000000000000040000000000000000000000 set
cpu-bind=MASK - nid001028, task 104 104 [32564]: mask 0x10000000000000000000000000000000100000000000000000000000000 set
cpu-bind=MASK - nid001028, task 108 108 [32568]: mask 0x100000000000000000000000000000001000000000000000000000000000 set
cpu-bind=MASK - nid001028, task 74 74 [32534]: mask 0x400000000000000000000000000000004000000000000000000 set
cpu-bind=MASK - nid001028, task 76 76 [32536]: mask 0x1000000000000000000000000000000010000000000000000000 set
cpu-bind=MASK - nid001028, task 77 77 [32537]: mask 0x2000000000000000000000000000000020000000000000000000 set
cpu-bind=MASK - nid001028, task 94 94 [32554]: mask 0x40000000000000000000000000000000400000000000000000000000 set
cpu-bind=MASK - nid001028, task 78 78 [32538]: mask 0x4000000000000000000000000000000040000000000000000000 set
cpu-bind=MASK - nid001028, task 107 107 [32567]: mask 0x80000000000000000000000000000000800000000000000000000000000 set
cpu-bind=MASK - nid001028, task 95 95 [32555]: mask 0x80000000000000000000000000000000800000000000000000000000 set
cpu-bind=MASK - nid001028, task 96 96 [32556]: mask 0x100000000000000000000000000000001000000000000000000000000 set
cpu-bind=MASK - nid001028, task 116 116 [32576]: mask 0x10000000000000000000000000000000100000000000000000000000000000 set
cpu-bind=MASK - nid001028, task 127 127 [32588]: mask 0x8000000000000000000000000000000080000000000000000000000000000000 set
cpu-bind=MASK - nid001028, task 98 98 [32558]: mask 0x400000000000000000000000000000004000000000000000000000000 set
cpu-bind=MASK - nid001028, task 111 111 [32571]: mask 0x800000000000000000000000000000008000000000000000000000000000 set
cpu-bind=MASK - nid001028, task 123 123 [32584]: mask 0x800000000000000000000000000000008000000000000000000000000000000 set
cpu-bind=MASK - nid001028, task 99 99 [32559]: mask 0x800000000000000000000000000000008000000000000000000000000 set
cpu-bind=MASK - nid001028, task 121 121 [32582]: mask 0x200000000000000000000000000000002000000000000000000000000000000 set
cpu-bind=MASK - nid001028, task 122 122 [32583]: mask 0x400000000000000000000000000000004000000000000000000000000000000 set
cpu-bind=MASK - nid001028, task 125 125 [32586]: mask 0x2000000000000000000000000000000020000000000000000000000000000000 set
cpu-bind=MASK - nid001028, task 88 88 [32548]: mask 0x1000000000000000000000000000000010000000000000000000000 set
cpu-bind=MASK - nid001028, task 124 124 [32585]: mask 0x1000000000000000000000000000000010000000000000000000000000000000 set
cpu-bind=MASK - nid001028, task 117 117 [32578]: mask 0x20000000000000000000000000000000200000000000000000000000000000 set
cpu-bind=MASK - nid001028, task 106 106 [32566]: mask 0x40000000000000000000000000000000400000000000000000000000000 set
cpu-bind=MASK - nid001028, task 86 86 [32546]: mask 0x400000000000000000000000000000004000000000000000000000 set
cpu-bind=MASK - nid001028, task 115 115 [32575]: mask 0x8000000000000000000000000000000080000000000000000000000000000 set
cpu-bind=MASK - nid001028, task 93 93 [32553]: mask 0x20000000000000000000000000000000200000000000000000000000 set
cpu-bind=MASK - nid001028, task 112 112 [32572]: mask 0x1000000000000000000000000000000010000000000000000000000000000 set
cpu-bind=MASK - nid001028, task 126 126 [32587]: mask 0x4000000000000000000000000000000040000000000000000000000000000000 set
cpu-bind=MASK - nid001028, task 85 85 [32545]: mask 0x200000000000000000000000000000002000000000000000000000 set
cpu-bind=MASK - nid001028, task 113 113 [32573]: mask 0x2000000000000000000000000000000020000000000000000000000000000 set
cpu-bind=MASK - nid001028, task 92 92 [32552]: mask 0x10000000000000000000000000000000100000000000000000000000 set
cpu-bind=MASK - nid001028, task 89 89 [32549]: mask 0x2000000000000000000000000000000020000000000000000000000 set
cpu-bind=MASK - nid001028, task 91 91 [32551]: mask 0x8000000000000000000000000000000080000000000000000000000 set
cpu-bind=MASK - nid001028, task 114 114 [32574]: mask 0x4000000000000000000000000000000040000000000000000000000000000 set
cpu-bind=MASK - nid001028, task 84 84 [32544]: mask 0x100000000000000000000000000000001000000000000000000000 set
cpu-bind=MASK - nid001028, task 100 100 [32560]: mask 0x1000000000000000000000000000000010000000000000000000000000 set
cpu-bind=MASK - nid001028, task 101 101 [32561]: mask 0x2000000000000000000000000000000020000000000000000000000000 set
cpu-bind=MASK - nid001028, task 118 118 [32579]: mask 0x40000000000000000000000000000000400000000000000000000000000000 set
