
Due to MODULEPATH changes, the following have been reloaded:
  1) cray-mpich/8.1.12


Currently Loaded Modules:
  1) craype-x86-rome                        15) ELPA/2021.11.001
  2) libfabric/1.15.2.0                     16) libxsmm/1.17
  3) craype-network-ofi                     17) libxc/5.1.7
  4) xpmem/2.4.4-2.3_13.8__gff0e1d9.shasta  18) Libint-CP2K/2.6.0
  5) PrgEnv-gnu/8.3.0                       19) cray-hdf5/1.12.0.7
  6) cray-dsmml/0.2.2                       20) GSL/2.7
  7) cray-libsci/21.08.1.2                  21) SpFFT/1.0.5
  8) cray-mpich/8.1.12                      22) SPLA/1.5.2
  9) craype/2.7.13                          23) SIRIUS/7.3.1
 10) gcc/11.2.0                             24) spglib/1.16.3
 11) perftools-base/21.12.0                 25) libvori/210412
 12) cpe/21.12                              26) zlib/.1.2.11       (H)
 13) cpeGNU/21.12                           27) PLUMED/2.7.3
 14) cray-fftw/3.3.8.12

  Where:
   H:  Hidden Module

 

cpu-bind=MASK - nid001189, task  5  5 [144150]: mask 0x2000000000000000000000000000000020 set
cpu-bind=MASK - nid001189, task  0  0 [144145]: mask 0x100000000000000000000000000000001 set
cpu-bind=MASK - nid001189, task  2  2 [144147]: mask 0x400000000000000000000000000000004 set
cpu-bind=MASK - nid001189, task  7  7 [144152]: mask 0x8000000000000000000000000000000080 set
cpu-bind=MASK - nid001189, task  8  8 [144153]: mask 0x10000000000000000000000000000000100 set
cpu-bind=MASK - nid001189, task 18 18 [144163]: mask 0x4000000000000000000000000000000040000 set
cpu-bind=MASK - nid001189, task 12 12 [144157]: mask 0x100000000000000000000000000000001000 set
cpu-bind=MASK - nid001189, task 16 16 [144161]: mask 0x1000000000000000000000000000000010000 set
cpu-bind=MASK - nid001189, task 20 20 [144165]: mask 0x10000000000000000000000000000000100000 set
cpu-bind=MASK - nid001189, task  3  3 [144148]: mask 0x800000000000000000000000000000008 set
cpu-bind=MASK - nid001189, task  6  6 [144151]: mask 0x4000000000000000000000000000000040 set
cpu-bind=MASK - nid001189, task 13 13 [144158]: mask 0x200000000000000000000000000000002000 set
cpu-bind=MASK - nid001189, task 14 14 [144159]: mask 0x400000000000000000000000000000004000 set
cpu-bind=MASK - nid001189, task 15 15 [144160]: mask 0x800000000000000000000000000000008000 set
cpu-bind=MASK - nid001189, task 19 19 [144164]: mask 0x8000000000000000000000000000000080000 set
cpu-bind=MASK - nid001189, task 22 22 [144167]: mask 0x40000000000000000000000000000000400000 set
cpu-bind=MASK - nid001189, task  1  1 [144146]: mask 0x200000000000000000000000000000002 set
cpu-bind=MASK - nid001189, task  4  4 [144149]: mask 0x1000000000000000000000000000000010 set
cpu-bind=MASK - nid001189, task 17 17 [144162]: mask 0x2000000000000000000000000000000020000 set
cpu-bind=MASK - nid001189, task 21 21 [144166]: mask 0x20000000000000000000000000000000200000 set
cpu-bind=MASK - nid001189, task 23 23 [144168]: mask 0x80000000000000000000000000000000800000 set
cpu-bind=MASK - nid001189, task 24 24 [144169]: mask 0x100000000000000000000000000000001000000 set
cpu-bind=MASK - nid001189, task 25 25 [144170]: mask 0x200000000000000000000000000000002000000 set
cpu-bind=MASK - nid001189, task 26 26 [144171]: mask 0x400000000000000000000000000000004000000 set
cpu-bind=MASK - nid001189, task 28 28 [144173]: mask 0x1000000000000000000000000000000010000000 set
cpu-bind=MASK - nid001189, task 27 27 [144172]: mask 0x800000000000000000000000000000008000000 set
cpu-bind=MASK - nid001189, task 32 32 [144177]: mask 0x10000000000000000000000000000000100000000 set
cpu-bind=MASK - nid001189, task  9  9 [144154]: mask 0x20000000000000000000000000000000200 set
cpu-bind=MASK - nid001189, task 10 10 [144155]: mask 0x40000000000000000000000000000000400 set
cpu-bind=MASK - nid001189, task 11 11 [144156]: mask 0x80000000000000000000000000000000800 set
cpu-bind=MASK - nid001189, task 29 29 [144174]: mask 0x2000000000000000000000000000000020000000 set
cpu-bind=MASK - nid001189, task 30 30 [144175]: mask 0x4000000000000000000000000000000040000000 set
cpu-bind=MASK - nid001189, task 31 31 [144176]: mask 0x8000000000000000000000000000000080000000 set
cpu-bind=MASK - nid001189, task 33 33 [144178]: mask 0x20000000000000000000000000000000200000000 set
cpu-bind=MASK - nid001189, task 34 34 [144179]: mask 0x40000000000000000000000000000000400000000 set
cpu-bind=MASK - nid001189, task 35 35 [144180]: mask 0x80000000000000000000000000000000800000000 set
cpu-bind=MASK - nid001189, task 37 37 [144182]: mask 0x200000000000000000000000000000002000000000 set
cpu-bind=MASK - nid001189, task 38 38 [144183]: mask 0x400000000000000000000000000000004000000000 set
cpu-bind=MASK - nid001189, task 39 39 [144184]: mask 0x800000000000000000000000000000008000000000 set
cpu-bind=MASK - nid001189, task 36 36 [144181]: mask 0x100000000000000000000000000000001000000000 set
cpu-bind=MASK - nid001189, task 41 41 [144186]: mask 0x2000000000000000000000000000000020000000000 set
cpu-bind=MASK - nid001189, task 50 50 [144195]: mask 0x400000000000000000000000000000004000000000000 set
cpu-bind=MASK - nid001189, task 51 51 [144196]: mask 0x800000000000000000000000000000008000000000000 set
cpu-bind=MASK - nid001189, task 52 52 [144197]: mask 0x1000000000000000000000000000000010000000000000 set
cpu-bind=MASK - nid001189, task 40 40 [144185]: mask 0x1000000000000000000000000000000010000000000 set
cpu-bind=MASK - nid001189, task 55 55 [144200]: mask 0x8000000000000000000000000000000080000000000000 set
cpu-bind=MASK - nid001189, task 56 56 [144201]: mask 0x10000000000000000000000000000000100000000000000 set
cpu-bind=MASK - nid001189, task 57 57 [144202]: mask 0x20000000000000000000000000000000200000000000000 set
cpu-bind=MASK - nid001189, task 61 61 [144206]: mask 0x200000000000000000000000000000002000000000000000 set
cpu-bind=MASK - nid001189, task 62 62 [144207]: mask 0x400000000000000000000000000000004000000000000000 set
cpu-bind=MASK - nid001189, task 63 63 [144208]: mask 0x800000000000000000000000000000008000000000000000 set
cpu-bind=MASK - nid001189, task 48 48 [144193]: mask 0x100000000000000000000000000000001000000000000 set
cpu-bind=MASK - nid001189, task 49 49 [144194]: mask 0x200000000000000000000000000000002000000000000 set
cpu-bind=MASK - nid001189, task 64 64 [144209]: mask 0x1000000000000000000000000000000010000000000000000 set
cpu-bind=MASK - nid001189, task 43 43 [144188]: mask 0x8000000000000000000000000000000080000000000 set
cpu-bind=MASK - nid001189, task 47 47 [144192]: mask 0x80000000000000000000000000000000800000000000 set
cpu-bind=MASK - nid001189, task 53 53 [144198]: mask 0x2000000000000000000000000000000020000000000000 set
cpu-bind=MASK - nid001189, task 42 42 [144187]: mask 0x4000000000000000000000000000000040000000000 set
cpu-bind=MASK - nid001189, task 44 44 [144189]: mask 0x10000000000000000000000000000000100000000000 set
cpu-bind=MASK - nid001189, task 45 45 [144190]: mask 0x20000000000000000000000000000000200000000000 set
cpu-bind=MASK - nid001189, task 46 46 [144191]: mask 0x40000000000000000000000000000000400000000000 set
cpu-bind=MASK - nid001189, task 54 54 [144199]: mask 0x4000000000000000000000000000000040000000000000 set
cpu-bind=MASK - nid001189, task 58 58 [144203]: mask 0x40000000000000000000000000000000400000000000000 set
cpu-bind=MASK - nid001189, task 59 59 [144204]: mask 0x80000000000000000000000000000000800000000000000 set
cpu-bind=MASK - nid001189, task 60 60 [144205]: mask 0x100000000000000000000000000000001000000000000000 set
cpu-bind=MASK - nid001189, task 65 65 [144210]: mask 0x2000000000000000000000000000000020000000000000000 set
cpu-bind=MASK - nid001189, task 71 71 [144216]: mask 0x80000000000000000000000000000000800000000000000000 set
cpu-bind=MASK - nid001189, task 66 66 [144211]: mask 0x4000000000000000000000000000000040000000000000000 set
cpu-bind=MASK - nid001189, task 67 67 [144212]: mask 0x8000000000000000000000000000000080000000000000000 set
cpu-bind=MASK - nid001189, task 68 68 [144213]: mask 0x10000000000000000000000000000000100000000000000000 set
cpu-bind=MASK - nid001189, task 69 69 [144214]: mask 0x20000000000000000000000000000000200000000000000000 set
cpu-bind=MASK - nid001189, task 70 70 [144215]: mask 0x40000000000000000000000000000000400000000000000000 set
cpu-bind=MASK - nid001189, task 72 72 [144217]: mask 0x100000000000000000000000000000001000000000000000000 set
cpu-bind=MASK - nid001189, task 84 84 [144229]: mask 0x100000000000000000000000000000001000000000000000000000 set
cpu-bind=MASK - nid001189, task 73 73 [144218]: mask 0x200000000000000000000000000000002000000000000000000 set
cpu-bind=MASK - nid001189, task 76 76 [144221]: mask 0x1000000000000000000000000000000010000000000000000000 set
cpu-bind=MASK - nid001321, task 128  0 [230490]: mask 0x100000000000000000000000000000001 set
cpu-bind=MASK - nid001189, task 77 77 [144222]: mask 0x2000000000000000000000000000000020000000000000000000 set
cpu-bind=MASK - nid001321, task 129  1 [230491]: mask 0x200000000000000000000000000000002 set
cpu-bind=MASK - nid001189, task 78 78 [144223]: mask 0x4000000000000000000000000000000040000000000000000000 set
cpu-bind=MASK - nid001321, task 130  2 [230492]: mask 0x400000000000000000000000000000004 set
cpu-bind=MASK - nid001189, task 79 79 [144224]: mask 0x8000000000000000000000000000000080000000000000000000 set
cpu-bind=MASK - nid001189, task 74 74 [144219]: mask 0x400000000000000000000000000000004000000000000000000 set
cpu-bind=MASK - nid001321, task 141 13 [230503]: mask 0x200000000000000000000000000000002000 set
cpu-bind=MASK - nid001189, task 75 75 [144220]: mask 0x800000000000000000000000000000008000000000000000000 set
cpu-bind=MASK - nid001189, task 81 81 [144226]: mask 0x20000000000000000000000000000000200000000000000000000 set
cpu-bind=MASK - nid001189, task 82 82 [144227]: mask 0x40000000000000000000000000000000400000000000000000000 set
cpu-bind=MASK - nid001189, task 87 87 [144232]: mask 0x800000000000000000000000000000008000000000000000000000 set
cpu-bind=MASK - nid001189, task 85 85 [144230]: mask 0x200000000000000000000000000000002000000000000000000000 set
cpu-bind=MASK - nid001189, task 83 83 [144228]: mask 0x80000000000000000000000000000000800000000000000000000 set
cpu-bind=MASK - nid001189, task 86 86 [144231]: mask 0x400000000000000000000000000000004000000000000000000000 set
cpu-bind=MASK - nid001189, task 88 88 [144233]: mask 0x1000000000000000000000000000000010000000000000000000000 set
cpu-bind=MASK - nid001189, task 102 102 [144247]: mask 0x4000000000000000000000000000000040000000000000000000000000 set
cpu-bind=MASK - nid001321, task 133  5 [230495]: mask 0x2000000000000000000000000000000020 set
cpu-bind=MASK - nid001189, task 104 104 [144249]: mask 0x10000000000000000000000000000000100000000000000000000000000 set
cpu-bind=MASK - nid001321, task 135  7 [230497]: mask 0x8000000000000000000000000000000080 set
cpu-bind=MASK - nid001189, task 91 91 [144236]: mask 0x8000000000000000000000000000000080000000000000000000000 set
cpu-bind=MASK - nid001189, task 92 92 [144237]: mask 0x10000000000000000000000000000000100000000000000000000000 set
cpu-bind=MASK - nid001321, task 137  9 [230499]: mask 0x20000000000000000000000000000000200 set
cpu-bind=MASK - nid001189, task 97 97 [144242]: mask 0x200000000000000000000000000000002000000000000000000000000 set
cpu-bind=MASK - nid001321, task 139 11 [230501]: mask 0x80000000000000000000000000000000800 set
cpu-bind=MASK - nid001189, task 93 93 [144238]: mask 0x20000000000000000000000000000000200000000000000000000000 set
cpu-bind=MASK - nid001189, task 94 94 [144239]: mask 0x40000000000000000000000000000000400000000000000000000000 set
cpu-bind=MASK - nid001321, task 140 12 [230502]: mask 0x100000000000000000000000000000001000 set
cpu-bind=MASK - nid001321, task 142 14 [230504]: mask 0x400000000000000000000000000000004000 set
cpu-bind=MASK - nid001321, task 143 15 [230505]: mask 0x800000000000000000000000000000008000 set
cpu-bind=MASK - nid001189, task 95 95 [144240]: mask 0x80000000000000000000000000000000800000000000000000000000 set
cpu-bind=MASK - nid001321, task 132  4 [230494]: mask 0x1000000000000000000000000000000010 set
cpu-bind=MASK - nid001321, task 136  8 [230498]: mask 0x10000000000000000000000000000000100 set
cpu-bind=MASK - nid001189, task 80 80 [144225]: mask 0x10000000000000000000000000000000100000000000000000000 set
cpu-bind=MASK - nid001189, task 89 89 [144234]: mask 0x2000000000000000000000000000000020000000000000000000000 set
cpu-bind=MASK - nid001189, task 90 90 [144235]: mask 0x4000000000000000000000000000000040000000000000000000000 set
cpu-bind=MASK - nid001189, task 96 96 [144241]: mask 0x100000000000000000000000000000001000000000000000000000000 set
cpu-bind=MASK - nid001189, task 98 98 [144243]: mask 0x400000000000000000000000000000004000000000000000000000000 set
cpu-bind=MASK - nid001189, task 99 99 [144244]: mask 0x800000000000000000000000000000008000000000000000000000000 set
cpu-bind=MASK - nid001189, task 100 100 [144245]: mask 0x1000000000000000000000000000000010000000000000000000000000 set
cpu-bind=MASK - nid001189, task 101 101 [144246]: mask 0x2000000000000000000000000000000020000000000000000000000000 set
cpu-bind=MASK - nid001189, task 103 103 [144248]: mask 0x8000000000000000000000000000000080000000000000000000000000 set
cpu-bind=MASK - nid001189, task 105 105 [144250]: mask 0x20000000000000000000000000000000200000000000000000000000000 set
cpu-bind=MASK - nid001189, task 126 126 [144271]: mask 0x4000000000000000000000000000000040000000000000000000000000000000 set
cpu-bind=MASK - nid001189, task 106 106 [144251]: mask 0x40000000000000000000000000000000400000000000000000000000000 set
cpu-bind=MASK - nid001189, task 107 107 [144252]: mask 0x80000000000000000000000000000000800000000000000000000000000 set
cpu-bind=MASK - nid001189, task 109 109 [144254]: mask 0x200000000000000000000000000000002000000000000000000000000000 set
cpu-bind=MASK - nid001321, task 134  6 [230496]: mask 0x4000000000000000000000000000000040 set
cpu-bind=MASK - nid001189, task 110 110 [144255]: mask 0x400000000000000000000000000000004000000000000000000000000000 set
cpu-bind=MASK - nid001321, task 138 10 [230500]: mask 0x40000000000000000000000000000000400 set
cpu-bind=MASK - nid001189, task 111 111 [144256]: mask 0x800000000000000000000000000000008000000000000000000000000000 set
cpu-bind=MASK - nid001189, task 112 112 [144257]: mask 0x1000000000000000000000000000000010000000000000000000000000000 set
cpu-bind=MASK - nid001189, task 113 113 [144258]: mask 0x2000000000000000000000000000000020000000000000000000000000000 set
cpu-bind=MASK - nid001189, task 108 108 [144253]: mask 0x100000000000000000000000000000001000000000000000000000000000 set
cpu-bind=MASK - nid001189, task 118 118 [144263]: mask 0x40000000000000000000000000000000400000000000000000000000000000 set
cpu-bind=MASK - nid001189, task 121 121 [144266]: mask 0x200000000000000000000000000000002000000000000000000000000000000 set
cpu-bind=MASK - nid001189, task 115 115 [144260]: mask 0x8000000000000000000000000000000080000000000000000000000000000 set
cpu-bind=MASK - nid001189, task 116 116 [144261]: mask 0x10000000000000000000000000000000100000000000000000000000000000 set
cpu-bind=MASK - nid001321, task 144 16 [230506]: mask 0x1000000000000000000000000000000010000 set
cpu-bind=MASK - nid001189, task 117 117 [144262]: mask 0x20000000000000000000000000000000200000000000000000000000000000 set
cpu-bind=MASK - nid001321, task 145 17 [230507]: mask 0x2000000000000000000000000000000020000 set
cpu-bind=MASK - nid001189, task 120 120 [144265]: mask 0x100000000000000000000000000000001000000000000000000000000000000 set
cpu-bind=MASK - nid001321, task 146 18 [230508]: mask 0x4000000000000000000000000000000040000 set
cpu-bind=MASK - nid001189, task 114 114 [144259]: mask 0x4000000000000000000000000000000040000000000000000000000000000 set
cpu-bind=MASK - nid001189, task 119 119 [144264]: mask 0x80000000000000000000000000000000800000000000000000000000000000 set
cpu-bind=MASK - nid001189, task 122 122 [144267]: mask 0x400000000000000000000000000000004000000000000000000000000000000 set
cpu-bind=MASK - nid001189, task 123 123 [144268]: mask 0x800000000000000000000000000000008000000000000000000000000000000 set
cpu-bind=MASK - nid001189, task 124 124 [144269]: mask 0x1000000000000000000000000000000010000000000000000000000000000000 set
cpu-bind=MASK - nid001189, task 125 125 [144270]: mask 0x2000000000000000000000000000000020000000000000000000000000000000 set
cpu-bind=MASK - nid001189, task 127 127 [144272]: mask 0x8000000000000000000000000000000080000000000000000000000000000000 set
cpu-bind=MASK - nid001321, task 149 21 [230511]: mask 0x20000000000000000000000000000000200000 set
cpu-bind=MASK - nid001321, task 150 22 [230512]: mask 0x40000000000000000000000000000000400000 set
cpu-bind=MASK - nid001321, task 151 23 [230513]: mask 0x80000000000000000000000000000000800000 set
cpu-bind=MASK - nid001321, task 147 19 [230509]: mask 0x8000000000000000000000000000000080000 set
cpu-bind=MASK - nid001321, task 148 20 [230510]: mask 0x10000000000000000000000000000000100000 set
cpu-bind=MASK - nid001321, task 131  3 [230493]: mask 0x800000000000000000000000000000008 set
cpu-bind=MASK - nid001321, task 152 24 [230514]: mask 0x100000000000000000000000000000001000000 set
cpu-bind=MASK - nid001321, task 153 25 [230515]: mask 0x200000000000000000000000000000002000000 set
cpu-bind=MASK - nid001321, task 157 29 [230519]: mask 0x2000000000000000000000000000000020000000 set
cpu-bind=MASK - nid001321, task 155 27 [230517]: mask 0x800000000000000000000000000000008000000 set
cpu-bind=MASK - nid001321, task 158 30 [230520]: mask 0x4000000000000000000000000000000040000000 set
cpu-bind=MASK - nid001321, task 159 31 [230521]: mask 0x8000000000000000000000000000000080000000 set
cpu-bind=MASK - nid001321, task 160 32 [230522]: mask 0x10000000000000000000000000000000100000000 set
cpu-bind=MASK - nid001321, task 156 28 [230518]: mask 0x1000000000000000000000000000000010000000 set
cpu-bind=MASK - nid001321, task 154 26 [230516]: mask 0x400000000000000000000000000000004000000 set
cpu-bind=MASK - nid001321, task 161 33 [230523]: mask 0x20000000000000000000000000000000200000000 set
cpu-bind=MASK - nid001321, task 169 41 [230531]: mask 0x2000000000000000000000000000000020000000000 set
cpu-bind=MASK - nid001321, task 168 40 [230530]: mask 0x1000000000000000000000000000000010000000000 set
cpu-bind=MASK - nid001321, task 170 42 [230532]: mask 0x4000000000000000000000000000000040000000000 set
cpu-bind=MASK - nid001321, task 171 43 [230533]: mask 0x8000000000000000000000000000000080000000000 set
cpu-bind=MASK - nid001321, task 173 45 [230535]: mask 0x20000000000000000000000000000000200000000000 set
cpu-bind=MASK - nid001321, task 174 46 [230536]: mask 0x40000000000000000000000000000000400000000000 set
cpu-bind=MASK - nid001321, task 162 34 [230524]: mask 0x40000000000000000000000000000000400000000 set
cpu-bind=MASK - nid001321, task 163 35 [230525]: mask 0x80000000000000000000000000000000800000000 set
cpu-bind=MASK - nid001321, task 164 36 [230526]: mask 0x100000000000000000000000000000001000000000 set
cpu-bind=MASK - nid001321, task 165 37 [230527]: mask 0x200000000000000000000000000000002000000000 set
cpu-bind=MASK - nid001321, task 166 38 [230528]: mask 0x400000000000000000000000000000004000000000 set
cpu-bind=MASK - nid001321, task 167 39 [230529]: mask 0x800000000000000000000000000000008000000000 set
cpu-bind=MASK - nid001321, task 172 44 [230534]: mask 0x10000000000000000000000000000000100000000000 set
cpu-bind=MASK - nid001321, task 181 53 [230543]: mask 0x2000000000000000000000000000000020000000000000 set
cpu-bind=MASK - nid001321, task 187 59 [230549]: mask 0x80000000000000000000000000000000800000000000000 set
cpu-bind=MASK - nid001321, task 178 50 [230540]: mask 0x400000000000000000000000000000004000000000000 set
cpu-bind=MASK - nid001321, task 180 52 [230542]: mask 0x1000000000000000000000000000000010000000000000 set
cpu-bind=MASK - nid001321, task 177 49 [230539]: mask 0x200000000000000000000000000000002000000000000 set
cpu-bind=MASK - nid001321, task 179 51 [230541]: mask 0x800000000000000000000000000000008000000000000 set
cpu-bind=MASK - nid001321, task 182 54 [230544]: mask 0x4000000000000000000000000000000040000000000000 set
cpu-bind=MASK - nid001321, task 175 47 [230537]: mask 0x80000000000000000000000000000000800000000000 set
cpu-bind=MASK - nid001321, task 176 48 [230538]: mask 0x100000000000000000000000000000001000000000000 set
cpu-bind=MASK - nid001321, task 185 57 [230547]: mask 0x20000000000000000000000000000000200000000000000 set
cpu-bind=MASK - nid001321, task 186 58 [230548]: mask 0x40000000000000000000000000000000400000000000000 set
cpu-bind=MASK - nid001321, task 183 55 [230545]: mask 0x8000000000000000000000000000000080000000000000 set
cpu-bind=MASK - nid001321, task 184 56 [230546]: mask 0x10000000000000000000000000000000100000000000000 set
cpu-bind=MASK - nid001321, task 188 60 [230550]: mask 0x100000000000000000000000000000001000000000000000 set
cpu-bind=MASK - nid001321, task 189 61 [230551]: mask 0x200000000000000000000000000000002000000000000000 set
cpu-bind=MASK - nid001321, task 190 62 [230552]: mask 0x400000000000000000000000000000004000000000000000 set
cpu-bind=MASK - nid001321, task 191 63 [230553]: mask 0x800000000000000000000000000000008000000000000000 set
cpu-bind=MASK - nid001321, task 195 67 [230557]: mask 0x8000000000000000000000000000000080000000000000000 set
cpu-bind=MASK - nid001321, task 194 66 [230556]: mask 0x4000000000000000000000000000000040000000000000000 set
cpu-bind=MASK - nid001321, task 197 69 [230559]: mask 0x20000000000000000000000000000000200000000000000000 set
cpu-bind=MASK - nid001321, task 196 68 [230558]: mask 0x10000000000000000000000000000000100000000000000000 set
cpu-bind=MASK - nid001321, task 198 70 [230560]: mask 0x40000000000000000000000000000000400000000000000000 set
cpu-bind=MASK - nid001321, task 200 72 [230562]: mask 0x100000000000000000000000000000001000000000000000000 set
cpu-bind=MASK - nid001321, task 202 74 [230564]: mask 0x400000000000000000000000000000004000000000000000000 set
cpu-bind=MASK - nid001321, task 203 75 [230565]: mask 0x800000000000000000000000000000008000000000000000000 set
cpu-bind=MASK - nid001321, task 199 71 [230561]: mask 0x80000000000000000000000000000000800000000000000000 set
cpu-bind=MASK - nid001321, task 201 73 [230563]: mask 0x200000000000000000000000000000002000000000000000000 set
cpu-bind=MASK - nid001321, task 204 76 [230566]: mask 0x1000000000000000000000000000000010000000000000000000 set
cpu-bind=MASK - nid001321, task 205 77 [230567]: mask 0x2000000000000000000000000000000020000000000000000000 set
cpu-bind=MASK - nid001321, task 207 79 [230569]: mask 0x8000000000000000000000000000000080000000000000000000 set
cpu-bind=MASK - nid001321, task 192 64 [230554]: mask 0x1000000000000000000000000000000010000000000000000 set
cpu-bind=MASK - nid001321, task 193 65 [230555]: mask 0x2000000000000000000000000000000020000000000000000 set
cpu-bind=MASK - nid001321, task 248 120 [230610]: mask 0x100000000000000000000000000000001000000000000000000000000000000 set
cpu-bind=MASK - nid001321, task 206 78 [230568]: mask 0x4000000000000000000000000000000040000000000000000000 set
cpu-bind=MASK - nid001321, task 211 83 [230573]: mask 0x80000000000000000000000000000000800000000000000000000 set
cpu-bind=MASK - nid001321, task 225 97 [230587]: mask 0x200000000000000000000000000000002000000000000000000000000 set
cpu-bind=MASK - nid001321, task 250 122 [230612]: mask 0x400000000000000000000000000000004000000000000000000000000000000 set
cpu-bind=MASK - nid001321, task 228 100 [230590]: mask 0x1000000000000000000000000000000010000000000000000000000000 set
cpu-bind=MASK - nid001321, task 246 118 [230608]: mask 0x40000000000000000000000000000000400000000000000000000000000000 set
cpu-bind=MASK - nid001321, task 230 102 [230592]: mask 0x4000000000000000000000000000000040000000000000000000000000 set
cpu-bind=MASK - nid001321, task 227 99 [230589]: mask 0x800000000000000000000000000000008000000000000000000000000 set
cpu-bind=MASK - nid001321, task 226 98 [230588]: mask 0x400000000000000000000000000000004000000000000000000000000 set
cpu-bind=MASK - nid001321, task 245 117 [230607]: mask 0x20000000000000000000000000000000200000000000000000000000000000 set
cpu-bind=MASK - nid001321, task 253 125 [230615]: mask 0x2000000000000000000000000000000020000000000000000000000000000000 set
cpu-bind=MASK - nid001321, task 254 126 [230616]: mask 0x4000000000000000000000000000000040000000000000000000000000000000 set
cpu-bind=MASK - nid001321, task 255 127 [230617]: mask 0x8000000000000000000000000000000080000000000000000000000000000000 set
cpu-bind=MASK - nid001321, task 209 81 [230571]: mask 0x20000000000000000000000000000000200000000000000000000 set
cpu-bind=MASK - nid001321, task 232 104 [230594]: mask 0x10000000000000000000000000000000100000000000000000000000000 set
cpu-bind=MASK - nid001321, task 233 105 [230595]: mask 0x20000000000000000000000000000000200000000000000000000000000 set
cpu-bind=MASK - nid001321, task 252 124 [230614]: mask 0x1000000000000000000000000000000010000000000000000000000000000000 set
cpu-bind=MASK - nid001321, task 229 101 [230591]: mask 0x2000000000000000000000000000000020000000000000000000000000 set
cpu-bind=MASK - nid001321, task 236 108 [230598]: mask 0x100000000000000000000000000000001000000000000000000000000000 set
cpu-bind=MASK - nid001321, task 231 103 [230593]: mask 0x8000000000000000000000000000000080000000000000000000000000 set
cpu-bind=MASK - nid001321, task 234 106 [230596]: mask 0x40000000000000000000000000000000400000000000000000000000000 set
cpu-bind=MASK - nid001321, task 235 107 [230597]: mask 0x80000000000000000000000000000000800000000000000000000000000 set
cpu-bind=MASK - nid001321, task 208 80 [230570]: mask 0x10000000000000000000000000000000100000000000000000000 set
cpu-bind=MASK - nid001321, task 244 116 [230606]: mask 0x10000000000000000000000000000000100000000000000000000000000000 set
cpu-bind=MASK - nid001321, task 212 84 [230574]: mask 0x100000000000000000000000000000001000000000000000000000 set
cpu-bind=MASK - nid001321, task 214 86 [230576]: mask 0x400000000000000000000000000000004000000000000000000000 set
cpu-bind=MASK - nid001321, task 216 88 [230578]: mask 0x1000000000000000000000000000000010000000000000000000000 set
cpu-bind=MASK - nid001321, task 217 89 [230579]: mask 0x2000000000000000000000000000000020000000000000000000000 set
cpu-bind=MASK - nid001321, task 218 90 [230580]: mask 0x4000000000000000000000000000000040000000000000000000000 set
cpu-bind=MASK - nid001321, task 219 91 [230581]: mask 0x8000000000000000000000000000000080000000000000000000000 set
cpu-bind=MASK - nid001321, task 220 92 [230582]: mask 0x10000000000000000000000000000000100000000000000000000000 set
cpu-bind=MASK - nid001321, task 221 93 [230583]: mask 0x20000000000000000000000000000000200000000000000000000000 set
cpu-bind=MASK - nid001321, task 240 112 [230602]: mask 0x1000000000000000000000000000000010000000000000000000000000000 set
cpu-bind=MASK - nid001321, task 241 113 [230603]: mask 0x2000000000000000000000000000000020000000000000000000000000000 set
cpu-bind=MASK - nid001321, task 242 114 [230604]: mask 0x4000000000000000000000000000000040000000000000000000000000000 set
cpu-bind=MASK - nid001321, task 243 115 [230605]: mask 0x8000000000000000000000000000000080000000000000000000000000000 set
cpu-bind=MASK - nid001321, task 222 94 [230584]: mask 0x40000000000000000000000000000000400000000000000000000000 set
cpu-bind=MASK - nid001321, task 223 95 [230585]: mask 0x80000000000000000000000000000000800000000000000000000000 set
cpu-bind=MASK - nid001321, task 247 119 [230609]: mask 0x80000000000000000000000000000000800000000000000000000000000000 set
cpu-bind=MASK - nid001321, task 249 121 [230611]: mask 0x200000000000000000000000000000002000000000000000000000000000000 set
cpu-bind=MASK - nid001321, task 210 82 [230572]: mask 0x40000000000000000000000000000000400000000000000000000 set
cpu-bind=MASK - nid001321, task 215 87 [230577]: mask 0x800000000000000000000000000000008000000000000000000000 set
cpu-bind=MASK - nid001321, task 224 96 [230586]: mask 0x100000000000000000000000000000001000000000000000000000000 set
cpu-bind=MASK - nid001321, task 238 110 [230600]: mask 0x400000000000000000000000000000004000000000000000000000000000 set
cpu-bind=MASK - nid001321, task 213 85 [230575]: mask 0x200000000000000000000000000000002000000000000000000000 set
cpu-bind=MASK - nid001321, task 237 109 [230599]: mask 0x200000000000000000000000000000002000000000000000000000000000 set
cpu-bind=MASK - nid001321, task 251 123 [230613]: mask 0x800000000000000000000000000000008000000000000000000000000000000 set
cpu-bind=MASK - nid001321, task 239 111 [230601]: mask 0x800000000000000000000000000000008000000000000000000000000000 set
