
Due to MODULEPATH changes, the following have been reloaded:
  1) cray-mpich/8.1.12


Currently Loaded Modules:
  1) craype-x86-rome                        15) ELPA/2021.11.001
  2) libfabric/1.15.2.0                     16) libxsmm/1.17
  3) craype-network-ofi                     17) libxc/5.1.7
  4) xpmem/2.4.4-2.3_13.8__gff0e1d9.shasta  18) Libint-CP2K/2.6.0
  5) PrgEnv-gnu/8.3.0                       19) cray-hdf5/1.12.0.7
  6) cray-dsmml/0.2.2                       20) GSL/2.7
  7) cray-libsci/21.08.1.2                  21) SpFFT/1.0.5
  8) cray-mpich/8.1.12                      22) SPLA/1.5.2
  9) craype/2.7.13                          23) SIRIUS/7.3.1
 10) gcc/11.2.0                             24) spglib/1.16.3
 11) perftools-base/21.12.0                 25) libvori/210412
 12) cpe/21.12                              26) zlib/.1.2.11       (H)
 13) cpeGNU/21.12                           27) PLUMED/2.7.3
 14) cray-fftw/3.3.8.12

  Where:
   H:  Hidden Module

 

cpu-bind=MASK - nid001070, task  0  0 [40122]: mask 0x100000000000000000000000000000001 set
cpu-bind=MASK - nid001070, task  1  1 [40123]: mask 0x200000000000000000000000000000002 set
cpu-bind=MASK - nid001070, task  2  2 [40124]: mask 0x400000000000000000000000000000004 set
cpu-bind=MASK - nid001070, task 10 10 [40132]: mask 0x40000000000000000000000000000000400 set
cpu-bind=MASK - nid001070, task 11 11 [40133]: mask 0x80000000000000000000000000000000800 set
cpu-bind=MASK - nid001070, task 12 12 [40134]: mask 0x100000000000000000000000000000001000 set
cpu-bind=MASK - nid001070, task  4  4 [40126]: mask 0x1000000000000000000000000000000010 set
cpu-bind=MASK - nid001070, task  5  5 [40127]: mask 0x2000000000000000000000000000000020 set
cpu-bind=MASK - nid001070, task  6  6 [40128]: mask 0x4000000000000000000000000000000040 set
cpu-bind=MASK - nid001070, task  7  7 [40129]: mask 0x8000000000000000000000000000000080 set
cpu-bind=MASK - nid001070, task  8  8 [40130]: mask 0x10000000000000000000000000000000100 set
cpu-bind=MASK - nid001070, task  9  9 [40131]: mask 0x20000000000000000000000000000000200 set
cpu-bind=MASK - nid001070, task 13 13 [40135]: mask 0x200000000000000000000000000000002000 set
cpu-bind=MASK - nid001070, task 15 15 [40137]: mask 0x800000000000000000000000000000008000 set
cpu-bind=MASK - nid001070, task 14 14 [40136]: mask 0x400000000000000000000000000000004000 set
cpu-bind=MASK - nid001070, task 16 16 [40138]: mask 0x1000000000000000000000000000000010000 set
cpu-bind=MASK - nid001070, task 20 20 [40142]: mask 0x10000000000000000000000000000000100000 set
cpu-bind=MASK - nid001070, task  3  3 [40125]: mask 0x800000000000000000000000000000008 set
cpu-bind=MASK - nid001070, task 17 17 [40139]: mask 0x2000000000000000000000000000000020000 set
cpu-bind=MASK - nid001070, task 18 18 [40140]: mask 0x4000000000000000000000000000000040000 set
cpu-bind=MASK - nid001070, task 19 19 [40141]: mask 0x8000000000000000000000000000000080000 set
cpu-bind=MASK - nid001070, task 21 21 [40143]: mask 0x20000000000000000000000000000000200000 set
cpu-bind=MASK - nid001070, task 26 26 [40148]: mask 0x400000000000000000000000000000004000000 set
cpu-bind=MASK - nid001070, task 22 22 [40144]: mask 0x40000000000000000000000000000000400000 set
cpu-bind=MASK - nid001070, task 23 23 [40145]: mask 0x80000000000000000000000000000000800000 set
cpu-bind=MASK - nid001070, task 24 24 [40146]: mask 0x100000000000000000000000000000001000000 set
cpu-bind=MASK - nid001070, task 25 25 [40147]: mask 0x200000000000000000000000000000002000000 set
cpu-bind=MASK - nid001070, task 29 29 [40151]: mask 0x2000000000000000000000000000000020000000 set
cpu-bind=MASK - nid001070, task 27 27 [40149]: mask 0x800000000000000000000000000000008000000 set
cpu-bind=MASK - nid001070, task 28 28 [40150]: mask 0x1000000000000000000000000000000010000000 set
cpu-bind=MASK - nid001070, task 30 30 [40152]: mask 0x4000000000000000000000000000000040000000 set
cpu-bind=MASK - nid001070, task 31 31 [40153]: mask 0x8000000000000000000000000000000080000000 set
cpu-bind=MASK - nid001070, task 32 32 [40154]: mask 0x10000000000000000000000000000000100000000 set
cpu-bind=MASK - nid001070, task 33 33 [40155]: mask 0x20000000000000000000000000000000200000000 set
cpu-bind=MASK - nid001070, task 34 34 [40156]: mask 0x40000000000000000000000000000000400000000 set
cpu-bind=MASK - nid001070, task 35 35 [40157]: mask 0x80000000000000000000000000000000800000000 set
cpu-bind=MASK - nid001070, task 40 40 [40167]: mask 0x1000000000000000000000000000000010000000000 set
cpu-bind=MASK - nid001070, task 54 54 [40181]: mask 0x4000000000000000000000000000000040000000000000 set
cpu-bind=MASK - nid001070, task 53 53 [40180]: mask 0x2000000000000000000000000000000020000000000000 set
cpu-bind=MASK - nid001070, task 55 55 [40182]: mask 0x8000000000000000000000000000000080000000000000 set
cpu-bind=MASK - nid001070, task 41 41 [40168]: mask 0x2000000000000000000000000000000020000000000 set
cpu-bind=MASK - nid001070, task 43 43 [40170]: mask 0x8000000000000000000000000000000080000000000 set
cpu-bind=MASK - nid001070, task 44 44 [40171]: mask 0x10000000000000000000000000000000100000000000 set
cpu-bind=MASK - nid001070, task 42 42 [40169]: mask 0x4000000000000000000000000000000040000000000 set
cpu-bind=MASK - nid001070, task 65 65 [40192]: mask 0x2000000000000000000000000000000020000000000000000 set
cpu-bind=MASK - nid001070, task 45 45 [40172]: mask 0x20000000000000000000000000000000200000000000 set
cpu-bind=MASK - nid001070, task 46 46 [40173]: mask 0x40000000000000000000000000000000400000000000 set
cpu-bind=MASK - nid001070, task 47 47 [40174]: mask 0x80000000000000000000000000000000800000000000 set
cpu-bind=MASK - nid001070, task 48 48 [40175]: mask 0x100000000000000000000000000000001000000000000 set
cpu-bind=MASK - nid001070, task 49 49 [40176]: mask 0x200000000000000000000000000000002000000000000 set
cpu-bind=MASK - nid001070, task 50 50 [40177]: mask 0x400000000000000000000000000000004000000000000 set
cpu-bind=MASK - nid001070, task 51 51 [40178]: mask 0x800000000000000000000000000000008000000000000 set
cpu-bind=MASK - nid001070, task 52 52 [40179]: mask 0x1000000000000000000000000000000010000000000000 set
cpu-bind=MASK - nid001070, task 56 56 [40183]: mask 0x10000000000000000000000000000000100000000000000 set
cpu-bind=MASK - nid001070, task 57 57 [40184]: mask 0x20000000000000000000000000000000200000000000000 set
cpu-bind=MASK - nid001070, task 76 76 [40203]: mask 0x1000000000000000000000000000000010000000000000000000 set
cpu-bind=MASK - nid001070, task 61 61 [40188]: mask 0x200000000000000000000000000000002000000000000000 set
cpu-bind=MASK - nid001070, task 78 78 [40205]: mask 0x4000000000000000000000000000000040000000000000000000 set
cpu-bind=MASK - nid001070, task 58 58 [40185]: mask 0x40000000000000000000000000000000400000000000000 set
cpu-bind=MASK - nid001070, task 59 59 [40186]: mask 0x80000000000000000000000000000000800000000000000 set
cpu-bind=MASK - nid001070, task 60 60 [40187]: mask 0x100000000000000000000000000000001000000000000000 set
cpu-bind=MASK - nid001070, task 62 62 [40189]: mask 0x400000000000000000000000000000004000000000000000 set
cpu-bind=MASK - nid001070, task 63 63 [40190]: mask 0x800000000000000000000000000000008000000000000000 set
cpu-bind=MASK - nid001070, task 64 64 [40191]: mask 0x1000000000000000000000000000000010000000000000000 set
cpu-bind=MASK - nid001070, task 66 66 [40193]: mask 0x4000000000000000000000000000000040000000000000000 set
cpu-bind=MASK - nid001070, task 67 67 [40194]: mask 0x8000000000000000000000000000000080000000000000000 set
cpu-bind=MASK - nid001070, task 71 71 [40198]: mask 0x80000000000000000000000000000000800000000000000000 set
cpu-bind=MASK - nid001070, task 75 75 [40202]: mask 0x800000000000000000000000000000008000000000000000000 set
cpu-bind=MASK - nid001070, task 77 77 [40204]: mask 0x2000000000000000000000000000000020000000000000000000 set
cpu-bind=MASK - nid001070, task 79 79 [40206]: mask 0x8000000000000000000000000000000080000000000000000000 set
cpu-bind=MASK - nid001070, task 68 68 [40195]: mask 0x10000000000000000000000000000000100000000000000000 set
cpu-bind=MASK - nid001070, task 70 70 [40197]: mask 0x40000000000000000000000000000000400000000000000000 set
cpu-bind=MASK - nid001070, task 72 72 [40199]: mask 0x100000000000000000000000000000001000000000000000000 set
cpu-bind=MASK - nid001070, task 74 74 [40201]: mask 0x400000000000000000000000000000004000000000000000000 set
cpu-bind=MASK - nid001070, task 91 91 [40218]: mask 0x8000000000000000000000000000000080000000000000000000000 set
cpu-bind=MASK - nid001070, task 69 69 [40196]: mask 0x20000000000000000000000000000000200000000000000000 set
cpu-bind=MASK - nid001070, task 73 73 [40200]: mask 0x200000000000000000000000000000002000000000000000000 set
cpu-bind=MASK - nid001070, task 90 90 [40217]: mask 0x4000000000000000000000000000000040000000000000000000000 set
cpu-bind=MASK - nid001070, task 80 80 [40207]: mask 0x10000000000000000000000000000000100000000000000000000 set
cpu-bind=MASK - nid001070, task 92 92 [40219]: mask 0x10000000000000000000000000000000100000000000000000000000 set
cpu-bind=MASK - nid001070, task 37 37 [40159]: mask 0x200000000000000000000000000000002000000000 set
cpu-bind=MASK - nid001070, task 83 83 [40210]: mask 0x80000000000000000000000000000000800000000000000000000 set
cpu-bind=MASK - nid001070, task 38 38 [40160]: mask 0x400000000000000000000000000000004000000000 set
cpu-bind=MASK - nid001070, task 81 81 [40208]: mask 0x20000000000000000000000000000000200000000000000000000 set
cpu-bind=MASK - nid001070, task 36 36 [40158]: mask 0x100000000000000000000000000000001000000000 set
cpu-bind=MASK - nid001070, task 39 39 [40161]: mask 0x800000000000000000000000000000008000000000 set
cpu-bind=MASK - nid001070, task 82 82 [40209]: mask 0x40000000000000000000000000000000400000000000000000000 set
cpu-bind=MASK - nid001070, task 88 88 [40215]: mask 0x1000000000000000000000000000000010000000000000000000000 set
cpu-bind=MASK - nid001070, task 94 94 [40221]: mask 0x40000000000000000000000000000000400000000000000000000000 set
cpu-bind=MASK - nid001070, task 93 93 [40220]: mask 0x20000000000000000000000000000000200000000000000000000000 set
cpu-bind=MASK - nid001070, task 114 114 [40241]: mask 0x4000000000000000000000000000000040000000000000000000000000000 set
cpu-bind=MASK - nid001070, task 85 85 [40212]: mask 0x200000000000000000000000000000002000000000000000000000 set
cpu-bind=MASK - nid001070, task 86 86 [40213]: mask 0x400000000000000000000000000000004000000000000000000000 set
cpu-bind=MASK - nid001070, task 89 89 [40216]: mask 0x2000000000000000000000000000000020000000000000000000000 set
cpu-bind=MASK - nid001070, task 99 99 [40226]: mask 0x800000000000000000000000000000008000000000000000000000000 set
cpu-bind=MASK - nid001070, task 84 84 [40211]: mask 0x100000000000000000000000000000001000000000000000000000 set
cpu-bind=MASK - nid001070, task 87 87 [40214]: mask 0x800000000000000000000000000000008000000000000000000000 set
cpu-bind=MASK - nid001070, task 96 96 [40223]: mask 0x100000000000000000000000000000001000000000000000000000000 set
cpu-bind=MASK - nid001070, task 100 100 [40227]: mask 0x1000000000000000000000000000000010000000000000000000000000 set
cpu-bind=MASK - nid001070, task 101 101 [40228]: mask 0x2000000000000000000000000000000020000000000000000000000000 set
cpu-bind=MASK - nid001070, task 103 103 [40230]: mask 0x8000000000000000000000000000000080000000000000000000000000 set
cpu-bind=MASK - nid001070, task 95 95 [40222]: mask 0x80000000000000000000000000000000800000000000000000000000 set
cpu-bind=MASK - nid001070, task 102 102 [40229]: mask 0x4000000000000000000000000000000040000000000000000000000000 set
cpu-bind=MASK - nid001070, task 97 97 [40224]: mask 0x200000000000000000000000000000002000000000000000000000000 set
cpu-bind=MASK - nid001070, task 98 98 [40225]: mask 0x400000000000000000000000000000004000000000000000000000000 set
cpu-bind=MASK - nid001070, task 115 115 [40242]: mask 0x8000000000000000000000000000000080000000000000000000000000000 set
cpu-bind=MASK - nid001070, task 126 126 [40253]: mask 0x4000000000000000000000000000000040000000000000000000000000000000 set
cpu-bind=MASK - nid001070, task 127 127 [40254]: mask 0x8000000000000000000000000000000080000000000000000000000000000000 set
cpu-bind=MASK - nid001070, task 105 105 [40232]: mask 0x20000000000000000000000000000000200000000000000000000000000 set
cpu-bind=MASK - nid001070, task 109 109 [40236]: mask 0x200000000000000000000000000000002000000000000000000000000000 set
cpu-bind=MASK - nid001070, task 104 104 [40231]: mask 0x10000000000000000000000000000000100000000000000000000000000 set
cpu-bind=MASK - nid001070, task 106 106 [40233]: mask 0x40000000000000000000000000000000400000000000000000000000000 set
cpu-bind=MASK - nid001070, task 107 107 [40234]: mask 0x80000000000000000000000000000000800000000000000000000000000 set
cpu-bind=MASK - nid001070, task 108 108 [40235]: mask 0x100000000000000000000000000000001000000000000000000000000000 set
cpu-bind=MASK - nid001070, task 110 110 [40237]: mask 0x400000000000000000000000000000004000000000000000000000000000 set
cpu-bind=MASK - nid001070, task 111 111 [40238]: mask 0x800000000000000000000000000000008000000000000000000000000000 set
cpu-bind=MASK - nid001070, task 112 112 [40239]: mask 0x1000000000000000000000000000000010000000000000000000000000000 set
cpu-bind=MASK - nid001070, task 113 113 [40240]: mask 0x2000000000000000000000000000000020000000000000000000000000000 set
cpu-bind=MASK - nid001070, task 116 116 [40243]: mask 0x10000000000000000000000000000000100000000000000000000000000000 set
cpu-bind=MASK - nid001070, task 117 117 [40244]: mask 0x20000000000000000000000000000000200000000000000000000000000000 set
cpu-bind=MASK - nid001070, task 118 118 [40245]: mask 0x40000000000000000000000000000000400000000000000000000000000000 set
cpu-bind=MASK - nid001070, task 119 119 [40246]: mask 0x80000000000000000000000000000000800000000000000000000000000000 set
cpu-bind=MASK - nid001070, task 120 120 [40247]: mask 0x100000000000000000000000000000001000000000000000000000000000000 set
cpu-bind=MASK - nid001070, task 121 121 [40248]: mask 0x200000000000000000000000000000002000000000000000000000000000000 set
cpu-bind=MASK - nid001070, task 122 122 [40249]: mask 0x400000000000000000000000000000004000000000000000000000000000000 set
cpu-bind=MASK - nid001070, task 123 123 [40250]: mask 0x800000000000000000000000000000008000000000000000000000000000000 set
cpu-bind=MASK - nid001070, task 124 124 [40251]: mask 0x1000000000000000000000000000000010000000000000000000000000000000 set
cpu-bind=MASK - nid001070, task 125 125 [40252]: mask 0x2000000000000000000000000000000020000000000000000000000000000000 set
cpu-bind=MASK - nid001093, task 130  2 [107461]: mask 0x400000000000000000000000000000004 set
cpu-bind=MASK - nid001093, task 131  3 [107462]: mask 0x800000000000000000000000000000008 set
cpu-bind=MASK - nid001093, task 128  0 [107459]: mask 0x100000000000000000000000000000001 set
cpu-bind=MASK - nid001093, task 132  4 [107463]: mask 0x1000000000000000000000000000000010 set
cpu-bind=MASK - nid001093, task 133  5 [107464]: mask 0x2000000000000000000000000000000020 set
cpu-bind=MASK - nid001093, task 139 11 [107470]: mask 0x80000000000000000000000000000000800 set
cpu-bind=MASK - nid001093, task 134  6 [107465]: mask 0x4000000000000000000000000000000040 set
cpu-bind=MASK - nid001093, task 135  7 [107466]: mask 0x8000000000000000000000000000000080 set
cpu-bind=MASK - nid001093, task 140 12 [107471]: mask 0x100000000000000000000000000000001000 set
cpu-bind=MASK - nid001093, task 129  1 [107460]: mask 0x200000000000000000000000000000002 set
cpu-bind=MASK - nid001093, task 144 16 [107475]: mask 0x1000000000000000000000000000000010000 set
cpu-bind=MASK - nid001093, task 146 18 [107477]: mask 0x4000000000000000000000000000000040000 set
cpu-bind=MASK - nid001093, task 136  8 [107467]: mask 0x10000000000000000000000000000000100 set
cpu-bind=MASK - nid001093, task 137  9 [107468]: mask 0x20000000000000000000000000000000200 set
cpu-bind=MASK - nid001093, task 138 10 [107469]: mask 0x40000000000000000000000000000000400 set
cpu-bind=MASK - nid001093, task 141 13 [107472]: mask 0x200000000000000000000000000000002000 set
cpu-bind=MASK - nid001093, task 142 14 [107473]: mask 0x400000000000000000000000000000004000 set
cpu-bind=MASK - nid001093, task 143 15 [107474]: mask 0x800000000000000000000000000000008000 set
cpu-bind=MASK - nid001093, task 145 17 [107476]: mask 0x2000000000000000000000000000000020000 set
cpu-bind=MASK - nid001093, task 148 20 [107479]: mask 0x10000000000000000000000000000000100000 set
cpu-bind=MASK - nid001093, task 149 21 [107480]: mask 0x20000000000000000000000000000000200000 set
cpu-bind=MASK - nid001093, task 150 22 [107481]: mask 0x40000000000000000000000000000000400000 set
cpu-bind=MASK - nid001093, task 151 23 [107482]: mask 0x80000000000000000000000000000000800000 set
cpu-bind=MASK - nid001093, task 152 24 [107483]: mask 0x100000000000000000000000000000001000000 set
cpu-bind=MASK - nid001093, task 154 26 [107485]: mask 0x400000000000000000000000000000004000000 set
cpu-bind=MASK - nid001093, task 155 27 [107486]: mask 0x800000000000000000000000000000008000000 set
cpu-bind=MASK - nid001093, task 156 28 [107487]: mask 0x1000000000000000000000000000000010000000 set
cpu-bind=MASK - nid001093, task 157 29 [107488]: mask 0x2000000000000000000000000000000020000000 set
cpu-bind=MASK - nid001093, task 158 30 [107489]: mask 0x4000000000000000000000000000000040000000 set
cpu-bind=MASK - nid001093, task 153 25 [107484]: mask 0x200000000000000000000000000000002000000 set
cpu-bind=MASK - nid001093, task 159 31 [107490]: mask 0x8000000000000000000000000000000080000000 set
cpu-bind=MASK - nid001093, task 162 34 [107493]: mask 0x40000000000000000000000000000000400000000 set
cpu-bind=MASK - nid001093, task 202 74 [107533]: mask 0x400000000000000000000000000000004000000000000000000 set
cpu-bind=MASK - nid001093, task 223 95 [107554]: mask 0x80000000000000000000000000000000800000000000000000000000 set
cpu-bind=MASK - nid001093, task 172 44 [107503]: mask 0x10000000000000000000000000000000100000000000 set
cpu-bind=MASK - nid001093, task 168 40 [107499]: mask 0x1000000000000000000000000000000010000000000 set
cpu-bind=MASK - nid001093, task 166 38 [107497]: mask 0x400000000000000000000000000000004000000000 set
cpu-bind=MASK - nid001093, task 171 43 [107502]: mask 0x8000000000000000000000000000000080000000000 set
cpu-bind=MASK - nid001093, task 164 36 [107495]: mask 0x100000000000000000000000000000001000000000 set
cpu-bind=MASK - nid001093, task 173 45 [107504]: mask 0x20000000000000000000000000000000200000000000 set
cpu-bind=MASK - nid001093, task 147 19 [107478]: mask 0x8000000000000000000000000000000080000 set
cpu-bind=MASK - nid001093, task 160 32 [107491]: mask 0x10000000000000000000000000000000100000000 set
cpu-bind=MASK - nid001093, task 161 33 [107492]: mask 0x20000000000000000000000000000000200000000 set
cpu-bind=MASK - nid001093, task 174 46 [107505]: mask 0x40000000000000000000000000000000400000000000 set
cpu-bind=MASK - nid001093, task 175 47 [107506]: mask 0x80000000000000000000000000000000800000000000 set
cpu-bind=MASK - nid001093, task 177 49 [107508]: mask 0x200000000000000000000000000000002000000000000 set
cpu-bind=MASK - nid001093, task 209 81 [107540]: mask 0x20000000000000000000000000000000200000000000000000000 set
cpu-bind=MASK - nid001093, task 176 48 [107507]: mask 0x100000000000000000000000000000001000000000000 set
cpu-bind=MASK - nid001093, task 252 124 [107583]: mask 0x1000000000000000000000000000000010000000000000000000000000000000 set
cpu-bind=MASK - nid001093, task 170 42 [107501]: mask 0x4000000000000000000000000000000040000000000 set
cpu-bind=MASK - nid001093, task 167 39 [107498]: mask 0x800000000000000000000000000000008000000000 set
cpu-bind=MASK - nid001093, task 165 37 [107496]: mask 0x200000000000000000000000000000002000000000 set
cpu-bind=MASK - nid001093, task 254 126 [107585]: mask 0x4000000000000000000000000000000040000000000000000000000000000000 set
cpu-bind=MASK - nid001093, task 163 35 [107494]: mask 0x80000000000000000000000000000000800000000 set
cpu-bind=MASK - nid001093, task 193 65 [107524]: mask 0x2000000000000000000000000000000020000000000000000 set
cpu-bind=MASK - nid001093, task 227 99 [107558]: mask 0x800000000000000000000000000000008000000000000000000000000 set
cpu-bind=MASK - nid001093, task 246 118 [107577]: mask 0x40000000000000000000000000000000400000000000000000000000000000 set
cpu-bind=MASK - nid001093, task 247 119 [107578]: mask 0x80000000000000000000000000000000800000000000000000000000000000 set
cpu-bind=MASK - nid001093, task 248 120 [107579]: mask 0x100000000000000000000000000000001000000000000000000000000000000 set
cpu-bind=MASK - nid001093, task 241 113 [107572]: mask 0x2000000000000000000000000000000020000000000000000000000000000 set
cpu-bind=MASK - nid001093, task 188 60 [107519]: mask 0x100000000000000000000000000000001000000000000000 set
cpu-bind=MASK - nid001093, task 253 125 [107584]: mask 0x2000000000000000000000000000000020000000000000000000000000000000 set
cpu-bind=MASK - nid001093, task 251 123 [107582]: mask 0x800000000000000000000000000000008000000000000000000000000000000 set
cpu-bind=MASK - nid001093, task 244 116 [107575]: mask 0x10000000000000000000000000000000100000000000000000000000000000 set
cpu-bind=MASK - nid001093, task 250 122 [107581]: mask 0x400000000000000000000000000000004000000000000000000000000000000 set
cpu-bind=MASK - nid001093, task 249 121 [107580]: mask 0x200000000000000000000000000000002000000000000000000000000000000 set
cpu-bind=MASK - nid001093, task 245 117 [107576]: mask 0x20000000000000000000000000000000200000000000000000000000000000 set
cpu-bind=MASK - nid001093, task 255 127 [107586]: mask 0x8000000000000000000000000000000080000000000000000000000000000000 set
cpu-bind=MASK - nid001093, task 243 115 [107574]: mask 0x8000000000000000000000000000000080000000000000000000000000000 set
cpu-bind=MASK - nid001093, task 204 76 [107535]: mask 0x1000000000000000000000000000000010000000000000000000 set
cpu-bind=MASK - nid001093, task 218 90 [107549]: mask 0x4000000000000000000000000000000040000000000000000000000 set
cpu-bind=MASK - nid001093, task 222 94 [107553]: mask 0x40000000000000000000000000000000400000000000000000000000 set
cpu-bind=MASK - nid001093, task 215 87 [107546]: mask 0x800000000000000000000000000000008000000000000000000000 set
cpu-bind=MASK - nid001093, task 219 91 [107550]: mask 0x8000000000000000000000000000000080000000000000000000000 set
cpu-bind=MASK - nid001093, task 220 92 [107551]: mask 0x10000000000000000000000000000000100000000000000000000000 set
cpu-bind=MASK - nid001093, task 224 96 [107555]: mask 0x100000000000000000000000000000001000000000000000000000000 set
cpu-bind=MASK - nid001093, task 225 97 [107556]: mask 0x200000000000000000000000000000002000000000000000000000000 set
cpu-bind=MASK - nid001093, task 235 107 [107566]: mask 0x80000000000000000000000000000000800000000000000000000000000 set
cpu-bind=MASK - nid001093, task 178 50 [107509]: mask 0x400000000000000000000000000000004000000000000 set
cpu-bind=MASK - nid001093, task 226 98 [107557]: mask 0x400000000000000000000000000000004000000000000000000000000 set
cpu-bind=MASK - nid001093, task 199 71 [107530]: mask 0x80000000000000000000000000000000800000000000000000 set
cpu-bind=MASK - nid001093, task 185 57 [107516]: mask 0x20000000000000000000000000000000200000000000000 set
cpu-bind=MASK - nid001093, task 198 70 [107529]: mask 0x40000000000000000000000000000000400000000000000000 set
cpu-bind=MASK - nid001093, task 217 89 [107548]: mask 0x2000000000000000000000000000000020000000000000000000000 set
cpu-bind=MASK - nid001093, task 229 101 [107560]: mask 0x2000000000000000000000000000000020000000000000000000000000 set
cpu-bind=MASK - nid001093, task 232 104 [107563]: mask 0x10000000000000000000000000000000100000000000000000000000000 set
cpu-bind=MASK - nid001093, task 192 64 [107523]: mask 0x1000000000000000000000000000000010000000000000000 set
cpu-bind=MASK - nid001093, task 194 66 [107525]: mask 0x4000000000000000000000000000000040000000000000000 set
cpu-bind=MASK - nid001093, task 196 68 [107527]: mask 0x10000000000000000000000000000000100000000000000000 set
cpu-bind=MASK - nid001093, task 169 41 [107500]: mask 0x2000000000000000000000000000000020000000000 set
cpu-bind=MASK - nid001093, task 187 59 [107518]: mask 0x80000000000000000000000000000000800000000000000 set
cpu-bind=MASK - nid001093, task 190 62 [107521]: mask 0x400000000000000000000000000000004000000000000000 set
cpu-bind=MASK - nid001093, task 239 111 [107570]: mask 0x800000000000000000000000000000008000000000000000000000000000 set
cpu-bind=MASK - nid001093, task 208 80 [107539]: mask 0x10000000000000000000000000000000100000000000000000000 set
cpu-bind=MASK - nid001093, task 221 93 [107552]: mask 0x20000000000000000000000000000000200000000000000000000000 set
cpu-bind=MASK - nid001093, task 189 61 [107520]: mask 0x200000000000000000000000000000002000000000000000 set
cpu-bind=MASK - nid001093, task 195 67 [107526]: mask 0x8000000000000000000000000000000080000000000000000 set
cpu-bind=MASK - nid001093, task 206 78 [107537]: mask 0x4000000000000000000000000000000040000000000000000000 set
cpu-bind=MASK - nid001093, task 216 88 [107547]: mask 0x1000000000000000000000000000000010000000000000000000000 set
cpu-bind=MASK - nid001093, task 182 54 [107513]: mask 0x4000000000000000000000000000000040000000000000 set
cpu-bind=MASK - nid001093, task 197 69 [107528]: mask 0x20000000000000000000000000000000200000000000000000 set
cpu-bind=MASK - nid001093, task 203 75 [107534]: mask 0x800000000000000000000000000000008000000000000000000 set
cpu-bind=MASK - nid001093, task 186 58 [107517]: mask 0x40000000000000000000000000000000400000000000000 set
cpu-bind=MASK - nid001093, task 201 73 [107532]: mask 0x200000000000000000000000000000002000000000000000000 set
cpu-bind=MASK - nid001093, task 230 102 [107561]: mask 0x4000000000000000000000000000000040000000000000000000000000 set
cpu-bind=MASK - nid001093, task 242 114 [107573]: mask 0x4000000000000000000000000000000040000000000000000000000000000 set
cpu-bind=MASK - nid001093, task 200 72 [107531]: mask 0x100000000000000000000000000000001000000000000000000 set
cpu-bind=MASK - nid001093, task 231 103 [107562]: mask 0x8000000000000000000000000000000080000000000000000000000000 set
cpu-bind=MASK - nid001093, task 240 112 [107571]: mask 0x1000000000000000000000000000000010000000000000000000000000000 set
cpu-bind=MASK - nid001093, task 184 56 [107515]: mask 0x10000000000000000000000000000000100000000000000 set
cpu-bind=MASK - nid001093, task 236 108 [107567]: mask 0x100000000000000000000000000000001000000000000000000000000000 set
cpu-bind=MASK - nid001093, task 191 63 [107522]: mask 0x800000000000000000000000000000008000000000000000 set
cpu-bind=MASK - nid001093, task 207 79 [107538]: mask 0x8000000000000000000000000000000080000000000000000000 set
cpu-bind=MASK - nid001093, task 214 86 [107545]: mask 0x400000000000000000000000000000004000000000000000000000 set
cpu-bind=MASK - nid001093, task 237 109 [107568]: mask 0x200000000000000000000000000000002000000000000000000000000000 set
cpu-bind=MASK - nid001093, task 210 82 [107541]: mask 0x40000000000000000000000000000000400000000000000000000 set
cpu-bind=MASK - nid001093, task 228 100 [107559]: mask 0x1000000000000000000000000000000010000000000000000000000000 set
cpu-bind=MASK - nid001093, task 180 52 [107511]: mask 0x1000000000000000000000000000000010000000000000 set
cpu-bind=MASK - nid001093, task 234 106 [107565]: mask 0x40000000000000000000000000000000400000000000000000000000000 set
cpu-bind=MASK - nid001093, task 183 55 [107514]: mask 0x8000000000000000000000000000000080000000000000 set
cpu-bind=MASK - nid001093, task 213 85 [107544]: mask 0x200000000000000000000000000000002000000000000000000000 set
cpu-bind=MASK - nid001093, task 238 110 [107569]: mask 0x400000000000000000000000000000004000000000000000000000000000 set
cpu-bind=MASK - nid001093, task 179 51 [107510]: mask 0x800000000000000000000000000000008000000000000 set
cpu-bind=MASK - nid001093, task 211 83 [107542]: mask 0x80000000000000000000000000000000800000000000000000000 set
cpu-bind=MASK - nid001093, task 212 84 [107543]: mask 0x100000000000000000000000000000001000000000000000000000 set
cpu-bind=MASK - nid001093, task 233 105 [107564]: mask 0x20000000000000000000000000000000200000000000000000000000000 set
cpu-bind=MASK - nid001093, task 181 53 [107512]: mask 0x2000000000000000000000000000000020000000000000 set
cpu-bind=MASK - nid001093, task 205 77 [107536]: mask 0x2000000000000000000000000000000020000000000000000000 set
