
Due to MODULEPATH changes, the following have been reloaded:
  1) cray-mpich/8.1.12


Currently Loaded Modules:
  1) craype-x86-rome                        15) ELPA/2021.11.001
  2) libfabric/1.15.2.0                     16) libxsmm/1.17
  3) craype-network-ofi                     17) libxc/5.1.7
  4) xpmem/2.4.4-2.3_13.8__gff0e1d9.shasta  18) Libint-CP2K/2.6.0
  5) PrgEnv-gnu/8.3.0                       19) cray-hdf5/1.12.0.7
  6) cray-dsmml/0.2.2                       20) GSL/2.7
  7) cray-libsci/21.08.1.2                  21) SpFFT/1.0.5
  8) cray-mpich/8.1.12                      22) SPLA/1.5.2
  9) craype/2.7.13                          23) SIRIUS/7.3.1
 10) gcc/11.2.0                             24) spglib/1.16.3
 11) perftools-base/21.12.0                 25) libvori/210412
 12) cpe/21.12                              26) zlib/.1.2.11       (H)
 13) cpeGNU/21.12                           27) PLUMED/2.7.3
 14) cray-fftw/3.3.8.12

  Where:
   H:  Hidden Module

 

cpu-bind=MASK - nid001070, task  0  0 [38941]: mask 0x100000000000000000000000000000001 set
cpu-bind=MASK - nid001070, task  2  2 [38943]: mask 0x400000000000000000000000000000004 set
cpu-bind=MASK - nid001070, task  1  1 [38942]: mask 0x200000000000000000000000000000002 set
cpu-bind=MASK - nid001070, task  5  5 [38946]: mask 0x2000000000000000000000000000000020 set
cpu-bind=MASK - nid001070, task  9  9 [38950]: mask 0x20000000000000000000000000000000200 set
cpu-bind=MASK - nid001070, task 13 13 [38954]: mask 0x200000000000000000000000000000002000 set
cpu-bind=MASK - nid001070, task  3  3 [38944]: mask 0x800000000000000000000000000000008 set
cpu-bind=MASK - nid001070, task  4  4 [38945]: mask 0x1000000000000000000000000000000010 set
cpu-bind=MASK - nid001070, task  6  6 [38947]: mask 0x4000000000000000000000000000000040 set
cpu-bind=MASK - nid001070, task  7  7 [38948]: mask 0x8000000000000000000000000000000080 set
cpu-bind=MASK - nid001070, task 10 10 [38951]: mask 0x40000000000000000000000000000000400 set
cpu-bind=MASK - nid001070, task 11 11 [38952]: mask 0x80000000000000000000000000000000800 set
cpu-bind=MASK - nid001070, task 12 12 [38953]: mask 0x100000000000000000000000000000001000 set
cpu-bind=MASK - nid001070, task  8  8 [38949]: mask 0x10000000000000000000000000000000100 set
cpu-bind=MASK - nid001070, task 14 14 [38955]: mask 0x400000000000000000000000000000004000 set
cpu-bind=MASK - nid001070, task 16 16 [38957]: mask 0x1000000000000000000000000000000010000 set
cpu-bind=MASK - nid001070, task 15 15 [38956]: mask 0x800000000000000000000000000000008000 set
cpu-bind=MASK - nid001070, task 17 17 [38958]: mask 0x2000000000000000000000000000000020000 set
cpu-bind=MASK - nid001070, task 19 19 [38960]: mask 0x8000000000000000000000000000000080000 set
cpu-bind=MASK - nid001070, task 20 20 [38961]: mask 0x10000000000000000000000000000000100000 set
cpu-bind=MASK - nid001070, task 18 18 [38959]: mask 0x4000000000000000000000000000000040000 set
cpu-bind=MASK - nid001070, task 21 21 [38962]: mask 0x20000000000000000000000000000000200000 set
cpu-bind=MASK - nid001070, task 22 22 [38963]: mask 0x40000000000000000000000000000000400000 set
cpu-bind=MASK - nid001070, task 25 25 [38966]: mask 0x200000000000000000000000000000002000000 set
cpu-bind=MASK - nid001070, task 30 30 [38971]: mask 0x4000000000000000000000000000000040000000 set
cpu-bind=MASK - nid001070, task 31 31 [38972]: mask 0x8000000000000000000000000000000080000000 set
cpu-bind=MASK - nid001070, task 39 39 [38980]: mask 0x800000000000000000000000000000008000000000 set
cpu-bind=MASK - nid001070, task 26 26 [38967]: mask 0x400000000000000000000000000000004000000 set
cpu-bind=MASK - nid001070, task 29 29 [38970]: mask 0x2000000000000000000000000000000020000000 set
cpu-bind=MASK - nid001070, task 35 35 [38976]: mask 0x80000000000000000000000000000000800000000 set
cpu-bind=MASK - nid001070, task 38 38 [38979]: mask 0x400000000000000000000000000000004000000000 set
cpu-bind=MASK - nid001070, task 40 40 [38981]: mask 0x1000000000000000000000000000000010000000000 set
cpu-bind=MASK - nid001070, task 34 34 [38975]: mask 0x40000000000000000000000000000000400000000 set
cpu-bind=MASK - nid001070, task 32 32 [38973]: mask 0x10000000000000000000000000000000100000000 set
cpu-bind=MASK - nid001070, task 33 33 [38974]: mask 0x20000000000000000000000000000000200000000 set
cpu-bind=MASK - nid001070, task 36 36 [38977]: mask 0x100000000000000000000000000000001000000000 set
cpu-bind=MASK - nid001070, task 37 37 [38978]: mask 0x200000000000000000000000000000002000000000 set
cpu-bind=MASK - nid001070, task 44 44 [38985]: mask 0x10000000000000000000000000000000100000000000 set
cpu-bind=MASK - nid001070, task 46 46 [38987]: mask 0x40000000000000000000000000000000400000000000 set
cpu-bind=MASK - nid001070, task 48 48 [38989]: mask 0x100000000000000000000000000000001000000000000 set
cpu-bind=MASK - nid001070, task 42 42 [38983]: mask 0x4000000000000000000000000000000040000000000 set
cpu-bind=MASK - nid001070, task 41 41 [38982]: mask 0x2000000000000000000000000000000020000000000 set
cpu-bind=MASK - nid001070, task 45 45 [38986]: mask 0x20000000000000000000000000000000200000000000 set
cpu-bind=MASK - nid001070, task 43 43 [38984]: mask 0x8000000000000000000000000000000080000000000 set
cpu-bind=MASK - nid001070, task 47 47 [38988]: mask 0x80000000000000000000000000000000800000000000 set
cpu-bind=MASK - nid001070, task 49 49 [38990]: mask 0x200000000000000000000000000000002000000000000 set
cpu-bind=MASK - nid001070, task 50 50 [38991]: mask 0x400000000000000000000000000000004000000000000 set
cpu-bind=MASK - nid001070, task 54 54 [38995]: mask 0x4000000000000000000000000000000040000000000000 set
cpu-bind=MASK - nid001070, task 56 56 [38997]: mask 0x10000000000000000000000000000000100000000000000 set
cpu-bind=MASK - nid001070, task 51 51 [38992]: mask 0x800000000000000000000000000000008000000000000 set
cpu-bind=MASK - nid001070, task 53 53 [38994]: mask 0x2000000000000000000000000000000020000000000000 set
cpu-bind=MASK - nid001070, task 52 52 [38993]: mask 0x1000000000000000000000000000000010000000000000 set
cpu-bind=MASK - nid001070, task 55 55 [38996]: mask 0x8000000000000000000000000000000080000000000000 set
cpu-bind=MASK - nid001093, task 128  0 [106285]: mask 0x100000000000000000000000000000001 set
cpu-bind=MASK - nid001093, task 129  1 [106286]: mask 0x200000000000000000000000000000002 set
cpu-bind=MASK - nid001093, task 130  2 [106287]: mask 0x400000000000000000000000000000004 set
cpu-bind=MASK - nid001093, task 136  8 [106293]: mask 0x10000000000000000000000000000000100 set
cpu-bind=MASK - nid001093, task 134  6 [106291]: mask 0x4000000000000000000000000000000040 set
cpu-bind=MASK - nid001093, task 135  7 [106292]: mask 0x8000000000000000000000000000000080 set
cpu-bind=MASK - nid001093, task 137  9 [106294]: mask 0x20000000000000000000000000000000200 set
cpu-bind=MASK - nid001093, task 138 10 [106295]: mask 0x40000000000000000000000000000000400 set
cpu-bind=MASK - nid001093, task 139 11 [106296]: mask 0x80000000000000000000000000000000800 set
cpu-bind=MASK - nid001093, task 140 12 [106297]: mask 0x100000000000000000000000000000001000 set
cpu-bind=MASK - nid001093, task 141 13 [106298]: mask 0x200000000000000000000000000000002000 set
cpu-bind=MASK - nid001093, task 149 21 [106306]: mask 0x20000000000000000000000000000000200000 set
cpu-bind=MASK - nid001093, task 132  4 [106289]: mask 0x1000000000000000000000000000000010 set
cpu-bind=MASK - nid001093, task 133  5 [106290]: mask 0x2000000000000000000000000000000020 set
cpu-bind=MASK - nid001093, task 142 14 [106299]: mask 0x400000000000000000000000000000004000 set
cpu-bind=MASK - nid001093, task 143 15 [106300]: mask 0x800000000000000000000000000000008000 set
cpu-bind=MASK - nid001093, task 144 16 [106301]: mask 0x1000000000000000000000000000000010000 set
cpu-bind=MASK - nid001093, task 145 17 [106302]: mask 0x2000000000000000000000000000000020000 set
cpu-bind=MASK - nid001093, task 146 18 [106303]: mask 0x4000000000000000000000000000000040000 set
cpu-bind=MASK - nid001093, task 147 19 [106304]: mask 0x8000000000000000000000000000000080000 set
cpu-bind=MASK - nid001093, task 148 20 [106305]: mask 0x10000000000000000000000000000000100000 set
cpu-bind=MASK - nid001093, task 151 23 [106308]: mask 0x80000000000000000000000000000000800000 set
cpu-bind=MASK - nid001093, task 150 22 [106307]: mask 0x40000000000000000000000000000000400000 set
cpu-bind=MASK - nid001093, task 152 24 [106309]: mask 0x100000000000000000000000000000001000000 set
cpu-bind=MASK - nid001093, task 153 25 [106310]: mask 0x200000000000000000000000000000002000000 set
cpu-bind=MASK - nid001093, task 155 27 [106312]: mask 0x800000000000000000000000000000008000000 set
cpu-bind=MASK - nid001093, task 156 28 [106313]: mask 0x1000000000000000000000000000000010000000 set
cpu-bind=MASK - nid001093, task 157 29 [106314]: mask 0x2000000000000000000000000000000020000000 set
cpu-bind=MASK - nid001093, task 131  3 [106288]: mask 0x800000000000000000000000000000008 set
cpu-bind=MASK - nid001093, task 154 26 [106311]: mask 0x400000000000000000000000000000004000000 set
cpu-bind=MASK - nid001093, task 159 31 [106316]: mask 0x8000000000000000000000000000000080000000 set
cpu-bind=MASK - nid001093, task 158 30 [106315]: mask 0x4000000000000000000000000000000040000000 set
cpu-bind=MASK - nid001093, task 165 37 [106322]: mask 0x200000000000000000000000000000002000000000 set
cpu-bind=MASK - nid001093, task 166 38 [106323]: mask 0x400000000000000000000000000000004000000000 set
cpu-bind=MASK - nid001093, task 160 32 [106317]: mask 0x10000000000000000000000000000000100000000 set
cpu-bind=MASK - nid001093, task 164 36 [106321]: mask 0x100000000000000000000000000000001000000000 set
cpu-bind=MASK - nid001093, task 162 34 [106319]: mask 0x40000000000000000000000000000000400000000 set
cpu-bind=MASK - nid001093, task 177 49 [106334]: mask 0x200000000000000000000000000000002000000000000 set
cpu-bind=MASK - nid001093, task 178 50 [106335]: mask 0x400000000000000000000000000000004000000000000 set
cpu-bind=MASK - nid001093, task 179 51 [106336]: mask 0x800000000000000000000000000000008000000000000 set
cpu-bind=MASK - nid001093, task 168 40 [106325]: mask 0x1000000000000000000000000000000010000000000 set
cpu-bind=MASK - nid001093, task 182 54 [106339]: mask 0x4000000000000000000000000000000040000000000000 set
cpu-bind=MASK - nid001093, task 183 55 [106340]: mask 0x8000000000000000000000000000000080000000000000 set
cpu-bind=MASK - nid001093, task 190 62 [106347]: mask 0x400000000000000000000000000000004000000000000000 set
cpu-bind=MASK - nid001093, task 187 59 [106344]: mask 0x80000000000000000000000000000000800000000000000 set
cpu-bind=MASK - nid001093, task 171 43 [106328]: mask 0x8000000000000000000000000000000080000000000 set
cpu-bind=MASK - nid001093, task 172 44 [106329]: mask 0x10000000000000000000000000000000100000000000 set
cpu-bind=MASK - nid001093, task 173 45 [106330]: mask 0x20000000000000000000000000000000200000000000 set
cpu-bind=MASK - nid001093, task 174 46 [106331]: mask 0x40000000000000000000000000000000400000000000 set
cpu-bind=MASK - nid001093, task 175 47 [106332]: mask 0x80000000000000000000000000000000800000000000 set
cpu-bind=MASK - nid001093, task 176 48 [106333]: mask 0x100000000000000000000000000000001000000000000 set
cpu-bind=MASK - nid001093, task 180 52 [106337]: mask 0x1000000000000000000000000000000010000000000000 set
cpu-bind=MASK - nid001093, task 181 53 [106338]: mask 0x2000000000000000000000000000000020000000000000 set
cpu-bind=MASK - nid001093, task 170 42 [106327]: mask 0x4000000000000000000000000000000040000000000 set
cpu-bind=MASK - nid001093, task 186 58 [106343]: mask 0x40000000000000000000000000000000400000000000000 set
cpu-bind=MASK - nid001093, task 163 35 [106320]: mask 0x80000000000000000000000000000000800000000 set
cpu-bind=MASK - nid001093, task 184 56 [106341]: mask 0x10000000000000000000000000000000100000000000000 set
cpu-bind=MASK - nid001093, task 189 61 [106346]: mask 0x200000000000000000000000000000002000000000000000 set
cpu-bind=MASK - nid001093, task 185 57 [106342]: mask 0x20000000000000000000000000000000200000000000000 set
cpu-bind=MASK - nid001093, task 196 68 [106353]: mask 0x10000000000000000000000000000000100000000000000000 set
cpu-bind=MASK - nid001093, task 169 41 [106326]: mask 0x2000000000000000000000000000000020000000000 set
cpu-bind=MASK - nid001093, task 195 67 [106352]: mask 0x8000000000000000000000000000000080000000000000000 set
cpu-bind=MASK - nid001093, task 193 65 [106350]: mask 0x2000000000000000000000000000000020000000000000000 set
cpu-bind=MASK - nid001093, task 192 64 [106349]: mask 0x1000000000000000000000000000000010000000000000000 set
cpu-bind=MASK - nid001093, task 161 33 [106318]: mask 0x20000000000000000000000000000000200000000 set
cpu-bind=MASK - nid001093, task 198 70 [106355]: mask 0x40000000000000000000000000000000400000000000000000 set
cpu-bind=MASK - nid001093, task 199 71 [106356]: mask 0x80000000000000000000000000000000800000000000000000 set
cpu-bind=MASK - nid001093, task 194 66 [106351]: mask 0x4000000000000000000000000000000040000000000000000 set
cpu-bind=MASK - nid001093, task 197 69 [106354]: mask 0x20000000000000000000000000000000200000000000000000 set
cpu-bind=MASK - nid001093, task 200 72 [106357]: mask 0x100000000000000000000000000000001000000000000000000 set
cpu-bind=MASK - nid001093, task 167 39 [106324]: mask 0x800000000000000000000000000000008000000000 set
cpu-bind=MASK - nid001093, task 202 74 [106359]: mask 0x400000000000000000000000000000004000000000000000000 set
cpu-bind=MASK - nid001093, task 203 75 [106360]: mask 0x800000000000000000000000000000008000000000000000000 set
cpu-bind=MASK - nid001093, task 201 73 [106358]: mask 0x200000000000000000000000000000002000000000000000000 set
cpu-bind=MASK - nid001093, task 204 76 [106361]: mask 0x1000000000000000000000000000000010000000000000000000 set
cpu-bind=MASK - nid001093, task 205 77 [106362]: mask 0x2000000000000000000000000000000020000000000000000000 set
cpu-bind=MASK - nid001093, task 206 78 [106363]: mask 0x4000000000000000000000000000000040000000000000000000 set
cpu-bind=MASK - nid001093, task 208 80 [106365]: mask 0x10000000000000000000000000000000100000000000000000000 set
cpu-bind=MASK - nid001093, task 209 81 [106366]: mask 0x20000000000000000000000000000000200000000000000000000 set
cpu-bind=MASK - nid001093, task 207 79 [106364]: mask 0x8000000000000000000000000000000080000000000000000000 set
cpu-bind=MASK - nid001093, task 242 114 [106399]: mask 0x4000000000000000000000000000000040000000000000000000000000000 set
cpu-bind=MASK - nid001093, task 240 112 [106397]: mask 0x1000000000000000000000000000000010000000000000000000000000000 set
cpu-bind=MASK - nid001093, task 241 113 [106398]: mask 0x2000000000000000000000000000000020000000000000000000000000000 set
cpu-bind=MASK - nid001093, task 212 84 [106369]: mask 0x100000000000000000000000000000001000000000000000000000 set
cpu-bind=MASK - nid001093, task 213 85 [106370]: mask 0x200000000000000000000000000000002000000000000000000000 set
cpu-bind=MASK - nid001093, task 214 86 [106371]: mask 0x400000000000000000000000000000004000000000000000000000 set
cpu-bind=MASK - nid001093, task 215 87 [106372]: mask 0x800000000000000000000000000000008000000000000000000000 set
cpu-bind=MASK - nid001093, task 238 110 [106395]: mask 0x400000000000000000000000000000004000000000000000000000000000 set
cpu-bind=MASK - nid001093, task 210 82 [106367]: mask 0x40000000000000000000000000000000400000000000000000000 set
cpu-bind=MASK - nid001093, task 211 83 [106368]: mask 0x80000000000000000000000000000000800000000000000000000 set
cpu-bind=MASK - nid001093, task 222 94 [106379]: mask 0x40000000000000000000000000000000400000000000000000000000 set
cpu-bind=MASK - nid001093, task 223 95 [106380]: mask 0x80000000000000000000000000000000800000000000000000000000 set
cpu-bind=MASK - nid001093, task 220 92 [106377]: mask 0x10000000000000000000000000000000100000000000000000000000 set
cpu-bind=MASK - nid001093, task 221 93 [106378]: mask 0x20000000000000000000000000000000200000000000000000000000 set
cpu-bind=MASK - nid001093, task 225 97 [106382]: mask 0x200000000000000000000000000000002000000000000000000000000 set
cpu-bind=MASK - nid001093, task 226 98 [106383]: mask 0x400000000000000000000000000000004000000000000000000000000 set
cpu-bind=MASK - nid001093, task 227 99 [106384]: mask 0x800000000000000000000000000000008000000000000000000000000 set
cpu-bind=MASK - nid001093, task 228 100 [106385]: mask 0x1000000000000000000000000000000010000000000000000000000000 set
cpu-bind=MASK - nid001093, task 218 90 [106375]: mask 0x4000000000000000000000000000000040000000000000000000000 set
cpu-bind=MASK - nid001093, task 229 101 [106386]: mask 0x2000000000000000000000000000000020000000000000000000000000 set
cpu-bind=MASK - nid001093, task 230 102 [106387]: mask 0x4000000000000000000000000000000040000000000000000000000000 set
cpu-bind=MASK - nid001093, task 231 103 [106388]: mask 0x8000000000000000000000000000000080000000000000000000000000 set
cpu-bind=MASK - nid001093, task 217 89 [106374]: mask 0x2000000000000000000000000000000020000000000000000000000 set
cpu-bind=MASK - nid001093, task 234 106 [106391]: mask 0x40000000000000000000000000000000400000000000000000000000000 set
cpu-bind=MASK - nid001093, task 216 88 [106373]: mask 0x1000000000000000000000000000000010000000000000000000000 set
cpu-bind=MASK - nid001093, task 219 91 [106376]: mask 0x8000000000000000000000000000000080000000000000000000000 set
cpu-bind=MASK - nid001093, task 232 104 [106389]: mask 0x10000000000000000000000000000000100000000000000000000000000 set
cpu-bind=MASK - nid001093, task 233 105 [106390]: mask 0x20000000000000000000000000000000200000000000000000000000000 set
cpu-bind=MASK - nid001093, task 235 107 [106392]: mask 0x80000000000000000000000000000000800000000000000000000000000 set
cpu-bind=MASK - nid001093, task 239 111 [106396]: mask 0x800000000000000000000000000000008000000000000000000000000000 set
cpu-bind=MASK - nid001093, task 224 96 [106381]: mask 0x100000000000000000000000000000001000000000000000000000000 set
cpu-bind=MASK - nid001093, task 236 108 [106393]: mask 0x100000000000000000000000000000001000000000000000000000000000 set
cpu-bind=MASK - nid001093, task 237 109 [106394]: mask 0x200000000000000000000000000000002000000000000000000000000000 set
cpu-bind=MASK - nid001093, task 243 115 [106400]: mask 0x8000000000000000000000000000000080000000000000000000000000000 set
cpu-bind=MASK - nid001093, task 250 122 [106407]: mask 0x400000000000000000000000000000004000000000000000000000000000000 set
cpu-bind=MASK - nid001093, task 244 116 [106401]: mask 0x10000000000000000000000000000000100000000000000000000000000000 set
cpu-bind=MASK - nid001093, task 247 119 [106404]: mask 0x80000000000000000000000000000000800000000000000000000000000000 set
cpu-bind=MASK - nid001093, task 252 124 [106409]: mask 0x1000000000000000000000000000000010000000000000000000000000000000 set
cpu-bind=MASK - nid001093, task 191 63 [106348]: mask 0x800000000000000000000000000000008000000000000000 set
cpu-bind=MASK - nid001093, task 245 117 [106402]: mask 0x20000000000000000000000000000000200000000000000000000000000000 set
cpu-bind=MASK - nid001093, task 248 120 [106405]: mask 0x100000000000000000000000000000001000000000000000000000000000000 set
cpu-bind=MASK - nid001093, task 188 60 [106345]: mask 0x100000000000000000000000000000001000000000000000 set
cpu-bind=MASK - nid001093, task 246 118 [106403]: mask 0x40000000000000000000000000000000400000000000000000000000000000 set
cpu-bind=MASK - nid001093, task 249 121 [106406]: mask 0x200000000000000000000000000000002000000000000000000000000000000 set
cpu-bind=MASK - nid001093, task 254 126 [106411]: mask 0x4000000000000000000000000000000040000000000000000000000000000000 set
cpu-bind=MASK - nid001093, task 251 123 [106408]: mask 0x800000000000000000000000000000008000000000000000000000000000000 set
cpu-bind=MASK - nid001093, task 253 125 [106410]: mask 0x2000000000000000000000000000000020000000000000000000000000000000 set
cpu-bind=MASK - nid001093, task 255 127 [106412]: mask 0x8000000000000000000000000000000080000000000000000000000000000000 set
cpu-bind=MASK - nid001070, task 63 63 [39004]: mask 0x800000000000000000000000000000008000000000000000 set
cpu-bind=MASK - nid001070, task 28 28 [38969]: mask 0x1000000000000000000000000000000010000000 set
cpu-bind=MASK - nid001070, task 64 64 [39005]: mask 0x1000000000000000000000000000000010000000000000000 set
cpu-bind=MASK - nid001070, task 57 57 [38998]: mask 0x20000000000000000000000000000000200000000000000 set
cpu-bind=MASK - nid001070, task 58 58 [38999]: mask 0x40000000000000000000000000000000400000000000000 set
cpu-bind=MASK - nid001070, task 59 59 [39000]: mask 0x80000000000000000000000000000000800000000000000 set
cpu-bind=MASK - nid001070, task 60 60 [39001]: mask 0x100000000000000000000000000000001000000000000000 set
cpu-bind=MASK - nid001070, task 61 61 [39002]: mask 0x200000000000000000000000000000002000000000000000 set
cpu-bind=MASK - nid001070, task 62 62 [39003]: mask 0x400000000000000000000000000000004000000000000000 set
cpu-bind=MASK - nid001070, task 27 27 [38968]: mask 0x800000000000000000000000000000008000000 set
cpu-bind=MASK - nid001070, task 65 65 [39006]: mask 0x2000000000000000000000000000000020000000000000000 set
cpu-bind=MASK - nid001070, task 67 67 [39008]: mask 0x8000000000000000000000000000000080000000000000000 set
cpu-bind=MASK - nid001070, task 84 84 [39025]: mask 0x100000000000000000000000000000001000000000000000000000 set
cpu-bind=MASK - nid001070, task 68 68 [39009]: mask 0x10000000000000000000000000000000100000000000000000 set
cpu-bind=MASK - nid001070, task 82 82 [39023]: mask 0x40000000000000000000000000000000400000000000000000000 set
cpu-bind=MASK - nid001070, task 71 71 [39012]: mask 0x80000000000000000000000000000000800000000000000000 set
cpu-bind=MASK - nid001070, task 72 72 [39013]: mask 0x100000000000000000000000000000001000000000000000000 set
cpu-bind=MASK - nid001070, task 23 23 [38964]: mask 0x80000000000000000000000000000000800000 set
cpu-bind=MASK - nid001070, task 73 73 [39014]: mask 0x200000000000000000000000000000002000000000000000000 set
cpu-bind=MASK - nid001070, task 77 77 [39018]: mask 0x2000000000000000000000000000000020000000000000000000 set
cpu-bind=MASK - nid001070, task 79 79 [39020]: mask 0x8000000000000000000000000000000080000000000000000000 set
cpu-bind=MASK - nid001070, task 85 85 [39026]: mask 0x200000000000000000000000000000002000000000000000000000 set
cpu-bind=MASK - nid001070, task 76 76 [39017]: mask 0x1000000000000000000000000000000010000000000000000000 set
cpu-bind=MASK - nid001070, task 81 81 [39022]: mask 0x20000000000000000000000000000000200000000000000000000 set
cpu-bind=MASK - nid001070, task 83 83 [39024]: mask 0x80000000000000000000000000000000800000000000000000000 set
cpu-bind=MASK - nid001070, task 86 86 [39027]: mask 0x400000000000000000000000000000004000000000000000000000 set
cpu-bind=MASK - nid001070, task 87 87 [39028]: mask 0x800000000000000000000000000000008000000000000000000000 set
cpu-bind=MASK - nid001070, task 70 70 [39011]: mask 0x40000000000000000000000000000000400000000000000000 set
cpu-bind=MASK - nid001070, task 88 88 [39029]: mask 0x1000000000000000000000000000000010000000000000000000000 set
cpu-bind=MASK - nid001070, task 94 94 [39035]: mask 0x40000000000000000000000000000000400000000000000000000000 set
cpu-bind=MASK - nid001070, task 93 93 [39034]: mask 0x20000000000000000000000000000000200000000000000000000000 set
cpu-bind=MASK - nid001070, task 89 89 [39030]: mask 0x2000000000000000000000000000000020000000000000000000000 set
cpu-bind=MASK - nid001070, task 66 66 [39007]: mask 0x4000000000000000000000000000000040000000000000000 set
cpu-bind=MASK - nid001070, task 78 78 [39019]: mask 0x4000000000000000000000000000000040000000000000000000 set
cpu-bind=MASK - nid001070, task 69 69 [39010]: mask 0x20000000000000000000000000000000200000000000000000 set
cpu-bind=MASK - nid001070, task 91 91 [39032]: mask 0x8000000000000000000000000000000080000000000000000000000 set
cpu-bind=MASK - nid001070, task 74 74 [39015]: mask 0x400000000000000000000000000000004000000000000000000 set
cpu-bind=MASK - nid001070, task 75 75 [39016]: mask 0x800000000000000000000000000000008000000000000000000 set
cpu-bind=MASK - nid001070, task 80 80 [39021]: mask 0x10000000000000000000000000000000100000000000000000000 set
cpu-bind=MASK - nid001070, task 24 24 [38965]: mask 0x100000000000000000000000000000001000000 set
cpu-bind=MASK - nid001070, task 90 90 [39031]: mask 0x4000000000000000000000000000000040000000000000000000000 set
cpu-bind=MASK - nid001070, task 92 92 [39033]: mask 0x10000000000000000000000000000000100000000000000000000000 set
cpu-bind=MASK - nid001070, task 97 97 [39038]: mask 0x200000000000000000000000000000002000000000000000000000000 set
cpu-bind=MASK - nid001070, task 102 102 [39043]: mask 0x4000000000000000000000000000000040000000000000000000000000 set
cpu-bind=MASK - nid001070, task 104 104 [39045]: mask 0x10000000000000000000000000000000100000000000000000000000000 set
cpu-bind=MASK - nid001070, task 105 105 [39046]: mask 0x20000000000000000000000000000000200000000000000000000000000 set
cpu-bind=MASK - nid001070, task 108 108 [39049]: mask 0x100000000000000000000000000000001000000000000000000000000000 set
cpu-bind=MASK - nid001070, task 110 110 [39051]: mask 0x400000000000000000000000000000004000000000000000000000000000 set
cpu-bind=MASK - nid001070, task 111 111 [39052]: mask 0x800000000000000000000000000000008000000000000000000000000000 set
cpu-bind=MASK - nid001070, task 118 118 [39059]: mask 0x40000000000000000000000000000000400000000000000000000000000000 set
cpu-bind=MASK - nid001070, task 119 119 [39060]: mask 0x80000000000000000000000000000000800000000000000000000000000000 set
cpu-bind=MASK - nid001070, task 120 120 [39061]: mask 0x100000000000000000000000000000001000000000000000000000000000000 set
cpu-bind=MASK - nid001070, task 121 121 [39062]: mask 0x200000000000000000000000000000002000000000000000000000000000000 set
cpu-bind=MASK - nid001070, task 122 122 [39063]: mask 0x400000000000000000000000000000004000000000000000000000000000000 set
cpu-bind=MASK - nid001070, task 123 123 [39064]: mask 0x800000000000000000000000000000008000000000000000000000000000000 set
cpu-bind=MASK - nid001070, task 124 124 [39065]: mask 0x1000000000000000000000000000000010000000000000000000000000000000 set
cpu-bind=MASK - nid001070, task 126 126 [39067]: mask 0x4000000000000000000000000000000040000000000000000000000000000000 set
cpu-bind=MASK - nid001070, task 127 127 [39068]: mask 0x8000000000000000000000000000000080000000000000000000000000000000 set
cpu-bind=MASK - nid001070, task 106 106 [39047]: mask 0x40000000000000000000000000000000400000000000000000000000000 set
cpu-bind=MASK - nid001070, task 109 109 [39050]: mask 0x200000000000000000000000000000002000000000000000000000000000 set
cpu-bind=MASK - nid001070, task 117 117 [39058]: mask 0x20000000000000000000000000000000200000000000000000000000000000 set
cpu-bind=MASK - nid001070, task 116 116 [39057]: mask 0x10000000000000000000000000000000100000000000000000000000000000 set
cpu-bind=MASK - nid001070, task 125 125 [39066]: mask 0x2000000000000000000000000000000020000000000000000000000000000000 set
cpu-bind=MASK - nid001070, task 107 107 [39048]: mask 0x80000000000000000000000000000000800000000000000000000000000 set
cpu-bind=MASK - nid001070, task 112 112 [39053]: mask 0x1000000000000000000000000000000010000000000000000000000000000 set
cpu-bind=MASK - nid001070, task 99 99 [39040]: mask 0x800000000000000000000000000000008000000000000000000000000 set
cpu-bind=MASK - nid001070, task 100 100 [39041]: mask 0x1000000000000000000000000000000010000000000000000000000000 set
cpu-bind=MASK - nid001070, task 113 113 [39054]: mask 0x2000000000000000000000000000000020000000000000000000000000000 set
cpu-bind=MASK - nid001070, task 96 96 [39037]: mask 0x100000000000000000000000000000001000000000000000000000000 set
cpu-bind=MASK - nid001070, task 98 98 [39039]: mask 0x400000000000000000000000000000004000000000000000000000000 set
cpu-bind=MASK - nid001070, task 103 103 [39044]: mask 0x8000000000000000000000000000000080000000000000000000000000 set
cpu-bind=MASK - nid001070, task 114 114 [39055]: mask 0x4000000000000000000000000000000040000000000000000000000000000 set
cpu-bind=MASK - nid001070, task 115 115 [39056]: mask 0x8000000000000000000000000000000080000000000000000000000000000 set
cpu-bind=MASK - nid001070, task 95 95 [39036]: mask 0x80000000000000000000000000000000800000000000000000000000 set
cpu-bind=MASK - nid001070, task 101 101 [39042]: mask 0x2000000000000000000000000000000020000000000000000000000000 set
MPICH Notice [Rank 0] [job id 1441486.0] [Wed Apr 19 10:48:11 2023] [nid001070] - Abort(1) (rank 0 in comm 0): application called MPI_Abort(MPI_COMM_WORLD, 1) - process 0

aborting job:
application called MPI_Abort(MPI_COMM_WORLD, 1) - process 0
srun: error: nid001070: task 0: Exited with exit code 255
srun: launch/slurm: _step_signal: Terminating StepId=1441486.0
slurmstepd: error: *** STEP 1441486.0 ON nid001070 CANCELLED AT 2023-04-19T10:48:11 ***
srun: error: nid001070: tasks 1-127: Terminated
srun: error: nid001093: tasks 128-255: Terminated
srun: Force Terminated StepId=1441486.0
