
Due to MODULEPATH changes, the following have been reloaded:
  1) cray-mpich/8.1.12


Currently Loaded Modules:
  1) craype-x86-rome                        15) ELPA/2021.11.001
  2) libfabric/1.15.2.0                     16) libxsmm/1.17
  3) craype-network-ofi                     17) libxc/5.1.7
  4) xpmem/2.4.4-2.3_13.8__gff0e1d9.shasta  18) Libint-CP2K/2.6.0
  5) PrgEnv-gnu/8.3.0                       19) cray-hdf5/1.12.0.7
  6) cray-dsmml/0.2.2                       20) GSL/2.7
  7) cray-libsci/21.08.1.2                  21) SpFFT/1.0.5
  8) cray-mpich/8.1.12                      22) SPLA/1.5.2
  9) craype/2.7.13                          23) SIRIUS/7.3.1
 10) gcc/11.2.0                             24) spglib/1.16.3
 11) perftools-base/21.12.0                 25) libvori/210412
 12) cpe/21.12                              26) zlib/.1.2.11       (H)
 13) cpeGNU/21.12                           27) PLUMED/2.7.3
 14) cray-fftw/3.3.8.12

  Where:
   H:  Hidden Module

 

cpu-bind=MASK - nid001107, task 128  0 [174491]: mask 0x100000000000000000000000000000001 set
cpu-bind=MASK - nid001107, task 129  1 [174492]: mask 0x200000000000000000000000000000002 set
cpu-bind=MASK - nid001107, task 130  2 [174493]: mask 0x400000000000000000000000000000004 set
cpu-bind=MASK - nid001107, task 142 14 [174505]: mask 0x400000000000000000000000000000004000 set
cpu-bind=MASK - nid001107, task 132  4 [174495]: mask 0x1000000000000000000000000000000010 set
cpu-bind=MASK - nid001107, task 135  7 [174498]: mask 0x8000000000000000000000000000000080 set
cpu-bind=MASK - nid001107, task 137  9 [174500]: mask 0x20000000000000000000000000000000200 set
cpu-bind=MASK - nid001107, task 138 10 [174501]: mask 0x40000000000000000000000000000000400 set
cpu-bind=MASK - nid001107, task 139 11 [174502]: mask 0x80000000000000000000000000000000800 set
cpu-bind=MASK - nid001107, task 140 12 [174503]: mask 0x100000000000000000000000000000001000 set
cpu-bind=MASK - nid001107, task 141 13 [174504]: mask 0x200000000000000000000000000000002000 set
cpu-bind=MASK - nid001107, task 133  5 [174496]: mask 0x2000000000000000000000000000000020 set
cpu-bind=MASK - nid001107, task 143 15 [174506]: mask 0x800000000000000000000000000000008000 set
cpu-bind=MASK - nid001107, task 134  6 [174497]: mask 0x4000000000000000000000000000000040 set
cpu-bind=MASK - nid001107, task 151 23 [174514]: mask 0x80000000000000000000000000000000800000 set
cpu-bind=MASK - nid001107, task 148 20 [174511]: mask 0x10000000000000000000000000000000100000 set
cpu-bind=MASK - nid001107, task 144 16 [174507]: mask 0x1000000000000000000000000000000010000 set
cpu-bind=MASK - nid001107, task 149 21 [174512]: mask 0x20000000000000000000000000000000200000 set
cpu-bind=MASK - nid001107, task 147 19 [174510]: mask 0x8000000000000000000000000000000080000 set
cpu-bind=MASK - nid001107, task 145 17 [174508]: mask 0x2000000000000000000000000000000020000 set
cpu-bind=MASK - nid001107, task 146 18 [174509]: mask 0x4000000000000000000000000000000040000 set
cpu-bind=MASK - nid001107, task 154 26 [174517]: mask 0x400000000000000000000000000000004000000 set
cpu-bind=MASK - nid001107, task 150 22 [174513]: mask 0x40000000000000000000000000000000400000 set
cpu-bind=MASK - nid001107, task 152 24 [174515]: mask 0x100000000000000000000000000000001000000 set
cpu-bind=MASK - nid001107, task 153 25 [174516]: mask 0x200000000000000000000000000000002000000 set
cpu-bind=MASK - nid001107, task 155 27 [174518]: mask 0x800000000000000000000000000000008000000 set
cpu-bind=MASK - nid001107, task 159 31 [174522]: mask 0x8000000000000000000000000000000080000000 set
cpu-bind=MASK - nid001107, task 160 32 [174523]: mask 0x10000000000000000000000000000000100000000 set
cpu-bind=MASK - nid001107, task 131  3 [174494]: mask 0x800000000000000000000000000000008 set
cpu-bind=MASK - nid001107, task 157 29 [174520]: mask 0x2000000000000000000000000000000020000000 set
cpu-bind=MASK - nid001107, task 163 35 [174526]: mask 0x80000000000000000000000000000000800000000 set
cpu-bind=MASK - nid001107, task 158 30 [174521]: mask 0x4000000000000000000000000000000040000000 set
cpu-bind=MASK - nid001107, task 161 33 [174524]: mask 0x20000000000000000000000000000000200000000 set
cpu-bind=MASK - nid001107, task 156 28 [174519]: mask 0x1000000000000000000000000000000010000000 set
cpu-bind=MASK - nid001107, task 136  8 [174499]: mask 0x10000000000000000000000000000000100 set
cpu-bind=MASK - nid001107, task 165 37 [174528]: mask 0x200000000000000000000000000000002000000000 set
cpu-bind=MASK - nid001107, task 166 38 [174529]: mask 0x400000000000000000000000000000004000000000 set
cpu-bind=MASK - nid001107, task 164 36 [174527]: mask 0x100000000000000000000000000000001000000000 set
cpu-bind=MASK - nid001107, task 167 39 [174530]: mask 0x800000000000000000000000000000008000000000 set
cpu-bind=MASK - nid001107, task 162 34 [174525]: mask 0x40000000000000000000000000000000400000000 set
cpu-bind=MASK - nid001107, task 168 40 [174531]: mask 0x1000000000000000000000000000000010000000000 set
cpu-bind=MASK - nid001107, task 172 44 [174535]: mask 0x10000000000000000000000000000000100000000000 set
cpu-bind=MASK - nid001107, task 174 46 [174537]: mask 0x40000000000000000000000000000000400000000000 set
cpu-bind=MASK - nid001107, task 170 42 [174533]: mask 0x4000000000000000000000000000000040000000000 set
cpu-bind=MASK - nid001107, task 171 43 [174534]: mask 0x8000000000000000000000000000000080000000000 set
cpu-bind=MASK - nid001107, task 173 45 [174536]: mask 0x20000000000000000000000000000000200000000000 set
cpu-bind=MASK - nid001107, task 175 47 [174538]: mask 0x80000000000000000000000000000000800000000000 set
cpu-bind=MASK - nid001107, task 169 41 [174532]: mask 0x2000000000000000000000000000000020000000000 set
cpu-bind=MASK - nid001107, task 186 58 [174549]: mask 0x40000000000000000000000000000000400000000000000 set
cpu-bind=MASK - nid001107, task 187 59 [174550]: mask 0x80000000000000000000000000000000800000000000000 set
cpu-bind=MASK - nid001107, task 176 48 [174539]: mask 0x100000000000000000000000000000001000000000000 set
cpu-bind=MASK - nid001107, task 188 60 [174551]: mask 0x100000000000000000000000000000001000000000000000 set
cpu-bind=MASK - nid001107, task 191 63 [174554]: mask 0x800000000000000000000000000000008000000000000000 set
cpu-bind=MASK - nid001107, task 177 49 [174540]: mask 0x200000000000000000000000000000002000000000000 set
cpu-bind=MASK - nid001107, task 178 50 [174541]: mask 0x400000000000000000000000000000004000000000000 set
cpu-bind=MASK - nid001107, task 179 51 [174542]: mask 0x800000000000000000000000000000008000000000000 set
cpu-bind=MASK - nid001107, task 180 52 [174543]: mask 0x1000000000000000000000000000000010000000000000 set
cpu-bind=MASK - nid001107, task 181 53 [174544]: mask 0x2000000000000000000000000000000020000000000000 set
cpu-bind=MASK - nid001107, task 182 54 [174545]: mask 0x4000000000000000000000000000000040000000000000 set
cpu-bind=MASK - nid001107, task 183 55 [174546]: mask 0x8000000000000000000000000000000080000000000000 set
cpu-bind=MASK - nid001107, task 195 67 [174558]: mask 0x8000000000000000000000000000000080000000000000000 set
cpu-bind=MASK - nid001107, task 196 68 [174559]: mask 0x10000000000000000000000000000000100000000000000000 set
cpu-bind=MASK - nid001107, task 197 69 [174560]: mask 0x20000000000000000000000000000000200000000000000000 set
cpu-bind=MASK - nid001107, task 193 65 [174556]: mask 0x2000000000000000000000000000000020000000000000000 set
cpu-bind=MASK - nid001107, task 194 66 [174557]: mask 0x4000000000000000000000000000000040000000000000000 set
cpu-bind=MASK - nid001107, task 198 70 [174561]: mask 0x40000000000000000000000000000000400000000000000000 set
cpu-bind=MASK - nid001107, task 202 74 [174565]: mask 0x400000000000000000000000000000004000000000000000000 set
cpu-bind=MASK - nid001107, task 201 73 [174564]: mask 0x200000000000000000000000000000002000000000000000000 set
cpu-bind=MASK - nid001107, task 203 75 [174566]: mask 0x800000000000000000000000000000008000000000000000000 set
cpu-bind=MASK - nid001107, task 199 71 [174562]: mask 0x80000000000000000000000000000000800000000000000000 set
cpu-bind=MASK - nid001107, task 200 72 [174563]: mask 0x100000000000000000000000000000001000000000000000000 set
cpu-bind=MASK - nid001107, task 192 64 [174555]: mask 0x1000000000000000000000000000000010000000000000000 set
cpu-bind=MASK - nid001107, task 204 76 [174567]: mask 0x1000000000000000000000000000000010000000000000000000 set
cpu-bind=MASK - nid001107, task 205 77 [174568]: mask 0x2000000000000000000000000000000020000000000000000000 set
cpu-bind=MASK - nid001107, task 218 90 [174581]: mask 0x4000000000000000000000000000000040000000000000000000000 set
cpu-bind=MASK - nid001107, task 207 79 [174570]: mask 0x8000000000000000000000000000000080000000000000000000 set
cpu-bind=MASK - nid001107, task 210 82 [174573]: mask 0x40000000000000000000000000000000400000000000000000000 set
cpu-bind=MASK - nid001107, task 215 87 [174578]: mask 0x800000000000000000000000000000008000000000000000000000 set
cpu-bind=MASK - nid001107, task 190 62 [174553]: mask 0x400000000000000000000000000000004000000000000000 set
cpu-bind=MASK - nid001107, task 189 61 [174552]: mask 0x200000000000000000000000000000002000000000000000 set
cpu-bind=MASK - nid001107, task 206 78 [174569]: mask 0x4000000000000000000000000000000040000000000000000000 set
cpu-bind=MASK - nid001107, task 208 80 [174571]: mask 0x10000000000000000000000000000000100000000000000000000 set
cpu-bind=MASK - nid001107, task 211 83 [174574]: mask 0x80000000000000000000000000000000800000000000000000000 set
cpu-bind=MASK - nid001107, task 213 85 [174576]: mask 0x200000000000000000000000000000002000000000000000000000 set
cpu-bind=MASK - nid001107, task 184 56 [174547]: mask 0x10000000000000000000000000000000100000000000000 set
cpu-bind=MASK - nid001107, task 185 57 [174548]: mask 0x20000000000000000000000000000000200000000000000 set
cpu-bind=MASK - nid001107, task 209 81 [174572]: mask 0x20000000000000000000000000000000200000000000000000000 set
cpu-bind=MASK - nid001107, task 212 84 [174575]: mask 0x100000000000000000000000000000001000000000000000000000 set
cpu-bind=MASK - nid001107, task 214 86 [174577]: mask 0x400000000000000000000000000000004000000000000000000000 set
cpu-bind=MASK - nid001107, task 216 88 [174579]: mask 0x1000000000000000000000000000000010000000000000000000000 set
cpu-bind=MASK - nid001107, task 217 89 [174580]: mask 0x2000000000000000000000000000000020000000000000000000000 set
cpu-bind=MASK - nid001107, task 219 91 [174582]: mask 0x8000000000000000000000000000000080000000000000000000000 set
cpu-bind=MASK - nid001107, task 224 96 [174587]: mask 0x100000000000000000000000000000001000000000000000000000000 set
cpu-bind=MASK - nid001107, task 225 97 [174588]: mask 0x200000000000000000000000000000002000000000000000000000000 set
cpu-bind=MASK - nid001107, task 220 92 [174583]: mask 0x10000000000000000000000000000000100000000000000000000000 set
cpu-bind=MASK - nid001107, task 221 93 [174584]: mask 0x20000000000000000000000000000000200000000000000000000000 set
cpu-bind=MASK - nid001107, task 222 94 [174585]: mask 0x40000000000000000000000000000000400000000000000000000000 set
cpu-bind=MASK - nid001107, task 223 95 [174586]: mask 0x80000000000000000000000000000000800000000000000000000000 set
cpu-bind=MASK - nid001107, task 226 98 [174589]: mask 0x400000000000000000000000000000004000000000000000000000000 set
cpu-bind=MASK - nid001107, task 228 100 [174591]: mask 0x1000000000000000000000000000000010000000000000000000000000 set
cpu-bind=MASK - nid001107, task 230 102 [174593]: mask 0x4000000000000000000000000000000040000000000000000000000000 set
cpu-bind=MASK - nid001107, task 227 99 [174590]: mask 0x800000000000000000000000000000008000000000000000000000000 set
cpu-bind=MASK - nid001107, task 229 101 [174592]: mask 0x2000000000000000000000000000000020000000000000000000000000 set
cpu-bind=MASK - nid001107, task 231 103 [174594]: mask 0x8000000000000000000000000000000080000000000000000000000000 set
cpu-bind=MASK - nid001107, task 237 109 [174600]: mask 0x200000000000000000000000000000002000000000000000000000000000 set
cpu-bind=MASK - nid001107, task 232 104 [174595]: mask 0x10000000000000000000000000000000100000000000000000000000000 set
cpu-bind=MASK - nid001107, task 239 111 [174602]: mask 0x800000000000000000000000000000008000000000000000000000000000 set
cpu-bind=MASK - nid001107, task 241 113 [174604]: mask 0x2000000000000000000000000000000020000000000000000000000000000 set
cpu-bind=MASK - nid001107, task 233 105 [174596]: mask 0x20000000000000000000000000000000200000000000000000000000000 set
cpu-bind=MASK - nid001107, task 234 106 [174597]: mask 0x40000000000000000000000000000000400000000000000000000000000 set
cpu-bind=MASK - nid001107, task 235 107 [174598]: mask 0x80000000000000000000000000000000800000000000000000000000000 set
cpu-bind=MASK - nid001107, task 236 108 [174599]: mask 0x100000000000000000000000000000001000000000000000000000000000 set
cpu-bind=MASK - nid001107, task 238 110 [174601]: mask 0x400000000000000000000000000000004000000000000000000000000000 set
cpu-bind=MASK - nid001107, task 240 112 [174603]: mask 0x1000000000000000000000000000000010000000000000000000000000000 set
cpu-bind=MASK - nid001107, task 242 114 [174605]: mask 0x4000000000000000000000000000000040000000000000000000000000000 set
cpu-bind=MASK - nid001107, task 251 123 [174614]: mask 0x800000000000000000000000000000008000000000000000000000000000000 set
cpu-bind=MASK - nid001107, task 253 125 [174616]: mask 0x2000000000000000000000000000000020000000000000000000000000000000 set
cpu-bind=MASK - nid001107, task 252 124 [174615]: mask 0x1000000000000000000000000000000010000000000000000000000000000000 set
cpu-bind=MASK - nid001107, task 250 122 [174613]: mask 0x400000000000000000000000000000004000000000000000000000000000000 set
cpu-bind=MASK - nid001107, task 254 126 [174617]: mask 0x4000000000000000000000000000000040000000000000000000000000000000 set
cpu-bind=MASK - nid001107, task 243 115 [174606]: mask 0x8000000000000000000000000000000080000000000000000000000000000 set
cpu-bind=MASK - nid001107, task 244 116 [174607]: mask 0x10000000000000000000000000000000100000000000000000000000000000 set
cpu-bind=MASK - nid001107, task 245 117 [174608]: mask 0x20000000000000000000000000000000200000000000000000000000000000 set
cpu-bind=MASK - nid001107, task 246 118 [174609]: mask 0x40000000000000000000000000000000400000000000000000000000000000 set
cpu-bind=MASK - nid001107, task 247 119 [174610]: mask 0x80000000000000000000000000000000800000000000000000000000000000 set
cpu-bind=MASK - nid001107, task 248 120 [174611]: mask 0x100000000000000000000000000000001000000000000000000000000000000 set
cpu-bind=MASK - nid001107, task 249 121 [174612]: mask 0x200000000000000000000000000000002000000000000000000000000000000 set
cpu-bind=MASK - nid001107, task 255 127 [174618]: mask 0x8000000000000000000000000000000080000000000000000000000000000000 set
cpu-bind=MASK - nid001103, task  0  0 [37687]: mask 0x100000000000000000000000000000001 set
cpu-bind=MASK - nid001103, task  2  2 [37689]: mask 0x400000000000000000000000000000004 set
cpu-bind=MASK - nid001103, task  5  5 [37692]: mask 0x2000000000000000000000000000000020 set
cpu-bind=MASK - nid001103, task  6  6 [37693]: mask 0x4000000000000000000000000000000040 set
cpu-bind=MASK - nid001103, task  7  7 [37694]: mask 0x8000000000000000000000000000000080 set
cpu-bind=MASK - nid001103, task 13 13 [37700]: mask 0x200000000000000000000000000000002000 set
cpu-bind=MASK - nid001103, task 22 22 [37709]: mask 0x40000000000000000000000000000000400000 set
cpu-bind=MASK - nid001103, task  3  3 [37690]: mask 0x800000000000000000000000000000008 set
cpu-bind=MASK - nid001103, task  4  4 [37691]: mask 0x1000000000000000000000000000000010 set
cpu-bind=MASK - nid001103, task  8  8 [37695]: mask 0x10000000000000000000000000000000100 set
cpu-bind=MASK - nid001103, task  9  9 [37696]: mask 0x20000000000000000000000000000000200 set
cpu-bind=MASK - nid001103, task 10 10 [37697]: mask 0x40000000000000000000000000000000400 set
cpu-bind=MASK - nid001103, task 11 11 [37698]: mask 0x80000000000000000000000000000000800 set
cpu-bind=MASK - nid001103, task 12 12 [37699]: mask 0x100000000000000000000000000000001000 set
cpu-bind=MASK - nid001103, task 14 14 [37701]: mask 0x400000000000000000000000000000004000 set
cpu-bind=MASK - nid001103, task 15 15 [37702]: mask 0x800000000000000000000000000000008000 set
cpu-bind=MASK - nid001103, task 16 16 [37703]: mask 0x1000000000000000000000000000000010000 set
cpu-bind=MASK - nid001103, task 17 17 [37704]: mask 0x2000000000000000000000000000000020000 set
cpu-bind=MASK - nid001103, task 18 18 [37705]: mask 0x4000000000000000000000000000000040000 set
cpu-bind=MASK - nid001103, task 19 19 [37706]: mask 0x8000000000000000000000000000000080000 set
cpu-bind=MASK - nid001103, task 20 20 [37707]: mask 0x10000000000000000000000000000000100000 set
cpu-bind=MASK - nid001103, task 21 21 [37708]: mask 0x20000000000000000000000000000000200000 set
cpu-bind=MASK - nid001103, task  1  1 [37688]: mask 0x200000000000000000000000000000002 set
cpu-bind=MASK - nid001103, task 23 23 [37710]: mask 0x80000000000000000000000000000000800000 set
cpu-bind=MASK - nid001103, task 24 24 [37711]: mask 0x100000000000000000000000000000001000000 set
cpu-bind=MASK - nid001103, task 25 25 [37712]: mask 0x200000000000000000000000000000002000000 set
cpu-bind=MASK - nid001103, task 26 26 [37713]: mask 0x400000000000000000000000000000004000000 set
cpu-bind=MASK - nid001103, task 27 27 [37714]: mask 0x800000000000000000000000000000008000000 set
cpu-bind=MASK - nid001103, task 28 28 [37715]: mask 0x1000000000000000000000000000000010000000 set
cpu-bind=MASK - nid001103, task 31 31 [37718]: mask 0x8000000000000000000000000000000080000000 set
cpu-bind=MASK - nid001103, task 35 35 [37722]: mask 0x80000000000000000000000000000000800000000 set
cpu-bind=MASK - nid001103, task 34 34 [37721]: mask 0x40000000000000000000000000000000400000000 set
cpu-bind=MASK - nid001103, task 32 32 [37719]: mask 0x10000000000000000000000000000000100000000 set
cpu-bind=MASK - nid001103, task 33 33 [37720]: mask 0x20000000000000000000000000000000200000000 set
cpu-bind=MASK - nid001103, task 29 29 [37716]: mask 0x2000000000000000000000000000000020000000 set
cpu-bind=MASK - nid001103, task 30 30 [37717]: mask 0x4000000000000000000000000000000040000000 set
cpu-bind=MASK - nid001103, task 36 36 [37723]: mask 0x100000000000000000000000000000001000000000 set
cpu-bind=MASK - nid001103, task 55 55 [37743]: mask 0x8000000000000000000000000000000080000000000000 set
cpu-bind=MASK - nid001103, task 37 37 [37724]: mask 0x200000000000000000000000000000002000000000 set
cpu-bind=MASK - nid001103, task 48 48 [37735]: mask 0x100000000000000000000000000000001000000000000 set
cpu-bind=MASK - nid001103, task 49 49 [37737]: mask 0x200000000000000000000000000000002000000000000 set
cpu-bind=MASK - nid001103, task 38 38 [37725]: mask 0x400000000000000000000000000000004000000000 set
cpu-bind=MASK - nid001103, task 46 46 [37733]: mask 0x40000000000000000000000000000000400000000000 set
cpu-bind=MASK - nid001103, task 68 68 [37756]: mask 0x10000000000000000000000000000000100000000000000000 set
cpu-bind=MASK - nid001103, task 57 57 [37745]: mask 0x20000000000000000000000000000000200000000000000 set
cpu-bind=MASK - nid001103, task 60 60 [37748]: mask 0x100000000000000000000000000000001000000000000000 set
cpu-bind=MASK - nid001103, task 74 74 [37762]: mask 0x400000000000000000000000000000004000000000000000000 set
cpu-bind=MASK - nid001103, task 75 75 [37763]: mask 0x800000000000000000000000000000008000000000000000000 set
cpu-bind=MASK - nid001103, task 79 79 [37767]: mask 0x8000000000000000000000000000000080000000000000000000 set
cpu-bind=MASK - nid001103, task 64 64 [37752]: mask 0x1000000000000000000000000000000010000000000000000 set
cpu-bind=MASK - nid001103, task 43 43 [37730]: mask 0x8000000000000000000000000000000080000000000 set
cpu-bind=MASK - nid001103, task 114 114 [37802]: mask 0x4000000000000000000000000000000040000000000000000000000000000 set
cpu-bind=MASK - nid001103, task 39 39 [37726]: mask 0x800000000000000000000000000000008000000000 set
cpu-bind=MASK - nid001103, task 41 41 [37728]: mask 0x2000000000000000000000000000000020000000000 set
cpu-bind=MASK - nid001103, task 45 45 [37732]: mask 0x20000000000000000000000000000000200000000000 set
cpu-bind=MASK - nid001103, task 50 50 [37738]: mask 0x400000000000000000000000000000004000000000000 set
cpu-bind=MASK - nid001103, task 83 83 [37771]: mask 0x80000000000000000000000000000000800000000000000000000 set
cpu-bind=MASK - nid001103, task 99 99 [37787]: mask 0x800000000000000000000000000000008000000000000000000000000 set
cpu-bind=MASK - nid001103, task 84 84 [37772]: mask 0x100000000000000000000000000000001000000000000000000000 set
cpu-bind=MASK - nid001103, task 95 95 [37783]: mask 0x80000000000000000000000000000000800000000000000000000000 set
cpu-bind=MASK - nid001103, task 40 40 [37727]: mask 0x1000000000000000000000000000000010000000000 set
cpu-bind=MASK - nid001103, task 67 67 [37755]: mask 0x8000000000000000000000000000000080000000000000000 set
cpu-bind=MASK - nid001103, task 69 69 [37757]: mask 0x20000000000000000000000000000000200000000000000000 set
cpu-bind=MASK - nid001103, task 82 82 [37770]: mask 0x40000000000000000000000000000000400000000000000000000 set
cpu-bind=MASK - nid001103, task 42 42 [37729]: mask 0x4000000000000000000000000000000040000000000 set
cpu-bind=MASK - nid001103, task 115 115 [37803]: mask 0x8000000000000000000000000000000080000000000000000000000000000 set
cpu-bind=MASK - nid001103, task 70 70 [37758]: mask 0x40000000000000000000000000000000400000000000000000 set
cpu-bind=MASK - nid001103, task 81 81 [37769]: mask 0x20000000000000000000000000000000200000000000000000000 set
cpu-bind=MASK - nid001103, task 58 58 [37746]: mask 0x40000000000000000000000000000000400000000000000 set
cpu-bind=MASK - nid001103, task 59 59 [37747]: mask 0x80000000000000000000000000000000800000000000000 set
cpu-bind=MASK - nid001103, task 61 61 [37749]: mask 0x200000000000000000000000000000002000000000000000 set
cpu-bind=MASK - nid001103, task 72 72 [37760]: mask 0x100000000000000000000000000000001000000000000000000 set
cpu-bind=MASK - nid001103, task 47 47 [37734]: mask 0x80000000000000000000000000000000800000000000 set
cpu-bind=MASK - nid001103, task 51 51 [37739]: mask 0x800000000000000000000000000000008000000000000 set
cpu-bind=MASK - nid001103, task 52 52 [37740]: mask 0x1000000000000000000000000000000010000000000000 set
cpu-bind=MASK - nid001103, task 53 53 [37741]: mask 0x2000000000000000000000000000000020000000000000 set
cpu-bind=MASK - nid001103, task 71 71 [37759]: mask 0x80000000000000000000000000000000800000000000000000 set
cpu-bind=MASK - nid001103, task 121 121 [37809]: mask 0x200000000000000000000000000000002000000000000000000000000000000 set
cpu-bind=MASK - nid001103, task 98 98 [37786]: mask 0x400000000000000000000000000000004000000000000000000000000 set
cpu-bind=MASK - nid001103, task 44 44 [37731]: mask 0x10000000000000000000000000000000100000000000 set
cpu-bind=MASK - nid001103, task 89 89 [37777]: mask 0x2000000000000000000000000000000020000000000000000000000 set
cpu-bind=MASK - nid001103, task 110 110 [37798]: mask 0x400000000000000000000000000000004000000000000000000000000000 set
cpu-bind=MASK - nid001103, task 77 77 [37765]: mask 0x2000000000000000000000000000000020000000000000000000 set
cpu-bind=MASK - nid001103, task 125 125 [37813]: mask 0x2000000000000000000000000000000020000000000000000000000000000000 set
cpu-bind=MASK - nid001103, task 76 76 [37764]: mask 0x1000000000000000000000000000000010000000000000000000 set
cpu-bind=MASK - nid001103, task 73 73 [37761]: mask 0x200000000000000000000000000000002000000000000000000 set
cpu-bind=MASK - nid001103, task 78 78 [37766]: mask 0x4000000000000000000000000000000040000000000000000000 set
cpu-bind=MASK - nid001103, task 118 118 [37806]: mask 0x40000000000000000000000000000000400000000000000000000000000000 set
cpu-bind=MASK - nid001103, task 120 120 [37808]: mask 0x100000000000000000000000000000001000000000000000000000000000000 set
cpu-bind=MASK - nid001103, task 126 126 [37814]: mask 0x4000000000000000000000000000000040000000000000000000000000000000 set
cpu-bind=MASK - nid001103, task 54 54 [37742]: mask 0x4000000000000000000000000000000040000000000000 set
cpu-bind=MASK - nid001103, task 65 65 [37753]: mask 0x2000000000000000000000000000000020000000000000000 set
cpu-bind=MASK - nid001103, task 80 80 [37768]: mask 0x10000000000000000000000000000000100000000000000000000 set
cpu-bind=MASK - nid001103, task 56 56 [37744]: mask 0x10000000000000000000000000000000100000000000000 set
cpu-bind=MASK - nid001103, task 116 116 [37804]: mask 0x10000000000000000000000000000000100000000000000000000000000000 set
cpu-bind=MASK - nid001103, task 124 124 [37812]: mask 0x1000000000000000000000000000000010000000000000000000000000000000 set
cpu-bind=MASK - nid001103, task 85 85 [37773]: mask 0x200000000000000000000000000000002000000000000000000000 set
cpu-bind=MASK - nid001103, task 63 63 [37751]: mask 0x800000000000000000000000000000008000000000000000 set
cpu-bind=MASK - nid001103, task 103 103 [37791]: mask 0x8000000000000000000000000000000080000000000000000000000000 set
cpu-bind=MASK - nid001103, task 113 113 [37801]: mask 0x2000000000000000000000000000000020000000000000000000000000000 set
cpu-bind=MASK - nid001103, task 119 119 [37807]: mask 0x80000000000000000000000000000000800000000000000000000000000000 set
cpu-bind=MASK - nid001103, task 91 91 [37779]: mask 0x8000000000000000000000000000000080000000000000000000000 set
cpu-bind=MASK - nid001103, task 109 109 [37797]: mask 0x200000000000000000000000000000002000000000000000000000000000 set
cpu-bind=MASK - nid001103, task 108 108 [37796]: mask 0x100000000000000000000000000000001000000000000000000000000000 set
cpu-bind=MASK - nid001103, task 66 66 [37754]: mask 0x4000000000000000000000000000000040000000000000000 set
cpu-bind=MASK - nid001103, task 93 93 [37781]: mask 0x20000000000000000000000000000000200000000000000000000000 set
cpu-bind=MASK - nid001103, task 107 107 [37795]: mask 0x80000000000000000000000000000000800000000000000000000000000 set
cpu-bind=MASK - nid001103, task 111 111 [37799]: mask 0x800000000000000000000000000000008000000000000000000000000000 set
cpu-bind=MASK - nid001103, task 104 104 [37792]: mask 0x10000000000000000000000000000000100000000000000000000000000 set
cpu-bind=MASK - nid001103, task 122 122 [37810]: mask 0x400000000000000000000000000000004000000000000000000000000000000 set
cpu-bind=MASK - nid001103, task 105 105 [37793]: mask 0x20000000000000000000000000000000200000000000000000000000000 set
cpu-bind=MASK - nid001103, task 94 94 [37782]: mask 0x40000000000000000000000000000000400000000000000000000000 set
cpu-bind=MASK - nid001103, task 96 96 [37784]: mask 0x100000000000000000000000000000001000000000000000000000000 set
cpu-bind=MASK - nid001103, task 97 97 [37785]: mask 0x200000000000000000000000000000002000000000000000000000000 set
cpu-bind=MASK - nid001103, task 102 102 [37790]: mask 0x4000000000000000000000000000000040000000000000000000000000 set
cpu-bind=MASK - nid001103, task 117 117 [37805]: mask 0x20000000000000000000000000000000200000000000000000000000000000 set
cpu-bind=MASK - nid001103, task 90 90 [37778]: mask 0x4000000000000000000000000000000040000000000000000000000 set
cpu-bind=MASK - nid001103, task 92 92 [37780]: mask 0x10000000000000000000000000000000100000000000000000000000 set
cpu-bind=MASK - nid001103, task 100 100 [37788]: mask 0x1000000000000000000000000000000010000000000000000000000000 set
cpu-bind=MASK - nid001103, task 101 101 [37789]: mask 0x2000000000000000000000000000000020000000000000000000000000 set
cpu-bind=MASK - nid001103, task 123 123 [37811]: mask 0x800000000000000000000000000000008000000000000000000000000000000 set
cpu-bind=MASK - nid001103, task 88 88 [37776]: mask 0x1000000000000000000000000000000010000000000000000000000 set
cpu-bind=MASK - nid001103, task 127 127 [37815]: mask 0x8000000000000000000000000000000080000000000000000000000000000000 set
cpu-bind=MASK - nid001103, task 86 86 [37774]: mask 0x400000000000000000000000000000004000000000000000000000 set
cpu-bind=MASK - nid001103, task 106 106 [37794]: mask 0x40000000000000000000000000000000400000000000000000000000000 set
cpu-bind=MASK - nid001103, task 87 87 [37775]: mask 0x800000000000000000000000000000008000000000000000000000 set
cpu-bind=MASK - nid001103, task 62 62 [37750]: mask 0x400000000000000000000000000000004000000000000000 set
cpu-bind=MASK - nid001103, task 112 112 [37800]: mask 0x1000000000000000000000000000000010000000000000000000000000000 set
