
Due to MODULEPATH changes, the following have been reloaded:
  1) cray-mpich/8.1.12


Currently Loaded Modules:
  1) craype-x86-rome                        15) ELPA/2021.11.001
  2) libfabric/1.15.2.0                     16) libxsmm/1.17
  3) craype-network-ofi                     17) libxc/5.1.7
  4) xpmem/2.4.4-2.3_13.8__gff0e1d9.shasta  18) Libint-CP2K/2.6.0
  5) PrgEnv-gnu/8.3.0                       19) cray-hdf5/1.12.0.7
  6) cray-dsmml/0.2.2                       20) GSL/2.7
  7) cray-libsci/21.08.1.2                  21) SpFFT/1.0.5
  8) cray-mpich/8.1.12                      22) SPLA/1.5.2
  9) craype/2.7.13                          23) SIRIUS/7.3.1
 10) gcc/11.2.0                             24) spglib/1.16.3
 11) perftools-base/21.12.0                 25) libvori/210412
 12) cpe/21.12                              26) zlib/.1.2.11       (H)
 13) cpeGNU/21.12                           27) PLUMED/2.7.3
 14) cray-fftw/3.3.8.12

  Where:
   H:  Hidden Module

 

cpu-bind=MASK - nid001070, task  0  0 [51888]: mask 0x100000000000000000000000000000001 set
cpu-bind=MASK - nid001070, task  1  1 [51889]: mask 0x200000000000000000000000000000002 set
cpu-bind=MASK - nid001070, task  2  2 [51890]: mask 0x400000000000000000000000000000004 set
cpu-bind=MASK - nid001070, task 13 13 [51901]: mask 0x200000000000000000000000000000002000 set
cpu-bind=MASK - nid001070, task  4  4 [51892]: mask 0x1000000000000000000000000000000010 set
cpu-bind=MASK - nid001070, task  5  5 [51893]: mask 0x2000000000000000000000000000000020 set
cpu-bind=MASK - nid001070, task  6  6 [51894]: mask 0x4000000000000000000000000000000040 set
cpu-bind=MASK - nid001070, task  7  7 [51895]: mask 0x8000000000000000000000000000000080 set
cpu-bind=MASK - nid001070, task  8  8 [51896]: mask 0x10000000000000000000000000000000100 set
cpu-bind=MASK - nid001070, task  9  9 [51897]: mask 0x20000000000000000000000000000000200 set
cpu-bind=MASK - nid001070, task 10 10 [51898]: mask 0x40000000000000000000000000000000400 set
cpu-bind=MASK - nid001070, task 11 11 [51899]: mask 0x80000000000000000000000000000000800 set
cpu-bind=MASK - nid001070, task 16 16 [51904]: mask 0x1000000000000000000000000000000010000 set
cpu-bind=MASK - nid001070, task 21 21 [51909]: mask 0x20000000000000000000000000000000200000 set
cpu-bind=MASK - nid001070, task 18 18 [51906]: mask 0x4000000000000000000000000000000040000 set
cpu-bind=MASK - nid001070, task 19 19 [51907]: mask 0x8000000000000000000000000000000080000 set
cpu-bind=MASK - nid001070, task 15 15 [51903]: mask 0x800000000000000000000000000000008000 set
cpu-bind=MASK - nid001070, task 23 23 [51911]: mask 0x80000000000000000000000000000000800000 set
cpu-bind=MASK - nid001070, task 24 24 [51912]: mask 0x100000000000000000000000000000001000000 set
cpu-bind=MASK - nid001070, task 14 14 [51902]: mask 0x400000000000000000000000000000004000 set
cpu-bind=MASK - nid001070, task 22 22 [51910]: mask 0x40000000000000000000000000000000400000 set
cpu-bind=MASK - nid001070, task 17 17 [51905]: mask 0x2000000000000000000000000000000020000 set
cpu-bind=MASK - nid001070, task 20 20 [51908]: mask 0x10000000000000000000000000000000100000 set
cpu-bind=MASK - nid001070, task 29 29 [51917]: mask 0x2000000000000000000000000000000020000000 set
cpu-bind=MASK - nid001070, task 30 30 [51918]: mask 0x4000000000000000000000000000000040000000 set
cpu-bind=MASK - nid001070, task 28 28 [51916]: mask 0x1000000000000000000000000000000010000000 set
cpu-bind=MASK - nid001070, task  3  3 [51891]: mask 0x800000000000000000000000000000008 set
cpu-bind=MASK - nid001070, task 32 32 [51920]: mask 0x10000000000000000000000000000000100000000 set
cpu-bind=MASK - nid001070, task 31 31 [51919]: mask 0x8000000000000000000000000000000080000000 set
cpu-bind=MASK - nid001070, task 33 33 [51921]: mask 0x20000000000000000000000000000000200000000 set
cpu-bind=MASK - nid001070, task 26 26 [51914]: mask 0x400000000000000000000000000000004000000 set
cpu-bind=MASK - nid001070, task 48 48 [51936]: mask 0x100000000000000000000000000000001000000000000 set
cpu-bind=MASK - nid001070, task 35 35 [51923]: mask 0x80000000000000000000000000000000800000000 set
cpu-bind=MASK - nid001070, task 37 37 [51925]: mask 0x200000000000000000000000000000002000000000 set
cpu-bind=MASK - nid001070, task 39 39 [51927]: mask 0x800000000000000000000000000000008000000000 set
cpu-bind=MASK - nid001070, task 41 41 [51929]: mask 0x2000000000000000000000000000000020000000000 set
cpu-bind=MASK - nid001070, task 43 43 [51931]: mask 0x8000000000000000000000000000000080000000000 set
cpu-bind=MASK - nid001070, task 40 40 [51928]: mask 0x1000000000000000000000000000000010000000000 set
cpu-bind=MASK - nid001070, task 36 36 [51924]: mask 0x100000000000000000000000000000001000000000 set
cpu-bind=MASK - nid001093, task 128  0 [118450]: mask 0x100000000000000000000000000000001 set
cpu-bind=MASK - nid001093, task 129  1 [118451]: mask 0x200000000000000000000000000000002 set
cpu-bind=MASK - nid001093, task 130  2 [118452]: mask 0x400000000000000000000000000000004 set
cpu-bind=MASK - nid001093, task 131  3 [118453]: mask 0x800000000000000000000000000000008 set
cpu-bind=MASK - nid001093, task 132  4 [118454]: mask 0x1000000000000000000000000000000010 set
cpu-bind=MASK - nid001093, task 138 10 [118460]: mask 0x40000000000000000000000000000000400 set
cpu-bind=MASK - nid001093, task 136  8 [118458]: mask 0x10000000000000000000000000000000100 set
cpu-bind=MASK - nid001093, task 137  9 [118459]: mask 0x20000000000000000000000000000000200 set
cpu-bind=MASK - nid001093, task 139 11 [118461]: mask 0x80000000000000000000000000000000800 set
cpu-bind=MASK - nid001093, task 140 12 [118462]: mask 0x100000000000000000000000000000001000 set
cpu-bind=MASK - nid001093, task 141 13 [118463]: mask 0x200000000000000000000000000000002000 set
cpu-bind=MASK - nid001093, task 160 32 [118482]: mask 0x10000000000000000000000000000000100000000 set
cpu-bind=MASK - nid001093, task 161 33 [118483]: mask 0x20000000000000000000000000000000200000000 set
cpu-bind=MASK - nid001093, task 159 31 [118481]: mask 0x8000000000000000000000000000000080000000 set
cpu-bind=MASK - nid001093, task 163 35 [118485]: mask 0x80000000000000000000000000000000800000000 set
cpu-bind=MASK - nid001093, task 145 17 [118467]: mask 0x2000000000000000000000000000000020000 set
cpu-bind=MASK - nid001093, task 153 25 [118475]: mask 0x200000000000000000000000000000002000000 set
cpu-bind=MASK - nid001093, task 158 30 [118480]: mask 0x4000000000000000000000000000000040000000 set
cpu-bind=MASK - nid001093, task 142 14 [118464]: mask 0x400000000000000000000000000000004000 set
cpu-bind=MASK - nid001093, task 143 15 [118465]: mask 0x800000000000000000000000000000008000 set
cpu-bind=MASK - nid001093, task 144 16 [118466]: mask 0x1000000000000000000000000000000010000 set
cpu-bind=MASK - nid001093, task 152 24 [118474]: mask 0x100000000000000000000000000000001000000 set
cpu-bind=MASK - nid001093, task 157 29 [118479]: mask 0x2000000000000000000000000000000020000000 set
cpu-bind=MASK - nid001093, task 154 26 [118476]: mask 0x400000000000000000000000000000004000000 set
cpu-bind=MASK - nid001093, task 155 27 [118477]: mask 0x800000000000000000000000000000008000000 set
cpu-bind=MASK - nid001093, task 156 28 [118478]: mask 0x1000000000000000000000000000000010000000 set
cpu-bind=MASK - nid001093, task 164 36 [118486]: mask 0x100000000000000000000000000000001000000000 set
cpu-bind=MASK - nid001093, task 165 37 [118487]: mask 0x200000000000000000000000000000002000000000 set
cpu-bind=MASK - nid001093, task 133  5 [118455]: mask 0x2000000000000000000000000000000020 set
cpu-bind=MASK - nid001093, task 134  6 [118456]: mask 0x4000000000000000000000000000000040 set
cpu-bind=MASK - nid001093, task 135  7 [118457]: mask 0x8000000000000000000000000000000080 set
cpu-bind=MASK - nid001093, task 146 18 [118468]: mask 0x4000000000000000000000000000000040000 set
cpu-bind=MASK - nid001093, task 147 19 [118469]: mask 0x8000000000000000000000000000000080000 set
cpu-bind=MASK - nid001093, task 148 20 [118470]: mask 0x10000000000000000000000000000000100000 set
cpu-bind=MASK - nid001093, task 149 21 [118471]: mask 0x20000000000000000000000000000000200000 set
cpu-bind=MASK - nid001093, task 150 22 [118472]: mask 0x40000000000000000000000000000000400000 set
cpu-bind=MASK - nid001093, task 151 23 [118473]: mask 0x80000000000000000000000000000000800000 set
cpu-bind=MASK - nid001093, task 167 39 [118489]: mask 0x800000000000000000000000000000008000000000 set
cpu-bind=MASK - nid001093, task 166 38 [118488]: mask 0x400000000000000000000000000000004000000000 set
cpu-bind=MASK - nid001093, task 178 50 [118500]: mask 0x400000000000000000000000000000004000000000000 set
cpu-bind=MASK - nid001093, task 179 51 [118501]: mask 0x800000000000000000000000000000008000000000000 set
cpu-bind=MASK - nid001093, task 169 41 [118491]: mask 0x2000000000000000000000000000000020000000000 set
cpu-bind=MASK - nid001093, task 168 40 [118490]: mask 0x1000000000000000000000000000000010000000000 set
cpu-bind=MASK - nid001093, task 194 66 [118516]: mask 0x4000000000000000000000000000000040000000000000000 set
cpu-bind=MASK - nid001093, task 173 45 [118495]: mask 0x20000000000000000000000000000000200000000000 set
cpu-bind=MASK - nid001093, task 176 48 [118498]: mask 0x100000000000000000000000000000001000000000000 set
cpu-bind=MASK - nid001093, task 172 44 [118494]: mask 0x10000000000000000000000000000000100000000000 set
cpu-bind=MASK - nid001093, task 174 46 [118496]: mask 0x40000000000000000000000000000000400000000000 set
cpu-bind=MASK - nid001093, task 175 47 [118497]: mask 0x80000000000000000000000000000000800000000000 set
cpu-bind=MASK - nid001093, task 177 49 [118499]: mask 0x200000000000000000000000000000002000000000000 set
cpu-bind=MASK - nid001093, task 189 61 [118511]: mask 0x200000000000000000000000000000002000000000000000 set
cpu-bind=MASK - nid001093, task 191 63 [118513]: mask 0x800000000000000000000000000000008000000000000000 set
cpu-bind=MASK - nid001093, task 193 65 [118515]: mask 0x2000000000000000000000000000000020000000000000000 set
cpu-bind=MASK - nid001093, task 195 67 [118517]: mask 0x8000000000000000000000000000000080000000000000000 set
cpu-bind=MASK - nid001093, task 188 60 [118510]: mask 0x100000000000000000000000000000001000000000000000 set
cpu-bind=MASK - nid001093, task 183 55 [118505]: mask 0x8000000000000000000000000000000080000000000000 set
cpu-bind=MASK - nid001093, task 198 70 [118520]: mask 0x40000000000000000000000000000000400000000000000000 set
cpu-bind=MASK - nid001093, task 199 71 [118521]: mask 0x80000000000000000000000000000000800000000000000000 set
cpu-bind=MASK - nid001093, task 200 72 [118522]: mask 0x100000000000000000000000000000001000000000000000000 set
cpu-bind=MASK - nid001093, task 182 54 [118504]: mask 0x4000000000000000000000000000000040000000000000 set
cpu-bind=MASK - nid001093, task 170 42 [118492]: mask 0x4000000000000000000000000000000040000000000 set
cpu-bind=MASK - nid001093, task 184 56 [118506]: mask 0x10000000000000000000000000000000100000000000000 set
cpu-bind=MASK - nid001093, task 171 43 [118493]: mask 0x8000000000000000000000000000000080000000000 set
cpu-bind=MASK - nid001093, task 186 58 [118508]: mask 0x40000000000000000000000000000000400000000000000 set
cpu-bind=MASK - nid001093, task 180 52 [118502]: mask 0x1000000000000000000000000000000010000000000000 set
cpu-bind=MASK - nid001093, task 181 53 [118503]: mask 0x2000000000000000000000000000000020000000000000 set
cpu-bind=MASK - nid001093, task 185 57 [118507]: mask 0x20000000000000000000000000000000200000000000000 set
cpu-bind=MASK - nid001093, task 187 59 [118509]: mask 0x80000000000000000000000000000000800000000000000 set
cpu-bind=MASK - nid001093, task 162 34 [118484]: mask 0x40000000000000000000000000000000400000000 set
cpu-bind=MASK - nid001093, task 190 62 [118512]: mask 0x400000000000000000000000000000004000000000000000 set
cpu-bind=MASK - nid001093, task 192 64 [118514]: mask 0x1000000000000000000000000000000010000000000000000 set
cpu-bind=MASK - nid001093, task 196 68 [118518]: mask 0x10000000000000000000000000000000100000000000000000 set
cpu-bind=MASK - nid001093, task 197 69 [118519]: mask 0x20000000000000000000000000000000200000000000000000 set
cpu-bind=MASK - nid001093, task 201 73 [118523]: mask 0x200000000000000000000000000000002000000000000000000 set
cpu-bind=MASK - nid001093, task 202 74 [118524]: mask 0x400000000000000000000000000000004000000000000000000 set
cpu-bind=MASK - nid001093, task 208 80 [118530]: mask 0x10000000000000000000000000000000100000000000000000000 set
cpu-bind=MASK - nid001093, task 211 83 [118533]: mask 0x80000000000000000000000000000000800000000000000000000 set
cpu-bind=MASK - nid001093, task 203 75 [118525]: mask 0x800000000000000000000000000000008000000000000000000 set
cpu-bind=MASK - nid001093, task 204 76 [118526]: mask 0x1000000000000000000000000000000010000000000000000000 set
cpu-bind=MASK - nid001093, task 205 77 [118527]: mask 0x2000000000000000000000000000000020000000000000000000 set
cpu-bind=MASK - nid001093, task 206 78 [118528]: mask 0x4000000000000000000000000000000040000000000000000000 set
cpu-bind=MASK - nid001093, task 207 79 [118529]: mask 0x8000000000000000000000000000000080000000000000000000 set
cpu-bind=MASK - nid001093, task 209 81 [118531]: mask 0x20000000000000000000000000000000200000000000000000000 set
cpu-bind=MASK - nid001093, task 228 100 [118550]: mask 0x1000000000000000000000000000000010000000000000000000000000 set
cpu-bind=MASK - nid001093, task 227 99 [118549]: mask 0x800000000000000000000000000000008000000000000000000000000 set
cpu-bind=MASK - nid001093, task 212 84 [118534]: mask 0x100000000000000000000000000000001000000000000000000000 set
cpu-bind=MASK - nid001093, task 215 87 [118537]: mask 0x800000000000000000000000000000008000000000000000000000 set
cpu-bind=MASK - nid001093, task 229 101 [118551]: mask 0x2000000000000000000000000000000020000000000000000000000000 set
cpu-bind=MASK - nid001093, task 230 102 [118552]: mask 0x4000000000000000000000000000000040000000000000000000000000 set
cpu-bind=MASK - nid001093, task 210 82 [118532]: mask 0x40000000000000000000000000000000400000000000000000000 set
cpu-bind=MASK - nid001093, task 213 85 [118535]: mask 0x200000000000000000000000000000002000000000000000000000 set
cpu-bind=MASK - nid001093, task 214 86 [118536]: mask 0x400000000000000000000000000000004000000000000000000000 set
cpu-bind=MASK - nid001093, task 224 96 [118546]: mask 0x100000000000000000000000000000001000000000000000000000000 set
cpu-bind=MASK - nid001093, task 225 97 [118547]: mask 0x200000000000000000000000000000002000000000000000000000000 set
cpu-bind=MASK - nid001093, task 226 98 [118548]: mask 0x400000000000000000000000000000004000000000000000000000000 set
cpu-bind=MASK - nid001093, task 220 92 [118542]: mask 0x10000000000000000000000000000000100000000000000000000000 set
cpu-bind=MASK - nid001093, task 221 93 [118543]: mask 0x20000000000000000000000000000000200000000000000000000000 set
cpu-bind=MASK - nid001093, task 223 95 [118545]: mask 0x80000000000000000000000000000000800000000000000000000000 set
cpu-bind=MASK - nid001093, task 233 105 [118555]: mask 0x20000000000000000000000000000000200000000000000000000000000 set
cpu-bind=MASK - nid001093, task 234 106 [118556]: mask 0x40000000000000000000000000000000400000000000000000000000000 set
cpu-bind=MASK - nid001093, task 235 107 [118557]: mask 0x80000000000000000000000000000000800000000000000000000000000 set
cpu-bind=MASK - nid001093, task 237 109 [118559]: mask 0x200000000000000000000000000000002000000000000000000000000000 set
cpu-bind=MASK - nid001093, task 255 127 [118577]: mask 0x8000000000000000000000000000000080000000000000000000000000000000 set
cpu-bind=MASK - nid001093, task 222 94 [118544]: mask 0x40000000000000000000000000000000400000000000000000000000 set
cpu-bind=MASK - nid001093, task 231 103 [118553]: mask 0x8000000000000000000000000000000080000000000000000000000000 set
cpu-bind=MASK - nid001093, task 232 104 [118554]: mask 0x10000000000000000000000000000000100000000000000000000000000 set
cpu-bind=MASK - nid001093, task 236 108 [118558]: mask 0x100000000000000000000000000000001000000000000000000000000000 set
cpu-bind=MASK - nid001093, task 238 110 [118560]: mask 0x400000000000000000000000000000004000000000000000000000000000 set
cpu-bind=MASK - nid001093, task 249 121 [118571]: mask 0x200000000000000000000000000000002000000000000000000000000000000 set
cpu-bind=MASK - nid001093, task 253 125 [118575]: mask 0x2000000000000000000000000000000020000000000000000000000000000000 set
cpu-bind=MASK - nid001093, task 254 126 [118576]: mask 0x4000000000000000000000000000000040000000000000000000000000000000 set
cpu-bind=MASK - nid001093, task 250 122 [118572]: mask 0x400000000000000000000000000000004000000000000000000000000000000 set
cpu-bind=MASK - nid001093, task 217 89 [118539]: mask 0x2000000000000000000000000000000020000000000000000000000 set
cpu-bind=MASK - nid001093, task 242 114 [118564]: mask 0x4000000000000000000000000000000040000000000000000000000000000 set
cpu-bind=MASK - nid001093, task 247 119 [118569]: mask 0x80000000000000000000000000000000800000000000000000000000000000 set
cpu-bind=MASK - nid001093, task 216 88 [118538]: mask 0x1000000000000000000000000000000010000000000000000000000 set
cpu-bind=MASK - nid001093, task 218 90 [118540]: mask 0x4000000000000000000000000000000040000000000000000000000 set
cpu-bind=MASK - nid001093, task 219 91 [118541]: mask 0x8000000000000000000000000000000080000000000000000000000 set
cpu-bind=MASK - nid001093, task 239 111 [118561]: mask 0x800000000000000000000000000000008000000000000000000000000000 set
cpu-bind=MASK - nid001093, task 240 112 [118562]: mask 0x1000000000000000000000000000000010000000000000000000000000000 set
cpu-bind=MASK - nid001093, task 241 113 [118563]: mask 0x2000000000000000000000000000000020000000000000000000000000000 set
cpu-bind=MASK - nid001093, task 243 115 [118565]: mask 0x8000000000000000000000000000000080000000000000000000000000000 set
cpu-bind=MASK - nid001093, task 244 116 [118566]: mask 0x10000000000000000000000000000000100000000000000000000000000000 set
cpu-bind=MASK - nid001093, task 245 117 [118567]: mask 0x20000000000000000000000000000000200000000000000000000000000000 set
cpu-bind=MASK - nid001093, task 246 118 [118568]: mask 0x40000000000000000000000000000000400000000000000000000000000000 set
cpu-bind=MASK - nid001093, task 248 120 [118570]: mask 0x100000000000000000000000000000001000000000000000000000000000000 set
cpu-bind=MASK - nid001093, task 251 123 [118573]: mask 0x800000000000000000000000000000008000000000000000000000000000000 set
cpu-bind=MASK - nid001093, task 252 124 [118574]: mask 0x1000000000000000000000000000000010000000000000000000000000000000 set
cpu-bind=MASK - nid001070, task 46 46 [51934]: mask 0x40000000000000000000000000000000400000000000 set
cpu-bind=MASK - nid001070, task 12 12 [51900]: mask 0x100000000000000000000000000000001000 set
cpu-bind=MASK - nid001070, task 42 42 [51930]: mask 0x4000000000000000000000000000000040000000000 set
cpu-bind=MASK - nid001070, task 44 44 [51932]: mask 0x10000000000000000000000000000000100000000000 set
cpu-bind=MASK - nid001070, task 34 34 [51922]: mask 0x40000000000000000000000000000000400000000 set
cpu-bind=MASK - nid001070, task 38 38 [51926]: mask 0x400000000000000000000000000000004000000000 set
cpu-bind=MASK - nid001070, task 54 54 [51942]: mask 0x4000000000000000000000000000000040000000000000 set
cpu-bind=MASK - nid001070, task 25 25 [51913]: mask 0x200000000000000000000000000000002000000 set
cpu-bind=MASK - nid001070, task 27 27 [51915]: mask 0x800000000000000000000000000000008000000 set
cpu-bind=MASK - nid001070, task 45 45 [51933]: mask 0x20000000000000000000000000000000200000000000 set
cpu-bind=MASK - nid001070, task 49 49 [51937]: mask 0x200000000000000000000000000000002000000000000 set
cpu-bind=MASK - nid001070, task 50 50 [51938]: mask 0x400000000000000000000000000000004000000000000 set
cpu-bind=MASK - nid001070, task 47 47 [51935]: mask 0x80000000000000000000000000000000800000000000 set
cpu-bind=MASK - nid001070, task 51 51 [51939]: mask 0x800000000000000000000000000000008000000000000 set
cpu-bind=MASK - nid001070, task 52 52 [51940]: mask 0x1000000000000000000000000000000010000000000000 set
cpu-bind=MASK - nid001070, task 53 53 [51941]: mask 0x2000000000000000000000000000000020000000000000 set
cpu-bind=MASK - nid001070, task 57 57 [51945]: mask 0x20000000000000000000000000000000200000000000000 set
cpu-bind=MASK - nid001070, task 55 55 [51943]: mask 0x8000000000000000000000000000000080000000000000 set
cpu-bind=MASK - nid001070, task 58 58 [51946]: mask 0x40000000000000000000000000000000400000000000000 set
cpu-bind=MASK - nid001070, task 61 61 [51949]: mask 0x200000000000000000000000000000002000000000000000 set
cpu-bind=MASK - nid001070, task 62 62 [51950]: mask 0x400000000000000000000000000000004000000000000000 set
cpu-bind=MASK - nid001070, task 63 63 [51951]: mask 0x800000000000000000000000000000008000000000000000 set
cpu-bind=MASK - nid001070, task 56 56 [51944]: mask 0x10000000000000000000000000000000100000000000000 set
cpu-bind=MASK - nid001070, task 59 59 [51947]: mask 0x80000000000000000000000000000000800000000000000 set
cpu-bind=MASK - nid001070, task 60 60 [51948]: mask 0x100000000000000000000000000000001000000000000000 set
cpu-bind=MASK - nid001070, task 74 74 [51962]: mask 0x400000000000000000000000000000004000000000000000000 set
cpu-bind=MASK - nid001070, task 66 66 [51954]: mask 0x4000000000000000000000000000000040000000000000000 set
cpu-bind=MASK - nid001070, task 68 68 [51956]: mask 0x10000000000000000000000000000000100000000000000000 set
cpu-bind=MASK - nid001070, task 71 71 [51959]: mask 0x80000000000000000000000000000000800000000000000000 set
cpu-bind=MASK - nid001070, task 65 65 [51953]: mask 0x2000000000000000000000000000000020000000000000000 set
cpu-bind=MASK - nid001070, task 67 67 [51955]: mask 0x8000000000000000000000000000000080000000000000000 set
cpu-bind=MASK - nid001070, task 70 70 [51958]: mask 0x40000000000000000000000000000000400000000000000000 set
cpu-bind=MASK - nid001070, task 73 73 [51961]: mask 0x200000000000000000000000000000002000000000000000000 set
cpu-bind=MASK - nid001070, task 75 75 [51963]: mask 0x800000000000000000000000000000008000000000000000000 set
cpu-bind=MASK - nid001070, task 77 77 [51965]: mask 0x2000000000000000000000000000000020000000000000000000 set
cpu-bind=MASK - nid001070, task 78 78 [51966]: mask 0x4000000000000000000000000000000040000000000000000000 set
cpu-bind=MASK - nid001070, task 72 72 [51960]: mask 0x100000000000000000000000000000001000000000000000000 set
cpu-bind=MASK - nid001070, task 76 76 [51964]: mask 0x1000000000000000000000000000000010000000000000000000 set
cpu-bind=MASK - nid001070, task 90 90 [51978]: mask 0x4000000000000000000000000000000040000000000000000000000 set
cpu-bind=MASK - nid001070, task 81 81 [51969]: mask 0x20000000000000000000000000000000200000000000000000000 set
cpu-bind=MASK - nid001070, task 82 82 [51970]: mask 0x40000000000000000000000000000000400000000000000000000 set
cpu-bind=MASK - nid001070, task 64 64 [51952]: mask 0x1000000000000000000000000000000010000000000000000 set
cpu-bind=MASK - nid001070, task 92 92 [51980]: mask 0x10000000000000000000000000000000100000000000000000000000 set
cpu-bind=MASK - nid001070, task 83 83 [51971]: mask 0x80000000000000000000000000000000800000000000000000000 set
cpu-bind=MASK - nid001070, task 85 85 [51973]: mask 0x200000000000000000000000000000002000000000000000000000 set
cpu-bind=MASK - nid001070, task 93 93 [51981]: mask 0x20000000000000000000000000000000200000000000000000000000 set
cpu-bind=MASK - nid001070, task 84 84 [51972]: mask 0x100000000000000000000000000000001000000000000000000000 set
cpu-bind=MASK - nid001070, task 86 86 [51974]: mask 0x400000000000000000000000000000004000000000000000000000 set
cpu-bind=MASK - nid001070, task 80 80 [51968]: mask 0x10000000000000000000000000000000100000000000000000000 set
cpu-bind=MASK - nid001070, task 88 88 [51976]: mask 0x1000000000000000000000000000000010000000000000000000000 set
cpu-bind=MASK - nid001070, task 87 87 [51975]: mask 0x800000000000000000000000000000008000000000000000000000 set
cpu-bind=MASK - nid001070, task 79 79 [51967]: mask 0x8000000000000000000000000000000080000000000000000000 set
cpu-bind=MASK - nid001070, task 91 91 [51979]: mask 0x8000000000000000000000000000000080000000000000000000000 set
cpu-bind=MASK - nid001070, task 69 69 [51957]: mask 0x20000000000000000000000000000000200000000000000000 set
cpu-bind=MASK - nid001070, task 96 96 [51984]: mask 0x100000000000000000000000000000001000000000000000000000000 set
cpu-bind=MASK - nid001070, task 97 97 [51985]: mask 0x200000000000000000000000000000002000000000000000000000000 set
cpu-bind=MASK - nid001070, task 94 94 [51982]: mask 0x40000000000000000000000000000000400000000000000000000000 set
cpu-bind=MASK - nid001070, task 95 95 [51983]: mask 0x80000000000000000000000000000000800000000000000000000000 set
cpu-bind=MASK - nid001070, task 98 98 [51986]: mask 0x400000000000000000000000000000004000000000000000000000000 set
cpu-bind=MASK - nid001070, task 99 99 [51987]: mask 0x800000000000000000000000000000008000000000000000000000000 set
cpu-bind=MASK - nid001070, task 109 109 [51997]: mask 0x200000000000000000000000000000002000000000000000000000000000 set
cpu-bind=MASK - nid001070, task 105 105 [51993]: mask 0x20000000000000000000000000000000200000000000000000000000000 set
cpu-bind=MASK - nid001070, task 106 106 [51994]: mask 0x40000000000000000000000000000000400000000000000000000000000 set
cpu-bind=MASK - nid001070, task 112 112 [52000]: mask 0x1000000000000000000000000000000010000000000000000000000000000 set
cpu-bind=MASK - nid001070, task 107 107 [51995]: mask 0x80000000000000000000000000000000800000000000000000000000000 set
cpu-bind=MASK - nid001070, task 104 104 [51992]: mask 0x10000000000000000000000000000000100000000000000000000000000 set
cpu-bind=MASK - nid001070, task 110 110 [51998]: mask 0x400000000000000000000000000000004000000000000000000000000000 set
cpu-bind=MASK - nid001070, task 103 103 [51991]: mask 0x8000000000000000000000000000000080000000000000000000000000 set
cpu-bind=MASK - nid001070, task 111 111 [51999]: mask 0x800000000000000000000000000000008000000000000000000000000000 set
cpu-bind=MASK - nid001070, task 113 113 [52001]: mask 0x2000000000000000000000000000000020000000000000000000000000000 set
cpu-bind=MASK - nid001070, task 108 108 [51996]: mask 0x100000000000000000000000000000001000000000000000000000000000 set
cpu-bind=MASK - nid001070, task 121 121 [52009]: mask 0x200000000000000000000000000000002000000000000000000000000000000 set
cpu-bind=MASK - nid001070, task 123 123 [52011]: mask 0x800000000000000000000000000000008000000000000000000000000000000 set
cpu-bind=MASK - nid001070, task 126 126 [52014]: mask 0x4000000000000000000000000000000040000000000000000000000000000000 set
cpu-bind=MASK - nid001070, task 127 127 [52015]: mask 0x8000000000000000000000000000000080000000000000000000000000000000 set
cpu-bind=MASK - nid001070, task 115 115 [52003]: mask 0x8000000000000000000000000000000080000000000000000000000000000 set
cpu-bind=MASK - nid001070, task 100 100 [51988]: mask 0x1000000000000000000000000000000010000000000000000000000000 set
cpu-bind=MASK - nid001070, task 101 101 [51989]: mask 0x2000000000000000000000000000000020000000000000000000000000 set
cpu-bind=MASK - nid001070, task 102 102 [51990]: mask 0x4000000000000000000000000000000040000000000000000000000000 set
cpu-bind=MASK - nid001070, task 120 120 [52008]: mask 0x100000000000000000000000000000001000000000000000000000000000000 set
cpu-bind=MASK - nid001070, task 122 122 [52010]: mask 0x400000000000000000000000000000004000000000000000000000000000000 set
cpu-bind=MASK - nid001070, task 116 116 [52004]: mask 0x10000000000000000000000000000000100000000000000000000000000000 set
cpu-bind=MASK - nid001070, task 117 117 [52005]: mask 0x20000000000000000000000000000000200000000000000000000000000000 set
cpu-bind=MASK - nid001070, task 119 119 [52007]: mask 0x80000000000000000000000000000000800000000000000000000000000000 set
cpu-bind=MASK - nid001070, task 124 124 [52012]: mask 0x1000000000000000000000000000000010000000000000000000000000000000 set
cpu-bind=MASK - nid001070, task 125 125 [52013]: mask 0x2000000000000000000000000000000020000000000000000000000000000000 set
cpu-bind=MASK - nid001070, task 89 89 [51977]: mask 0x2000000000000000000000000000000020000000000000000000000 set
cpu-bind=MASK - nid001070, task 118 118 [52006]: mask 0x40000000000000000000000000000000400000000000000000000000000000 set
cpu-bind=MASK - nid001070, task 114 114 [52002]: mask 0x4000000000000000000000000000000040000000000000000000000000000 set
