
Due to MODULEPATH changes, the following have been reloaded:
  1) cray-mpich/8.1.12


Currently Loaded Modules:
  1) craype-x86-rome                        15) ELPA/2021.11.001
  2) libfabric/1.15.2.0                     16) libxsmm/1.17
  3) craype-network-ofi                     17) libxc/5.1.7
  4) xpmem/2.4.4-2.3_13.8__gff0e1d9.shasta  18) Libint-CP2K/2.6.0
  5) PrgEnv-gnu/8.3.0                       19) cray-hdf5/1.12.0.7
  6) cray-dsmml/0.2.2                       20) GSL/2.7
  7) cray-libsci/21.08.1.2                  21) SpFFT/1.0.5
  8) cray-mpich/8.1.12                      22) SPLA/1.5.2
  9) craype/2.7.13                          23) SIRIUS/7.3.1
 10) gcc/11.2.0                             24) spglib/1.16.3
 11) perftools-base/21.12.0                 25) libvori/210412
 12) cpe/21.12                              26) zlib/.1.2.11       (H)
 13) cpeGNU/21.12                           27) PLUMED/2.7.3
 14) cray-fftw/3.3.8.12

  Where:
   H:  Hidden Module

 

cpu-bind=MASK - nid001107, task 128  0 [173590]: mask 0x100000000000000000000000000000001 set
cpu-bind=MASK - nid001107, task 129  1 [173591]: mask 0x200000000000000000000000000000002 set
cpu-bind=MASK - nid001107, task 130  2 [173592]: mask 0x400000000000000000000000000000004 set
cpu-bind=MASK - nid001107, task 137  9 [173599]: mask 0x20000000000000000000000000000000200 set
cpu-bind=MASK - nid001107, task 134  6 [173596]: mask 0x4000000000000000000000000000000040 set
cpu-bind=MASK - nid001107, task 133  5 [173595]: mask 0x2000000000000000000000000000000020 set
cpu-bind=MASK - nid001107, task 138 10 [173600]: mask 0x40000000000000000000000000000000400 set
cpu-bind=MASK - nid001107, task 140 12 [173602]: mask 0x100000000000000000000000000000001000 set
cpu-bind=MASK - nid001107, task 131  3 [173593]: mask 0x800000000000000000000000000000008 set
cpu-bind=MASK - nid001107, task 132  4 [173594]: mask 0x1000000000000000000000000000000010 set
cpu-bind=MASK - nid001107, task 135  7 [173597]: mask 0x8000000000000000000000000000000080 set
cpu-bind=MASK - nid001107, task 147 19 [173609]: mask 0x8000000000000000000000000000000080000 set
cpu-bind=MASK - nid001107, task 148 20 [173610]: mask 0x10000000000000000000000000000000100000 set
cpu-bind=MASK - nid001107, task 146 18 [173608]: mask 0x4000000000000000000000000000000040000 set
cpu-bind=MASK - nid001107, task 136  8 [173598]: mask 0x10000000000000000000000000000000100 set
cpu-bind=MASK - nid001107, task 142 14 [173604]: mask 0x400000000000000000000000000000004000 set
cpu-bind=MASK - nid001107, task 141 13 [173603]: mask 0x200000000000000000000000000000002000 set
cpu-bind=MASK - nid001107, task 144 16 [173606]: mask 0x1000000000000000000000000000000010000 set
cpu-bind=MASK - nid001107, task 143 15 [173605]: mask 0x800000000000000000000000000000008000 set
cpu-bind=MASK - nid001107, task 145 17 [173607]: mask 0x2000000000000000000000000000000020000 set
cpu-bind=MASK - nid001107, task 149 21 [173611]: mask 0x20000000000000000000000000000000200000 set
cpu-bind=MASK - nid001107, task 151 23 [173613]: mask 0x80000000000000000000000000000000800000 set
cpu-bind=MASK - nid001107, task 150 22 [173612]: mask 0x40000000000000000000000000000000400000 set
cpu-bind=MASK - nid001107, task 139 11 [173601]: mask 0x80000000000000000000000000000000800 set
cpu-bind=MASK - nid001107, task 152 24 [173614]: mask 0x100000000000000000000000000000001000000 set
cpu-bind=MASK - nid001107, task 153 25 [173615]: mask 0x200000000000000000000000000000002000000 set
cpu-bind=MASK - nid001107, task 158 30 [173620]: mask 0x4000000000000000000000000000000040000000 set
cpu-bind=MASK - nid001107, task 154 26 [173616]: mask 0x400000000000000000000000000000004000000 set
cpu-bind=MASK - nid001107, task 155 27 [173617]: mask 0x800000000000000000000000000000008000000 set
cpu-bind=MASK - nid001107, task 156 28 [173618]: mask 0x1000000000000000000000000000000010000000 set
cpu-bind=MASK - nid001107, task 157 29 [173619]: mask 0x2000000000000000000000000000000020000000 set
cpu-bind=MASK - nid001107, task 159 31 [173621]: mask 0x8000000000000000000000000000000080000000 set
cpu-bind=MASK - nid001107, task 163 35 [173625]: mask 0x80000000000000000000000000000000800000000 set
cpu-bind=MASK - nid001107, task 161 33 [173623]: mask 0x20000000000000000000000000000000200000000 set
cpu-bind=MASK - nid001107, task 164 36 [173626]: mask 0x100000000000000000000000000000001000000000 set
cpu-bind=MASK - nid001107, task 166 38 [173628]: mask 0x400000000000000000000000000000004000000000 set
cpu-bind=MASK - nid001107, task 167 39 [173629]: mask 0x800000000000000000000000000000008000000000 set
cpu-bind=MASK - nid001107, task 160 32 [173622]: mask 0x10000000000000000000000000000000100000000 set
cpu-bind=MASK - nid001107, task 162 34 [173624]: mask 0x40000000000000000000000000000000400000000 set
cpu-bind=MASK - nid001107, task 183 55 [173645]: mask 0x8000000000000000000000000000000080000000000000 set
cpu-bind=MASK - nid001107, task 179 51 [173641]: mask 0x800000000000000000000000000000008000000000000 set
cpu-bind=MASK - nid001107, task 181 53 [173643]: mask 0x2000000000000000000000000000000020000000000000 set
cpu-bind=MASK - nid001107, task 168 40 [173630]: mask 0x1000000000000000000000000000000010000000000 set
cpu-bind=MASK - nid001107, task 170 42 [173632]: mask 0x4000000000000000000000000000000040000000000 set
cpu-bind=MASK - nid001107, task 180 52 [173642]: mask 0x1000000000000000000000000000000010000000000000 set
cpu-bind=MASK - nid001107, task 186 58 [173648]: mask 0x40000000000000000000000000000000400000000000000 set
cpu-bind=MASK - nid001107, task 165 37 [173627]: mask 0x200000000000000000000000000000002000000000 set
cpu-bind=MASK - nid001107, task 169 41 [173631]: mask 0x2000000000000000000000000000000020000000000 set
cpu-bind=MASK - nid001107, task 187 59 [173649]: mask 0x80000000000000000000000000000000800000000000000 set
cpu-bind=MASK - nid001107, task 193 65 [173655]: mask 0x2000000000000000000000000000000020000000000000000 set
cpu-bind=MASK - nid001107, task 171 43 [173633]: mask 0x8000000000000000000000000000000080000000000 set
cpu-bind=MASK - nid001107, task 172 44 [173634]: mask 0x10000000000000000000000000000000100000000000 set
cpu-bind=MASK - nid001107, task 173 45 [173635]: mask 0x20000000000000000000000000000000200000000000 set
cpu-bind=MASK - nid001107, task 174 46 [173636]: mask 0x40000000000000000000000000000000400000000000 set
cpu-bind=MASK - nid001107, task 175 47 [173637]: mask 0x80000000000000000000000000000000800000000000 set
cpu-bind=MASK - nid001107, task 176 48 [173638]: mask 0x100000000000000000000000000000001000000000000 set
cpu-bind=MASK - nid001107, task 177 49 [173639]: mask 0x200000000000000000000000000000002000000000000 set
cpu-bind=MASK - nid001107, task 178 50 [173640]: mask 0x400000000000000000000000000000004000000000000 set
cpu-bind=MASK - nid001107, task 182 54 [173644]: mask 0x4000000000000000000000000000000040000000000000 set
cpu-bind=MASK - nid001107, task 184 56 [173646]: mask 0x10000000000000000000000000000000100000000000000 set
cpu-bind=MASK - nid001107, task 192 64 [173654]: mask 0x1000000000000000000000000000000010000000000000000 set
cpu-bind=MASK - nid001107, task 185 57 [173647]: mask 0x20000000000000000000000000000000200000000000000 set
cpu-bind=MASK - nid001107, task 188 60 [173650]: mask 0x100000000000000000000000000000001000000000000000 set
cpu-bind=MASK - nid001107, task 189 61 [173651]: mask 0x200000000000000000000000000000002000000000000000 set
cpu-bind=MASK - nid001107, task 190 62 [173652]: mask 0x400000000000000000000000000000004000000000000000 set
cpu-bind=MASK - nid001107, task 191 63 [173653]: mask 0x800000000000000000000000000000008000000000000000 set
cpu-bind=MASK - nid001107, task 194 66 [173656]: mask 0x4000000000000000000000000000000040000000000000000 set
cpu-bind=MASK - nid001107, task 197 69 [173659]: mask 0x20000000000000000000000000000000200000000000000000 set
cpu-bind=MASK - nid001107, task 198 70 [173660]: mask 0x40000000000000000000000000000000400000000000000000 set
cpu-bind=MASK - nid001107, task 195 67 [173657]: mask 0x8000000000000000000000000000000080000000000000000 set
cpu-bind=MASK - nid001107, task 196 68 [173658]: mask 0x10000000000000000000000000000000100000000000000000 set
cpu-bind=MASK - nid001107, task 200 72 [173662]: mask 0x100000000000000000000000000000001000000000000000000 set
cpu-bind=MASK - nid001107, task 199 71 [173661]: mask 0x80000000000000000000000000000000800000000000000000 set
cpu-bind=MASK - nid001107, task 201 73 [173663]: mask 0x200000000000000000000000000000002000000000000000000 set
cpu-bind=MASK - nid001103, task 11 11 [36540]: mask 0x80000000000000000000000000000000800 set
cpu-bind=MASK - nid001107, task 203 75 [173665]: mask 0x800000000000000000000000000000008000000000000000000 set
cpu-bind=MASK - nid001103, task 13 13 [36542]: mask 0x200000000000000000000000000000002000 set
cpu-bind=MASK - nid001103, task  6  6 [36535]: mask 0x4000000000000000000000000000000040 set
cpu-bind=MASK - nid001103, task  7  7 [36536]: mask 0x8000000000000000000000000000000080 set
cpu-bind=MASK - nid001103, task  8  8 [36537]: mask 0x10000000000000000000000000000000100 set
cpu-bind=MASK - nid001103, task 10 10 [36539]: mask 0x40000000000000000000000000000000400 set
cpu-bind=MASK - nid001107, task 202 74 [173664]: mask 0x400000000000000000000000000000004000000000000000000 set
cpu-bind=MASK - nid001103, task 12 12 [36541]: mask 0x100000000000000000000000000000001000 set
cpu-bind=MASK - nid001107, task 206 78 [173668]: mask 0x4000000000000000000000000000000040000000000000000000 set
cpu-bind=MASK - nid001103, task  0  0 [36529]: mask 0x100000000000000000000000000000001 set
cpu-bind=MASK - nid001103, task 14 14 [36543]: mask 0x400000000000000000000000000000004000 set
cpu-bind=MASK - nid001107, task 204 76 [173666]: mask 0x1000000000000000000000000000000010000000000000000000 set
cpu-bind=MASK - nid001107, task 205 77 [173667]: mask 0x2000000000000000000000000000000020000000000000000000 set
cpu-bind=MASK - nid001103, task  5  5 [36534]: mask 0x2000000000000000000000000000000020 set
cpu-bind=MASK - nid001103, task  9  9 [36538]: mask 0x20000000000000000000000000000000200 set
cpu-bind=MASK - nid001107, task 207 79 [173669]: mask 0x8000000000000000000000000000000080000000000000000000 set
cpu-bind=MASK - nid001103, task  4  4 [36533]: mask 0x1000000000000000000000000000000010 set
cpu-bind=MASK - nid001107, task 210 82 [173672]: mask 0x40000000000000000000000000000000400000000000000000000 set
cpu-bind=MASK - nid001103, task 17 17 [36546]: mask 0x2000000000000000000000000000000020000 set
cpu-bind=MASK - nid001107, task 224 96 [173686]: mask 0x100000000000000000000000000000001000000000000000000000000 set
cpu-bind=MASK - nid001107, task 208 80 [173670]: mask 0x10000000000000000000000000000000100000000000000000000 set
cpu-bind=MASK - nid001107, task 211 83 [173673]: mask 0x80000000000000000000000000000000800000000000000000000 set
cpu-bind=MASK - nid001107, task 209 81 [173671]: mask 0x20000000000000000000000000000000200000000000000000000 set
cpu-bind=MASK - nid001103, task 22 22 [36551]: mask 0x40000000000000000000000000000000400000 set
cpu-bind=MASK - nid001107, task 212 84 [173674]: mask 0x100000000000000000000000000000001000000000000000000000 set
cpu-bind=MASK - nid001103, task 23 23 [36552]: mask 0x80000000000000000000000000000000800000 set
cpu-bind=MASK - nid001107, task 213 85 [173675]: mask 0x200000000000000000000000000000002000000000000000000000 set
cpu-bind=MASK - nid001103, task  1  1 [36530]: mask 0x200000000000000000000000000000002 set
cpu-bind=MASK - nid001107, task 214 86 [173676]: mask 0x400000000000000000000000000000004000000000000000000000 set
cpu-bind=MASK - nid001103, task  2  2 [36531]: mask 0x400000000000000000000000000000004 set
cpu-bind=MASK - nid001107, task 215 87 [173677]: mask 0x800000000000000000000000000000008000000000000000000000 set
cpu-bind=MASK - nid001103, task  3  3 [36532]: mask 0x800000000000000000000000000000008 set
cpu-bind=MASK - nid001107, task 216 88 [173678]: mask 0x1000000000000000000000000000000010000000000000000000000 set
cpu-bind=MASK - nid001103, task 15 15 [36544]: mask 0x800000000000000000000000000000008000 set
cpu-bind=MASK - nid001107, task 217 89 [173679]: mask 0x2000000000000000000000000000000020000000000000000000000 set
cpu-bind=MASK - nid001103, task 16 16 [36545]: mask 0x1000000000000000000000000000000010000 set
cpu-bind=MASK - nid001107, task 218 90 [173680]: mask 0x4000000000000000000000000000000040000000000000000000000 set
cpu-bind=MASK - nid001103, task 18 18 [36547]: mask 0x4000000000000000000000000000000040000 set
cpu-bind=MASK - nid001107, task 219 91 [173681]: mask 0x8000000000000000000000000000000080000000000000000000000 set
cpu-bind=MASK - nid001103, task 19 19 [36548]: mask 0x8000000000000000000000000000000080000 set
cpu-bind=MASK - nid001107, task 220 92 [173682]: mask 0x10000000000000000000000000000000100000000000000000000000 set
cpu-bind=MASK - nid001103, task 20 20 [36549]: mask 0x10000000000000000000000000000000100000 set
cpu-bind=MASK - nid001107, task 221 93 [173683]: mask 0x20000000000000000000000000000000200000000000000000000000 set
cpu-bind=MASK - nid001103, task 25 25 [36554]: mask 0x200000000000000000000000000000002000000 set
cpu-bind=MASK - nid001107, task 222 94 [173684]: mask 0x40000000000000000000000000000000400000000000000000000000 set
cpu-bind=MASK - nid001103, task 28 28 [36557]: mask 0x1000000000000000000000000000000010000000 set
cpu-bind=MASK - nid001107, task 223 95 [173685]: mask 0x80000000000000000000000000000000800000000000000000000000 set
cpu-bind=MASK - nid001107, task 225 97 [173687]: mask 0x200000000000000000000000000000002000000000000000000000000 set
cpu-bind=MASK - nid001107, task 226 98 [173688]: mask 0x400000000000000000000000000000004000000000000000000000000 set
cpu-bind=MASK - nid001107, task 227 99 [173689]: mask 0x800000000000000000000000000000008000000000000000000000000 set
cpu-bind=MASK - nid001107, task 228 100 [173690]: mask 0x1000000000000000000000000000000010000000000000000000000000 set
cpu-bind=MASK - nid001107, task 229 101 [173691]: mask 0x2000000000000000000000000000000020000000000000000000000000 set
cpu-bind=MASK - nid001107, task 230 102 [173692]: mask 0x4000000000000000000000000000000040000000000000000000000000 set
cpu-bind=MASK - nid001107, task 231 103 [173693]: mask 0x8000000000000000000000000000000080000000000000000000000000 set
cpu-bind=MASK - nid001107, task 232 104 [173694]: mask 0x10000000000000000000000000000000100000000000000000000000000 set
cpu-bind=MASK - nid001107, task 233 105 [173695]: mask 0x20000000000000000000000000000000200000000000000000000000000 set
cpu-bind=MASK - nid001107, task 234 106 [173696]: mask 0x40000000000000000000000000000000400000000000000000000000000 set
cpu-bind=MASK - nid001107, task 235 107 [173697]: mask 0x80000000000000000000000000000000800000000000000000000000000 set
cpu-bind=MASK - nid001107, task 242 114 [173704]: mask 0x4000000000000000000000000000000040000000000000000000000000000 set
cpu-bind=MASK - nid001107, task 244 116 [173706]: mask 0x10000000000000000000000000000000100000000000000000000000000000 set
cpu-bind=MASK - nid001107, task 245 117 [173707]: mask 0x20000000000000000000000000000000200000000000000000000000000000 set
cpu-bind=MASK - nid001107, task 247 119 [173709]: mask 0x80000000000000000000000000000000800000000000000000000000000000 set
cpu-bind=MASK - nid001107, task 250 122 [173712]: mask 0x400000000000000000000000000000004000000000000000000000000000000 set
cpu-bind=MASK - nid001107, task 251 123 [173713]: mask 0x800000000000000000000000000000008000000000000000000000000000000 set
cpu-bind=MASK - nid001107, task 252 124 [173714]: mask 0x1000000000000000000000000000000010000000000000000000000000000000 set
cpu-bind=MASK - nid001107, task 253 125 [173715]: mask 0x2000000000000000000000000000000020000000000000000000000000000000 set
cpu-bind=MASK - nid001107, task 254 126 [173716]: mask 0x4000000000000000000000000000000040000000000000000000000000000000 set
cpu-bind=MASK - nid001107, task 255 127 [173717]: mask 0x8000000000000000000000000000000080000000000000000000000000000000 set
cpu-bind=MASK - nid001107, task 236 108 [173698]: mask 0x100000000000000000000000000000001000000000000000000000000000 set
cpu-bind=MASK - nid001107, task 237 109 [173699]: mask 0x200000000000000000000000000000002000000000000000000000000000 set
cpu-bind=MASK - nid001107, task 241 113 [173703]: mask 0x2000000000000000000000000000000020000000000000000000000000000 set
cpu-bind=MASK - nid001107, task 248 120 [173710]: mask 0x100000000000000000000000000000001000000000000000000000000000000 set
cpu-bind=MASK - nid001107, task 249 121 [173711]: mask 0x200000000000000000000000000000002000000000000000000000000000000 set
cpu-bind=MASK - nid001107, task 238 110 [173700]: mask 0x400000000000000000000000000000004000000000000000000000000000 set
cpu-bind=MASK - nid001107, task 239 111 [173701]: mask 0x800000000000000000000000000000008000000000000000000000000000 set
cpu-bind=MASK - nid001107, task 240 112 [173702]: mask 0x1000000000000000000000000000000010000000000000000000000000000 set
cpu-bind=MASK - nid001107, task 243 115 [173705]: mask 0x8000000000000000000000000000000080000000000000000000000000000 set
cpu-bind=MASK - nid001107, task 246 118 [173708]: mask 0x40000000000000000000000000000000400000000000000000000000000000 set
cpu-bind=MASK - nid001103, task 21 21 [36550]: mask 0x20000000000000000000000000000000200000 set
cpu-bind=MASK - nid001103, task 24 24 [36553]: mask 0x100000000000000000000000000000001000000 set
cpu-bind=MASK - nid001103, task 26 26 [36555]: mask 0x400000000000000000000000000000004000000 set
cpu-bind=MASK - nid001103, task 29 29 [36558]: mask 0x2000000000000000000000000000000020000000 set
cpu-bind=MASK - nid001103, task 32 32 [36561]: mask 0x10000000000000000000000000000000100000000 set
cpu-bind=MASK - nid001103, task 27 27 [36556]: mask 0x800000000000000000000000000000008000000 set
cpu-bind=MASK - nid001103, task 30 30 [36559]: mask 0x4000000000000000000000000000000040000000 set
cpu-bind=MASK - nid001103, task 31 31 [36560]: mask 0x8000000000000000000000000000000080000000 set
cpu-bind=MASK - nid001103, task 34 34 [36563]: mask 0x40000000000000000000000000000000400000000 set
cpu-bind=MASK - nid001103, task 36 36 [36565]: mask 0x100000000000000000000000000000001000000000 set
cpu-bind=MASK - nid001103, task 33 33 [36562]: mask 0x20000000000000000000000000000000200000000 set
cpu-bind=MASK - nid001103, task 37 37 [36566]: mask 0x200000000000000000000000000000002000000000 set
cpu-bind=MASK - nid001103, task 39 39 [36568]: mask 0x800000000000000000000000000000008000000000 set
cpu-bind=MASK - nid001103, task 40 40 [36569]: mask 0x1000000000000000000000000000000010000000000 set
cpu-bind=MASK - nid001103, task 35 35 [36564]: mask 0x80000000000000000000000000000000800000000 set
cpu-bind=MASK - nid001103, task 38 38 [36567]: mask 0x400000000000000000000000000000004000000000 set
cpu-bind=MASK - nid001103, task 45 45 [36574]: mask 0x20000000000000000000000000000000200000000000 set
cpu-bind=MASK - nid001103, task 47 47 [36576]: mask 0x80000000000000000000000000000000800000000000 set
cpu-bind=MASK - nid001103, task 41 41 [36570]: mask 0x2000000000000000000000000000000020000000000 set
cpu-bind=MASK - nid001103, task 43 43 [36572]: mask 0x8000000000000000000000000000000080000000000 set
cpu-bind=MASK - nid001103, task 44 44 [36573]: mask 0x10000000000000000000000000000000100000000000 set
cpu-bind=MASK - nid001103, task 46 46 [36575]: mask 0x40000000000000000000000000000000400000000000 set
cpu-bind=MASK - nid001103, task 48 48 [36577]: mask 0x100000000000000000000000000000001000000000000 set
cpu-bind=MASK - nid001103, task 42 42 [36571]: mask 0x4000000000000000000000000000000040000000000 set
cpu-bind=MASK - nid001103, task 59 59 [36588]: mask 0x80000000000000000000000000000000800000000000000 set
cpu-bind=MASK - nid001103, task 60 60 [36589]: mask 0x100000000000000000000000000000001000000000000000 set
cpu-bind=MASK - nid001103, task 49 49 [36578]: mask 0x200000000000000000000000000000002000000000000 set
cpu-bind=MASK - nid001103, task 50 50 [36579]: mask 0x400000000000000000000000000000004000000000000 set
cpu-bind=MASK - nid001103, task 51 51 [36580]: mask 0x800000000000000000000000000000008000000000000 set
cpu-bind=MASK - nid001103, task 52 52 [36581]: mask 0x1000000000000000000000000000000010000000000000 set
cpu-bind=MASK - nid001103, task 53 53 [36582]: mask 0x2000000000000000000000000000000020000000000000 set
cpu-bind=MASK - nid001103, task 56 56 [36585]: mask 0x10000000000000000000000000000000100000000000000 set
cpu-bind=MASK - nid001103, task 57 57 [36586]: mask 0x20000000000000000000000000000000200000000000000 set
cpu-bind=MASK - nid001103, task 58 58 [36587]: mask 0x40000000000000000000000000000000400000000000000 set
cpu-bind=MASK - nid001103, task 61 61 [36590]: mask 0x200000000000000000000000000000002000000000000000 set
cpu-bind=MASK - nid001103, task 54 54 [36583]: mask 0x4000000000000000000000000000000040000000000000 set
cpu-bind=MASK - nid001103, task 55 55 [36584]: mask 0x8000000000000000000000000000000080000000000000 set
cpu-bind=MASK - nid001103, task 63 63 [36592]: mask 0x800000000000000000000000000000008000000000000000 set
cpu-bind=MASK - nid001103, task 64 64 [36593]: mask 0x1000000000000000000000000000000010000000000000000 set
cpu-bind=MASK - nid001103, task 68 68 [36597]: mask 0x10000000000000000000000000000000100000000000000000 set
cpu-bind=MASK - nid001103, task 69 69 [36598]: mask 0x20000000000000000000000000000000200000000000000000 set
cpu-bind=MASK - nid001103, task 62 62 [36591]: mask 0x400000000000000000000000000000004000000000000000 set
cpu-bind=MASK - nid001103, task 65 65 [36594]: mask 0x2000000000000000000000000000000020000000000000000 set
cpu-bind=MASK - nid001103, task 66 66 [36595]: mask 0x4000000000000000000000000000000040000000000000000 set
cpu-bind=MASK - nid001103, task 67 67 [36596]: mask 0x8000000000000000000000000000000080000000000000000 set
cpu-bind=MASK - nid001103, task 73 73 [36602]: mask 0x200000000000000000000000000000002000000000000000000 set
cpu-bind=MASK - nid001103, task 74 74 [36603]: mask 0x400000000000000000000000000000004000000000000000000 set
cpu-bind=MASK - nid001103, task 76 76 [36605]: mask 0x1000000000000000000000000000000010000000000000000000 set
cpu-bind=MASK - nid001103, task 71 71 [36600]: mask 0x80000000000000000000000000000000800000000000000000 set
cpu-bind=MASK - nid001103, task 72 72 [36601]: mask 0x100000000000000000000000000000001000000000000000000 set
cpu-bind=MASK - nid001103, task 70 70 [36599]: mask 0x40000000000000000000000000000000400000000000000000 set
cpu-bind=MASK - nid001103, task 78 78 [36607]: mask 0x4000000000000000000000000000000040000000000000000000 set
cpu-bind=MASK - nid001103, task 79 79 [36608]: mask 0x8000000000000000000000000000000080000000000000000000 set
cpu-bind=MASK - nid001103, task 75 75 [36604]: mask 0x800000000000000000000000000000008000000000000000000 set
cpu-bind=MASK - nid001103, task 77 77 [36606]: mask 0x2000000000000000000000000000000020000000000000000000 set
cpu-bind=MASK - nid001103, task 91 91 [36620]: mask 0x8000000000000000000000000000000080000000000000000000000 set
cpu-bind=MASK - nid001103, task 87 87 [36616]: mask 0x800000000000000000000000000000008000000000000000000000 set
cpu-bind=MASK - nid001103, task 80 80 [36609]: mask 0x10000000000000000000000000000000100000000000000000000 set
cpu-bind=MASK - nid001103, task 82 82 [36611]: mask 0x40000000000000000000000000000000400000000000000000000 set
cpu-bind=MASK - nid001103, task 83 83 [36612]: mask 0x80000000000000000000000000000000800000000000000000000 set
cpu-bind=MASK - nid001103, task 92 92 [36621]: mask 0x10000000000000000000000000000000100000000000000000000000 set
cpu-bind=MASK - nid001103, task 81 81 [36610]: mask 0x20000000000000000000000000000000200000000000000000000 set
cpu-bind=MASK - nid001103, task 89 89 [36618]: mask 0x2000000000000000000000000000000020000000000000000000000 set
cpu-bind=MASK - nid001103, task 84 84 [36613]: mask 0x100000000000000000000000000000001000000000000000000000 set
cpu-bind=MASK - nid001103, task 94 94 [36623]: mask 0x40000000000000000000000000000000400000000000000000000000 set
cpu-bind=MASK - nid001103, task 109 109 [36638]: mask 0x200000000000000000000000000000002000000000000000000000000000 set
cpu-bind=MASK - nid001103, task 119 119 [36648]: mask 0x80000000000000000000000000000000800000000000000000000000000000 set
cpu-bind=MASK - nid001103, task 88 88 [36617]: mask 0x1000000000000000000000000000000010000000000000000000000 set
cpu-bind=MASK - nid001103, task 85 85 [36614]: mask 0x200000000000000000000000000000002000000000000000000000 set
cpu-bind=MASK - nid001103, task 102 102 [36631]: mask 0x4000000000000000000000000000000040000000000000000000000000 set
cpu-bind=MASK - nid001103, task 86 86 [36615]: mask 0x400000000000000000000000000000004000000000000000000000 set
cpu-bind=MASK - nid001103, task 99 99 [36628]: mask 0x800000000000000000000000000000008000000000000000000000000 set
cpu-bind=MASK - nid001103, task 105 105 [36634]: mask 0x20000000000000000000000000000000200000000000000000000000000 set
cpu-bind=MASK - nid001103, task 90 90 [36619]: mask 0x4000000000000000000000000000000040000000000000000000000 set
cpu-bind=MASK - nid001103, task 103 103 [36632]: mask 0x8000000000000000000000000000000080000000000000000000000000 set
cpu-bind=MASK - nid001103, task 104 104 [36633]: mask 0x10000000000000000000000000000000100000000000000000000000000 set
cpu-bind=MASK - nid001103, task 106 106 [36635]: mask 0x40000000000000000000000000000000400000000000000000000000000 set
cpu-bind=MASK - nid001103, task 108 108 [36637]: mask 0x100000000000000000000000000000001000000000000000000000000000 set
cpu-bind=MASK - nid001103, task 113 113 [36642]: mask 0x2000000000000000000000000000000020000000000000000000000000000 set
cpu-bind=MASK - nid001103, task 126 126 [36655]: mask 0x4000000000000000000000000000000040000000000000000000000000000000 set
cpu-bind=MASK - nid001103, task 112 112 [36641]: mask 0x1000000000000000000000000000000010000000000000000000000000000 set
cpu-bind=MASK - nid001103, task 114 114 [36643]: mask 0x4000000000000000000000000000000040000000000000000000000000000 set
cpu-bind=MASK - nid001103, task 116 116 [36645]: mask 0x10000000000000000000000000000000100000000000000000000000000000 set
cpu-bind=MASK - nid001103, task 127 127 [36656]: mask 0x8000000000000000000000000000000080000000000000000000000000000000 set
cpu-bind=MASK - nid001103, task 115 115 [36644]: mask 0x8000000000000000000000000000000080000000000000000000000000000 set
cpu-bind=MASK - nid001103, task 98 98 [36627]: mask 0x400000000000000000000000000000004000000000000000000000000 set
cpu-bind=MASK - nid001103, task 101 101 [36630]: mask 0x2000000000000000000000000000000020000000000000000000000000 set
cpu-bind=MASK - nid001103, task 95 95 [36624]: mask 0x80000000000000000000000000000000800000000000000000000000 set
cpu-bind=MASK - nid001103, task 96 96 [36625]: mask 0x100000000000000000000000000000001000000000000000000000000 set
cpu-bind=MASK - nid001103, task 97 97 [36626]: mask 0x200000000000000000000000000000002000000000000000000000000 set
cpu-bind=MASK - nid001103, task 93 93 [36622]: mask 0x20000000000000000000000000000000200000000000000000000000 set
cpu-bind=MASK - nid001103, task 110 110 [36639]: mask 0x400000000000000000000000000000004000000000000000000000000000 set
cpu-bind=MASK - nid001103, task 100 100 [36629]: mask 0x1000000000000000000000000000000010000000000000000000000000 set
cpu-bind=MASK - nid001103, task 111 111 [36640]: mask 0x800000000000000000000000000000008000000000000000000000000000 set
cpu-bind=MASK - nid001103, task 120 120 [36649]: mask 0x100000000000000000000000000000001000000000000000000000000000000 set
cpu-bind=MASK - nid001103, task 122 122 [36651]: mask 0x400000000000000000000000000000004000000000000000000000000000000 set
cpu-bind=MASK - nid001103, task 123 123 [36652]: mask 0x800000000000000000000000000000008000000000000000000000000000000 set
cpu-bind=MASK - nid001103, task 124 124 [36653]: mask 0x1000000000000000000000000000000010000000000000000000000000000000 set
cpu-bind=MASK - nid001103, task 125 125 [36654]: mask 0x2000000000000000000000000000000020000000000000000000000000000000 set
cpu-bind=MASK - nid001103, task 107 107 [36636]: mask 0x80000000000000000000000000000000800000000000000000000000000 set
cpu-bind=MASK - nid001103, task 117 117 [36646]: mask 0x20000000000000000000000000000000200000000000000000000000000000 set
cpu-bind=MASK - nid001103, task 118 118 [36647]: mask 0x40000000000000000000000000000000400000000000000000000000000000 set
cpu-bind=MASK - nid001103, task 121 121 [36650]: mask 0x200000000000000000000000000000002000000000000000000000000000000 set
