
Due to MODULEPATH changes, the following have been reloaded:
  1) cray-mpich/8.1.12


Currently Loaded Modules:
  1) craype-x86-rome                        15) ELPA/2021.11.001
  2) libfabric/1.15.2.0                     16) libxsmm/1.17
  3) craype-network-ofi                     17) libxc/5.1.7
  4) xpmem/2.4.4-2.3_13.8__gff0e1d9.shasta  18) Libint-CP2K/2.6.0
  5) PrgEnv-gnu/8.3.0                       19) cray-hdf5/1.12.0.7
  6) cray-dsmml/0.2.2                       20) GSL/2.7
  7) cray-libsci/21.08.1.2                  21) SpFFT/1.0.5
  8) cray-mpich/8.1.12                      22) SPLA/1.5.2
  9) craype/2.7.13                          23) SIRIUS/7.3.1
 10) gcc/11.2.0                             24) spglib/1.16.3
 11) perftools-base/21.12.0                 25) libvori/210412
 12) cpe/21.12                              26) zlib/.1.2.11       (H)
 13) cpeGNU/21.12                           27) PLUMED/2.7.3
 14) cray-fftw/3.3.8.12

  Where:
   H:  Hidden Module

 

cpu-bind=MASK - nid001053, task  0  0 [217925]: mask 0x100000000000000000000000000000001 set
cpu-bind=MASK - nid001053, task  1  1 [217926]: mask 0x200000000000000000000000000000002 set
cpu-bind=MASK - nid001053, task  2  2 [217927]: mask 0x400000000000000000000000000000004 set
cpu-bind=MASK - nid001053, task  5  5 [217930]: mask 0x2000000000000000000000000000000020 set
cpu-bind=MASK - nid001053, task  7  7 [217932]: mask 0x8000000000000000000000000000000080 set
cpu-bind=MASK - nid001053, task  8  8 [217933]: mask 0x10000000000000000000000000000000100 set
cpu-bind=MASK - nid001053, task  9  9 [217934]: mask 0x20000000000000000000000000000000200 set
cpu-bind=MASK - nid001053, task  3  3 [217928]: mask 0x800000000000000000000000000000008 set
cpu-bind=MASK - nid001053, task  4  4 [217929]: mask 0x1000000000000000000000000000000010 set
cpu-bind=MASK - nid001059, task 128  0 [214531]: mask 0x100000000000000000000000000000001 set
cpu-bind=MASK - nid001053, task  6  6 [217931]: mask 0x4000000000000000000000000000000040 set
cpu-bind=MASK - nid001059, task 130  2 [214533]: mask 0x400000000000000000000000000000004 set
cpu-bind=MASK - nid001053, task 12 12 [217937]: mask 0x100000000000000000000000000000001000 set
cpu-bind=MASK - nid001059, task 143 15 [214546]: mask 0x800000000000000000000000000000008000 set
cpu-bind=MASK - nid001053, task 13 13 [217938]: mask 0x200000000000000000000000000000002000 set
cpu-bind=MASK - nid001059, task 144 16 [214547]: mask 0x1000000000000000000000000000000010000 set
cpu-bind=MASK - nid001053, task 18 18 [217943]: mask 0x4000000000000000000000000000000040000 set
cpu-bind=MASK - nid001059, task 146 18 [214549]: mask 0x4000000000000000000000000000000040000 set
cpu-bind=MASK - nid001059, task 132  4 [214535]: mask 0x1000000000000000000000000000000010 set
cpu-bind=MASK - nid001059, task 133  5 [214536]: mask 0x2000000000000000000000000000000020 set
cpu-bind=MASK - nid001059, task 129  1 [214532]: mask 0x200000000000000000000000000000002 set
cpu-bind=MASK - nid001053, task 10 10 [217935]: mask 0x40000000000000000000000000000000400 set
cpu-bind=MASK - nid001053, task 11 11 [217936]: mask 0x80000000000000000000000000000000800 set
cpu-bind=MASK - nid001053, task 14 14 [217939]: mask 0x400000000000000000000000000000004000 set
cpu-bind=MASK - nid001053, task 15 15 [217940]: mask 0x800000000000000000000000000000008000 set
cpu-bind=MASK - nid001053, task 16 16 [217941]: mask 0x1000000000000000000000000000000010000 set
cpu-bind=MASK - nid001059, task 140 12 [214543]: mask 0x100000000000000000000000000000001000 set
cpu-bind=MASK - nid001059, task 141 13 [214544]: mask 0x200000000000000000000000000000002000 set
cpu-bind=MASK - nid001059, task 142 14 [214545]: mask 0x400000000000000000000000000000004000 set
cpu-bind=MASK - nid001059, task 145 17 [214548]: mask 0x2000000000000000000000000000000020000 set
cpu-bind=MASK - nid001053, task 17 17 [217942]: mask 0x2000000000000000000000000000000020000 set
cpu-bind=MASK - nid001059, task 147 19 [214550]: mask 0x8000000000000000000000000000000080000 set
cpu-bind=MASK - nid001053, task 19 19 [217944]: mask 0x8000000000000000000000000000000080000 set
cpu-bind=MASK - nid001059, task 131  3 [214534]: mask 0x800000000000000000000000000000008 set
cpu-bind=MASK - nid001053, task 20 20 [217945]: mask 0x10000000000000000000000000000000100000 set
cpu-bind=MASK - nid001059, task 134  6 [214537]: mask 0x4000000000000000000000000000000040 set
cpu-bind=MASK - nid001059, task 135  7 [214538]: mask 0x8000000000000000000000000000000080 set
cpu-bind=MASK - nid001059, task 136  8 [214539]: mask 0x10000000000000000000000000000000100 set
cpu-bind=MASK - nid001059, task 137  9 [214540]: mask 0x20000000000000000000000000000000200 set
cpu-bind=MASK - nid001059, task 138 10 [214541]: mask 0x40000000000000000000000000000000400 set
cpu-bind=MASK - nid001059, task 139 11 [214542]: mask 0x80000000000000000000000000000000800 set
cpu-bind=MASK - nid001059, task 148 20 [214551]: mask 0x10000000000000000000000000000000100000 set
cpu-bind=MASK - nid001053, task 21 21 [217946]: mask 0x20000000000000000000000000000000200000 set
cpu-bind=MASK - nid001053, task 22 22 [217947]: mask 0x40000000000000000000000000000000400000 set
cpu-bind=MASK - nid001053, task 35 35 [217960]: mask 0x80000000000000000000000000000000800000000 set
cpu-bind=MASK - nid001053, task 36 36 [217961]: mask 0x100000000000000000000000000000001000000000 set
cpu-bind=MASK - nid001053, task 37 37 [217962]: mask 0x200000000000000000000000000000002000000000 set
cpu-bind=MASK - nid001053, task 26 26 [217951]: mask 0x400000000000000000000000000000004000000 set
cpu-bind=MASK - nid001053, task 27 27 [217952]: mask 0x800000000000000000000000000000008000000 set
cpu-bind=MASK - nid001053, task 30 30 [217955]: mask 0x4000000000000000000000000000000040000000 set
cpu-bind=MASK - nid001053, task 23 23 [217948]: mask 0x80000000000000000000000000000000800000 set
cpu-bind=MASK - nid001053, task 24 24 [217949]: mask 0x100000000000000000000000000000001000000 set
cpu-bind=MASK - nid001053, task 25 25 [217950]: mask 0x200000000000000000000000000000002000000 set
cpu-bind=MASK - nid001053, task 28 28 [217953]: mask 0x1000000000000000000000000000000010000000 set
cpu-bind=MASK - nid001053, task 29 29 [217954]: mask 0x2000000000000000000000000000000020000000 set
cpu-bind=MASK - nid001053, task 45 45 [217970]: mask 0x20000000000000000000000000000000200000000000 set
cpu-bind=MASK - nid001053, task 51 51 [217976]: mask 0x800000000000000000000000000000008000000000000 set
cpu-bind=MASK - nid001053, task 49 49 [217974]: mask 0x200000000000000000000000000000002000000000000 set
cpu-bind=MASK - nid001053, task 31 31 [217956]: mask 0x8000000000000000000000000000000080000000 set
cpu-bind=MASK - nid001053, task 34 34 [217959]: mask 0x40000000000000000000000000000000400000000 set
cpu-bind=MASK - nid001053, task 43 43 [217968]: mask 0x8000000000000000000000000000000080000000000 set
cpu-bind=MASK - nid001053, task 44 44 [217969]: mask 0x10000000000000000000000000000000100000000000 set
cpu-bind=MASK - nid001053, task 50 50 [217975]: mask 0x400000000000000000000000000000004000000000000 set
cpu-bind=MASK - nid001053, task 40 40 [217965]: mask 0x1000000000000000000000000000000010000000000 set
cpu-bind=MASK - nid001053, task 54 54 [217980]: mask 0x4000000000000000000000000000000040000000000000 set
cpu-bind=MASK - nid001053, task 38 38 [217963]: mask 0x400000000000000000000000000000004000000000 set
cpu-bind=MASK - nid001053, task 39 39 [217964]: mask 0x800000000000000000000000000000008000000000 set
cpu-bind=MASK - nid001053, task 53 53 [217978]: mask 0x2000000000000000000000000000000020000000000000 set
cpu-bind=MASK - nid001053, task 52 52 [217977]: mask 0x1000000000000000000000000000000010000000000000 set
cpu-bind=MASK - nid001053, task 55 55 [217981]: mask 0x8000000000000000000000000000000080000000000000 set
cpu-bind=MASK - nid001053, task 56 56 [217982]: mask 0x10000000000000000000000000000000100000000000000 set
cpu-bind=MASK - nid001053, task 48 48 [217973]: mask 0x100000000000000000000000000000001000000000000 set
cpu-bind=MASK - nid001053, task 60 60 [217986]: mask 0x100000000000000000000000000000001000000000000000 set
cpu-bind=MASK - nid001053, task 32 32 [217957]: mask 0x10000000000000000000000000000000100000000 set
cpu-bind=MASK - nid001053, task 42 42 [217967]: mask 0x4000000000000000000000000000000040000000000 set
cpu-bind=MASK - nid001053, task 47 47 [217972]: mask 0x80000000000000000000000000000000800000000000 set
cpu-bind=MASK - nid001053, task 41 41 [217966]: mask 0x2000000000000000000000000000000020000000000 set
cpu-bind=MASK - nid001053, task 59 59 [217985]: mask 0x80000000000000000000000000000000800000000000000 set
cpu-bind=MASK - nid001053, task 63 63 [217989]: mask 0x800000000000000000000000000000008000000000000000 set
cpu-bind=MASK - nid001053, task 33 33 [217958]: mask 0x20000000000000000000000000000000200000000 set
cpu-bind=MASK - nid001053, task 57 57 [217983]: mask 0x20000000000000000000000000000000200000000000000 set
cpu-bind=MASK - nid001053, task 58 58 [217984]: mask 0x40000000000000000000000000000000400000000000000 set
cpu-bind=MASK - nid001059, task 150 22 [214553]: mask 0x40000000000000000000000000000000400000 set
cpu-bind=MASK - nid001053, task 61 61 [217987]: mask 0x200000000000000000000000000000002000000000000000 set
cpu-bind=MASK - nid001059, task 153 25 [214556]: mask 0x200000000000000000000000000000002000000 set
cpu-bind=MASK - nid001059, task 149 21 [214552]: mask 0x20000000000000000000000000000000200000 set
cpu-bind=MASK - nid001059, task 152 24 [214555]: mask 0x100000000000000000000000000000001000000 set
cpu-bind=MASK - nid001059, task 156 28 [214559]: mask 0x1000000000000000000000000000000010000000 set
cpu-bind=MASK - nid001059, task 151 23 [214554]: mask 0x80000000000000000000000000000000800000 set
cpu-bind=MASK - nid001059, task 155 27 [214558]: mask 0x800000000000000000000000000000008000000 set
cpu-bind=MASK - nid001059, task 154 26 [214557]: mask 0x400000000000000000000000000000004000000 set
cpu-bind=MASK - nid001053, task 62 62 [217988]: mask 0x400000000000000000000000000000004000000000000000 set
cpu-bind=MASK - nid001059, task 159 31 [214562]: mask 0x8000000000000000000000000000000080000000 set
cpu-bind=MASK - nid001059, task 160 32 [214563]: mask 0x10000000000000000000000000000000100000000 set
cpu-bind=MASK - nid001059, task 164 36 [214567]: mask 0x100000000000000000000000000000001000000000 set
cpu-bind=MASK - nid001059, task 165 37 [214568]: mask 0x200000000000000000000000000000002000000000 set
cpu-bind=MASK - nid001059, task 163 35 [214566]: mask 0x80000000000000000000000000000000800000000 set
cpu-bind=MASK - nid001053, task 66 66 [217992]: mask 0x4000000000000000000000000000000040000000000000000 set
cpu-bind=MASK - nid001059, task 161 33 [214564]: mask 0x20000000000000000000000000000000200000000 set
cpu-bind=MASK - nid001059, task 158 30 [214561]: mask 0x4000000000000000000000000000000040000000 set
cpu-bind=MASK - nid001053, task 70 70 [217996]: mask 0x40000000000000000000000000000000400000000000000000 set
cpu-bind=MASK - nid001059, task 162 34 [214565]: mask 0x40000000000000000000000000000000400000000 set
cpu-bind=MASK - nid001053, task 105 105 [218031]: mask 0x20000000000000000000000000000000200000000000000000000000000 set
cpu-bind=MASK - nid001059, task 169 41 [214572]: mask 0x2000000000000000000000000000000020000000000 set
cpu-bind=MASK - nid001053, task 69 69 [217995]: mask 0x20000000000000000000000000000000200000000000000000 set
cpu-bind=MASK - nid001053, task 81 81 [218007]: mask 0x20000000000000000000000000000000200000000000000000000 set
cpu-bind=MASK - nid001059, task 177 49 [214580]: mask 0x200000000000000000000000000000002000000000000 set
cpu-bind=MASK - nid001053, task 78 78 [218004]: mask 0x4000000000000000000000000000000040000000000000000000 set
cpu-bind=MASK - nid001053, task 103 103 [218029]: mask 0x8000000000000000000000000000000080000000000000000000000000 set
cpu-bind=MASK - nid001059, task 175 47 [214578]: mask 0x80000000000000000000000000000000800000000000 set
cpu-bind=MASK - nid001053, task 80 80 [218006]: mask 0x10000000000000000000000000000000100000000000000000000 set
cpu-bind=MASK - nid001053, task 124 124 [218050]: mask 0x1000000000000000000000000000000010000000000000000000000000000000 set
cpu-bind=MASK - nid001059, task 166 38 [214569]: mask 0x400000000000000000000000000000004000000000 set
cpu-bind=MASK - nid001053, task 88 88 [218014]: mask 0x1000000000000000000000000000000010000000000000000000000 set
cpu-bind=MASK - nid001053, task 104 104 [218030]: mask 0x10000000000000000000000000000000100000000000000000000000000 set
cpu-bind=MASK - nid001059, task 167 39 [214570]: mask 0x800000000000000000000000000000008000000000 set
cpu-bind=MASK - nid001059, task 176 48 [214579]: mask 0x100000000000000000000000000000001000000000000 set
cpu-bind=MASK - nid001053, task 91 91 [218017]: mask 0x8000000000000000000000000000000080000000000000000000000 set
cpu-bind=MASK - nid001059, task 170 42 [214573]: mask 0x4000000000000000000000000000000040000000000 set
cpu-bind=MASK - nid001059, task 171 43 [214574]: mask 0x8000000000000000000000000000000080000000000 set
cpu-bind=MASK - nid001059, task 173 45 [214576]: mask 0x20000000000000000000000000000000200000000000 set
cpu-bind=MASK - nid001059, task 174 46 [214577]: mask 0x40000000000000000000000000000000400000000000 set
cpu-bind=MASK - nid001059, task 168 40 [214571]: mask 0x1000000000000000000000000000000010000000000 set
cpu-bind=MASK - nid001053, task 86 86 [218012]: mask 0x400000000000000000000000000000004000000000000000000000 set
cpu-bind=MASK - nid001053, task 101 101 [218027]: mask 0x2000000000000000000000000000000020000000000000000000000000 set
cpu-bind=MASK - nid001059, task 172 44 [214575]: mask 0x10000000000000000000000000000000100000000000 set
cpu-bind=MASK - nid001053, task 90 90 [218016]: mask 0x4000000000000000000000000000000040000000000000000000000 set
cpu-bind=MASK - nid001053, task 93 93 [218019]: mask 0x20000000000000000000000000000000200000000000000000000000 set
cpu-bind=MASK - nid001053, task 99 99 [218025]: mask 0x800000000000000000000000000000008000000000000000000000000 set
cpu-bind=MASK - nid001059, task 157 29 [214560]: mask 0x2000000000000000000000000000000020000000 set
cpu-bind=MASK - nid001053, task 119 119 [218045]: mask 0x80000000000000000000000000000000800000000000000000000000000000 set
cpu-bind=MASK - nid001059, task 178 50 [214581]: mask 0x400000000000000000000000000000004000000000000 set
cpu-bind=MASK - nid001053, task 46 46 [217971]: mask 0x40000000000000000000000000000000400000000000 set
cpu-bind=MASK - nid001053, task 89 89 [218015]: mask 0x2000000000000000000000000000000020000000000000000000000 set
cpu-bind=MASK - nid001059, task 180 52 [214583]: mask 0x1000000000000000000000000000000010000000000000 set
cpu-bind=MASK - nid001053, task 94 94 [218020]: mask 0x40000000000000000000000000000000400000000000000000000000 set
cpu-bind=MASK - nid001059, task 181 53 [214584]: mask 0x2000000000000000000000000000000020000000000000 set
cpu-bind=MASK - nid001053, task 97 97 [218023]: mask 0x200000000000000000000000000000002000000000000000000000000 set
cpu-bind=MASK - nid001059, task 179 51 [214582]: mask 0x800000000000000000000000000000008000000000000 set
cpu-bind=MASK - nid001053, task 87 87 [218013]: mask 0x800000000000000000000000000000008000000000000000000000 set
cpu-bind=MASK - nid001053, task 92 92 [218018]: mask 0x10000000000000000000000000000000100000000000000000000000 set
cpu-bind=MASK - nid001053, task 96 96 [218022]: mask 0x100000000000000000000000000000001000000000000000000000000 set
cpu-bind=MASK - nid001053, task 98 98 [218024]: mask 0x400000000000000000000000000000004000000000000000000000000 set
cpu-bind=MASK - nid001053, task 102 102 [218028]: mask 0x4000000000000000000000000000000040000000000000000000000000 set
cpu-bind=MASK - nid001053, task 123 123 [218049]: mask 0x800000000000000000000000000000008000000000000000000000000000000 set
cpu-bind=MASK - nid001053, task 126 126 [218052]: mask 0x4000000000000000000000000000000040000000000000000000000000000000 set
cpu-bind=MASK - nid001053, task 106 106 [218032]: mask 0x40000000000000000000000000000000400000000000000000000000000 set
cpu-bind=MASK - nid001053, task 116 116 [218042]: mask 0x10000000000000000000000000000000100000000000000000000000000000 set
cpu-bind=MASK - nid001059, task 189 61 [214592]: mask 0x200000000000000000000000000000002000000000000000 set
cpu-bind=MASK - nid001059, task 195 67 [214598]: mask 0x8000000000000000000000000000000080000000000000000 set
cpu-bind=MASK - nid001053, task 118 118 [218044]: mask 0x40000000000000000000000000000000400000000000000000000000000000 set
cpu-bind=MASK - nid001059, task 197 69 [214600]: mask 0x20000000000000000000000000000000200000000000000000 set
cpu-bind=MASK - nid001059, task 198 70 [214601]: mask 0x40000000000000000000000000000000400000000000000000 set
cpu-bind=MASK - nid001053, task 77 77 [218003]: mask 0x2000000000000000000000000000000020000000000000000000 set
cpu-bind=MASK - nid001059, task 199 71 [214602]: mask 0x80000000000000000000000000000000800000000000000000 set
cpu-bind=MASK - nid001053, task 75 75 [218001]: mask 0x800000000000000000000000000000008000000000000000000 set
cpu-bind=MASK - nid001059, task 200 72 [214603]: mask 0x100000000000000000000000000000001000000000000000000 set
cpu-bind=MASK - nid001059, task 191 63 [214594]: mask 0x800000000000000000000000000000008000000000000000 set
cpu-bind=MASK - nid001053, task 79 79 [218005]: mask 0x8000000000000000000000000000000080000000000000000000 set
cpu-bind=MASK - nid001059, task 182 54 [214585]: mask 0x4000000000000000000000000000000040000000000000 set
cpu-bind=MASK - nid001053, task 76 76 [218002]: mask 0x1000000000000000000000000000000010000000000000000000 set
cpu-bind=MASK - nid001059, task 183 55 [214586]: mask 0x8000000000000000000000000000000080000000000000 set
cpu-bind=MASK - nid001059, task 185 57 [214588]: mask 0x20000000000000000000000000000000200000000000000 set
cpu-bind=MASK - nid001059, task 186 58 [214589]: mask 0x40000000000000000000000000000000400000000000000 set
cpu-bind=MASK - nid001053, task 113 113 [218039]: mask 0x2000000000000000000000000000000020000000000000000000000000000 set
cpu-bind=MASK - nid001059, task 188 60 [214591]: mask 0x100000000000000000000000000000001000000000000000 set
cpu-bind=MASK - nid001059, task 190 62 [214593]: mask 0x400000000000000000000000000000004000000000000000 set
cpu-bind=MASK - nid001059, task 205 77 [214608]: mask 0x2000000000000000000000000000000020000000000000000000 set
cpu-bind=MASK - nid001059, task 184 56 [214587]: mask 0x10000000000000000000000000000000100000000000000 set
cpu-bind=MASK - nid001053, task 64 64 [217990]: mask 0x1000000000000000000000000000000010000000000000000 set
cpu-bind=MASK - nid001059, task 187 59 [214590]: mask 0x80000000000000000000000000000000800000000000000 set
cpu-bind=MASK - nid001059, task 194 66 [214597]: mask 0x4000000000000000000000000000000040000000000000000 set
cpu-bind=MASK - nid001059, task 192 64 [214595]: mask 0x1000000000000000000000000000000010000000000000000 set
cpu-bind=MASK - nid001053, task 95 95 [218021]: mask 0x80000000000000000000000000000000800000000000000000000000 set
cpu-bind=MASK - nid001053, task 110 110 [218036]: mask 0x400000000000000000000000000000004000000000000000000000000000 set
cpu-bind=MASK - nid001053, task 72 72 [217998]: mask 0x100000000000000000000000000000001000000000000000000 set
cpu-bind=MASK - nid001053, task 115 115 [218041]: mask 0x8000000000000000000000000000000080000000000000000000000000000 set
cpu-bind=MASK - nid001053, task 67 67 [217993]: mask 0x8000000000000000000000000000000080000000000000000 set
cpu-bind=MASK - nid001053, task 73 73 [217999]: mask 0x200000000000000000000000000000002000000000000000000 set
cpu-bind=MASK - nid001053, task 111 111 [218037]: mask 0x800000000000000000000000000000008000000000000000000000000000 set
cpu-bind=MASK - nid001053, task 117 117 [218043]: mask 0x20000000000000000000000000000000200000000000000000000000000000 set
cpu-bind=MASK - nid001053, task 121 121 [218047]: mask 0x200000000000000000000000000000002000000000000000000000000000000 set
cpu-bind=MASK - nid001059, task 210 82 [214613]: mask 0x40000000000000000000000000000000400000000000000000000 set
cpu-bind=MASK - nid001053, task 68 68 [217994]: mask 0x10000000000000000000000000000000100000000000000000 set
cpu-bind=MASK - nid001053, task 71 71 [217997]: mask 0x80000000000000000000000000000000800000000000000000 set
cpu-bind=MASK - nid001059, task 193 65 [214596]: mask 0x2000000000000000000000000000000020000000000000000 set
cpu-bind=MASK - nid001053, task 100 100 [218026]: mask 0x1000000000000000000000000000000010000000000000000000000000 set
cpu-bind=MASK - nid001053, task 107 107 [218033]: mask 0x80000000000000000000000000000000800000000000000000000000000 set
cpu-bind=MASK - nid001059, task 201 73 [214604]: mask 0x200000000000000000000000000000002000000000000000000 set
cpu-bind=MASK - nid001053, task 120 120 [218046]: mask 0x100000000000000000000000000000001000000000000000000000000000000 set
cpu-bind=MASK - nid001053, task 122 122 [218048]: mask 0x400000000000000000000000000000004000000000000000000000000000000 set
cpu-bind=MASK - nid001059, task 202 74 [214605]: mask 0x400000000000000000000000000000004000000000000000000 set
cpu-bind=MASK - nid001053, task 125 125 [218051]: mask 0x2000000000000000000000000000000020000000000000000000000000000000 set
cpu-bind=MASK - nid001053, task 127 127 [218053]: mask 0x8000000000000000000000000000000080000000000000000000000000000000 set
cpu-bind=MASK - nid001059, task 203 75 [214606]: mask 0x800000000000000000000000000000008000000000000000000 set
cpu-bind=MASK - nid001053, task 114 114 [218040]: mask 0x4000000000000000000000000000000040000000000000000000000000000 set
cpu-bind=MASK - nid001059, task 204 76 [214607]: mask 0x1000000000000000000000000000000010000000000000000000 set
cpu-bind=MASK - nid001053, task 84 84 [218010]: mask 0x100000000000000000000000000000001000000000000000000000 set
cpu-bind=MASK - nid001059, task 213 85 [214616]: mask 0x200000000000000000000000000000002000000000000000000000 set
cpu-bind=MASK - nid001053, task 85 85 [218011]: mask 0x200000000000000000000000000000002000000000000000000000 set
cpu-bind=MASK - nid001053, task 65 65 [217991]: mask 0x2000000000000000000000000000000020000000000000000 set
cpu-bind=MASK - nid001053, task 82 82 [218008]: mask 0x40000000000000000000000000000000400000000000000000000 set
cpu-bind=MASK - nid001053, task 109 109 [218035]: mask 0x200000000000000000000000000000002000000000000000000000000000 set
cpu-bind=MASK - nid001059, task 207 79 [214610]: mask 0x8000000000000000000000000000000080000000000000000000 set
cpu-bind=MASK - nid001053, task 108 108 [218034]: mask 0x100000000000000000000000000000001000000000000000000000000000 set
cpu-bind=MASK - nid001059, task 208 80 [214611]: mask 0x10000000000000000000000000000000100000000000000000000 set
cpu-bind=MASK - nid001053, task 112 112 [218038]: mask 0x1000000000000000000000000000000010000000000000000000000000000 set
cpu-bind=MASK - nid001053, task 74 74 [218000]: mask 0x400000000000000000000000000000004000000000000000000 set
cpu-bind=MASK - nid001059, task 206 78 [214609]: mask 0x4000000000000000000000000000000040000000000000000000 set
cpu-bind=MASK - nid001059, task 209 81 [214612]: mask 0x20000000000000000000000000000000200000000000000000000 set
cpu-bind=MASK - nid001059, task 211 83 [214614]: mask 0x80000000000000000000000000000000800000000000000000000 set
cpu-bind=MASK - nid001059, task 212 84 [214615]: mask 0x100000000000000000000000000000001000000000000000000000 set
cpu-bind=MASK - nid001059, task 216 88 [214619]: mask 0x1000000000000000000000000000000010000000000000000000000 set
cpu-bind=MASK - nid001059, task 217 89 [214620]: mask 0x2000000000000000000000000000000020000000000000000000000 set
cpu-bind=MASK - nid001059, task 218 90 [214621]: mask 0x4000000000000000000000000000000040000000000000000000000 set
cpu-bind=MASK - nid001059, task 214 86 [214617]: mask 0x400000000000000000000000000000004000000000000000000000 set
cpu-bind=MASK - nid001059, task 215 87 [214618]: mask 0x800000000000000000000000000000008000000000000000000000 set
cpu-bind=MASK - nid001059, task 219 91 [214622]: mask 0x8000000000000000000000000000000080000000000000000000000 set
cpu-bind=MASK - nid001059, task 220 92 [214623]: mask 0x10000000000000000000000000000000100000000000000000000000 set
cpu-bind=MASK - nid001059, task 221 93 [214624]: mask 0x20000000000000000000000000000000200000000000000000000000 set
cpu-bind=MASK - nid001059, task 222 94 [214625]: mask 0x40000000000000000000000000000000400000000000000000000000 set
cpu-bind=MASK - nid001059, task 223 95 [214626]: mask 0x80000000000000000000000000000000800000000000000000000000 set
cpu-bind=MASK - nid001053, task 83 83 [218009]: mask 0x80000000000000000000000000000000800000000000000000000 set
cpu-bind=MASK - nid001059, task 244 116 [214647]: mask 0x10000000000000000000000000000000100000000000000000000000000000 set
cpu-bind=MASK - nid001059, task 245 117 [214648]: mask 0x20000000000000000000000000000000200000000000000000000000000000 set
cpu-bind=MASK - nid001059, task 246 118 [214649]: mask 0x40000000000000000000000000000000400000000000000000000000000000 set
cpu-bind=MASK - nid001059, task 248 120 [214651]: mask 0x100000000000000000000000000000001000000000000000000000000000000 set
cpu-bind=MASK - nid001059, task 196 68 [214599]: mask 0x10000000000000000000000000000000100000000000000000 set
cpu-bind=MASK - nid001059, task 224 96 [214627]: mask 0x100000000000000000000000000000001000000000000000000000000 set
cpu-bind=MASK - nid001059, task 225 97 [214628]: mask 0x200000000000000000000000000000002000000000000000000000000 set
cpu-bind=MASK - nid001059, task 252 124 [214655]: mask 0x1000000000000000000000000000000010000000000000000000000000000000 set
cpu-bind=MASK - nid001059, task 228 100 [214631]: mask 0x1000000000000000000000000000000010000000000000000000000000 set
cpu-bind=MASK - nid001059, task 232 104 [214635]: mask 0x10000000000000000000000000000000100000000000000000000000000 set
cpu-bind=MASK - nid001059, task 236 108 [214639]: mask 0x100000000000000000000000000000001000000000000000000000000000 set
cpu-bind=MASK - nid001059, task 237 109 [214640]: mask 0x200000000000000000000000000000002000000000000000000000000000 set
cpu-bind=MASK - nid001059, task 238 110 [214641]: mask 0x400000000000000000000000000000004000000000000000000000000000 set
cpu-bind=MASK - nid001059, task 240 112 [214643]: mask 0x1000000000000000000000000000000010000000000000000000000000000 set
cpu-bind=MASK - nid001059, task 243 115 [214646]: mask 0x8000000000000000000000000000000080000000000000000000000000000 set
cpu-bind=MASK - nid001059, task 251 123 [214654]: mask 0x800000000000000000000000000000008000000000000000000000000000000 set
cpu-bind=MASK - nid001059, task 253 125 [214656]: mask 0x2000000000000000000000000000000020000000000000000000000000000000 set
cpu-bind=MASK - nid001059, task 254 126 [214657]: mask 0x4000000000000000000000000000000040000000000000000000000000000000 set
cpu-bind=MASK - nid001059, task 226 98 [214629]: mask 0x400000000000000000000000000000004000000000000000000000000 set
cpu-bind=MASK - nid001059, task 227 99 [214630]: mask 0x800000000000000000000000000000008000000000000000000000000 set
cpu-bind=MASK - nid001059, task 229 101 [214632]: mask 0x2000000000000000000000000000000020000000000000000000000000 set
cpu-bind=MASK - nid001059, task 230 102 [214633]: mask 0x4000000000000000000000000000000040000000000000000000000000 set
cpu-bind=MASK - nid001059, task 231 103 [214634]: mask 0x8000000000000000000000000000000080000000000000000000000000 set
cpu-bind=MASK - nid001059, task 233 105 [214636]: mask 0x20000000000000000000000000000000200000000000000000000000000 set
cpu-bind=MASK - nid001059, task 234 106 [214637]: mask 0x40000000000000000000000000000000400000000000000000000000000 set
cpu-bind=MASK - nid001059, task 235 107 [214638]: mask 0x80000000000000000000000000000000800000000000000000000000000 set
cpu-bind=MASK - nid001059, task 239 111 [214642]: mask 0x800000000000000000000000000000008000000000000000000000000000 set
cpu-bind=MASK - nid001059, task 241 113 [214644]: mask 0x2000000000000000000000000000000020000000000000000000000000000 set
cpu-bind=MASK - nid001059, task 242 114 [214645]: mask 0x4000000000000000000000000000000040000000000000000000000000000 set
cpu-bind=MASK - nid001059, task 247 119 [214650]: mask 0x80000000000000000000000000000000800000000000000000000000000000 set
cpu-bind=MASK - nid001059, task 249 121 [214652]: mask 0x200000000000000000000000000000002000000000000000000000000000000 set
cpu-bind=MASK - nid001059, task 255 127 [214658]: mask 0x8000000000000000000000000000000080000000000000000000000000000000 set
cpu-bind=MASK - nid001059, task 250 122 [214653]: mask 0x400000000000000000000000000000004000000000000000000000000000000 set
