
Due to MODULEPATH changes, the following have been reloaded:
  1) cray-mpich/8.1.12


Currently Loaded Modules:
  1) craype-x86-rome                        15) ELPA/2021.11.001
  2) libfabric/1.15.2.0                     16) libxsmm/1.17
  3) craype-network-ofi                     17) libxc/5.1.7
  4) xpmem/2.4.4-2.3_13.8__gff0e1d9.shasta  18) Libint-CP2K/2.6.0
  5) PrgEnv-gnu/8.3.0                       19) cray-hdf5/1.12.0.7
  6) cray-dsmml/0.2.2                       20) GSL/2.7
  7) cray-libsci/21.08.1.2                  21) SpFFT/1.0.5
  8) cray-mpich/8.1.12                      22) SPLA/1.5.2
  9) craype/2.7.13                          23) SIRIUS/7.3.1
 10) gcc/11.2.0                             24) spglib/1.16.3
 11) perftools-base/21.12.0                 25) libvori/210412
 12) cpe/21.12                              26) zlib/.1.2.11       (H)
 13) cpeGNU/21.12                           27) PLUMED/2.7.3
 14) cray-fftw/3.3.8.12

  Where:
   H:  Hidden Module

 

cpu-bind=MASK - nid001009, task  0  0 [29763]: mask 0x100000000000000000000000000000001 set
cpu-bind=MASK - nid001009, task  1  1 [29764]: mask 0x200000000000000000000000000000002 set
cpu-bind=MASK - nid001009, task  2  2 [29765]: mask 0x400000000000000000000000000000004 set
cpu-bind=MASK - nid001009, task  6  6 [29769]: mask 0x4000000000000000000000000000000040 set
cpu-bind=MASK - nid001009, task 16 16 [29779]: mask 0x1000000000000000000000000000000010000 set
cpu-bind=MASK - nid001009, task 17 17 [29780]: mask 0x2000000000000000000000000000000020000 set
cpu-bind=MASK - nid001009, task 18 18 [29781]: mask 0x4000000000000000000000000000000040000 set
cpu-bind=MASK - nid001009, task 22 22 [29785]: mask 0x40000000000000000000000000000000400000 set
cpu-bind=MASK - nid001009, task  3  3 [29766]: mask 0x800000000000000000000000000000008 set
cpu-bind=MASK - nid001009, task  4  4 [29767]: mask 0x1000000000000000000000000000000010 set
cpu-bind=MASK - nid001009, task  5  5 [29768]: mask 0x2000000000000000000000000000000020 set
cpu-bind=MASK - nid001009, task  7  7 [29770]: mask 0x8000000000000000000000000000000080 set
cpu-bind=MASK - nid001009, task  8  8 [29771]: mask 0x10000000000000000000000000000000100 set
cpu-bind=MASK - nid001009, task  9  9 [29772]: mask 0x20000000000000000000000000000000200 set
cpu-bind=MASK - nid001009, task 10 10 [29773]: mask 0x40000000000000000000000000000000400 set
cpu-bind=MASK - nid001009, task 11 11 [29774]: mask 0x80000000000000000000000000000000800 set
cpu-bind=MASK - nid001009, task 12 12 [29775]: mask 0x100000000000000000000000000000001000 set
cpu-bind=MASK - nid001009, task 13 13 [29776]: mask 0x200000000000000000000000000000002000 set
cpu-bind=MASK - nid001009, task 15 15 [29778]: mask 0x800000000000000000000000000000008000 set
cpu-bind=MASK - nid001009, task 19 19 [29782]: mask 0x8000000000000000000000000000000080000 set
cpu-bind=MASK - nid001009, task 20 20 [29783]: mask 0x10000000000000000000000000000000100000 set
cpu-bind=MASK - nid001009, task 21 21 [29784]: mask 0x20000000000000000000000000000000200000 set
cpu-bind=MASK - nid001009, task 14 14 [29777]: mask 0x400000000000000000000000000000004000 set
cpu-bind=MASK - nid001009, task 25 25 [29788]: mask 0x200000000000000000000000000000002000000 set
cpu-bind=MASK - nid001009, task 23 23 [29786]: mask 0x80000000000000000000000000000000800000 set
cpu-bind=MASK - nid001009, task 24 24 [29787]: mask 0x100000000000000000000000000000001000000 set
cpu-bind=MASK - nid001009, task 26 26 [29789]: mask 0x400000000000000000000000000000004000000 set
cpu-bind=MASK - nid001009, task 27 27 [29790]: mask 0x800000000000000000000000000000008000000 set
cpu-bind=MASK - nid001009, task 28 28 [29791]: mask 0x1000000000000000000000000000000010000000 set
cpu-bind=MASK - nid001009, task 29 29 [29792]: mask 0x2000000000000000000000000000000020000000 set
cpu-bind=MASK - nid001009, task 33 33 [29796]: mask 0x20000000000000000000000000000000200000000 set
cpu-bind=MASK - nid001009, task 32 32 [29795]: mask 0x10000000000000000000000000000000100000000 set
cpu-bind=MASK - nid001009, task 36 36 [29799]: mask 0x100000000000000000000000000000001000000000 set
cpu-bind=MASK - nid001009, task 38 38 [29801]: mask 0x400000000000000000000000000000004000000000 set
cpu-bind=MASK - nid001009, task 39 39 [29802]: mask 0x800000000000000000000000000000008000000000 set
cpu-bind=MASK - nid001009, task 30 30 [29793]: mask 0x4000000000000000000000000000000040000000 set
cpu-bind=MASK - nid001009, task 31 31 [29794]: mask 0x8000000000000000000000000000000080000000 set
cpu-bind=MASK - nid001009, task 34 34 [29797]: mask 0x40000000000000000000000000000000400000000 set
cpu-bind=MASK - nid001009, task 37 37 [29800]: mask 0x200000000000000000000000000000002000000000 set
cpu-bind=MASK - nid001009, task 35 35 [29798]: mask 0x80000000000000000000000000000000800000000 set
cpu-bind=MASK - nid001009, task 41 41 [29804]: mask 0x2000000000000000000000000000000020000000000 set
cpu-bind=MASK - nid001009, task 40 40 [29803]: mask 0x1000000000000000000000000000000010000000000 set
cpu-bind=MASK - nid001009, task 42 42 [29805]: mask 0x4000000000000000000000000000000040000000000 set
cpu-bind=MASK - nid001009, task 48 48 [29811]: mask 0x100000000000000000000000000000001000000000000 set
cpu-bind=MASK - nid001009, task 49 49 [29812]: mask 0x200000000000000000000000000000002000000000000 set
cpu-bind=MASK - nid001009, task 50 50 [29813]: mask 0x400000000000000000000000000000004000000000000 set
cpu-bind=MASK - nid001009, task 51 51 [29814]: mask 0x800000000000000000000000000000008000000000000 set
cpu-bind=MASK - nid001009, task 43 43 [29806]: mask 0x8000000000000000000000000000000080000000000 set
cpu-bind=MASK - nid001009, task 44 44 [29807]: mask 0x10000000000000000000000000000000100000000000 set
cpu-bind=MASK - nid001009, task 45 45 [29808]: mask 0x20000000000000000000000000000000200000000000 set
cpu-bind=MASK - nid001009, task 46 46 [29809]: mask 0x40000000000000000000000000000000400000000000 set
cpu-bind=MASK - nid001009, task 47 47 [29810]: mask 0x80000000000000000000000000000000800000000000 set
cpu-bind=MASK - nid001009, task 52 52 [29815]: mask 0x1000000000000000000000000000000010000000000000 set
cpu-bind=MASK - nid001009, task 53 53 [29816]: mask 0x2000000000000000000000000000000020000000000000 set
cpu-bind=MASK - nid001009, task 63 63 [29826]: mask 0x800000000000000000000000000000008000000000000000 set
cpu-bind=MASK - nid001009, task 64 64 [29827]: mask 0x1000000000000000000000000000000010000000000000000 set
cpu-bind=MASK - nid001009, task 65 65 [29828]: mask 0x2000000000000000000000000000000020000000000000000 set
cpu-bind=MASK - nid001009, task 61 61 [29824]: mask 0x200000000000000000000000000000002000000000000000 set
cpu-bind=MASK - nid001009, task 54 54 [29817]: mask 0x4000000000000000000000000000000040000000000000 set
cpu-bind=MASK - nid001009, task 55 55 [29818]: mask 0x8000000000000000000000000000000080000000000000 set
cpu-bind=MASK - nid001009, task 56 56 [29819]: mask 0x10000000000000000000000000000000100000000000000 set
cpu-bind=MASK - nid001009, task 57 57 [29820]: mask 0x20000000000000000000000000000000200000000000000 set
cpu-bind=MASK - nid001009, task 58 58 [29821]: mask 0x40000000000000000000000000000000400000000000000 set
cpu-bind=MASK - nid001009, task 59 59 [29822]: mask 0x80000000000000000000000000000000800000000000000 set
cpu-bind=MASK - nid001009, task 60 60 [29823]: mask 0x100000000000000000000000000000001000000000000000 set
cpu-bind=MASK - nid001009, task 62 62 [29825]: mask 0x400000000000000000000000000000004000000000000000 set
cpu-bind=MASK - nid001009, task 66 66 [29829]: mask 0x4000000000000000000000000000000040000000000000000 set
cpu-bind=MASK - nid001009, task 67 67 [29830]: mask 0x8000000000000000000000000000000080000000000000000 set
cpu-bind=MASK - nid001009, task 78 78 [29841]: mask 0x4000000000000000000000000000000040000000000000000000 set
cpu-bind=MASK - nid001009, task 84 84 [29847]: mask 0x100000000000000000000000000000001000000000000000000000 set
cpu-bind=MASK - nid001009, task 85 85 [29848]: mask 0x200000000000000000000000000000002000000000000000000000 set
cpu-bind=MASK - nid001009, task 71 71 [29834]: mask 0x80000000000000000000000000000000800000000000000000 set
cpu-bind=MASK - nid001009, task 81 81 [29844]: mask 0x20000000000000000000000000000000200000000000000000000 set
cpu-bind=MASK - nid001009, task 69 69 [29832]: mask 0x20000000000000000000000000000000200000000000000000 set
cpu-bind=MASK - nid001009, task 73 73 [29836]: mask 0x200000000000000000000000000000002000000000000000000 set
cpu-bind=MASK - nid001009, task 75 75 [29838]: mask 0x800000000000000000000000000000008000000000000000000 set
cpu-bind=MASK - nid001009, task 68 68 [29831]: mask 0x10000000000000000000000000000000100000000000000000 set
cpu-bind=MASK - nid001009, task 70 70 [29833]: mask 0x40000000000000000000000000000000400000000000000000 set
cpu-bind=MASK - nid001009, task 72 72 [29835]: mask 0x100000000000000000000000000000001000000000000000000 set
cpu-bind=MASK - nid001009, task 74 74 [29837]: mask 0x400000000000000000000000000000004000000000000000000 set
cpu-bind=MASK - nid001009, task 80 80 [29843]: mask 0x10000000000000000000000000000000100000000000000000000 set
cpu-bind=MASK - nid001009, task 86 86 [29849]: mask 0x400000000000000000000000000000004000000000000000000000 set
cpu-bind=MASK - nid001009, task 97 97 [29860]: mask 0x200000000000000000000000000000002000000000000000000000000 set
cpu-bind=MASK - nid001009, task 82 82 [29845]: mask 0x40000000000000000000000000000000400000000000000000000 set
cpu-bind=MASK - nid001009, task 83 83 [29846]: mask 0x80000000000000000000000000000000800000000000000000000 set
cpu-bind=MASK - nid001009, task 106 106 [29869]: mask 0x40000000000000000000000000000000400000000000000000000000000 set
cpu-bind=MASK - nid001009, task 107 107 [29870]: mask 0x80000000000000000000000000000000800000000000000000000000000 set
cpu-bind=MASK - nid001009, task 108 108 [29871]: mask 0x100000000000000000000000000000001000000000000000000000000000 set
cpu-bind=MASK - nid001009, task 109 109 [29872]: mask 0x200000000000000000000000000000002000000000000000000000000000 set
cpu-bind=MASK - nid001009, task 98 98 [29861]: mask 0x400000000000000000000000000000004000000000000000000000000 set
cpu-bind=MASK - nid001009, task 101 101 [29864]: mask 0x2000000000000000000000000000000020000000000000000000000000 set
cpu-bind=MASK - nid001009, task 95 95 [29858]: mask 0x80000000000000000000000000000000800000000000000000000000 set
cpu-bind=MASK - nid001009, task 96 96 [29859]: mask 0x100000000000000000000000000000001000000000000000000000000 set
cpu-bind=MASK - nid001009, task 99 99 [29862]: mask 0x800000000000000000000000000000008000000000000000000000000 set
cpu-bind=MASK - nid001009, task 100 100 [29863]: mask 0x1000000000000000000000000000000010000000000000000000000000 set
cpu-bind=MASK - nid001009, task 87 87 [29850]: mask 0x800000000000000000000000000000008000000000000000000000 set
cpu-bind=MASK - nid001009, task 88 88 [29851]: mask 0x1000000000000000000000000000000010000000000000000000000 set
cpu-bind=MASK - nid001009, task 89 89 [29852]: mask 0x2000000000000000000000000000000020000000000000000000000 set
cpu-bind=MASK - nid001009, task 91 91 [29854]: mask 0x8000000000000000000000000000000080000000000000000000000 set
cpu-bind=MASK - nid001009, task 92 92 [29855]: mask 0x10000000000000000000000000000000100000000000000000000000 set
cpu-bind=MASK - nid001009, task 93 93 [29856]: mask 0x20000000000000000000000000000000200000000000000000000000 set
cpu-bind=MASK - nid001009, task 94 94 [29857]: mask 0x40000000000000000000000000000000400000000000000000000000 set
cpu-bind=MASK - nid001009, task 90 90 [29853]: mask 0x4000000000000000000000000000000040000000000000000000000 set
cpu-bind=MASK - nid001009, task 102 102 [29865]: mask 0x4000000000000000000000000000000040000000000000000000000000 set
cpu-bind=MASK - nid001009, task 103 103 [29866]: mask 0x8000000000000000000000000000000080000000000000000000000000 set
cpu-bind=MASK - nid001009, task 104 104 [29867]: mask 0x10000000000000000000000000000000100000000000000000000000000 set
cpu-bind=MASK - nid001009, task 105 105 [29868]: mask 0x20000000000000000000000000000000200000000000000000000000000 set
cpu-bind=MASK - nid001009, task 110 110 [29873]: mask 0x400000000000000000000000000000004000000000000000000000000000 set
cpu-bind=MASK - nid001009, task 111 111 [29874]: mask 0x800000000000000000000000000000008000000000000000000000000000 set
cpu-bind=MASK - nid001009, task 123 123 [29886]: mask 0x800000000000000000000000000000008000000000000000000000000000000 set
cpu-bind=MASK - nid001009, task 124 124 [29887]: mask 0x1000000000000000000000000000000010000000000000000000000000000000 set
cpu-bind=MASK - nid001009, task 126 126 [29889]: mask 0x4000000000000000000000000000000040000000000000000000000000000000 set
cpu-bind=MASK - nid001009, task 127 127 [29890]: mask 0x8000000000000000000000000000000080000000000000000000000000000000 set
cpu-bind=MASK - nid001009, task 76 76 [29839]: mask 0x1000000000000000000000000000000010000000000000000000 set
cpu-bind=MASK - nid001009, task 77 77 [29840]: mask 0x2000000000000000000000000000000020000000000000000000 set
cpu-bind=MASK - nid001009, task 79 79 [29842]: mask 0x8000000000000000000000000000000080000000000000000000 set
cpu-bind=MASK - nid001009, task 112 112 [29875]: mask 0x1000000000000000000000000000000010000000000000000000000000000 set
cpu-bind=MASK - nid001009, task 113 113 [29876]: mask 0x2000000000000000000000000000000020000000000000000000000000000 set
cpu-bind=MASK - nid001009, task 114 114 [29877]: mask 0x4000000000000000000000000000000040000000000000000000000000000 set
cpu-bind=MASK - nid001009, task 118 118 [29881]: mask 0x40000000000000000000000000000000400000000000000000000000000000 set
cpu-bind=MASK - nid001009, task 119 119 [29882]: mask 0x80000000000000000000000000000000800000000000000000000000000000 set
cpu-bind=MASK - nid001009, task 122 122 [29885]: mask 0x400000000000000000000000000000004000000000000000000000000000000 set
cpu-bind=MASK - nid001009, task 117 117 [29880]: mask 0x20000000000000000000000000000000200000000000000000000000000000 set
cpu-bind=MASK - nid001009, task 121 121 [29884]: mask 0x200000000000000000000000000000002000000000000000000000000000000 set
cpu-bind=MASK - nid001009, task 115 115 [29878]: mask 0x8000000000000000000000000000000080000000000000000000000000000 set
cpu-bind=MASK - nid001009, task 120 120 [29883]: mask 0x100000000000000000000000000000001000000000000000000000000000000 set
cpu-bind=MASK - nid001009, task 125 125 [29888]: mask 0x2000000000000000000000000000000020000000000000000000000000000000 set
cpu-bind=MASK - nid001009, task 116 116 [29879]: mask 0x10000000000000000000000000000000100000000000000000000000000000 set
cpu-bind=MASK - nid001015, task 132  4 [65671]: mask 0x1000000000000000000000000000000010 set
cpu-bind=MASK - nid001015, task 128  0 [65667]: mask 0x100000000000000000000000000000001 set
cpu-bind=MASK - nid001015, task 129  1 [65668]: mask 0x200000000000000000000000000000002 set
cpu-bind=MASK - nid001015, task 130  2 [65669]: mask 0x400000000000000000000000000000004 set
cpu-bind=MASK - nid001015, task 131  3 [65670]: mask 0x800000000000000000000000000000008 set
cpu-bind=MASK - nid001015, task 141 13 [65680]: mask 0x200000000000000000000000000000002000 set
cpu-bind=MASK - nid001015, task 133  5 [65672]: mask 0x2000000000000000000000000000000020 set
cpu-bind=MASK - nid001015, task 137  9 [65676]: mask 0x20000000000000000000000000000000200 set
cpu-bind=MASK - nid001015, task 138 10 [65677]: mask 0x40000000000000000000000000000000400 set
cpu-bind=MASK - nid001015, task 134  6 [65673]: mask 0x4000000000000000000000000000000040 set
cpu-bind=MASK - nid001015, task 136  8 [65675]: mask 0x10000000000000000000000000000000100 set
cpu-bind=MASK - nid001015, task 140 12 [65679]: mask 0x100000000000000000000000000000001000 set
cpu-bind=MASK - nid001015, task 139 11 [65678]: mask 0x80000000000000000000000000000000800 set
cpu-bind=MASK - nid001015, task 142 14 [65681]: mask 0x400000000000000000000000000000004000 set
cpu-bind=MASK - nid001015, task 143 15 [65682]: mask 0x800000000000000000000000000000008000 set
cpu-bind=MASK - nid001015, task 146 18 [65685]: mask 0x4000000000000000000000000000000040000 set
cpu-bind=MASK - nid001015, task 152 24 [65691]: mask 0x100000000000000000000000000000001000000 set
cpu-bind=MASK - nid001015, task 154 26 [65693]: mask 0x400000000000000000000000000000004000000 set
cpu-bind=MASK - nid001015, task 157 29 [65696]: mask 0x2000000000000000000000000000000020000000 set
cpu-bind=MASK - nid001015, task 145 17 [65684]: mask 0x2000000000000000000000000000000020000 set
cpu-bind=MASK - nid001015, task 158 30 [65697]: mask 0x4000000000000000000000000000000040000000 set
cpu-bind=MASK - nid001015, task 160 32 [65699]: mask 0x10000000000000000000000000000000100000000 set
cpu-bind=MASK - nid001015, task 162 34 [65701]: mask 0x40000000000000000000000000000000400000000 set
cpu-bind=MASK - nid001015, task 165 37 [65704]: mask 0x200000000000000000000000000000002000000000 set
cpu-bind=MASK - nid001015, task 161 33 [65700]: mask 0x20000000000000000000000000000000200000000 set
cpu-bind=MASK - nid001015, task 166 38 [65705]: mask 0x400000000000000000000000000000004000000000 set
cpu-bind=MASK - nid001015, task 167 39 [65706]: mask 0x800000000000000000000000000000008000000000 set
cpu-bind=MASK - nid001015, task 147 19 [65686]: mask 0x8000000000000000000000000000000080000 set
cpu-bind=MASK - nid001015, task 148 20 [65687]: mask 0x10000000000000000000000000000000100000 set
cpu-bind=MASK - nid001015, task 150 22 [65689]: mask 0x40000000000000000000000000000000400000 set
cpu-bind=MASK - nid001015, task 159 31 [65698]: mask 0x8000000000000000000000000000000080000000 set
cpu-bind=MASK - nid001015, task 153 25 [65692]: mask 0x200000000000000000000000000000002000000 set
cpu-bind=MASK - nid001015, task 156 28 [65695]: mask 0x1000000000000000000000000000000010000000 set
cpu-bind=MASK - nid001015, task 173 45 [65712]: mask 0x20000000000000000000000000000000200000000000 set
cpu-bind=MASK - nid001015, task 151 23 [65690]: mask 0x80000000000000000000000000000000800000 set
cpu-bind=MASK - nid001015, task 155 27 [65694]: mask 0x800000000000000000000000000000008000000 set
cpu-bind=MASK - nid001015, task 177 49 [65716]: mask 0x200000000000000000000000000000002000000000000 set
cpu-bind=MASK - nid001015, task 178 50 [65717]: mask 0x400000000000000000000000000000004000000000000 set
cpu-bind=MASK - nid001015, task 179 51 [65718]: mask 0x800000000000000000000000000000008000000000000 set
cpu-bind=MASK - nid001015, task 144 16 [65683]: mask 0x1000000000000000000000000000000010000 set
cpu-bind=MASK - nid001015, task 149 21 [65688]: mask 0x20000000000000000000000000000000200000 set
cpu-bind=MASK - nid001015, task 168 40 [65707]: mask 0x1000000000000000000000000000000010000000000 set
cpu-bind=MASK - nid001015, task 169 41 [65708]: mask 0x2000000000000000000000000000000020000000000 set
cpu-bind=MASK - nid001015, task 182 54 [65721]: mask 0x4000000000000000000000000000000040000000000000 set
cpu-bind=MASK - nid001015, task 185 57 [65724]: mask 0x20000000000000000000000000000000200000000000000 set
cpu-bind=MASK - nid001015, task 189 61 [65728]: mask 0x200000000000000000000000000000002000000000000000 set
cpu-bind=MASK - nid001015, task 171 43 [65710]: mask 0x8000000000000000000000000000000080000000000 set
cpu-bind=MASK - nid001015, task 172 44 [65711]: mask 0x10000000000000000000000000000000100000000000 set
cpu-bind=MASK - nid001015, task 175 47 [65714]: mask 0x80000000000000000000000000000000800000000000 set
cpu-bind=MASK - nid001015, task 176 48 [65715]: mask 0x100000000000000000000000000000001000000000000 set
cpu-bind=MASK - nid001015, task 187 59 [65726]: mask 0x80000000000000000000000000000000800000000000000 set
cpu-bind=MASK - nid001015, task 164 36 [65703]: mask 0x100000000000000000000000000000001000000000 set
cpu-bind=MASK - nid001015, task 186 58 [65725]: mask 0x40000000000000000000000000000000400000000000000 set
cpu-bind=MASK - nid001015, task 192 64 [65731]: mask 0x1000000000000000000000000000000010000000000000000 set
cpu-bind=MASK - nid001015, task 196 68 [65735]: mask 0x10000000000000000000000000000000100000000000000000 set
cpu-bind=MASK - nid001015, task 135  7 [65674]: mask 0x8000000000000000000000000000000080 set
cpu-bind=MASK - nid001015, task 170 42 [65709]: mask 0x4000000000000000000000000000000040000000000 set
cpu-bind=MASK - nid001015, task 174 46 [65713]: mask 0x40000000000000000000000000000000400000000000 set
cpu-bind=MASK - nid001015, task 180 52 [65719]: mask 0x1000000000000000000000000000000010000000000000 set
cpu-bind=MASK - nid001015, task 181 53 [65720]: mask 0x2000000000000000000000000000000020000000000000 set
cpu-bind=MASK - nid001015, task 183 55 [65722]: mask 0x8000000000000000000000000000000080000000000000 set
cpu-bind=MASK - nid001015, task 184 56 [65723]: mask 0x10000000000000000000000000000000100000000000000 set
cpu-bind=MASK - nid001015, task 201 73 [65740]: mask 0x200000000000000000000000000000002000000000000000000 set
cpu-bind=MASK - nid001015, task 203 75 [65742]: mask 0x800000000000000000000000000000008000000000000000000 set
cpu-bind=MASK - nid001015, task 188 60 [65727]: mask 0x100000000000000000000000000000001000000000000000 set
cpu-bind=MASK - nid001015, task 190 62 [65729]: mask 0x400000000000000000000000000000004000000000000000 set
cpu-bind=MASK - nid001015, task 206 78 [65745]: mask 0x4000000000000000000000000000000040000000000000000000 set
cpu-bind=MASK - nid001015, task 208 80 [65747]: mask 0x10000000000000000000000000000000100000000000000000000 set
cpu-bind=MASK - nid001015, task 197 69 [65736]: mask 0x20000000000000000000000000000000200000000000000000 set
cpu-bind=MASK - nid001015, task 198 70 [65737]: mask 0x40000000000000000000000000000000400000000000000000 set
cpu-bind=MASK - nid001015, task 191 63 [65730]: mask 0x800000000000000000000000000000008000000000000000 set
cpu-bind=MASK - nid001015, task 193 65 [65732]: mask 0x2000000000000000000000000000000020000000000000000 set
cpu-bind=MASK - nid001015, task 194 66 [65733]: mask 0x4000000000000000000000000000000040000000000000000 set
cpu-bind=MASK - nid001015, task 195 67 [65734]: mask 0x8000000000000000000000000000000080000000000000000 set
cpu-bind=MASK - nid001015, task 199 71 [65738]: mask 0x80000000000000000000000000000000800000000000000000 set
cpu-bind=MASK - nid001015, task 200 72 [65739]: mask 0x100000000000000000000000000000001000000000000000000 set
cpu-bind=MASK - nid001015, task 202 74 [65741]: mask 0x400000000000000000000000000000004000000000000000000 set
cpu-bind=MASK - nid001015, task 210 82 [65749]: mask 0x40000000000000000000000000000000400000000000000000000 set
cpu-bind=MASK - nid001015, task 204 76 [65743]: mask 0x1000000000000000000000000000000010000000000000000000 set
cpu-bind=MASK - nid001015, task 209 81 [65748]: mask 0x20000000000000000000000000000000200000000000000000000 set
cpu-bind=MASK - nid001015, task 163 35 [65702]: mask 0x80000000000000000000000000000000800000000 set
cpu-bind=MASK - nid001015, task 205 77 [65744]: mask 0x2000000000000000000000000000000020000000000000000000 set
cpu-bind=MASK - nid001015, task 207 79 [65746]: mask 0x8000000000000000000000000000000080000000000000000000 set
cpu-bind=MASK - nid001015, task 214 86 [65753]: mask 0x400000000000000000000000000000004000000000000000000000 set
cpu-bind=MASK - nid001015, task 215 87 [65754]: mask 0x800000000000000000000000000000008000000000000000000000 set
cpu-bind=MASK - nid001015, task 216 88 [65755]: mask 0x1000000000000000000000000000000010000000000000000000000 set
cpu-bind=MASK - nid001015, task 211 83 [65750]: mask 0x80000000000000000000000000000000800000000000000000000 set
cpu-bind=MASK - nid001015, task 212 84 [65751]: mask 0x100000000000000000000000000000001000000000000000000000 set
cpu-bind=MASK - nid001015, task 219 91 [65758]: mask 0x8000000000000000000000000000000080000000000000000000000 set
cpu-bind=MASK - nid001015, task 223 95 [65762]: mask 0x80000000000000000000000000000000800000000000000000000000 set
cpu-bind=MASK - nid001015, task 224 96 [65763]: mask 0x100000000000000000000000000000001000000000000000000000000 set
cpu-bind=MASK - nid001015, task 217 89 [65756]: mask 0x2000000000000000000000000000000020000000000000000000000 set
cpu-bind=MASK - nid001015, task 220 92 [65759]: mask 0x10000000000000000000000000000000100000000000000000000000 set
cpu-bind=MASK - nid001015, task 218 90 [65757]: mask 0x4000000000000000000000000000000040000000000000000000000 set
cpu-bind=MASK - nid001015, task 225 97 [65764]: mask 0x200000000000000000000000000000002000000000000000000000000 set
cpu-bind=MASK - nid001015, task 227 99 [65766]: mask 0x800000000000000000000000000000008000000000000000000000000 set
cpu-bind=MASK - nid001015, task 228 100 [65767]: mask 0x1000000000000000000000000000000010000000000000000000000000 set
cpu-bind=MASK - nid001015, task 230 102 [65769]: mask 0x4000000000000000000000000000000040000000000000000000000000 set
cpu-bind=MASK - nid001015, task 231 103 [65770]: mask 0x8000000000000000000000000000000080000000000000000000000000 set
cpu-bind=MASK - nid001015, task 213 85 [65752]: mask 0x200000000000000000000000000000002000000000000000000000 set
cpu-bind=MASK - nid001015, task 221 93 [65760]: mask 0x20000000000000000000000000000000200000000000000000000000 set
cpu-bind=MASK - nid001015, task 222 94 [65761]: mask 0x40000000000000000000000000000000400000000000000000000000 set
cpu-bind=MASK - nid001015, task 226 98 [65765]: mask 0x400000000000000000000000000000004000000000000000000000000 set
cpu-bind=MASK - nid001015, task 229 101 [65768]: mask 0x2000000000000000000000000000000020000000000000000000000000 set
cpu-bind=MASK - nid001015, task 240 112 [65779]: mask 0x1000000000000000000000000000000010000000000000000000000000000 set
cpu-bind=MASK - nid001015, task 232 104 [65771]: mask 0x10000000000000000000000000000000100000000000000000000000000 set
cpu-bind=MASK - nid001015, task 239 111 [65778]: mask 0x800000000000000000000000000000008000000000000000000000000000 set
cpu-bind=MASK - nid001015, task 241 113 [65780]: mask 0x2000000000000000000000000000000020000000000000000000000000000 set
cpu-bind=MASK - nid001015, task 243 115 [65782]: mask 0x8000000000000000000000000000000080000000000000000000000000000 set
cpu-bind=MASK - nid001015, task 242 114 [65781]: mask 0x4000000000000000000000000000000040000000000000000000000000000 set
cpu-bind=MASK - nid001015, task 233 105 [65772]: mask 0x20000000000000000000000000000000200000000000000000000000000 set
cpu-bind=MASK - nid001015, task 247 119 [65786]: mask 0x80000000000000000000000000000000800000000000000000000000000000 set
cpu-bind=MASK - nid001015, task 238 110 [65777]: mask 0x400000000000000000000000000000004000000000000000000000000000 set
cpu-bind=MASK - nid001015, task 234 106 [65773]: mask 0x40000000000000000000000000000000400000000000000000000000000 set
cpu-bind=MASK - nid001015, task 235 107 [65774]: mask 0x80000000000000000000000000000000800000000000000000000000000 set
cpu-bind=MASK - nid001015, task 237 109 [65776]: mask 0x200000000000000000000000000000002000000000000000000000000000 set
cpu-bind=MASK - nid001015, task 253 125 [65792]: mask 0x2000000000000000000000000000000020000000000000000000000000000000 set
cpu-bind=MASK - nid001015, task 255 127 [65794]: mask 0x8000000000000000000000000000000080000000000000000000000000000000 set
cpu-bind=MASK - nid001015, task 254 126 [65793]: mask 0x4000000000000000000000000000000040000000000000000000000000000000 set
cpu-bind=MASK - nid001015, task 245 117 [65784]: mask 0x20000000000000000000000000000000200000000000000000000000000000 set
cpu-bind=MASK - nid001015, task 244 116 [65783]: mask 0x10000000000000000000000000000000100000000000000000000000000000 set
cpu-bind=MASK - nid001015, task 236 108 [65775]: mask 0x100000000000000000000000000000001000000000000000000000000000 set
cpu-bind=MASK - nid001015, task 246 118 [65785]: mask 0x40000000000000000000000000000000400000000000000000000000000000 set
cpu-bind=MASK - nid001015, task 248 120 [65787]: mask 0x100000000000000000000000000000001000000000000000000000000000000 set
cpu-bind=MASK - nid001015, task 249 121 [65788]: mask 0x200000000000000000000000000000002000000000000000000000000000000 set
cpu-bind=MASK - nid001015, task 250 122 [65789]: mask 0x400000000000000000000000000000004000000000000000000000000000000 set
cpu-bind=MASK - nid001015, task 251 123 [65790]: mask 0x800000000000000000000000000000008000000000000000000000000000000 set
cpu-bind=MASK - nid001015, task 252 124 [65791]: mask 0x1000000000000000000000000000000010000000000000000000000000000000 set
