
Due to MODULEPATH changes, the following have been reloaded:
  1) cray-mpich/8.1.12


Currently Loaded Modules:
  1) craype-x86-rome                        15) ELPA/2021.11.001
  2) libfabric/1.15.2.0                     16) libxsmm/1.17
  3) craype-network-ofi                     17) libxc/5.1.7
  4) xpmem/2.4.4-2.3_13.8__gff0e1d9.shasta  18) Libint-CP2K/2.6.0
  5) PrgEnv-gnu/8.3.0                       19) cray-hdf5/1.12.0.7
  6) cray-dsmml/0.2.2                       20) GSL/2.7
  7) cray-libsci/21.08.1.2                  21) SpFFT/1.0.5
  8) cray-mpich/8.1.12                      22) SPLA/1.5.2
  9) craype/2.7.13                          23) SIRIUS/7.3.1
 10) gcc/11.2.0                             24) spglib/1.16.3
 11) perftools-base/21.12.0                 25) libvori/210412
 12) cpe/21.12                              26) zlib/.1.2.11       (H)
 13) cpeGNU/21.12                           27) PLUMED/2.7.3
 14) cray-fftw/3.3.8.12

  Where:
   H:  Hidden Module

 

cpu-bind=MASK - nid001070, task  1  1 [46260]: mask 0x200000000000000000000000000000002 set
cpu-bind=MASK - nid001070, task  2  2 [46261]: mask 0x400000000000000000000000000000004 set
cpu-bind=MASK - nid001070, task  0  0 [46259]: mask 0x100000000000000000000000000000001 set
cpu-bind=MASK - nid001070, task  3  3 [46262]: mask 0x800000000000000000000000000000008 set
cpu-bind=MASK - nid001070, task  5  5 [46264]: mask 0x2000000000000000000000000000000020 set
cpu-bind=MASK - nid001070, task  4  4 [46263]: mask 0x1000000000000000000000000000000010 set
cpu-bind=MASK - nid001070, task 14 14 [46273]: mask 0x400000000000000000000000000000004000 set
cpu-bind=MASK - nid001070, task  6  6 [46265]: mask 0x4000000000000000000000000000000040 set
cpu-bind=MASK - nid001070, task  7  7 [46266]: mask 0x8000000000000000000000000000000080 set
cpu-bind=MASK - nid001070, task  8  8 [46267]: mask 0x10000000000000000000000000000000100 set
cpu-bind=MASK - nid001070, task  9  9 [46268]: mask 0x20000000000000000000000000000000200 set
cpu-bind=MASK - nid001070, task 10 10 [46269]: mask 0x40000000000000000000000000000000400 set
cpu-bind=MASK - nid001070, task 12 12 [46271]: mask 0x100000000000000000000000000000001000 set
cpu-bind=MASK - nid001070, task 13 13 [46272]: mask 0x200000000000000000000000000000002000 set
cpu-bind=MASK - nid001070, task 11 11 [46270]: mask 0x80000000000000000000000000000000800 set
cpu-bind=MASK - nid001070, task 15 15 [46274]: mask 0x800000000000000000000000000000008000 set
cpu-bind=MASK - nid001070, task 17 17 [46276]: mask 0x2000000000000000000000000000000020000 set
cpu-bind=MASK - nid001070, task 16 16 [46275]: mask 0x1000000000000000000000000000000010000 set
cpu-bind=MASK - nid001070, task 18 18 [46277]: mask 0x4000000000000000000000000000000040000 set
cpu-bind=MASK - nid001070, task 19 19 [46278]: mask 0x8000000000000000000000000000000080000 set
cpu-bind=MASK - nid001070, task 20 20 [46279]: mask 0x10000000000000000000000000000000100000 set
cpu-bind=MASK - nid001070, task 21 21 [46280]: mask 0x20000000000000000000000000000000200000 set
cpu-bind=MASK - nid001070, task 38 38 [46297]: mask 0x400000000000000000000000000000004000000000 set
cpu-bind=MASK - nid001070, task 33 33 [46292]: mask 0x20000000000000000000000000000000200000000 set
cpu-bind=MASK - nid001070, task 37 37 [46296]: mask 0x200000000000000000000000000000002000000000 set
cpu-bind=MASK - nid001070, task 39 39 [46298]: mask 0x800000000000000000000000000000008000000000 set
cpu-bind=MASK - nid001070, task 40 40 [46299]: mask 0x1000000000000000000000000000000010000000000 set
cpu-bind=MASK - nid001070, task 22 22 [46281]: mask 0x40000000000000000000000000000000400000 set
cpu-bind=MASK - nid001070, task 23 23 [46282]: mask 0x80000000000000000000000000000000800000 set
cpu-bind=MASK - nid001070, task 24 24 [46283]: mask 0x100000000000000000000000000000001000000 set
cpu-bind=MASK - nid001070, task 25 25 [46284]: mask 0x200000000000000000000000000000002000000 set
cpu-bind=MASK - nid001070, task 26 26 [46285]: mask 0x400000000000000000000000000000004000000 set
cpu-bind=MASK - nid001070, task 27 27 [46286]: mask 0x800000000000000000000000000000008000000 set
cpu-bind=MASK - nid001070, task 28 28 [46287]: mask 0x1000000000000000000000000000000010000000 set
cpu-bind=MASK - nid001070, task 29 29 [46288]: mask 0x2000000000000000000000000000000020000000 set
cpu-bind=MASK - nid001070, task 31 31 [46290]: mask 0x8000000000000000000000000000000080000000 set
cpu-bind=MASK - nid001070, task 32 32 [46291]: mask 0x10000000000000000000000000000000100000000 set
cpu-bind=MASK - nid001070, task 30 30 [46289]: mask 0x4000000000000000000000000000000040000000 set
cpu-bind=MASK - nid001070, task 34 34 [46293]: mask 0x40000000000000000000000000000000400000000 set
cpu-bind=MASK - nid001070, task 36 36 [46295]: mask 0x100000000000000000000000000000001000000000 set
cpu-bind=MASK - nid001070, task 35 35 [46294]: mask 0x80000000000000000000000000000000800000000 set
cpu-bind=MASK - nid001070, task 41 41 [46300]: mask 0x2000000000000000000000000000000020000000000 set
cpu-bind=MASK - nid001070, task 42 42 [46301]: mask 0x4000000000000000000000000000000040000000000 set
cpu-bind=MASK - nid001093, task 134  6 [113126]: mask 0x4000000000000000000000000000000040 set
cpu-bind=MASK - nid001093, task 135  7 [113127]: mask 0x8000000000000000000000000000000080 set
cpu-bind=MASK - nid001093, task 128  0 [113120]: mask 0x100000000000000000000000000000001 set
cpu-bind=MASK - nid001070, task 43 43 [46302]: mask 0x8000000000000000000000000000000080000000000 set
cpu-bind=MASK - nid001070, task 46 46 [46305]: mask 0x40000000000000000000000000000000400000000000 set
cpu-bind=MASK - nid001093, task 139 11 [113131]: mask 0x80000000000000000000000000000000800 set
cpu-bind=MASK - nid001070, task 47 47 [46306]: mask 0x80000000000000000000000000000000800000000000 set
cpu-bind=MASK - nid001070, task 44 44 [46303]: mask 0x10000000000000000000000000000000100000000000 set
cpu-bind=MASK - nid001070, task 52 52 [46311]: mask 0x1000000000000000000000000000000010000000000000 set
cpu-bind=MASK - nid001070, task 49 49 [46308]: mask 0x200000000000000000000000000000002000000000000 set
cpu-bind=MASK - nid001070, task 45 45 [46304]: mask 0x20000000000000000000000000000000200000000000 set
cpu-bind=MASK - nid001070, task 48 48 [46307]: mask 0x100000000000000000000000000000001000000000000 set
cpu-bind=MASK - nid001070, task 62 62 [46321]: mask 0x400000000000000000000000000000004000000000000000 set
cpu-bind=MASK - nid001093, task 129  1 [113121]: mask 0x200000000000000000000000000000002 set
cpu-bind=MASK - nid001070, task 50 50 [46309]: mask 0x400000000000000000000000000000004000000000000 set
cpu-bind=MASK - nid001093, task 132  4 [113124]: mask 0x1000000000000000000000000000000010 set
cpu-bind=MASK - nid001093, task 133  5 [113125]: mask 0x2000000000000000000000000000000020 set
cpu-bind=MASK - nid001093, task 136  8 [113128]: mask 0x10000000000000000000000000000000100 set
cpu-bind=MASK - nid001070, task 51 51 [46310]: mask 0x800000000000000000000000000000008000000000000 set
cpu-bind=MASK - nid001093, task 137  9 [113129]: mask 0x20000000000000000000000000000000200 set
cpu-bind=MASK - nid001070, task 53 53 [46312]: mask 0x2000000000000000000000000000000020000000000000 set
cpu-bind=MASK - nid001070, task 54 54 [46313]: mask 0x4000000000000000000000000000000040000000000000 set
cpu-bind=MASK - nid001093, task 140 12 [113132]: mask 0x100000000000000000000000000000001000 set
cpu-bind=MASK - nid001093, task 130  2 [113122]: mask 0x400000000000000000000000000000004 set
cpu-bind=MASK - nid001093, task 131  3 [113123]: mask 0x800000000000000000000000000000008 set
cpu-bind=MASK - nid001070, task 60 60 [46319]: mask 0x100000000000000000000000000000001000000000000000 set
cpu-bind=MASK - nid001093, task 138 10 [113130]: mask 0x40000000000000000000000000000000400 set
cpu-bind=MASK - nid001093, task 142 14 [113134]: mask 0x400000000000000000000000000000004000 set
cpu-bind=MASK - nid001093, task 143 15 [113135]: mask 0x800000000000000000000000000000008000 set
cpu-bind=MASK - nid001093, task 141 13 [113133]: mask 0x200000000000000000000000000000002000 set
cpu-bind=MASK - nid001070, task 57 57 [46316]: mask 0x20000000000000000000000000000000200000000000000 set
cpu-bind=MASK - nid001070, task 58 58 [46317]: mask 0x40000000000000000000000000000000400000000000000 set
cpu-bind=MASK - nid001070, task 56 56 [46315]: mask 0x10000000000000000000000000000000100000000000000 set
cpu-bind=MASK - nid001070, task 71 71 [46330]: mask 0x80000000000000000000000000000000800000000000000000 set
cpu-bind=MASK - nid001070, task 75 75 [46334]: mask 0x800000000000000000000000000000008000000000000000000 set
cpu-bind=MASK - nid001070, task 59 59 [46318]: mask 0x80000000000000000000000000000000800000000000000 set
cpu-bind=MASK - nid001070, task 70 70 [46329]: mask 0x40000000000000000000000000000000400000000000000000 set
cpu-bind=MASK - nid001070, task 65 65 [46324]: mask 0x2000000000000000000000000000000020000000000000000 set
cpu-bind=MASK - nid001070, task 67 67 [46326]: mask 0x8000000000000000000000000000000080000000000000000 set
cpu-bind=MASK - nid001070, task 69 69 [46328]: mask 0x20000000000000000000000000000000200000000000000000 set
cpu-bind=MASK - nid001070, task 66 66 [46325]: mask 0x4000000000000000000000000000000040000000000000000 set
cpu-bind=MASK - nid001070, task 64 64 [46323]: mask 0x1000000000000000000000000000000010000000000000000 set
cpu-bind=MASK - nid001070, task 73 73 [46332]: mask 0x200000000000000000000000000000002000000000000000000 set
cpu-bind=MASK - nid001070, task 74 74 [46333]: mask 0x400000000000000000000000000000004000000000000000000 set
cpu-bind=MASK - nid001070, task 78 78 [46337]: mask 0x4000000000000000000000000000000040000000000000000000 set
cpu-bind=MASK - nid001070, task 81 81 [46340]: mask 0x20000000000000000000000000000000200000000000000000000 set
cpu-bind=MASK - nid001070, task 82 82 [46341]: mask 0x40000000000000000000000000000000400000000000000000000 set
cpu-bind=MASK - nid001070, task 72 72 [46331]: mask 0x100000000000000000000000000000001000000000000000000 set
cpu-bind=MASK - nid001070, task 76 76 [46335]: mask 0x1000000000000000000000000000000010000000000000000000 set
cpu-bind=MASK - nid001070, task 77 77 [46336]: mask 0x2000000000000000000000000000000020000000000000000000 set
cpu-bind=MASK - nid001070, task 68 68 [46327]: mask 0x10000000000000000000000000000000100000000000000000 set
cpu-bind=MASK - nid001070, task 79 79 [46338]: mask 0x8000000000000000000000000000000080000000000000000000 set
cpu-bind=MASK - nid001070, task 83 83 [46342]: mask 0x80000000000000000000000000000000800000000000000000000 set
cpu-bind=MASK - nid001070, task 84 84 [46343]: mask 0x100000000000000000000000000000001000000000000000000000 set
cpu-bind=MASK - nid001070, task 85 85 [46344]: mask 0x200000000000000000000000000000002000000000000000000000 set
cpu-bind=MASK - nid001070, task 86 86 [46345]: mask 0x400000000000000000000000000000004000000000000000000000 set
cpu-bind=MASK - nid001070, task 95 95 [46354]: mask 0x80000000000000000000000000000000800000000000000000000000 set
cpu-bind=MASK - nid001070, task 98 98 [46357]: mask 0x400000000000000000000000000000004000000000000000000000000 set
cpu-bind=MASK - nid001070, task 80 80 [46339]: mask 0x10000000000000000000000000000000100000000000000000000 set
cpu-bind=MASK - nid001070, task 97 97 [46356]: mask 0x200000000000000000000000000000002000000000000000000000000 set
cpu-bind=MASK - nid001070, task 87 87 [46346]: mask 0x800000000000000000000000000000008000000000000000000000 set
cpu-bind=MASK - nid001070, task 90 90 [46349]: mask 0x4000000000000000000000000000000040000000000000000000000 set
cpu-bind=MASK - nid001070, task 91 91 [46350]: mask 0x8000000000000000000000000000000080000000000000000000000 set
cpu-bind=MASK - nid001070, task 88 88 [46347]: mask 0x1000000000000000000000000000000010000000000000000000000 set
cpu-bind=MASK - nid001070, task 89 89 [46348]: mask 0x2000000000000000000000000000000020000000000000000000000 set
cpu-bind=MASK - nid001070, task 93 93 [46352]: mask 0x20000000000000000000000000000000200000000000000000000000 set
cpu-bind=MASK - nid001070, task 103 103 [46362]: mask 0x8000000000000000000000000000000080000000000000000000000000 set
cpu-bind=MASK - nid001070, task 100 100 [46359]: mask 0x1000000000000000000000000000000010000000000000000000000000 set
cpu-bind=MASK - nid001070, task 94 94 [46353]: mask 0x40000000000000000000000000000000400000000000000000000000 set
cpu-bind=MASK - nid001070, task 102 102 [46361]: mask 0x4000000000000000000000000000000040000000000000000000000000 set
cpu-bind=MASK - nid001070, task 101 101 [46360]: mask 0x2000000000000000000000000000000020000000000000000000000000 set
cpu-bind=MASK - nid001070, task 105 105 [46364]: mask 0x20000000000000000000000000000000200000000000000000000000000 set
cpu-bind=MASK - nid001070, task 96 96 [46355]: mask 0x100000000000000000000000000000001000000000000000000000000 set
cpu-bind=MASK - nid001070, task 99 99 [46358]: mask 0x800000000000000000000000000000008000000000000000000000000 set
cpu-bind=MASK - nid001070, task 106 106 [46365]: mask 0x40000000000000000000000000000000400000000000000000000000000 set
cpu-bind=MASK - nid001093, task 145 17 [113137]: mask 0x2000000000000000000000000000000020000 set
cpu-bind=MASK - nid001070, task 108 108 [46367]: mask 0x100000000000000000000000000000001000000000000000000000000000 set
cpu-bind=MASK - nid001093, task 144 16 [113136]: mask 0x1000000000000000000000000000000010000 set
cpu-bind=MASK - nid001070, task 111 111 [46371]: mask 0x800000000000000000000000000000008000000000000000000000000000 set
cpu-bind=MASK - nid001070, task 117 117 [46377]: mask 0x20000000000000000000000000000000200000000000000000000000000000 set
cpu-bind=MASK - nid001093, task 146 18 [113138]: mask 0x4000000000000000000000000000000040000 set
cpu-bind=MASK - nid001070, task 118 118 [46378]: mask 0x40000000000000000000000000000000400000000000000000000000000000 set
cpu-bind=MASK - nid001093, task 147 19 [113139]: mask 0x8000000000000000000000000000000080000 set
cpu-bind=MASK - nid001070, task 92 92 [46351]: mask 0x10000000000000000000000000000000100000000000000000000000 set
cpu-bind=MASK - nid001070, task 125 125 [46385]: mask 0x2000000000000000000000000000000020000000000000000000000000000000 set
cpu-bind=MASK - nid001070, task 123 123 [46383]: mask 0x800000000000000000000000000000008000000000000000000000000000000 set
cpu-bind=MASK - nid001070, task 124 124 [46384]: mask 0x1000000000000000000000000000000010000000000000000000000000000000 set
cpu-bind=MASK - nid001070, task 119 119 [46379]: mask 0x80000000000000000000000000000000800000000000000000000000000000 set
cpu-bind=MASK - nid001070, task 126 126 [46386]: mask 0x4000000000000000000000000000000040000000000000000000000000000000 set
cpu-bind=MASK - nid001070, task 122 122 [46382]: mask 0x400000000000000000000000000000004000000000000000000000000000000 set
cpu-bind=MASK - nid001070, task 55 55 [46314]: mask 0x8000000000000000000000000000000080000000000000 set
cpu-bind=MASK - nid001070, task 107 107 [46366]: mask 0x80000000000000000000000000000000800000000000000000000000000 set
cpu-bind=MASK - nid001070, task 104 104 [46363]: mask 0x10000000000000000000000000000000100000000000000000000000000 set
cpu-bind=MASK - nid001070, task 115 115 [46375]: mask 0x8000000000000000000000000000000080000000000000000000000000000 set
cpu-bind=MASK - nid001070, task 109 109 [46368]: mask 0x200000000000000000000000000000002000000000000000000000000000 set
cpu-bind=MASK - nid001093, task 148 20 [113140]: mask 0x10000000000000000000000000000000100000 set
cpu-bind=MASK - nid001070, task 110 110 [46370]: mask 0x400000000000000000000000000000004000000000000000000000000000 set
cpu-bind=MASK - nid001070, task 112 112 [46372]: mask 0x1000000000000000000000000000000010000000000000000000000000000 set
cpu-bind=MASK - nid001070, task 113 113 [46373]: mask 0x2000000000000000000000000000000020000000000000000000000000000 set
cpu-bind=MASK - nid001070, task 61 61 [46320]: mask 0x200000000000000000000000000000002000000000000000 set
cpu-bind=MASK - nid001070, task 63 63 [46322]: mask 0x800000000000000000000000000000008000000000000000 set
cpu-bind=MASK - nid001070, task 114 114 [46374]: mask 0x4000000000000000000000000000000040000000000000000000000000000 set
cpu-bind=MASK - nid001070, task 116 116 [46376]: mask 0x10000000000000000000000000000000100000000000000000000000000000 set
cpu-bind=MASK - nid001070, task 120 120 [46380]: mask 0x100000000000000000000000000000001000000000000000000000000000000 set
cpu-bind=MASK - nid001070, task 127 127 [46387]: mask 0x8000000000000000000000000000000080000000000000000000000000000000 set
cpu-bind=MASK - nid001070, task 121 121 [46381]: mask 0x200000000000000000000000000000002000000000000000000000000000000 set
cpu-bind=MASK - nid001093, task 151 23 [113143]: mask 0x80000000000000000000000000000000800000 set
cpu-bind=MASK - nid001093, task 149 21 [113141]: mask 0x20000000000000000000000000000000200000 set
cpu-bind=MASK - nid001093, task 153 25 [113145]: mask 0x200000000000000000000000000000002000000 set
cpu-bind=MASK - nid001093, task 154 26 [113146]: mask 0x400000000000000000000000000000004000000 set
cpu-bind=MASK - nid001093, task 155 27 [113147]: mask 0x800000000000000000000000000000008000000 set
cpu-bind=MASK - nid001093, task 150 22 [113142]: mask 0x40000000000000000000000000000000400000 set
cpu-bind=MASK - nid001093, task 152 24 [113144]: mask 0x100000000000000000000000000000001000000 set
cpu-bind=MASK - nid001093, task 159 31 [113151]: mask 0x8000000000000000000000000000000080000000 set
cpu-bind=MASK - nid001093, task 156 28 [113148]: mask 0x1000000000000000000000000000000010000000 set
cpu-bind=MASK - nid001093, task 157 29 [113149]: mask 0x2000000000000000000000000000000020000000 set
cpu-bind=MASK - nid001093, task 183 55 [113175]: mask 0x8000000000000000000000000000000080000000000000 set
cpu-bind=MASK - nid001093, task 184 56 [113176]: mask 0x10000000000000000000000000000000100000000000000 set
cpu-bind=MASK - nid001093, task 158 30 [113150]: mask 0x4000000000000000000000000000000040000000 set
cpu-bind=MASK - nid001093, task 160 32 [113152]: mask 0x10000000000000000000000000000000100000000 set
cpu-bind=MASK - nid001093, task 161 33 [113153]: mask 0x20000000000000000000000000000000200000000 set
cpu-bind=MASK - nid001093, task 162 34 [113154]: mask 0x40000000000000000000000000000000400000000 set
cpu-bind=MASK - nid001093, task 163 35 [113155]: mask 0x80000000000000000000000000000000800000000 set
cpu-bind=MASK - nid001093, task 172 44 [113164]: mask 0x10000000000000000000000000000000100000000000 set
cpu-bind=MASK - nid001093, task 173 45 [113165]: mask 0x20000000000000000000000000000000200000000000 set
cpu-bind=MASK - nid001093, task 177 49 [113169]: mask 0x200000000000000000000000000000002000000000000 set
cpu-bind=MASK - nid001093, task 190 62 [113182]: mask 0x400000000000000000000000000000004000000000000000 set
cpu-bind=MASK - nid001093, task 166 38 [113158]: mask 0x400000000000000000000000000000004000000000 set
cpu-bind=MASK - nid001093, task 167 39 [113159]: mask 0x800000000000000000000000000000008000000000 set
cpu-bind=MASK - nid001093, task 169 41 [113161]: mask 0x2000000000000000000000000000000020000000000 set
cpu-bind=MASK - nid001093, task 170 42 [113162]: mask 0x4000000000000000000000000000000040000000000 set
cpu-bind=MASK - nid001093, task 168 40 [113160]: mask 0x1000000000000000000000000000000010000000000 set
cpu-bind=MASK - nid001093, task 171 43 [113163]: mask 0x8000000000000000000000000000000080000000000 set
cpu-bind=MASK - nid001093, task 178 50 [113170]: mask 0x400000000000000000000000000000004000000000000 set
cpu-bind=MASK - nid001093, task 174 46 [113166]: mask 0x40000000000000000000000000000000400000000000 set
cpu-bind=MASK - nid001093, task 175 47 [113167]: mask 0x80000000000000000000000000000000800000000000 set
cpu-bind=MASK - nid001093, task 179 51 [113171]: mask 0x800000000000000000000000000000008000000000000 set
cpu-bind=MASK - nid001093, task 181 53 [113173]: mask 0x2000000000000000000000000000000020000000000000 set
cpu-bind=MASK - nid001093, task 188 60 [113180]: mask 0x100000000000000000000000000000001000000000000000 set
cpu-bind=MASK - nid001093, task 165 37 [113157]: mask 0x200000000000000000000000000000002000000000 set
cpu-bind=MASK - nid001093, task 180 52 [113172]: mask 0x1000000000000000000000000000000010000000000000 set
cpu-bind=MASK - nid001093, task 182 54 [113174]: mask 0x4000000000000000000000000000000040000000000000 set
cpu-bind=MASK - nid001093, task 164 36 [113156]: mask 0x100000000000000000000000000000001000000000 set
cpu-bind=MASK - nid001093, task 185 57 [113177]: mask 0x20000000000000000000000000000000200000000000000 set
cpu-bind=MASK - nid001093, task 186 58 [113178]: mask 0x40000000000000000000000000000000400000000000000 set
cpu-bind=MASK - nid001093, task 191 63 [113183]: mask 0x800000000000000000000000000000008000000000000000 set
cpu-bind=MASK - nid001093, task 189 61 [113181]: mask 0x200000000000000000000000000000002000000000000000 set
cpu-bind=MASK - nid001093, task 192 64 [113184]: mask 0x1000000000000000000000000000000010000000000000000 set
cpu-bind=MASK - nid001093, task 187 59 [113179]: mask 0x80000000000000000000000000000000800000000000000 set
cpu-bind=MASK - nid001093, task 198 70 [113190]: mask 0x40000000000000000000000000000000400000000000000000 set
cpu-bind=MASK - nid001093, task 196 68 [113188]: mask 0x10000000000000000000000000000000100000000000000000 set
cpu-bind=MASK - nid001093, task 193 65 [113185]: mask 0x2000000000000000000000000000000020000000000000000 set
cpu-bind=MASK - nid001093, task 194 66 [113186]: mask 0x4000000000000000000000000000000040000000000000000 set
cpu-bind=MASK - nid001093, task 197 69 [113189]: mask 0x20000000000000000000000000000000200000000000000000 set
cpu-bind=MASK - nid001093, task 200 72 [113192]: mask 0x100000000000000000000000000000001000000000000000000 set
cpu-bind=MASK - nid001093, task 206 78 [113198]: mask 0x4000000000000000000000000000000040000000000000000000 set
cpu-bind=MASK - nid001093, task 226 98 [113219]: mask 0x400000000000000000000000000000004000000000000000000000000 set
cpu-bind=MASK - nid001093, task 227 99 [113220]: mask 0x800000000000000000000000000000008000000000000000000000000 set
cpu-bind=MASK - nid001093, task 176 48 [113168]: mask 0x100000000000000000000000000000001000000000000 set
cpu-bind=MASK - nid001093, task 195 67 [113187]: mask 0x8000000000000000000000000000000080000000000000000 set
cpu-bind=MASK - nid001093, task 199 71 [113191]: mask 0x80000000000000000000000000000000800000000000000000 set
cpu-bind=MASK - nid001093, task 203 75 [113195]: mask 0x800000000000000000000000000000008000000000000000000 set
cpu-bind=MASK - nid001093, task 202 74 [113194]: mask 0x400000000000000000000000000000004000000000000000000 set
cpu-bind=MASK - nid001093, task 204 76 [113196]: mask 0x1000000000000000000000000000000010000000000000000000 set
cpu-bind=MASK - nid001093, task 205 77 [113197]: mask 0x2000000000000000000000000000000020000000000000000000 set
cpu-bind=MASK - nid001093, task 201 73 [113193]: mask 0x200000000000000000000000000000002000000000000000000 set
cpu-bind=MASK - nid001093, task 208 80 [113200]: mask 0x10000000000000000000000000000000100000000000000000000 set
cpu-bind=MASK - nid001093, task 207 79 [113199]: mask 0x8000000000000000000000000000000080000000000000000000 set
cpu-bind=MASK - nid001093, task 234 106 [113228]: mask 0x40000000000000000000000000000000400000000000000000000000000 set
cpu-bind=MASK - nid001093, task 235 107 [113229]: mask 0x80000000000000000000000000000000800000000000000000000000000 set
cpu-bind=MASK - nid001093, task 238 110 [113232]: mask 0x400000000000000000000000000000004000000000000000000000000000 set
cpu-bind=MASK - nid001093, task 241 113 [113235]: mask 0x2000000000000000000000000000000020000000000000000000000000000 set
cpu-bind=MASK - nid001093, task 231 103 [113225]: mask 0x8000000000000000000000000000000080000000000000000000000000 set
cpu-bind=MASK - nid001093, task 210 82 [113202]: mask 0x40000000000000000000000000000000400000000000000000000 set
cpu-bind=MASK - nid001093, task 212 84 [113204]: mask 0x100000000000000000000000000000001000000000000000000000 set
cpu-bind=MASK - nid001093, task 216 88 [113208]: mask 0x1000000000000000000000000000000010000000000000000000000 set
cpu-bind=MASK - nid001093, task 214 86 [113206]: mask 0x400000000000000000000000000000004000000000000000000000 set
cpu-bind=MASK - nid001093, task 239 111 [113233]: mask 0x800000000000000000000000000000008000000000000000000000000000 set
cpu-bind=MASK - nid001093, task 242 114 [113236]: mask 0x4000000000000000000000000000000040000000000000000000000000000 set
cpu-bind=MASK - nid001093, task 209 81 [113201]: mask 0x20000000000000000000000000000000200000000000000000000 set
cpu-bind=MASK - nid001093, task 211 83 [113203]: mask 0x80000000000000000000000000000000800000000000000000000 set
cpu-bind=MASK - nid001093, task 213 85 [113205]: mask 0x200000000000000000000000000000002000000000000000000000 set
cpu-bind=MASK - nid001093, task 215 87 [113207]: mask 0x800000000000000000000000000000008000000000000000000000 set
cpu-bind=MASK - nid001093, task 225 97 [113218]: mask 0x200000000000000000000000000000002000000000000000000000000 set
cpu-bind=MASK - nid001093, task 240 112 [113234]: mask 0x1000000000000000000000000000000010000000000000000000000000000 set
cpu-bind=MASK - nid001093, task 228 100 [113221]: mask 0x1000000000000000000000000000000010000000000000000000000000 set
cpu-bind=MASK - nid001093, task 229 101 [113222]: mask 0x2000000000000000000000000000000020000000000000000000000000 set
cpu-bind=MASK - nid001093, task 230 102 [113223]: mask 0x4000000000000000000000000000000040000000000000000000000000 set
cpu-bind=MASK - nid001093, task 219 91 [113211]: mask 0x8000000000000000000000000000000080000000000000000000000 set
cpu-bind=MASK - nid001093, task 220 92 [113213]: mask 0x10000000000000000000000000000000100000000000000000000000 set
cpu-bind=MASK - nid001093, task 221 93 [113214]: mask 0x20000000000000000000000000000000200000000000000000000000 set
cpu-bind=MASK - nid001093, task 222 94 [113215]: mask 0x40000000000000000000000000000000400000000000000000000000 set
cpu-bind=MASK - nid001093, task 223 95 [113216]: mask 0x80000000000000000000000000000000800000000000000000000000 set
cpu-bind=MASK - nid001093, task 237 109 [113231]: mask 0x200000000000000000000000000000002000000000000000000000000000 set
cpu-bind=MASK - nid001093, task 217 89 [113209]: mask 0x2000000000000000000000000000000020000000000000000000000 set
cpu-bind=MASK - nid001093, task 224 96 [113217]: mask 0x100000000000000000000000000000001000000000000000000000000 set
cpu-bind=MASK - nid001093, task 232 104 [113226]: mask 0x10000000000000000000000000000000100000000000000000000000000 set
cpu-bind=MASK - nid001093, task 236 108 [113230]: mask 0x100000000000000000000000000000001000000000000000000000000000 set
cpu-bind=MASK - nid001093, task 233 105 [113227]: mask 0x20000000000000000000000000000000200000000000000000000000000 set
cpu-bind=MASK - nid001093, task 247 119 [113241]: mask 0x80000000000000000000000000000000800000000000000000000000000000 set
cpu-bind=MASK - nid001093, task 248 120 [113242]: mask 0x100000000000000000000000000000001000000000000000000000000000000 set
cpu-bind=MASK - nid001093, task 243 115 [113237]: mask 0x8000000000000000000000000000000080000000000000000000000000000 set
cpu-bind=MASK - nid001093, task 244 116 [113238]: mask 0x10000000000000000000000000000000100000000000000000000000000000 set
cpu-bind=MASK - nid001093, task 245 117 [113239]: mask 0x20000000000000000000000000000000200000000000000000000000000000 set
cpu-bind=MASK - nid001093, task 251 123 [113245]: mask 0x800000000000000000000000000000008000000000000000000000000000000 set
cpu-bind=MASK - nid001093, task 252 124 [113246]: mask 0x1000000000000000000000000000000010000000000000000000000000000000 set
cpu-bind=MASK - nid001093, task 255 127 [113249]: mask 0x8000000000000000000000000000000080000000000000000000000000000000 set
cpu-bind=MASK - nid001093, task 218 90 [113210]: mask 0x4000000000000000000000000000000040000000000000000000000 set
cpu-bind=MASK - nid001093, task 246 118 [113240]: mask 0x40000000000000000000000000000000400000000000000000000000000000 set
cpu-bind=MASK - nid001093, task 249 121 [113243]: mask 0x200000000000000000000000000000002000000000000000000000000000000 set
cpu-bind=MASK - nid001093, task 250 122 [113244]: mask 0x400000000000000000000000000000004000000000000000000000000000000 set
cpu-bind=MASK - nid001093, task 253 125 [113247]: mask 0x2000000000000000000000000000000020000000000000000000000000000000 set
cpu-bind=MASK - nid001093, task 254 126 [113248]: mask 0x4000000000000000000000000000000040000000000000000000000000000000 set
