
Due to MODULEPATH changes, the following have been reloaded:
  1) cray-mpich/8.1.12


Currently Loaded Modules:
  1) craype-x86-rome                        15) ELPA/2021.11.001
  2) libfabric/1.15.2.0                     16) libxsmm/1.17
  3) craype-network-ofi                     17) libxc/5.1.7
  4) xpmem/2.4.4-2.3_13.8__gff0e1d9.shasta  18) Libint-CP2K/2.6.0
  5) PrgEnv-gnu/8.3.0                       19) cray-hdf5/1.12.0.7
  6) cray-dsmml/0.2.2                       20) GSL/2.7
  7) cray-libsci/21.08.1.2                  21) SpFFT/1.0.5
  8) cray-mpich/8.1.12                      22) SPLA/1.5.2
  9) craype/2.7.13                          23) SIRIUS/7.3.1
 10) gcc/11.2.0                             24) spglib/1.16.3
 11) perftools-base/21.12.0                 25) libvori/210412
 12) cpe/21.12                              26) zlib/.1.2.11       (H)
 13) cpeGNU/21.12                           27) PLUMED/2.7.3
 14) cray-fftw/3.3.8.12

  Where:
   H:  Hidden Module

 

cpu-bind=MASK - nid001122, task 128  0 [57264]: mask 0x100000000000000000000000000000001 set
cpu-bind=MASK - nid001122, task 129  1 [57265]: mask 0x200000000000000000000000000000002 set
cpu-bind=MASK - nid001122, task 130  2 [57266]: mask 0x400000000000000000000000000000004 set
cpu-bind=MASK - nid001122, task 134  6 [57270]: mask 0x4000000000000000000000000000000040 set
cpu-bind=MASK - nid001122, task 135  7 [57271]: mask 0x8000000000000000000000000000000080 set
cpu-bind=MASK - nid001122, task 131  3 [57267]: mask 0x800000000000000000000000000000008 set
cpu-bind=MASK - nid001122, task 133  5 [57269]: mask 0x2000000000000000000000000000000020 set
cpu-bind=MASK - nid001122, task 138 10 [57274]: mask 0x40000000000000000000000000000000400 set
cpu-bind=MASK - nid001122, task 132  4 [57268]: mask 0x1000000000000000000000000000000010 set
cpu-bind=MASK - nid001122, task 136  8 [57272]: mask 0x10000000000000000000000000000000100 set
cpu-bind=MASK - nid001122, task 137  9 [57273]: mask 0x20000000000000000000000000000000200 set
cpu-bind=MASK - nid001122, task 143 15 [57279]: mask 0x800000000000000000000000000000008000 set
cpu-bind=MASK - nid001122, task 139 11 [57275]: mask 0x80000000000000000000000000000000800 set
cpu-bind=MASK - nid001122, task 140 12 [57276]: mask 0x100000000000000000000000000000001000 set
cpu-bind=MASK - nid001122, task 141 13 [57277]: mask 0x200000000000000000000000000000002000 set
cpu-bind=MASK - nid001122, task 142 14 [57278]: mask 0x400000000000000000000000000000004000 set
cpu-bind=MASK - nid001122, task 144 16 [57280]: mask 0x1000000000000000000000000000000010000 set
cpu-bind=MASK - nid001122, task 145 17 [57281]: mask 0x2000000000000000000000000000000020000 set
cpu-bind=MASK - nid001122, task 147 19 [57283]: mask 0x8000000000000000000000000000000080000 set
cpu-bind=MASK - nid001122, task 146 18 [57282]: mask 0x4000000000000000000000000000000040000 set
cpu-bind=MASK - nid001122, task 150 22 [57286]: mask 0x40000000000000000000000000000000400000 set
cpu-bind=MASK - nid001122, task 148 20 [57284]: mask 0x10000000000000000000000000000000100000 set
cpu-bind=MASK - nid001122, task 149 21 [57285]: mask 0x20000000000000000000000000000000200000 set
cpu-bind=MASK - nid001122, task 159 31 [57295]: mask 0x8000000000000000000000000000000080000000 set
cpu-bind=MASK - nid001122, task 164 36 [57300]: mask 0x100000000000000000000000000000001000000000 set
cpu-bind=MASK - nid001122, task 165 37 [57301]: mask 0x200000000000000000000000000000002000000000 set
cpu-bind=MASK - nid001122, task 176 48 [57312]: mask 0x100000000000000000000000000000001000000000000 set
cpu-bind=MASK - nid001122, task 160 32 [57296]: mask 0x10000000000000000000000000000000100000000 set
cpu-bind=MASK - nid001122, task 161 33 [57297]: mask 0x20000000000000000000000000000000200000000 set
cpu-bind=MASK - nid001122, task 162 34 [57298]: mask 0x40000000000000000000000000000000400000000 set
cpu-bind=MASK - nid001122, task 163 35 [57299]: mask 0x80000000000000000000000000000000800000000 set
cpu-bind=MASK - nid001122, task 151 23 [57287]: mask 0x80000000000000000000000000000000800000 set
cpu-bind=MASK - nid001122, task 152 24 [57288]: mask 0x100000000000000000000000000000001000000 set
cpu-bind=MASK - nid001122, task 153 25 [57289]: mask 0x200000000000000000000000000000002000000 set
cpu-bind=MASK - nid001122, task 154 26 [57290]: mask 0x400000000000000000000000000000004000000 set
cpu-bind=MASK - nid001122, task 155 27 [57291]: mask 0x800000000000000000000000000000008000000 set
cpu-bind=MASK - nid001122, task 156 28 [57292]: mask 0x1000000000000000000000000000000010000000 set
cpu-bind=MASK - nid001122, task 157 29 [57293]: mask 0x2000000000000000000000000000000020000000 set
cpu-bind=MASK - nid001122, task 158 30 [57294]: mask 0x4000000000000000000000000000000040000000 set
cpu-bind=MASK - nid001122, task 166 38 [57302]: mask 0x400000000000000000000000000000004000000000 set
cpu-bind=MASK - nid001122, task 167 39 [57303]: mask 0x800000000000000000000000000000008000000000 set
cpu-bind=MASK - nid001122, task 168 40 [57304]: mask 0x1000000000000000000000000000000010000000000 set
cpu-bind=MASK - nid001122, task 169 41 [57305]: mask 0x2000000000000000000000000000000020000000000 set
cpu-bind=MASK - nid001122, task 171 43 [57307]: mask 0x8000000000000000000000000000000080000000000 set
cpu-bind=MASK - nid001122, task 172 44 [57308]: mask 0x10000000000000000000000000000000100000000000 set
cpu-bind=MASK - nid001122, task 175 47 [57311]: mask 0x80000000000000000000000000000000800000000000 set
cpu-bind=MASK - nid001122, task 170 42 [57306]: mask 0x4000000000000000000000000000000040000000000 set
cpu-bind=MASK - nid001122, task 173 45 [57309]: mask 0x20000000000000000000000000000000200000000000 set
cpu-bind=MASK - nid001122, task 174 46 [57310]: mask 0x40000000000000000000000000000000400000000000 set
cpu-bind=MASK - nid001122, task 177 49 [57313]: mask 0x200000000000000000000000000000002000000000000 set
cpu-bind=MASK - nid001122, task 179 51 [57315]: mask 0x800000000000000000000000000000008000000000000 set
cpu-bind=MASK - nid001122, task 180 52 [57316]: mask 0x1000000000000000000000000000000010000000000000 set
cpu-bind=MASK - nid001122, task 178 50 [57314]: mask 0x400000000000000000000000000000004000000000000 set
cpu-bind=MASK - nid001122, task 181 53 [57317]: mask 0x2000000000000000000000000000000020000000000000 set
cpu-bind=MASK - nid001122, task 182 54 [57318]: mask 0x4000000000000000000000000000000040000000000000 set
cpu-bind=MASK - nid001122, task 187 59 [57323]: mask 0x80000000000000000000000000000000800000000000000 set
cpu-bind=MASK - nid001122, task 193 65 [57329]: mask 0x2000000000000000000000000000000020000000000000000 set
cpu-bind=MASK - nid001122, task 183 55 [57319]: mask 0x8000000000000000000000000000000080000000000000 set
cpu-bind=MASK - nid001122, task 185 57 [57321]: mask 0x20000000000000000000000000000000200000000000000 set
cpu-bind=MASK - nid001122, task 184 56 [57320]: mask 0x10000000000000000000000000000000100000000000000 set
cpu-bind=MASK - nid001122, task 239 111 [57375]: mask 0x800000000000000000000000000000008000000000000000000000000000 set
cpu-bind=MASK - nid001122, task 202 74 [57338]: mask 0x400000000000000000000000000000004000000000000000000 set
cpu-bind=MASK - nid001122, task 216 88 [57352]: mask 0x1000000000000000000000000000000010000000000000000000000 set
cpu-bind=MASK - nid001122, task 201 73 [57337]: mask 0x200000000000000000000000000000002000000000000000000 set
cpu-bind=MASK - nid001122, task 224 96 [57360]: mask 0x100000000000000000000000000000001000000000000000000000000 set
cpu-bind=MASK - nid001122, task 225 97 [57361]: mask 0x200000000000000000000000000000002000000000000000000000000 set
cpu-bind=MASK - nid001122, task 186 58 [57322]: mask 0x40000000000000000000000000000000400000000000000 set
cpu-bind=MASK - nid001122, task 191 63 [57327]: mask 0x800000000000000000000000000000008000000000000000 set
cpu-bind=MASK - nid001122, task 220 92 [57356]: mask 0x10000000000000000000000000000000100000000000000000000000 set
cpu-bind=MASK - nid001122, task 221 93 [57357]: mask 0x20000000000000000000000000000000200000000000000000000000 set
cpu-bind=MASK - nid001122, task 222 94 [57358]: mask 0x40000000000000000000000000000000400000000000000000000000 set
cpu-bind=MASK - nid001122, task 226 98 [57362]: mask 0x400000000000000000000000000000004000000000000000000000000 set
cpu-bind=MASK - nid001122, task 227 99 [57363]: mask 0x800000000000000000000000000000008000000000000000000000000 set
cpu-bind=MASK - nid001122, task 229 101 [57365]: mask 0x2000000000000000000000000000000020000000000000000000000000 set
cpu-bind=MASK - nid001122, task 188 60 [57324]: mask 0x100000000000000000000000000000001000000000000000 set
cpu-bind=MASK - nid001122, task 189 61 [57325]: mask 0x200000000000000000000000000000002000000000000000 set
cpu-bind=MASK - nid001122, task 190 62 [57326]: mask 0x400000000000000000000000000000004000000000000000 set
cpu-bind=MASK - nid001122, task 223 95 [57359]: mask 0x80000000000000000000000000000000800000000000000000000000 set
cpu-bind=MASK - nid001122, task 228 100 [57364]: mask 0x1000000000000000000000000000000010000000000000000000000000 set
cpu-bind=MASK - nid001122, task 234 106 [57370]: mask 0x40000000000000000000000000000000400000000000000000000000000 set
cpu-bind=MASK - nid001122, task 192 64 [57328]: mask 0x1000000000000000000000000000000010000000000000000 set
cpu-bind=MASK - nid001122, task 213 85 [57349]: mask 0x200000000000000000000000000000002000000000000000000000 set
cpu-bind=MASK - nid001122, task 230 102 [57366]: mask 0x4000000000000000000000000000000040000000000000000000000000 set
cpu-bind=MASK - nid001122, task 235 107 [57371]: mask 0x80000000000000000000000000000000800000000000000000000000000 set
cpu-bind=MASK - nid001122, task 236 108 [57372]: mask 0x100000000000000000000000000000001000000000000000000000000000 set
cpu-bind=MASK - nid001122, task 238 110 [57374]: mask 0x400000000000000000000000000000004000000000000000000000000000 set
cpu-bind=MASK - nid001122, task 244 116 [57380]: mask 0x10000000000000000000000000000000100000000000000000000000000000 set
cpu-bind=MASK - nid001122, task 245 117 [57381]: mask 0x20000000000000000000000000000000200000000000000000000000000000 set
cpu-bind=MASK - nid001122, task 252 124 [57388]: mask 0x1000000000000000000000000000000010000000000000000000000000000000 set
cpu-bind=MASK - nid001122, task 253 125 [57389]: mask 0x2000000000000000000000000000000020000000000000000000000000000000 set
cpu-bind=MASK - nid001122, task 194 66 [57330]: mask 0x4000000000000000000000000000000040000000000000000 set
cpu-bind=MASK - nid001122, task 196 68 [57332]: mask 0x10000000000000000000000000000000100000000000000000 set
cpu-bind=MASK - nid001122, task 209 81 [57345]: mask 0x20000000000000000000000000000000200000000000000000000 set
cpu-bind=MASK - nid001122, task 210 82 [57346]: mask 0x40000000000000000000000000000000400000000000000000000 set
cpu-bind=MASK - nid001122, task 231 103 [57367]: mask 0x8000000000000000000000000000000080000000000000000000000000 set
cpu-bind=MASK - nid001122, task 232 104 [57368]: mask 0x10000000000000000000000000000000100000000000000000000000000 set
cpu-bind=MASK - nid001122, task 233 105 [57369]: mask 0x20000000000000000000000000000000200000000000000000000000000 set
cpu-bind=MASK - nid001122, task 237 109 [57373]: mask 0x200000000000000000000000000000002000000000000000000000000000 set
cpu-bind=MASK - nid001122, task 246 118 [57382]: mask 0x40000000000000000000000000000000400000000000000000000000000000 set
cpu-bind=MASK - nid001122, task 247 119 [57383]: mask 0x80000000000000000000000000000000800000000000000000000000000000 set
cpu-bind=MASK - nid001122, task 248 120 [57384]: mask 0x100000000000000000000000000000001000000000000000000000000000000 set
cpu-bind=MASK - nid001122, task 249 121 [57385]: mask 0x200000000000000000000000000000002000000000000000000000000000000 set
cpu-bind=MASK - nid001122, task 251 123 [57387]: mask 0x800000000000000000000000000000008000000000000000000000000000000 set
cpu-bind=MASK - nid001122, task 255 127 [57391]: mask 0x8000000000000000000000000000000080000000000000000000000000000000 set
cpu-bind=MASK - nid001122, task 254 126 [57390]: mask 0x4000000000000000000000000000000040000000000000000000000000000000 set
cpu-bind=MASK - nid001122, task 200 72 [57336]: mask 0x100000000000000000000000000000001000000000000000000 set
cpu-bind=MASK - nid001122, task 195 67 [57331]: mask 0x8000000000000000000000000000000080000000000000000 set
cpu-bind=MASK - nid001122, task 197 69 [57333]: mask 0x20000000000000000000000000000000200000000000000000 set
cpu-bind=MASK - nid001122, task 198 70 [57334]: mask 0x40000000000000000000000000000000400000000000000000 set
cpu-bind=MASK - nid001122, task 211 83 [57347]: mask 0x80000000000000000000000000000000800000000000000000000 set
cpu-bind=MASK - nid001122, task 217 89 [57353]: mask 0x2000000000000000000000000000000020000000000000000000000 set
cpu-bind=MASK - nid001122, task 240 112 [57376]: mask 0x1000000000000000000000000000000010000000000000000000000000000 set
cpu-bind=MASK - nid001122, task 218 90 [57354]: mask 0x4000000000000000000000000000000040000000000000000000000 set
cpu-bind=MASK - nid001122, task 208 80 [57344]: mask 0x10000000000000000000000000000000100000000000000000000 set
cpu-bind=MASK - nid001122, task 219 91 [57355]: mask 0x8000000000000000000000000000000080000000000000000000000 set
cpu-bind=MASK - nid001122, task 243 115 [57379]: mask 0x8000000000000000000000000000000080000000000000000000000000000 set
cpu-bind=MASK - nid001122, task 203 75 [57339]: mask 0x800000000000000000000000000000008000000000000000000 set
cpu-bind=MASK - nid001122, task 206 78 [57342]: mask 0x4000000000000000000000000000000040000000000000000000 set
cpu-bind=MASK - nid001122, task 207 79 [57343]: mask 0x8000000000000000000000000000000080000000000000000000 set
cpu-bind=MASK - nid001122, task 212 84 [57348]: mask 0x100000000000000000000000000000001000000000000000000000 set
cpu-bind=MASK - nid001122, task 214 86 [57350]: mask 0x400000000000000000000000000000004000000000000000000000 set
cpu-bind=MASK - nid001122, task 241 113 [57377]: mask 0x2000000000000000000000000000000020000000000000000000000000000 set
cpu-bind=MASK - nid001122, task 242 114 [57378]: mask 0x4000000000000000000000000000000040000000000000000000000000000 set
cpu-bind=MASK - nid001122, task 199 71 [57335]: mask 0x80000000000000000000000000000000800000000000000000 set
cpu-bind=MASK - nid001122, task 204 76 [57340]: mask 0x1000000000000000000000000000000010000000000000000000 set
cpu-bind=MASK - nid001122, task 215 87 [57351]: mask 0x800000000000000000000000000000008000000000000000000000 set
cpu-bind=MASK - nid001122, task 250 122 [57386]: mask 0x400000000000000000000000000000004000000000000000000000000000000 set
cpu-bind=MASK - nid001122, task 205 77 [57341]: mask 0x2000000000000000000000000000000020000000000000000000 set
cpu-bind=MASK - nid001121, task  5  5 [67318]: mask 0x2000000000000000000000000000000020 set
cpu-bind=MASK - nid001121, task 11 11 [67324]: mask 0x80000000000000000000000000000000800 set
cpu-bind=MASK - nid001121, task 12 12 [67325]: mask 0x100000000000000000000000000000001000 set
cpu-bind=MASK - nid001121, task 61 61 [67374]: mask 0x200000000000000000000000000000002000000000000000 set
cpu-bind=MASK - nid001121, task  2  2 [67315]: mask 0x400000000000000000000000000000004 set
cpu-bind=MASK - nid001121, task  6  6 [67319]: mask 0x4000000000000000000000000000000040 set
cpu-bind=MASK - nid001121, task 65 65 [67378]: mask 0x2000000000000000000000000000000020000000000000000 set
cpu-bind=MASK - nid001121, task 66 66 [67379]: mask 0x4000000000000000000000000000000040000000000000000 set
cpu-bind=MASK - nid001121, task 14 14 [67327]: mask 0x400000000000000000000000000000004000 set
cpu-bind=MASK - nid001121, task 57 57 [67370]: mask 0x20000000000000000000000000000000200000000000000 set
cpu-bind=MASK - nid001121, task  0  0 [67313]: mask 0x100000000000000000000000000000001 set
cpu-bind=MASK - nid001121, task  1  1 [67314]: mask 0x200000000000000000000000000000002 set
cpu-bind=MASK - nid001121, task  3  3 [67316]: mask 0x800000000000000000000000000000008 set
cpu-bind=MASK - nid001121, task 24 24 [67337]: mask 0x100000000000000000000000000000001000000 set
cpu-bind=MASK - nid001121, task 28 28 [67341]: mask 0x1000000000000000000000000000000010000000 set
cpu-bind=MASK - nid001121, task 58 58 [67371]: mask 0x40000000000000000000000000000000400000000000000 set
cpu-bind=MASK - nid001121, task 59 59 [67372]: mask 0x80000000000000000000000000000000800000000000000 set
cpu-bind=MASK - nid001121, task 63 63 [67376]: mask 0x800000000000000000000000000000008000000000000000 set
cpu-bind=MASK - nid001121, task 64 64 [67377]: mask 0x1000000000000000000000000000000010000000000000000 set
cpu-bind=MASK - nid001121, task  4  4 [67317]: mask 0x1000000000000000000000000000000010 set
cpu-bind=MASK - nid001121, task  8  8 [67321]: mask 0x10000000000000000000000000000000100 set
cpu-bind=MASK - nid001121, task  9  9 [67322]: mask 0x20000000000000000000000000000000200 set
cpu-bind=MASK - nid001121, task 68 68 [67381]: mask 0x10000000000000000000000000000000100000000000000000 set
cpu-bind=MASK - nid001121, task 69 69 [67382]: mask 0x20000000000000000000000000000000200000000000000000 set
cpu-bind=MASK - nid001121, task 60 60 [67373]: mask 0x100000000000000000000000000000001000000000000000 set
cpu-bind=MASK - nid001121, task  7  7 [67320]: mask 0x8000000000000000000000000000000080 set
cpu-bind=MASK - nid001121, task 62 62 [67375]: mask 0x400000000000000000000000000000004000000000000000 set
cpu-bind=MASK - nid001121, task 37 37 [67350]: mask 0x200000000000000000000000000000002000000000 set
cpu-bind=MASK - nid001121, task 16 16 [67329]: mask 0x1000000000000000000000000000000010000 set
cpu-bind=MASK - nid001121, task 10 10 [67323]: mask 0x40000000000000000000000000000000400 set
cpu-bind=MASK - nid001121, task 17 17 [67330]: mask 0x2000000000000000000000000000000020000 set
cpu-bind=MASK - nid001121, task 34 34 [67347]: mask 0x40000000000000000000000000000000400000000 set
cpu-bind=MASK - nid001121, task 26 26 [67339]: mask 0x400000000000000000000000000000004000000 set
cpu-bind=MASK - nid001121, task 40 40 [67353]: mask 0x1000000000000000000000000000000010000000000 set
cpu-bind=MASK - nid001121, task 47 47 [67360]: mask 0x80000000000000000000000000000000800000000000 set
cpu-bind=MASK - nid001121, task 55 55 [67368]: mask 0x8000000000000000000000000000000080000000000000 set
cpu-bind=MASK - nid001121, task 43 43 [67356]: mask 0x8000000000000000000000000000000080000000000 set
cpu-bind=MASK - nid001121, task 22 22 [67335]: mask 0x40000000000000000000000000000000400000 set
cpu-bind=MASK - nid001121, task 44 44 [67357]: mask 0x10000000000000000000000000000000100000000000 set
cpu-bind=MASK - nid001121, task 45 45 [67358]: mask 0x20000000000000000000000000000000200000000000 set
cpu-bind=MASK - nid001121, task 53 53 [67366]: mask 0x2000000000000000000000000000000020000000000000 set
cpu-bind=MASK - nid001121, task 18 18 [67331]: mask 0x4000000000000000000000000000000040000 set
cpu-bind=MASK - nid001121, task 20 20 [67333]: mask 0x10000000000000000000000000000000100000 set
cpu-bind=MASK - nid001121, task 38 38 [67351]: mask 0x400000000000000000000000000000004000000000 set
cpu-bind=MASK - nid001121, task 50 50 [67363]: mask 0x400000000000000000000000000000004000000000000 set
cpu-bind=MASK - nid001121, task 54 54 [67367]: mask 0x4000000000000000000000000000000040000000000000 set
cpu-bind=MASK - nid001121, task 67 67 [67380]: mask 0x8000000000000000000000000000000080000000000000000 set
cpu-bind=MASK - nid001121, task 13 13 [67326]: mask 0x200000000000000000000000000000002000 set
cpu-bind=MASK - nid001121, task 19 19 [67332]: mask 0x8000000000000000000000000000000080000 set
cpu-bind=MASK - nid001121, task 36 36 [67349]: mask 0x100000000000000000000000000000001000000000 set
cpu-bind=MASK - nid001121, task 56 56 [67369]: mask 0x10000000000000000000000000000000100000000000000 set
cpu-bind=MASK - nid001121, task 33 33 [67346]: mask 0x20000000000000000000000000000000200000000 set
cpu-bind=MASK - nid001121, task 42 42 [67355]: mask 0x4000000000000000000000000000000040000000000 set
cpu-bind=MASK - nid001121, task 73 73 [67386]: mask 0x200000000000000000000000000000002000000000000000000 set
cpu-bind=MASK - nid001121, task 21 21 [67334]: mask 0x20000000000000000000000000000000200000 set
cpu-bind=MASK - nid001121, task 72 72 [67385]: mask 0x100000000000000000000000000000001000000000000000000 set
cpu-bind=MASK - nid001121, task 15 15 [67328]: mask 0x800000000000000000000000000000008000 set
cpu-bind=MASK - nid001121, task 35 35 [67348]: mask 0x80000000000000000000000000000000800000000 set
cpu-bind=MASK - nid001121, task 39 39 [67352]: mask 0x800000000000000000000000000000008000000000 set
cpu-bind=MASK - nid001121, task 23 23 [67336]: mask 0x80000000000000000000000000000000800000 set
cpu-bind=MASK - nid001121, task 74 74 [67387]: mask 0x400000000000000000000000000000004000000000000000000 set
cpu-bind=MASK - nid001121, task 75 75 [67388]: mask 0x800000000000000000000000000000008000000000000000000 set
cpu-bind=MASK - nid001121, task 27 27 [67340]: mask 0x800000000000000000000000000000008000000 set
cpu-bind=MASK - nid001121, task 51 51 [67364]: mask 0x800000000000000000000000000000008000000000000 set
cpu-bind=MASK - nid001121, task 41 41 [67354]: mask 0x2000000000000000000000000000000020000000000 set
cpu-bind=MASK - nid001121, task 46 46 [67359]: mask 0x40000000000000000000000000000000400000000000 set
cpu-bind=MASK - nid001121, task 49 49 [67362]: mask 0x200000000000000000000000000000002000000000000 set
cpu-bind=MASK - nid001121, task 52 52 [67365]: mask 0x1000000000000000000000000000000010000000000000 set
cpu-bind=MASK - nid001121, task 91 91 [67404]: mask 0x8000000000000000000000000000000080000000000000000000000 set
cpu-bind=MASK - nid001121, task 90 90 [67403]: mask 0x4000000000000000000000000000000040000000000000000000000 set
cpu-bind=MASK - nid001121, task 93 93 [67406]: mask 0x20000000000000000000000000000000200000000000000000000000 set
cpu-bind=MASK - nid001121, task 95 95 [67408]: mask 0x80000000000000000000000000000000800000000000000000000000 set
cpu-bind=MASK - nid001121, task 97 97 [67410]: mask 0x200000000000000000000000000000002000000000000000000000000 set
cpu-bind=MASK - nid001121, task 98 98 [67411]: mask 0x400000000000000000000000000000004000000000000000000000000 set
cpu-bind=MASK - nid001121, task 32 32 [67345]: mask 0x10000000000000000000000000000000100000000 set
cpu-bind=MASK - nid001121, task 25 25 [67338]: mask 0x200000000000000000000000000000002000000 set
cpu-bind=MASK - nid001121, task 29 29 [67342]: mask 0x2000000000000000000000000000000020000000 set
cpu-bind=MASK - nid001121, task 30 30 [67343]: mask 0x4000000000000000000000000000000040000000 set
cpu-bind=MASK - nid001121, task 80 80 [67393]: mask 0x10000000000000000000000000000000100000000000000000000 set
cpu-bind=MASK - nid001121, task 81 81 [67394]: mask 0x20000000000000000000000000000000200000000000000000000 set
cpu-bind=MASK - nid001121, task 83 83 [67396]: mask 0x80000000000000000000000000000000800000000000000000000 set
cpu-bind=MASK - nid001121, task 31 31 [67344]: mask 0x8000000000000000000000000000000080000000 set
cpu-bind=MASK - nid001121, task 76 76 [67389]: mask 0x1000000000000000000000000000000010000000000000000000 set
cpu-bind=MASK - nid001121, task 77 77 [67390]: mask 0x2000000000000000000000000000000020000000000000000000 set
cpu-bind=MASK - nid001121, task 78 78 [67391]: mask 0x4000000000000000000000000000000040000000000000000000 set
cpu-bind=MASK - nid001121, task 79 79 [67392]: mask 0x8000000000000000000000000000000080000000000000000000 set
cpu-bind=MASK - nid001121, task 82 82 [67395]: mask 0x40000000000000000000000000000000400000000000000000000 set
cpu-bind=MASK - nid001121, task 84 84 [67397]: mask 0x100000000000000000000000000000001000000000000000000000 set
cpu-bind=MASK - nid001121, task 87 87 [67400]: mask 0x800000000000000000000000000000008000000000000000000000 set
cpu-bind=MASK - nid001121, task 70 70 [67383]: mask 0x40000000000000000000000000000000400000000000000000 set
cpu-bind=MASK - nid001121, task 71 71 [67384]: mask 0x80000000000000000000000000000000800000000000000000 set
cpu-bind=MASK - nid001121, task 85 85 [67398]: mask 0x200000000000000000000000000000002000000000000000000000 set
cpu-bind=MASK - nid001121, task 88 88 [67401]: mask 0x1000000000000000000000000000000010000000000000000000000 set
cpu-bind=MASK - nid001121, task 89 89 [67402]: mask 0x2000000000000000000000000000000020000000000000000000000 set
cpu-bind=MASK - nid001121, task 86 86 [67399]: mask 0x400000000000000000000000000000004000000000000000000000 set
cpu-bind=MASK - nid001121, task 92 92 [67405]: mask 0x10000000000000000000000000000000100000000000000000000000 set
cpu-bind=MASK - nid001121, task 94 94 [67407]: mask 0x40000000000000000000000000000000400000000000000000000000 set
cpu-bind=MASK - nid001121, task 96 96 [67409]: mask 0x100000000000000000000000000000001000000000000000000000000 set
cpu-bind=MASK - nid001121, task 99 99 [67412]: mask 0x800000000000000000000000000000008000000000000000000000000 set
cpu-bind=MASK - nid001121, task 100 100 [67413]: mask 0x1000000000000000000000000000000010000000000000000000000000 set
cpu-bind=MASK - nid001121, task 101 101 [67414]: mask 0x2000000000000000000000000000000020000000000000000000000000 set
cpu-bind=MASK - nid001121, task 102 102 [67415]: mask 0x4000000000000000000000000000000040000000000000000000000000 set
cpu-bind=MASK - nid001121, task 105 105 [67418]: mask 0x20000000000000000000000000000000200000000000000000000000000 set
cpu-bind=MASK - nid001121, task 106 106 [67419]: mask 0x40000000000000000000000000000000400000000000000000000000000 set
cpu-bind=MASK - nid001121, task 48 48 [67361]: mask 0x100000000000000000000000000000001000000000000 set
cpu-bind=MASK - nid001121, task 104 104 [67417]: mask 0x10000000000000000000000000000000100000000000000000000000000 set
cpu-bind=MASK - nid001121, task 103 103 [67416]: mask 0x8000000000000000000000000000000080000000000000000000000000 set
cpu-bind=MASK - nid001121, task 108 108 [67421]: mask 0x100000000000000000000000000000001000000000000000000000000000 set
cpu-bind=MASK - nid001121, task 111 111 [67424]: mask 0x800000000000000000000000000000008000000000000000000000000000 set
cpu-bind=MASK - nid001121, task 107 107 [67420]: mask 0x80000000000000000000000000000000800000000000000000000000000 set
cpu-bind=MASK - nid001121, task 109 109 [67422]: mask 0x200000000000000000000000000000002000000000000000000000000000 set
cpu-bind=MASK - nid001121, task 112 112 [67425]: mask 0x1000000000000000000000000000000010000000000000000000000000000 set
cpu-bind=MASK - nid001121, task 110 110 [67423]: mask 0x400000000000000000000000000000004000000000000000000000000000 set
cpu-bind=MASK - nid001121, task 113 113 [67426]: mask 0x2000000000000000000000000000000020000000000000000000000000000 set
cpu-bind=MASK - nid001121, task 114 114 [67427]: mask 0x4000000000000000000000000000000040000000000000000000000000000 set
cpu-bind=MASK - nid001121, task 116 116 [67429]: mask 0x10000000000000000000000000000000100000000000000000000000000000 set
cpu-bind=MASK - nid001121, task 117 117 [67430]: mask 0x20000000000000000000000000000000200000000000000000000000000000 set
cpu-bind=MASK - nid001121, task 125 125 [67438]: mask 0x2000000000000000000000000000000020000000000000000000000000000000 set
cpu-bind=MASK - nid001121, task 115 115 [67428]: mask 0x8000000000000000000000000000000080000000000000000000000000000 set
cpu-bind=MASK - nid001121, task 118 118 [67431]: mask 0x40000000000000000000000000000000400000000000000000000000000000 set
cpu-bind=MASK - nid001121, task 122 122 [67435]: mask 0x400000000000000000000000000000004000000000000000000000000000000 set
cpu-bind=MASK - nid001121, task 123 123 [67436]: mask 0x800000000000000000000000000000008000000000000000000000000000000 set
cpu-bind=MASK - nid001121, task 126 126 [67439]: mask 0x4000000000000000000000000000000040000000000000000000000000000000 set
cpu-bind=MASK - nid001121, task 119 119 [67432]: mask 0x80000000000000000000000000000000800000000000000000000000000000 set
cpu-bind=MASK - nid001121, task 120 120 [67433]: mask 0x100000000000000000000000000000001000000000000000000000000000000 set
cpu-bind=MASK - nid001121, task 127 127 [67440]: mask 0x8000000000000000000000000000000080000000000000000000000000000000 set
cpu-bind=MASK - nid001121, task 121 121 [67434]: mask 0x200000000000000000000000000000002000000000000000000000000000000 set
cpu-bind=MASK - nid001121, task 124 124 [67437]: mask 0x1000000000000000000000000000000010000000000000000000000000000000 set
