
Due to MODULEPATH changes, the following have been reloaded:
  1) cray-mpich/8.1.12


Currently Loaded Modules:
  1) craype-x86-rome                        15) ELPA/2021.11.001
  2) libfabric/1.15.2.0                     16) libxsmm/1.17
  3) craype-network-ofi                     17) libxc/5.1.7
  4) xpmem/2.4.4-2.3_13.8__gff0e1d9.shasta  18) Libint-CP2K/2.6.0
  5) PrgEnv-gnu/8.3.0                       19) cray-hdf5/1.12.0.7
  6) cray-dsmml/0.2.2                       20) GSL/2.7
  7) cray-libsci/21.08.1.2                  21) SpFFT/1.0.5
  8) cray-mpich/8.1.12                      22) SPLA/1.5.2
  9) craype/2.7.13                          23) SIRIUS/7.3.1
 10) gcc/11.2.0                             24) spglib/1.16.3
 11) perftools-base/21.12.0                 25) libvori/210412
 12) cpe/21.12                              26) zlib/.1.2.11       (H)
 13) cpeGNU/21.12                           27) PLUMED/2.7.3
 14) cray-fftw/3.3.8.12

  Where:
   H:  Hidden Module

 

cpu-bind=MASK - nid001008, task  0  0 [184659]: mask 0x100000000000000000000000000000001 set
cpu-bind=MASK - nid001008, task  2  2 [184661]: mask 0x400000000000000000000000000000004 set
cpu-bind=MASK - nid001008, task  1  1 [184660]: mask 0x200000000000000000000000000000002 set
cpu-bind=MASK - nid001008, task  3  3 [184662]: mask 0x800000000000000000000000000000008 set
cpu-bind=MASK - nid001040, task 128  0 [259993]: mask 0x100000000000000000000000000000001 set
cpu-bind=MASK - nid001008, task  4  4 [184663]: mask 0x1000000000000000000000000000000010 set
cpu-bind=MASK - nid001040, task 129  1 [259994]: mask 0x200000000000000000000000000000002 set
cpu-bind=MASK - nid001040, task 130  2 [259995]: mask 0x400000000000000000000000000000004 set
cpu-bind=MASK - nid001040, task 132  4 [259997]: mask 0x1000000000000000000000000000000010 set
cpu-bind=MASK - nid001040, task 137  9 [260002]: mask 0x20000000000000000000000000000000200 set
cpu-bind=MASK - nid001040, task 138 10 [260003]: mask 0x40000000000000000000000000000000400 set
cpu-bind=MASK - nid001040, task 139 11 [260004]: mask 0x80000000000000000000000000000000800 set
cpu-bind=MASK - nid001040, task 133  5 [259998]: mask 0x2000000000000000000000000000000020 set
cpu-bind=MASK - nid001040, task 134  6 [259999]: mask 0x4000000000000000000000000000000040 set
cpu-bind=MASK - nid001040, task 135  7 [260000]: mask 0x8000000000000000000000000000000080 set
cpu-bind=MASK - nid001040, task 140 12 [260005]: mask 0x100000000000000000000000000000001000 set
cpu-bind=MASK - nid001040, task 141 13 [260006]: mask 0x200000000000000000000000000000002000 set
cpu-bind=MASK - nid001008, task  6  6 [184665]: mask 0x4000000000000000000000000000000040 set
cpu-bind=MASK - nid001008, task  7  7 [184666]: mask 0x8000000000000000000000000000000080 set
cpu-bind=MASK - nid001040, task 131  3 [259996]: mask 0x800000000000000000000000000000008 set
cpu-bind=MASK - nid001008, task 13 13 [184672]: mask 0x200000000000000000000000000000002000 set
cpu-bind=MASK - nid001008, task  8  8 [184667]: mask 0x10000000000000000000000000000000100 set
cpu-bind=MASK - nid001008, task  9  9 [184668]: mask 0x20000000000000000000000000000000200 set
cpu-bind=MASK - nid001008, task 18 18 [184677]: mask 0x4000000000000000000000000000000040000 set
cpu-bind=MASK - nid001008, task 14 14 [184673]: mask 0x400000000000000000000000000000004000 set
cpu-bind=MASK - nid001008, task 12 12 [184671]: mask 0x100000000000000000000000000000001000 set
cpu-bind=MASK - nid001008, task 10 10 [184669]: mask 0x40000000000000000000000000000000400 set
cpu-bind=MASK - nid001008, task 11 11 [184670]: mask 0x80000000000000000000000000000000800 set
cpu-bind=MASK - nid001040, task 136  8 [260001]: mask 0x10000000000000000000000000000000100 set
cpu-bind=MASK - nid001008, task 19 19 [184678]: mask 0x8000000000000000000000000000000080000 set
cpu-bind=MASK - nid001008, task 15 15 [184674]: mask 0x800000000000000000000000000000008000 set
cpu-bind=MASK - nid001008, task 16 16 [184675]: mask 0x1000000000000000000000000000000010000 set
cpu-bind=MASK - nid001008, task 21 21 [184680]: mask 0x20000000000000000000000000000000200000 set
cpu-bind=MASK - nid001008, task 22 22 [184681]: mask 0x40000000000000000000000000000000400000 set
cpu-bind=MASK - nid001008, task  5  5 [184664]: mask 0x2000000000000000000000000000000020 set
cpu-bind=MASK - nid001008, task 27 27 [184686]: mask 0x800000000000000000000000000000008000000 set
cpu-bind=MASK - nid001008, task 28 28 [184687]: mask 0x1000000000000000000000000000000010000000 set
cpu-bind=MASK - nid001008, task 17 17 [184676]: mask 0x2000000000000000000000000000000020000 set
cpu-bind=MASK - nid001008, task 20 20 [184679]: mask 0x10000000000000000000000000000000100000 set
cpu-bind=MASK - nid001040, task 142 14 [260007]: mask 0x400000000000000000000000000000004000 set
cpu-bind=MASK - nid001040, task 143 15 [260008]: mask 0x800000000000000000000000000000008000 set
cpu-bind=MASK - nid001008, task 26 26 [184685]: mask 0x400000000000000000000000000000004000000 set
cpu-bind=MASK - nid001008, task 25 25 [184684]: mask 0x200000000000000000000000000000002000000 set
cpu-bind=MASK - nid001008, task 24 24 [184683]: mask 0x100000000000000000000000000000001000000 set
cpu-bind=MASK - nid001040, task 151 23 [260016]: mask 0x80000000000000000000000000000000800000 set
cpu-bind=MASK - nid001040, task 148 20 [260013]: mask 0x10000000000000000000000000000000100000 set
cpu-bind=MASK - nid001008, task 23 23 [184682]: mask 0x80000000000000000000000000000000800000 set
cpu-bind=MASK - nid001008, task 29 29 [184688]: mask 0x2000000000000000000000000000000020000000 set
cpu-bind=MASK - nid001008, task 30 30 [184689]: mask 0x4000000000000000000000000000000040000000 set
cpu-bind=MASK - nid001040, task 152 24 [260017]: mask 0x100000000000000000000000000000001000000 set
cpu-bind=MASK - nid001040, task 144 16 [260009]: mask 0x1000000000000000000000000000000010000 set
cpu-bind=MASK - nid001040, task 153 25 [260018]: mask 0x200000000000000000000000000000002000000 set
cpu-bind=MASK - nid001040, task 170 42 [260035]: mask 0x4000000000000000000000000000000040000000000 set
cpu-bind=MASK - nid001040, task 171 43 [260036]: mask 0x8000000000000000000000000000000080000000000 set
cpu-bind=MASK - nid001040, task 172 44 [260037]: mask 0x10000000000000000000000000000000100000000000 set
cpu-bind=MASK - nid001040, task 173 45 [260038]: mask 0x20000000000000000000000000000000200000000000 set
cpu-bind=MASK - nid001040, task 174 46 [260039]: mask 0x40000000000000000000000000000000400000000000 set
cpu-bind=MASK - nid001040, task 145 17 [260010]: mask 0x2000000000000000000000000000000020000 set
cpu-bind=MASK - nid001040, task 146 18 [260011]: mask 0x4000000000000000000000000000000040000 set
cpu-bind=MASK - nid001040, task 147 19 [260012]: mask 0x8000000000000000000000000000000080000 set
cpu-bind=MASK - nid001040, task 149 21 [260014]: mask 0x20000000000000000000000000000000200000 set
cpu-bind=MASK - nid001040, task 150 22 [260015]: mask 0x40000000000000000000000000000000400000 set
cpu-bind=MASK - nid001040, task 154 26 [260019]: mask 0x400000000000000000000000000000004000000 set
cpu-bind=MASK - nid001008, task 35 35 [184694]: mask 0x80000000000000000000000000000000800000000 set
cpu-bind=MASK - nid001008, task 36 36 [184695]: mask 0x100000000000000000000000000000001000000000 set
cpu-bind=MASK - nid001040, task 169 41 [260034]: mask 0x2000000000000000000000000000000020000000000 set
cpu-bind=MASK - nid001008, task 31 31 [184690]: mask 0x8000000000000000000000000000000080000000 set
cpu-bind=MASK - nid001008, task 32 32 [184691]: mask 0x10000000000000000000000000000000100000000 set
cpu-bind=MASK - nid001008, task 33 33 [184692]: mask 0x20000000000000000000000000000000200000000 set
cpu-bind=MASK - nid001040, task 155 27 [260020]: mask 0x800000000000000000000000000000008000000 set
cpu-bind=MASK - nid001040, task 156 28 [260021]: mask 0x1000000000000000000000000000000010000000 set
cpu-bind=MASK - nid001040, task 158 30 [260023]: mask 0x4000000000000000000000000000000040000000 set
cpu-bind=MASK - nid001040, task 159 31 [260024]: mask 0x8000000000000000000000000000000080000000 set
cpu-bind=MASK - nid001040, task 160 32 [260025]: mask 0x10000000000000000000000000000000100000000 set
cpu-bind=MASK - nid001040, task 162 34 [260027]: mask 0x40000000000000000000000000000000400000000 set
cpu-bind=MASK - nid001040, task 157 29 [260022]: mask 0x2000000000000000000000000000000020000000 set
cpu-bind=MASK - nid001040, task 161 33 [260026]: mask 0x20000000000000000000000000000000200000000 set
cpu-bind=MASK - nid001040, task 164 36 [260029]: mask 0x100000000000000000000000000000001000000000 set
cpu-bind=MASK - nid001040, task 165 37 [260030]: mask 0x200000000000000000000000000000002000000000 set
cpu-bind=MASK - nid001040, task 166 38 [260031]: mask 0x400000000000000000000000000000004000000000 set
cpu-bind=MASK - nid001040, task 167 39 [260032]: mask 0x800000000000000000000000000000008000000000 set
cpu-bind=MASK - nid001040, task 183 55 [260048]: mask 0x8000000000000000000000000000000080000000000000 set
cpu-bind=MASK - nid001040, task 176 48 [260041]: mask 0x100000000000000000000000000000001000000000000 set
cpu-bind=MASK - nid001040, task 175 47 [260040]: mask 0x80000000000000000000000000000000800000000000 set
cpu-bind=MASK - nid001040, task 178 50 [260043]: mask 0x400000000000000000000000000000004000000000000 set
cpu-bind=MASK - nid001040, task 180 52 [260045]: mask 0x1000000000000000000000000000000010000000000000 set
cpu-bind=MASK - nid001040, task 181 53 [260046]: mask 0x2000000000000000000000000000000020000000000000 set
cpu-bind=MASK - nid001040, task 182 54 [260047]: mask 0x4000000000000000000000000000000040000000000000 set
cpu-bind=MASK - nid001008, task 39 39 [184698]: mask 0x800000000000000000000000000000008000000000 set
cpu-bind=MASK - nid001008, task 40 40 [184699]: mask 0x1000000000000000000000000000000010000000000 set
cpu-bind=MASK - nid001008, task 41 41 [184700]: mask 0x2000000000000000000000000000000020000000000 set
cpu-bind=MASK - nid001008, task 44 44 [184703]: mask 0x10000000000000000000000000000000100000000000 set
cpu-bind=MASK - nid001008, task 45 45 [184704]: mask 0x20000000000000000000000000000000200000000000 set
cpu-bind=MASK - nid001008, task 46 46 [184705]: mask 0x40000000000000000000000000000000400000000000 set
cpu-bind=MASK - nid001008, task 37 37 [184696]: mask 0x200000000000000000000000000000002000000000 set
cpu-bind=MASK - nid001008, task 38 38 [184697]: mask 0x400000000000000000000000000000004000000000 set
cpu-bind=MASK - nid001008, task 49 49 [184708]: mask 0x200000000000000000000000000000002000000000000 set
cpu-bind=MASK - nid001008, task 50 50 [184709]: mask 0x400000000000000000000000000000004000000000000 set
cpu-bind=MASK - nid001008, task 42 42 [184701]: mask 0x4000000000000000000000000000000040000000000 set
cpu-bind=MASK - nid001008, task 43 43 [184702]: mask 0x8000000000000000000000000000000080000000000 set
cpu-bind=MASK - nid001008, task 34 34 [184693]: mask 0x40000000000000000000000000000000400000000 set
cpu-bind=MASK - nid001008, task 47 47 [184706]: mask 0x80000000000000000000000000000000800000000000 set
cpu-bind=MASK - nid001008, task 48 48 [184707]: mask 0x100000000000000000000000000000001000000000000 set
cpu-bind=MASK - nid001008, task 51 51 [184710]: mask 0x800000000000000000000000000000008000000000000 set
cpu-bind=MASK - nid001008, task 52 52 [184711]: mask 0x1000000000000000000000000000000010000000000000 set
cpu-bind=MASK - nid001008, task 55 55 [184714]: mask 0x8000000000000000000000000000000080000000000000 set
cpu-bind=MASK - nid001008, task 56 56 [184715]: mask 0x10000000000000000000000000000000100000000000000 set
cpu-bind=MASK - nid001008, task 59 59 [184718]: mask 0x80000000000000000000000000000000800000000000000 set
cpu-bind=MASK - nid001008, task 60 60 [184719]: mask 0x100000000000000000000000000000001000000000000000 set
cpu-bind=MASK - nid001008, task 61 61 [184720]: mask 0x200000000000000000000000000000002000000000000000 set
cpu-bind=MASK - nid001008, task 62 62 [184721]: mask 0x400000000000000000000000000000004000000000000000 set
cpu-bind=MASK - nid001040, task 184 56 [260049]: mask 0x10000000000000000000000000000000100000000000000 set
cpu-bind=MASK - nid001008, task 63 63 [184722]: mask 0x800000000000000000000000000000008000000000000000 set
cpu-bind=MASK - nid001040, task 187 59 [260052]: mask 0x80000000000000000000000000000000800000000000000 set
cpu-bind=MASK - nid001008, task 64 64 [184723]: mask 0x1000000000000000000000000000000010000000000000000 set
cpu-bind=MASK - nid001008, task 53 53 [184712]: mask 0x2000000000000000000000000000000020000000000000 set
cpu-bind=MASK - nid001008, task 54 54 [184713]: mask 0x4000000000000000000000000000000040000000000000 set
cpu-bind=MASK - nid001008, task 67 67 [184726]: mask 0x8000000000000000000000000000000080000000000000000 set
cpu-bind=MASK - nid001008, task 57 57 [184716]: mask 0x20000000000000000000000000000000200000000000000 set
cpu-bind=MASK - nid001040, task 204 76 [260069]: mask 0x1000000000000000000000000000000010000000000000000000 set
cpu-bind=MASK - nid001008, task 58 58 [184717]: mask 0x40000000000000000000000000000000400000000000000 set
cpu-bind=MASK - nid001040, task 194 66 [260059]: mask 0x4000000000000000000000000000000040000000000000000 set
cpu-bind=MASK - nid001008, task 65 65 [184724]: mask 0x2000000000000000000000000000000020000000000000000 set
cpu-bind=MASK - nid001040, task 195 67 [260060]: mask 0x8000000000000000000000000000000080000000000000000 set
cpu-bind=MASK - nid001040, task 202 74 [260067]: mask 0x400000000000000000000000000000004000000000000000000 set
cpu-bind=MASK - nid001008, task 70 70 [184729]: mask 0x40000000000000000000000000000000400000000000000000 set
cpu-bind=MASK - nid001008, task 68 68 [184727]: mask 0x10000000000000000000000000000000100000000000000000 set
cpu-bind=MASK - nid001040, task 205 77 [260070]: mask 0x2000000000000000000000000000000020000000000000000000 set
cpu-bind=MASK - nid001040, task 206 78 [260071]: mask 0x4000000000000000000000000000000040000000000000000000 set
cpu-bind=MASK - nid001040, task 207 79 [260072]: mask 0x8000000000000000000000000000000080000000000000000000 set
cpu-bind=MASK - nid001008, task 77 77 [184736]: mask 0x2000000000000000000000000000000020000000000000000000 set
cpu-bind=MASK - nid001040, task 215 87 [260080]: mask 0x800000000000000000000000000000008000000000000000000000 set
cpu-bind=MASK - nid001040, task 219 91 [260084]: mask 0x8000000000000000000000000000000080000000000000000000000 set
cpu-bind=MASK - nid001008, task 69 69 [184728]: mask 0x20000000000000000000000000000000200000000000000000 set
cpu-bind=MASK - nid001008, task 79 79 [184738]: mask 0x8000000000000000000000000000000080000000000000000000 set
cpu-bind=MASK - nid001040, task 168 40 [260033]: mask 0x1000000000000000000000000000000010000000000 set
cpu-bind=MASK - nid001008, task 66 66 [184725]: mask 0x4000000000000000000000000000000040000000000000000 set
cpu-bind=MASK - nid001040, task 185 57 [260050]: mask 0x20000000000000000000000000000000200000000000000 set
cpu-bind=MASK - nid001008, task 73 73 [184732]: mask 0x200000000000000000000000000000002000000000000000000 set
cpu-bind=MASK - nid001040, task 186 58 [260051]: mask 0x40000000000000000000000000000000400000000000000 set
cpu-bind=MASK - nid001040, task 188 60 [260053]: mask 0x100000000000000000000000000000001000000000000000 set
cpu-bind=MASK - nid001040, task 190 62 [260055]: mask 0x400000000000000000000000000000004000000000000000 set
cpu-bind=MASK - nid001040, task 191 63 [260056]: mask 0x800000000000000000000000000000008000000000000000 set
cpu-bind=MASK - nid001040, task 214 86 [260079]: mask 0x400000000000000000000000000000004000000000000000000000 set
cpu-bind=MASK - nid001008, task 71 71 [184730]: mask 0x80000000000000000000000000000000800000000000000000 set
cpu-bind=MASK - nid001040, task 189 61 [260054]: mask 0x200000000000000000000000000000002000000000000000 set
cpu-bind=MASK - nid001008, task 72 72 [184731]: mask 0x100000000000000000000000000000001000000000000000000 set
cpu-bind=MASK - nid001040, task 192 64 [260057]: mask 0x1000000000000000000000000000000010000000000000000 set
cpu-bind=MASK - nid001008, task 78 78 [184737]: mask 0x4000000000000000000000000000000040000000000000000000 set
cpu-bind=MASK - nid001040, task 196 68 [260061]: mask 0x10000000000000000000000000000000100000000000000000 set
cpu-bind=MASK - nid001040, task 220 92 [260085]: mask 0x10000000000000000000000000000000100000000000000000000000 set
cpu-bind=MASK - nid001040, task 163 35 [260028]: mask 0x80000000000000000000000000000000800000000 set
cpu-bind=MASK - nid001040, task 197 69 [260062]: mask 0x20000000000000000000000000000000200000000000000000 set
cpu-bind=MASK - nid001040, task 198 70 [260063]: mask 0x40000000000000000000000000000000400000000000000000 set
cpu-bind=MASK - nid001040, task 212 84 [260077]: mask 0x100000000000000000000000000000001000000000000000000000 set
cpu-bind=MASK - nid001040, task 177 49 [260042]: mask 0x200000000000000000000000000000002000000000000 set
cpu-bind=MASK - nid001040, task 179 51 [260044]: mask 0x800000000000000000000000000000008000000000000 set
cpu-bind=MASK - nid001008, task 74 74 [184733]: mask 0x400000000000000000000000000000004000000000000000000 set
cpu-bind=MASK - nid001040, task 199 71 [260064]: mask 0x80000000000000000000000000000000800000000000000000 set
cpu-bind=MASK - nid001040, task 200 72 [260065]: mask 0x100000000000000000000000000000001000000000000000000 set
cpu-bind=MASK - nid001040, task 201 73 [260066]: mask 0x200000000000000000000000000000002000000000000000000 set
cpu-bind=MASK - nid001040, task 203 75 [260068]: mask 0x800000000000000000000000000000008000000000000000000 set
cpu-bind=MASK - nid001008, task 75 75 [184734]: mask 0x800000000000000000000000000000008000000000000000000 set
cpu-bind=MASK - nid001040, task 193 65 [260058]: mask 0x2000000000000000000000000000000020000000000000000 set
cpu-bind=MASK - nid001040, task 216 88 [260081]: mask 0x1000000000000000000000000000000010000000000000000000000 set
cpu-bind=MASK - nid001008, task 80 80 [184739]: mask 0x10000000000000000000000000000000100000000000000000000 set
cpu-bind=MASK - nid001008, task 81 81 [184740]: mask 0x20000000000000000000000000000000200000000000000000000 set
cpu-bind=MASK - nid001040, task 213 85 [260078]: mask 0x200000000000000000000000000000002000000000000000000000 set
cpu-bind=MASK - nid001040, task 221 93 [260086]: mask 0x20000000000000000000000000000000200000000000000000000000 set
cpu-bind=MASK - nid001040, task 218 90 [260083]: mask 0x4000000000000000000000000000000040000000000000000000000 set
cpu-bind=MASK - nid001040, task 208 80 [260073]: mask 0x10000000000000000000000000000000100000000000000000000 set
cpu-bind=MASK - nid001040, task 210 82 [260075]: mask 0x40000000000000000000000000000000400000000000000000000 set
cpu-bind=MASK - nid001040, task 217 89 [260082]: mask 0x2000000000000000000000000000000020000000000000000000000 set
cpu-bind=MASK - nid001040, task 209 81 [260074]: mask 0x20000000000000000000000000000000200000000000000000000 set
cpu-bind=MASK - nid001040, task 211 83 [260076]: mask 0x80000000000000000000000000000000800000000000000000000 set
cpu-bind=MASK - nid001008, task 76 76 [184735]: mask 0x1000000000000000000000000000000010000000000000000000 set
cpu-bind=MASK - nid001008, task 83 83 [184742]: mask 0x80000000000000000000000000000000800000000000000000000 set
cpu-bind=MASK - nid001008, task 88 88 [184747]: mask 0x1000000000000000000000000000000010000000000000000000000 set
cpu-bind=MASK - nid001008, task 84 84 [184743]: mask 0x100000000000000000000000000000001000000000000000000000 set
cpu-bind=MASK - nid001008, task 85 85 [184744]: mask 0x200000000000000000000000000000002000000000000000000000 set
cpu-bind=MASK - nid001040, task 222 94 [260087]: mask 0x40000000000000000000000000000000400000000000000000000000 set
cpu-bind=MASK - nid001040, task 223 95 [260088]: mask 0x80000000000000000000000000000000800000000000000000000000 set
cpu-bind=MASK - nid001040, task 224 96 [260089]: mask 0x100000000000000000000000000000001000000000000000000000000 set
cpu-bind=MASK - nid001040, task 225 97 [260090]: mask 0x200000000000000000000000000000002000000000000000000000000 set
cpu-bind=MASK - nid001008, task 82 82 [184741]: mask 0x40000000000000000000000000000000400000000000000000000 set
cpu-bind=MASK - nid001008, task 86 86 [184745]: mask 0x400000000000000000000000000000004000000000000000000000 set
cpu-bind=MASK - nid001040, task 226 98 [260091]: mask 0x400000000000000000000000000000004000000000000000000000000 set
cpu-bind=MASK - nid001008, task 87 87 [184746]: mask 0x800000000000000000000000000000008000000000000000000000 set
cpu-bind=MASK - nid001040, task 227 99 [260092]: mask 0x800000000000000000000000000000008000000000000000000000000 set
cpu-bind=MASK - nid001040, task 228 100 [260093]: mask 0x1000000000000000000000000000000010000000000000000000000000 set
cpu-bind=MASK - nid001040, task 229 101 [260094]: mask 0x2000000000000000000000000000000020000000000000000000000000 set
cpu-bind=MASK - nid001008, task 89 89 [184748]: mask 0x2000000000000000000000000000000020000000000000000000000 set
cpu-bind=MASK - nid001008, task 90 90 [184749]: mask 0x4000000000000000000000000000000040000000000000000000000 set
cpu-bind=MASK - nid001008, task 91 91 [184750]: mask 0x8000000000000000000000000000000080000000000000000000000 set
cpu-bind=MASK - nid001008, task 92 92 [184751]: mask 0x10000000000000000000000000000000100000000000000000000000 set
cpu-bind=MASK - nid001008, task 99 99 [184758]: mask 0x800000000000000000000000000000008000000000000000000000000 set
cpu-bind=MASK - nid001008, task 95 95 [184754]: mask 0x80000000000000000000000000000000800000000000000000000000 set
cpu-bind=MASK - nid001008, task 98 98 [184757]: mask 0x400000000000000000000000000000004000000000000000000000000 set
cpu-bind=MASK - nid001008, task 104 104 [184763]: mask 0x10000000000000000000000000000000100000000000000000000000000 set
cpu-bind=MASK - nid001008, task 105 105 [184764]: mask 0x20000000000000000000000000000000200000000000000000000000000 set
cpu-bind=MASK - nid001008, task 108 108 [184767]: mask 0x100000000000000000000000000000001000000000000000000000000000 set
cpu-bind=MASK - nid001008, task 109 109 [184768]: mask 0x200000000000000000000000000000002000000000000000000000000000 set
cpu-bind=MASK - nid001008, task 110 110 [184769]: mask 0x400000000000000000000000000000004000000000000000000000000000 set
cpu-bind=MASK - nid001008, task 96 96 [184755]: mask 0x100000000000000000000000000000001000000000000000000000000 set
cpu-bind=MASK - nid001008, task 97 97 [184756]: mask 0x200000000000000000000000000000002000000000000000000000000 set
cpu-bind=MASK - nid001008, task 113 113 [184772]: mask 0x2000000000000000000000000000000020000000000000000000000000000 set
cpu-bind=MASK - nid001008, task 114 114 [184773]: mask 0x4000000000000000000000000000000040000000000000000000000000000 set
cpu-bind=MASK - nid001008, task 102 102 [184761]: mask 0x4000000000000000000000000000000040000000000000000000000000 set
cpu-bind=MASK - nid001008, task 100 100 [184759]: mask 0x1000000000000000000000000000000010000000000000000000000000 set
cpu-bind=MASK - nid001008, task 101 101 [184760]: mask 0x2000000000000000000000000000000020000000000000000000000000 set
cpu-bind=MASK - nid001008, task 106 106 [184765]: mask 0x40000000000000000000000000000000400000000000000000000000000 set
cpu-bind=MASK - nid001040, task 254 126 [260119]: mask 0x4000000000000000000000000000000040000000000000000000000000000000 set
cpu-bind=MASK - nid001008, task 107 107 [184766]: mask 0x80000000000000000000000000000000800000000000000000000000000 set
cpu-bind=MASK - nid001040, task 231 103 [260096]: mask 0x8000000000000000000000000000000080000000000000000000000000 set
cpu-bind=MASK - nid001040, task 232 104 [260097]: mask 0x10000000000000000000000000000000100000000000000000000000000 set
cpu-bind=MASK - nid001040, task 234 106 [260099]: mask 0x40000000000000000000000000000000400000000000000000000000000 set
cpu-bind=MASK - nid001040, task 235 107 [260100]: mask 0x80000000000000000000000000000000800000000000000000000000000 set
cpu-bind=MASK - nid001040, task 236 108 [260101]: mask 0x100000000000000000000000000000001000000000000000000000000000 set
cpu-bind=MASK - nid001040, task 239 111 [260104]: mask 0x800000000000000000000000000000008000000000000000000000000000 set
cpu-bind=MASK - nid001040, task 240 112 [260105]: mask 0x1000000000000000000000000000000010000000000000000000000000000 set
cpu-bind=MASK - nid001040, task 253 125 [260118]: mask 0x2000000000000000000000000000000020000000000000000000000000000000 set
cpu-bind=MASK - nid001040, task 255 127 [260120]: mask 0x8000000000000000000000000000000080000000000000000000000000000000 set
cpu-bind=MASK - nid001008, task 111 111 [184770]: mask 0x800000000000000000000000000000008000000000000000000000000000 set
cpu-bind=MASK - nid001008, task 112 112 [184771]: mask 0x1000000000000000000000000000000010000000000000000000000000000 set
cpu-bind=MASK - nid001008, task 117 117 [184776]: mask 0x20000000000000000000000000000000200000000000000000000000000000 set
cpu-bind=MASK - nid001008, task 118 118 [184777]: mask 0x40000000000000000000000000000000400000000000000000000000000000 set
cpu-bind=MASK - nid001008, task 119 119 [184778]: mask 0x80000000000000000000000000000000800000000000000000000000000000 set
cpu-bind=MASK - nid001008, task 115 115 [184774]: mask 0x8000000000000000000000000000000080000000000000000000000000000 set
cpu-bind=MASK - nid001008, task 93 93 [184752]: mask 0x20000000000000000000000000000000200000000000000000000000 set
cpu-bind=MASK - nid001008, task 120 120 [184779]: mask 0x100000000000000000000000000000001000000000000000000000000000000 set
cpu-bind=MASK - nid001008, task 116 116 [184775]: mask 0x10000000000000000000000000000000100000000000000000000000000000 set
cpu-bind=MASK - nid001008, task 94 94 [184753]: mask 0x40000000000000000000000000000000400000000000000000000000 set
cpu-bind=MASK - nid001008, task 121 121 [184780]: mask 0x200000000000000000000000000000002000000000000000000000000000000 set
cpu-bind=MASK - nid001008, task 122 122 [184781]: mask 0x400000000000000000000000000000004000000000000000000000000000000 set
cpu-bind=MASK - nid001040, task 242 114 [260107]: mask 0x4000000000000000000000000000000040000000000000000000000000000 set
cpu-bind=MASK - nid001040, task 243 115 [260108]: mask 0x8000000000000000000000000000000080000000000000000000000000000 set
cpu-bind=MASK - nid001008, task 123 123 [184782]: mask 0x800000000000000000000000000000008000000000000000000000000000000 set
cpu-bind=MASK - nid001040, task 247 119 [260112]: mask 0x80000000000000000000000000000000800000000000000000000000000000 set
cpu-bind=MASK - nid001040, task 230 102 [260095]: mask 0x4000000000000000000000000000000040000000000000000000000000 set
cpu-bind=MASK - nid001040, task 233 105 [260098]: mask 0x20000000000000000000000000000000200000000000000000000000000 set
cpu-bind=MASK - nid001040, task 237 109 [260102]: mask 0x200000000000000000000000000000002000000000000000000000000000 set
cpu-bind=MASK - nid001040, task 238 110 [260103]: mask 0x400000000000000000000000000000004000000000000000000000000000 set
cpu-bind=MASK - nid001040, task 241 113 [260106]: mask 0x2000000000000000000000000000000020000000000000000000000000000 set
cpu-bind=MASK - nid001040, task 244 116 [260109]: mask 0x10000000000000000000000000000000100000000000000000000000000000 set
cpu-bind=MASK - nid001008, task 126 126 [184785]: mask 0x4000000000000000000000000000000040000000000000000000000000000000 set
cpu-bind=MASK - nid001040, task 245 117 [260110]: mask 0x20000000000000000000000000000000200000000000000000000000000000 set
cpu-bind=MASK - nid001040, task 246 118 [260111]: mask 0x40000000000000000000000000000000400000000000000000000000000000 set
cpu-bind=MASK - nid001040, task 248 120 [260113]: mask 0x100000000000000000000000000000001000000000000000000000000000000 set
cpu-bind=MASK - nid001008, task 127 127 [184786]: mask 0x8000000000000000000000000000000080000000000000000000000000000000 set
cpu-bind=MASK - nid001040, task 249 121 [260114]: mask 0x200000000000000000000000000000002000000000000000000000000000000 set
cpu-bind=MASK - nid001040, task 250 122 [260115]: mask 0x400000000000000000000000000000004000000000000000000000000000000 set
cpu-bind=MASK - nid001040, task 251 123 [260116]: mask 0x800000000000000000000000000000008000000000000000000000000000000 set
cpu-bind=MASK - nid001040, task 252 124 [260117]: mask 0x1000000000000000000000000000000010000000000000000000000000000000 set
cpu-bind=MASK - nid001008, task 103 103 [184762]: mask 0x8000000000000000000000000000000080000000000000000000000000 set
cpu-bind=MASK - nid001008, task 125 125 [184784]: mask 0x2000000000000000000000000000000020000000000000000000000000000000 set
cpu-bind=MASK - nid001008, task 124 124 [184783]: mask 0x1000000000000000000000000000000010000000000000000000000000000000 set
slurmstepd: error: *** STEP 1441477.0 ON nid001008 CANCELLED AT 2023-04-19T11:24:19 ***
slurmstepd: error: *** JOB 1441477 ON nid001008 CANCELLED AT 2023-04-19T11:24:19 ***
