
Due to MODULEPATH changes, the following have been reloaded:
  1) cray-mpich/8.1.12


Currently Loaded Modules:
  1) craype-x86-rome                        15) ELPA/2021.11.001
  2) libfabric/1.15.2.0                     16) libxsmm/1.17
  3) craype-network-ofi                     17) libxc/5.1.7
  4) xpmem/2.4.4-2.3_13.8__gff0e1d9.shasta  18) Libint-CP2K/2.6.0
  5) PrgEnv-gnu/8.3.0                       19) cray-hdf5/1.12.0.7
  6) cray-dsmml/0.2.2                       20) GSL/2.7
  7) cray-libsci/21.08.1.2                  21) SpFFT/1.0.5
  8) cray-mpich/8.1.12                      22) SPLA/1.5.2
  9) craype/2.7.13                          23) SIRIUS/7.3.1
 10) gcc/11.2.0                             24) spglib/1.16.3
 11) perftools-base/21.12.0                 25) libvori/210412
 12) cpe/21.12                              26) zlib/.1.2.11       (H)
 13) cpeGNU/21.12                           27) PLUMED/2.7.3
 14) cray-fftw/3.3.8.12

  Where:
   H:  Hidden Module

 

cpu-bind=MASK - nid001704, task  1  1 [2312]: mask 0x200000000000000000000000000000002 set
cpu-bind=MASK - nid001704, task  2  2 [2313]: mask 0x400000000000000000000000000000004 set
cpu-bind=MASK - nid001704, task  6  6 [2317]: mask 0x4000000000000000000000000000000040 set
cpu-bind=MASK - nid001704, task  0  0 [2311]: mask 0x100000000000000000000000000000001 set
cpu-bind=MASK - nid001704, task  3  3 [2314]: mask 0x800000000000000000000000000000008 set
cpu-bind=MASK - nid001704, task  4  4 [2315]: mask 0x1000000000000000000000000000000010 set
cpu-bind=MASK - nid001704, task  5  5 [2316]: mask 0x2000000000000000000000000000000020 set
cpu-bind=MASK - nid001704, task  7  7 [2318]: mask 0x8000000000000000000000000000000080 set
cpu-bind=MASK - nid001704, task 10 10 [2321]: mask 0x40000000000000000000000000000000400 set
cpu-bind=MASK - nid001704, task 11 11 [2322]: mask 0x80000000000000000000000000000000800 set
cpu-bind=MASK - nid001704, task 12 12 [2323]: mask 0x100000000000000000000000000000001000 set
cpu-bind=MASK - nid001704, task 16 16 [2328]: mask 0x1000000000000000000000000000000010000 set
cpu-bind=MASK - nid001704, task 17 17 [2329]: mask 0x2000000000000000000000000000000020000 set
cpu-bind=MASK - nid001704, task 32 32 [2345]: mask 0x10000000000000000000000000000000100000000 set
cpu-bind=MASK - nid001704, task 33 33 [2346]: mask 0x20000000000000000000000000000000200000000 set
cpu-bind=MASK - nid001704, task  8  8 [2319]: mask 0x10000000000000000000000000000000100 set
cpu-bind=MASK - nid001704, task  9  9 [2320]: mask 0x20000000000000000000000000000000200 set
cpu-bind=MASK - nid001704, task 13 13 [2324]: mask 0x200000000000000000000000000000002000 set
cpu-bind=MASK - nid001704, task 14 14 [2325]: mask 0x400000000000000000000000000000004000 set
cpu-bind=MASK - nid001704, task 20 20 [2333]: mask 0x10000000000000000000000000000000100000 set
cpu-bind=MASK - nid001704, task 22 22 [2335]: mask 0x40000000000000000000000000000000400000 set
cpu-bind=MASK - nid001704, task 25 25 [2338]: mask 0x200000000000000000000000000000002000000 set
cpu-bind=MASK - nid001704, task 24 24 [2337]: mask 0x100000000000000000000000000000001000000 set
cpu-bind=MASK - nid001704, task 31 31 [2344]: mask 0x8000000000000000000000000000000080000000 set
cpu-bind=MASK - nid001704, task 15 15 [2327]: mask 0x800000000000000000000000000000008000 set
cpu-bind=MASK - nid001704, task 18 18 [2330]: mask 0x4000000000000000000000000000000040000 set
cpu-bind=MASK - nid001704, task 19 19 [2332]: mask 0x8000000000000000000000000000000080000 set
cpu-bind=MASK - nid001704, task 26 26 [2339]: mask 0x400000000000000000000000000000004000000 set
cpu-bind=MASK - nid001704, task 34 34 [2347]: mask 0x40000000000000000000000000000000400000000 set
cpu-bind=MASK - nid001704, task 21 21 [2334]: mask 0x20000000000000000000000000000000200000 set
cpu-bind=MASK - nid001704, task 23 23 [2336]: mask 0x80000000000000000000000000000000800000 set
cpu-bind=MASK - nid001704, task 28 28 [2341]: mask 0x1000000000000000000000000000000010000000 set
cpu-bind=MASK - nid001704, task 30 30 [2343]: mask 0x4000000000000000000000000000000040000000 set
cpu-bind=MASK - nid001704, task 27 27 [2340]: mask 0x800000000000000000000000000000008000000 set
cpu-bind=MASK - nid001704, task 29 29 [2342]: mask 0x2000000000000000000000000000000020000000 set
cpu-bind=MASK - nid001704, task 35 35 [2348]: mask 0x80000000000000000000000000000000800000000 set
cpu-bind=MASK - nid001704, task 36 36 [2349]: mask 0x100000000000000000000000000000001000000000 set
cpu-bind=MASK - nid001704, task 37 37 [2350]: mask 0x200000000000000000000000000000002000000000 set
cpu-bind=MASK - nid001704, task 40 40 [2353]: mask 0x1000000000000000000000000000000010000000000 set
cpu-bind=MASK - nid001704, task 38 38 [2351]: mask 0x400000000000000000000000000000004000000000 set
cpu-bind=MASK - nid001704, task 39 39 [2352]: mask 0x800000000000000000000000000000008000000000 set
cpu-bind=MASK - nid001704, task 41 41 [2354]: mask 0x2000000000000000000000000000000020000000000 set
cpu-bind=MASK - nid001704, task 42 42 [2355]: mask 0x4000000000000000000000000000000040000000000 set
cpu-bind=MASK - nid001704, task 45 45 [2358]: mask 0x20000000000000000000000000000000200000000000 set
cpu-bind=MASK - nid001704, task 46 46 [2359]: mask 0x40000000000000000000000000000000400000000000 set
cpu-bind=MASK - nid001704, task 47 47 [2360]: mask 0x80000000000000000000000000000000800000000000 set
cpu-bind=MASK - nid001704, task 50 50 [2363]: mask 0x400000000000000000000000000000004000000000000 set
cpu-bind=MASK - nid001704, task 51 51 [2364]: mask 0x800000000000000000000000000000008000000000000 set
cpu-bind=MASK - nid001704, task 43 43 [2356]: mask 0x8000000000000000000000000000000080000000000 set
cpu-bind=MASK - nid001704, task 44 44 [2357]: mask 0x10000000000000000000000000000000100000000000 set
cpu-bind=MASK - nid001704, task 48 48 [2361]: mask 0x100000000000000000000000000000001000000000000 set
cpu-bind=MASK - nid001704, task 49 49 [2362]: mask 0x200000000000000000000000000000002000000000000 set
cpu-bind=MASK - nid001704, task 64 64 [2377]: mask 0x1000000000000000000000000000000010000000000000000 set
cpu-bind=MASK - nid001704, task 65 65 [2378]: mask 0x2000000000000000000000000000000020000000000000000 set
cpu-bind=MASK - nid001704, task 52 52 [2365]: mask 0x1000000000000000000000000000000010000000000000 set
cpu-bind=MASK - nid001704, task 53 53 [2366]: mask 0x2000000000000000000000000000000020000000000000 set
cpu-bind=MASK - nid001704, task 68 68 [2381]: mask 0x10000000000000000000000000000000100000000000000000 set
cpu-bind=MASK - nid001704, task 69 69 [2382]: mask 0x20000000000000000000000000000000200000000000000000 set
cpu-bind=MASK - nid001704, task 57 57 [2370]: mask 0x20000000000000000000000000000000200000000000000 set
cpu-bind=MASK - nid001704, task 58 58 [2371]: mask 0x40000000000000000000000000000000400000000000000 set
cpu-bind=MASK - nid001704, task 61 61 [2374]: mask 0x200000000000000000000000000000002000000000000000 set
cpu-bind=MASK - nid001704, task 54 54 [2367]: mask 0x4000000000000000000000000000000040000000000000 set
cpu-bind=MASK - nid001704, task 55 55 [2368]: mask 0x8000000000000000000000000000000080000000000000 set
cpu-bind=MASK - nid001704, task 62 62 [2375]: mask 0x400000000000000000000000000000004000000000000000 set
cpu-bind=MASK - nid001704, task 63 63 [2376]: mask 0x800000000000000000000000000000008000000000000000 set
cpu-bind=MASK - nid001704, task 56 56 [2369]: mask 0x10000000000000000000000000000000100000000000000 set
cpu-bind=MASK - nid001704, task 60 60 [2373]: mask 0x100000000000000000000000000000001000000000000000 set
cpu-bind=MASK - nid001704, task 76 76 [2389]: mask 0x1000000000000000000000000000000010000000000000000000 set
cpu-bind=MASK - nid001704, task 74 74 [2387]: mask 0x400000000000000000000000000000004000000000000000000 set
cpu-bind=MASK - nid001704, task 66 66 [2379]: mask 0x4000000000000000000000000000000040000000000000000 set
cpu-bind=MASK - nid001704, task 67 67 [2380]: mask 0x8000000000000000000000000000000080000000000000000 set
cpu-bind=MASK - nid001704, task 59 59 [2372]: mask 0x80000000000000000000000000000000800000000000000 set
cpu-bind=MASK - nid001704, task 70 70 [2383]: mask 0x40000000000000000000000000000000400000000000000000 set
cpu-bind=MASK - nid001704, task 71 71 [2384]: mask 0x80000000000000000000000000000000800000000000000000 set
cpu-bind=MASK - nid001704, task 72 72 [2385]: mask 0x100000000000000000000000000000001000000000000000000 set
cpu-bind=MASK - nid001704, task 73 73 [2386]: mask 0x200000000000000000000000000000002000000000000000000 set
cpu-bind=MASK - nid001704, task 80 80 [2393]: mask 0x10000000000000000000000000000000100000000000000000000 set
cpu-bind=MASK - nid001704, task 81 81 [2394]: mask 0x20000000000000000000000000000000200000000000000000000 set
cpu-bind=MASK - nid001704, task 82 82 [2395]: mask 0x40000000000000000000000000000000400000000000000000000 set
cpu-bind=MASK - nid001734, task 129  1 [162083]: mask 0x200000000000000000000000000000002 set
cpu-bind=MASK - nid001734, task 132  4 [162086]: mask 0x1000000000000000000000000000000010 set
cpu-bind=MASK - nid001704, task 78 78 [2391]: mask 0x4000000000000000000000000000000040000000000000000000 set
cpu-bind=MASK - nid001704, task 79 79 [2392]: mask 0x8000000000000000000000000000000080000000000000000000 set
cpu-bind=MASK - nid001704, task 85 85 [2398]: mask 0x200000000000000000000000000000002000000000000000000000 set
cpu-bind=MASK - nid001704, task 86 86 [2399]: mask 0x400000000000000000000000000000004000000000000000000000 set
cpu-bind=MASK - nid001734, task 128  0 [162082]: mask 0x100000000000000000000000000000001 set
cpu-bind=MASK - nid001734, task 141 13 [162095]: mask 0x200000000000000000000000000000002000 set
cpu-bind=MASK - nid001704, task 90 90 [2403]: mask 0x4000000000000000000000000000000040000000000000000000000 set
cpu-bind=MASK - nid001704, task 75 75 [2388]: mask 0x800000000000000000000000000000008000000000000000000 set
cpu-bind=MASK - nid001704, task 77 77 [2390]: mask 0x2000000000000000000000000000000020000000000000000000 set
cpu-bind=MASK - nid001704, task 83 83 [2396]: mask 0x80000000000000000000000000000000800000000000000000000 set
cpu-bind=MASK - nid001704, task 84 84 [2397]: mask 0x100000000000000000000000000000001000000000000000000000 set
cpu-bind=MASK - nid001704, task 87 87 [2400]: mask 0x800000000000000000000000000000008000000000000000000000 set
cpu-bind=MASK - nid001734, task 133  5 [162087]: mask 0x2000000000000000000000000000000020 set
cpu-bind=MASK - nid001734, task 134  6 [162088]: mask 0x4000000000000000000000000000000040 set
cpu-bind=MASK - nid001734, task 135  7 [162089]: mask 0x8000000000000000000000000000000080 set
cpu-bind=MASK - nid001734, task 136  8 [162090]: mask 0x10000000000000000000000000000000100 set
cpu-bind=MASK - nid001734, task 137  9 [162091]: mask 0x20000000000000000000000000000000200 set
cpu-bind=MASK - nid001734, task 138 10 [162092]: mask 0x40000000000000000000000000000000400 set
cpu-bind=MASK - nid001734, task 139 11 [162093]: mask 0x80000000000000000000000000000000800 set
cpu-bind=MASK - nid001734, task 140 12 [162094]: mask 0x100000000000000000000000000000001000 set
cpu-bind=MASK - nid001704, task 88 88 [2401]: mask 0x1000000000000000000000000000000010000000000000000000000 set
cpu-bind=MASK - nid001704, task 89 89 [2402]: mask 0x2000000000000000000000000000000020000000000000000000000 set
cpu-bind=MASK - nid001734, task 142 14 [162096]: mask 0x400000000000000000000000000000004000 set
cpu-bind=MASK - nid001704, task 104 104 [2417]: mask 0x10000000000000000000000000000000100000000000000000000000000 set
cpu-bind=MASK - nid001704, task 91 91 [2404]: mask 0x8000000000000000000000000000000080000000000000000000000 set
cpu-bind=MASK - nid001704, task 105 105 [2418]: mask 0x20000000000000000000000000000000200000000000000000000000000 set
cpu-bind=MASK - nid001704, task 111 111 [2424]: mask 0x800000000000000000000000000000008000000000000000000000000000 set
cpu-bind=MASK - nid001704, task 92 92 [2405]: mask 0x10000000000000000000000000000000100000000000000000000000 set
cpu-bind=MASK - nid001704, task 93 93 [2406]: mask 0x20000000000000000000000000000000200000000000000000000000 set
cpu-bind=MASK - nid001704, task 94 94 [2407]: mask 0x40000000000000000000000000000000400000000000000000000000 set
cpu-bind=MASK - nid001704, task 95 95 [2408]: mask 0x80000000000000000000000000000000800000000000000000000000 set
cpu-bind=MASK - nid001704, task 96 96 [2409]: mask 0x100000000000000000000000000000001000000000000000000000000 set
cpu-bind=MASK - nid001704, task 97 97 [2410]: mask 0x200000000000000000000000000000002000000000000000000000000 set
cpu-bind=MASK - nid001704, task 98 98 [2411]: mask 0x400000000000000000000000000000004000000000000000000000000 set
cpu-bind=MASK - nid001704, task 99 99 [2412]: mask 0x800000000000000000000000000000008000000000000000000000000 set
cpu-bind=MASK - nid001704, task 100 100 [2413]: mask 0x1000000000000000000000000000000010000000000000000000000000 set
cpu-bind=MASK - nid001704, task 101 101 [2414]: mask 0x2000000000000000000000000000000020000000000000000000000000 set
cpu-bind=MASK - nid001704, task 102 102 [2415]: mask 0x4000000000000000000000000000000040000000000000000000000000 set
cpu-bind=MASK - nid001704, task 103 103 [2416]: mask 0x8000000000000000000000000000000080000000000000000000000000 set
cpu-bind=MASK - nid001704, task 106 106 [2419]: mask 0x40000000000000000000000000000000400000000000000000000000000 set
cpu-bind=MASK - nid001704, task 109 109 [2422]: mask 0x200000000000000000000000000000002000000000000000000000000000 set
cpu-bind=MASK - nid001704, task 118 118 [2431]: mask 0x40000000000000000000000000000000400000000000000000000000000000 set
cpu-bind=MASK - nid001704, task 108 108 [2421]: mask 0x100000000000000000000000000000001000000000000000000000000000 set
cpu-bind=MASK - nid001704, task 110 110 [2423]: mask 0x400000000000000000000000000000004000000000000000000000000000 set
cpu-bind=MASK - nid001704, task 113 113 [2426]: mask 0x2000000000000000000000000000000020000000000000000000000000000 set
cpu-bind=MASK - nid001704, task 123 123 [2436]: mask 0x800000000000000000000000000000008000000000000000000000000000000 set
cpu-bind=MASK - nid001734, task 143 15 [162097]: mask 0x800000000000000000000000000000008000 set
cpu-bind=MASK - nid001704, task 117 117 [2430]: mask 0x20000000000000000000000000000000200000000000000000000000000000 set
cpu-bind=MASK - nid001734, task 144 16 [162098]: mask 0x1000000000000000000000000000000010000 set
cpu-bind=MASK - nid001734, task 145 17 [162099]: mask 0x2000000000000000000000000000000020000 set
cpu-bind=MASK - nid001704, task 119 119 [2432]: mask 0x80000000000000000000000000000000800000000000000000000000000000 set
cpu-bind=MASK - nid001704, task 124 124 [2437]: mask 0x1000000000000000000000000000000010000000000000000000000000000000 set
cpu-bind=MASK - nid001704, task 107 107 [2420]: mask 0x80000000000000000000000000000000800000000000000000000000000 set
cpu-bind=MASK - nid001704, task 112 112 [2425]: mask 0x1000000000000000000000000000000010000000000000000000000000000 set
cpu-bind=MASK - nid001704, task 115 115 [2428]: mask 0x8000000000000000000000000000000080000000000000000000000000000 set
cpu-bind=MASK - nid001704, task 120 120 [2433]: mask 0x100000000000000000000000000000001000000000000000000000000000000 set
cpu-bind=MASK - nid001704, task 126 126 [2439]: mask 0x4000000000000000000000000000000040000000000000000000000000000000 set
cpu-bind=MASK - nid001704, task 116 116 [2429]: mask 0x10000000000000000000000000000000100000000000000000000000000000 set
cpu-bind=MASK - nid001704, task 125 125 [2438]: mask 0x2000000000000000000000000000000020000000000000000000000000000000 set
cpu-bind=MASK - nid001704, task 114 114 [2427]: mask 0x4000000000000000000000000000000040000000000000000000000000000 set
cpu-bind=MASK - nid001734, task 155 27 [162109]: mask 0x800000000000000000000000000000008000000 set
cpu-bind=MASK - nid001704, task 127 127 [2440]: mask 0x8000000000000000000000000000000080000000000000000000000000000000 set
cpu-bind=MASK - nid001704, task 122 122 [2435]: mask 0x400000000000000000000000000000004000000000000000000000000000000 set
cpu-bind=MASK - nid001734, task 156 28 [162110]: mask 0x1000000000000000000000000000000010000000 set
cpu-bind=MASK - nid001734, task 174 46 [162128]: mask 0x40000000000000000000000000000000400000000000 set
cpu-bind=MASK - nid001734, task 177 49 [162131]: mask 0x200000000000000000000000000000002000000000000 set
cpu-bind=MASK - nid001704, task 121 121 [2434]: mask 0x200000000000000000000000000000002000000000000000000000000000000 set
cpu-bind=MASK - nid001734, task 130  2 [162084]: mask 0x400000000000000000000000000000004 set
cpu-bind=MASK - nid001734, task 131  3 [162085]: mask 0x800000000000000000000000000000008 set
cpu-bind=MASK - nid001734, task 158 30 [162112]: mask 0x4000000000000000000000000000000040000000 set
cpu-bind=MASK - nid001734, task 159 31 [162113]: mask 0x8000000000000000000000000000000080000000 set
cpu-bind=MASK - nid001734, task 150 22 [162104]: mask 0x40000000000000000000000000000000400000 set
cpu-bind=MASK - nid001734, task 148 20 [162102]: mask 0x10000000000000000000000000000000100000 set
cpu-bind=MASK - nid001734, task 149 21 [162103]: mask 0x20000000000000000000000000000000200000 set
cpu-bind=MASK - nid001734, task 151 23 [162105]: mask 0x80000000000000000000000000000000800000 set
cpu-bind=MASK - nid001734, task 157 29 [162111]: mask 0x2000000000000000000000000000000020000000 set
cpu-bind=MASK - nid001734, task 176 48 [162130]: mask 0x100000000000000000000000000000001000000000000 set
cpu-bind=MASK - nid001734, task 165 37 [162119]: mask 0x200000000000000000000000000000002000000000 set
cpu-bind=MASK - nid001734, task 164 36 [162118]: mask 0x100000000000000000000000000000001000000000 set
cpu-bind=MASK - nid001734, task 168 40 [162122]: mask 0x1000000000000000000000000000000010000000000 set
cpu-bind=MASK - nid001734, task 169 41 [162123]: mask 0x2000000000000000000000000000000020000000000 set
cpu-bind=MASK - nid001734, task 170 42 [162124]: mask 0x4000000000000000000000000000000040000000000 set
cpu-bind=MASK - nid001734, task 171 43 [162125]: mask 0x8000000000000000000000000000000080000000000 set
cpu-bind=MASK - nid001734, task 172 44 [162126]: mask 0x10000000000000000000000000000000100000000000 set
cpu-bind=MASK - nid001734, task 173 45 [162127]: mask 0x20000000000000000000000000000000200000000000 set
cpu-bind=MASK - nid001734, task 162 34 [162116]: mask 0x40000000000000000000000000000000400000000 set
cpu-bind=MASK - nid001734, task 166 38 [162120]: mask 0x400000000000000000000000000000004000000000 set
cpu-bind=MASK - nid001734, task 167 39 [162121]: mask 0x800000000000000000000000000000008000000000 set
cpu-bind=MASK - nid001734, task 175 47 [162129]: mask 0x80000000000000000000000000000000800000000000 set
cpu-bind=MASK - nid001734, task 178 50 [162132]: mask 0x400000000000000000000000000000004000000000000 set
cpu-bind=MASK - nid001734, task 182 54 [162136]: mask 0x4000000000000000000000000000000040000000000000 set
cpu-bind=MASK - nid001734, task 183 55 [162137]: mask 0x8000000000000000000000000000000080000000000000 set
cpu-bind=MASK - nid001734, task 179 51 [162133]: mask 0x800000000000000000000000000000008000000000000 set
cpu-bind=MASK - nid001734, task 180 52 [162134]: mask 0x1000000000000000000000000000000010000000000000 set
cpu-bind=MASK - nid001734, task 184 56 [162138]: mask 0x10000000000000000000000000000000100000000000000 set
cpu-bind=MASK - nid001734, task 186 58 [162140]: mask 0x40000000000000000000000000000000400000000000000 set
cpu-bind=MASK - nid001734, task 181 53 [162135]: mask 0x2000000000000000000000000000000020000000000000 set
cpu-bind=MASK - nid001734, task 185 57 [162139]: mask 0x20000000000000000000000000000000200000000000000 set
cpu-bind=MASK - nid001734, task 200 72 [162154]: mask 0x100000000000000000000000000000001000000000000000000 set
cpu-bind=MASK - nid001734, task 187 59 [162141]: mask 0x80000000000000000000000000000000800000000000000 set
cpu-bind=MASK - nid001734, task 188 60 [162142]: mask 0x100000000000000000000000000000001000000000000000 set
cpu-bind=MASK - nid001734, task 189 61 [162143]: mask 0x200000000000000000000000000000002000000000000000 set
cpu-bind=MASK - nid001734, task 191 63 [162145]: mask 0x800000000000000000000000000000008000000000000000 set
cpu-bind=MASK - nid001734, task 192 64 [162146]: mask 0x1000000000000000000000000000000010000000000000000 set
cpu-bind=MASK - nid001734, task 193 65 [162147]: mask 0x2000000000000000000000000000000020000000000000000 set
cpu-bind=MASK - nid001734, task 194 66 [162148]: mask 0x4000000000000000000000000000000040000000000000000 set
cpu-bind=MASK - nid001734, task 190 62 [162144]: mask 0x400000000000000000000000000000004000000000000000 set
cpu-bind=MASK - nid001734, task 218 90 [162172]: mask 0x4000000000000000000000000000000040000000000000000000000 set
cpu-bind=MASK - nid001734, task 195 67 [162149]: mask 0x8000000000000000000000000000000080000000000000000 set
cpu-bind=MASK - nid001734, task 196 68 [162150]: mask 0x10000000000000000000000000000000100000000000000000 set
cpu-bind=MASK - nid001734, task 199 71 [162153]: mask 0x80000000000000000000000000000000800000000000000000 set
cpu-bind=MASK - nid001734, task 197 69 [162151]: mask 0x20000000000000000000000000000000200000000000000000 set
cpu-bind=MASK - nid001734, task 198 70 [162152]: mask 0x40000000000000000000000000000000400000000000000000 set
cpu-bind=MASK - nid001734, task 205 77 [162159]: mask 0x2000000000000000000000000000000020000000000000000000 set
cpu-bind=MASK - nid001734, task 209 81 [162163]: mask 0x20000000000000000000000000000000200000000000000000000 set
cpu-bind=MASK - nid001734, task 223 95 [162177]: mask 0x80000000000000000000000000000000800000000000000000000000 set
cpu-bind=MASK - nid001734, task 226 98 [162180]: mask 0x400000000000000000000000000000004000000000000000000000000 set
cpu-bind=MASK - nid001734, task 227 99 [162181]: mask 0x800000000000000000000000000000008000000000000000000000000 set
cpu-bind=MASK - nid001734, task 228 100 [162182]: mask 0x1000000000000000000000000000000010000000000000000000000000 set
cpu-bind=MASK - nid001734, task 160 32 [162114]: mask 0x10000000000000000000000000000000100000000 set
cpu-bind=MASK - nid001734, task 211 83 [162165]: mask 0x80000000000000000000000000000000800000000000000000000 set
cpu-bind=MASK - nid001734, task 152 24 [162106]: mask 0x100000000000000000000000000000001000000 set
cpu-bind=MASK - nid001734, task 153 25 [162107]: mask 0x200000000000000000000000000000002000000 set
cpu-bind=MASK - nid001734, task 161 33 [162115]: mask 0x20000000000000000000000000000000200000000 set
cpu-bind=MASK - nid001734, task 204 76 [162158]: mask 0x1000000000000000000000000000000010000000000000000000 set
cpu-bind=MASK - nid001734, task 207 79 [162161]: mask 0x8000000000000000000000000000000080000000000000000000 set
cpu-bind=MASK - nid001734, task 208 80 [162162]: mask 0x10000000000000000000000000000000100000000000000000000 set
cpu-bind=MASK - nid001734, task 213 85 [162167]: mask 0x200000000000000000000000000000002000000000000000000000 set
cpu-bind=MASK - nid001734, task 215 87 [162169]: mask 0x800000000000000000000000000000008000000000000000000000 set
cpu-bind=MASK - nid001734, task 216 88 [162170]: mask 0x1000000000000000000000000000000010000000000000000000000 set
cpu-bind=MASK - nid001734, task 154 26 [162108]: mask 0x400000000000000000000000000000004000000 set
cpu-bind=MASK - nid001734, task 163 35 [162117]: mask 0x80000000000000000000000000000000800000000 set
cpu-bind=MASK - nid001734, task 206 78 [162160]: mask 0x4000000000000000000000000000000040000000000000000000 set
cpu-bind=MASK - nid001734, task 210 82 [162164]: mask 0x40000000000000000000000000000000400000000000000000000 set
cpu-bind=MASK - nid001734, task 212 84 [162166]: mask 0x100000000000000000000000000000001000000000000000000000 set
cpu-bind=MASK - nid001734, task 214 86 [162168]: mask 0x400000000000000000000000000000004000000000000000000000 set
cpu-bind=MASK - nid001734, task 217 89 [162171]: mask 0x2000000000000000000000000000000020000000000000000000000 set
cpu-bind=MASK - nid001734, task 202 74 [162156]: mask 0x400000000000000000000000000000004000000000000000000 set
cpu-bind=MASK - nid001734, task 222 94 [162176]: mask 0x40000000000000000000000000000000400000000000000000000000 set
cpu-bind=MASK - nid001734, task 225 97 [162179]: mask 0x200000000000000000000000000000002000000000000000000000000 set
cpu-bind=MASK - nid001734, task 147 19 [162101]: mask 0x8000000000000000000000000000000080000 set
cpu-bind=MASK - nid001734, task 224 96 [162178]: mask 0x100000000000000000000000000000001000000000000000000000000 set
cpu-bind=MASK - nid001734, task 229 101 [162183]: mask 0x2000000000000000000000000000000020000000000000000000000000 set
cpu-bind=MASK - nid001734, task 146 18 [162100]: mask 0x4000000000000000000000000000000040000 set
cpu-bind=MASK - nid001734, task 219 91 [162173]: mask 0x8000000000000000000000000000000080000000000000000000000 set
cpu-bind=MASK - nid001734, task 230 102 [162184]: mask 0x4000000000000000000000000000000040000000000000000000000000 set
cpu-bind=MASK - nid001734, task 220 92 [162174]: mask 0x10000000000000000000000000000000100000000000000000000000 set
cpu-bind=MASK - nid001734, task 221 93 [162175]: mask 0x20000000000000000000000000000000200000000000000000000000 set
cpu-bind=MASK - nid001734, task 231 103 [162185]: mask 0x8000000000000000000000000000000080000000000000000000000000 set
cpu-bind=MASK - nid001734, task 232 104 [162186]: mask 0x10000000000000000000000000000000100000000000000000000000000 set
cpu-bind=MASK - nid001734, task 234 106 [162188]: mask 0x40000000000000000000000000000000400000000000000000000000000 set
cpu-bind=MASK - nid001734, task 245 117 [162199]: mask 0x20000000000000000000000000000000200000000000000000000000000000 set
cpu-bind=MASK - nid001734, task 242 114 [162196]: mask 0x4000000000000000000000000000000040000000000000000000000000000 set
cpu-bind=MASK - nid001734, task 246 118 [162200]: mask 0x40000000000000000000000000000000400000000000000000000000000000 set
cpu-bind=MASK - nid001734, task 233 105 [162187]: mask 0x20000000000000000000000000000000200000000000000000000000000 set
cpu-bind=MASK - nid001734, task 235 107 [162189]: mask 0x80000000000000000000000000000000800000000000000000000000000 set
cpu-bind=MASK - nid001734, task 236 108 [162190]: mask 0x100000000000000000000000000000001000000000000000000000000000 set
cpu-bind=MASK - nid001734, task 237 109 [162191]: mask 0x200000000000000000000000000000002000000000000000000000000000 set
cpu-bind=MASK - nid001734, task 244 116 [162198]: mask 0x10000000000000000000000000000000100000000000000000000000000000 set
cpu-bind=MASK - nid001734, task 248 120 [162202]: mask 0x100000000000000000000000000000001000000000000000000000000000000 set
cpu-bind=MASK - nid001734, task 201 73 [162155]: mask 0x200000000000000000000000000000002000000000000000000 set
cpu-bind=MASK - nid001734, task 241 113 [162195]: mask 0x2000000000000000000000000000000020000000000000000000000000000 set
cpu-bind=MASK - nid001734, task 203 75 [162157]: mask 0x800000000000000000000000000000008000000000000000000 set
cpu-bind=MASK - nid001734, task 238 110 [162192]: mask 0x400000000000000000000000000000004000000000000000000000000000 set
cpu-bind=MASK - nid001734, task 239 111 [162193]: mask 0x800000000000000000000000000000008000000000000000000000000000 set
cpu-bind=MASK - nid001734, task 240 112 [162194]: mask 0x1000000000000000000000000000000010000000000000000000000000000 set
cpu-bind=MASK - nid001734, task 243 115 [162197]: mask 0x8000000000000000000000000000000080000000000000000000000000000 set
cpu-bind=MASK - nid001734, task 252 124 [162206]: mask 0x1000000000000000000000000000000010000000000000000000000000000000 set
cpu-bind=MASK - nid001734, task 253 125 [162207]: mask 0x2000000000000000000000000000000020000000000000000000000000000000 set
cpu-bind=MASK - nid001734, task 254 126 [162208]: mask 0x4000000000000000000000000000000040000000000000000000000000000000 set
cpu-bind=MASK - nid001734, task 250 122 [162204]: mask 0x400000000000000000000000000000004000000000000000000000000000000 set
cpu-bind=MASK - nid001734, task 251 123 [162205]: mask 0x800000000000000000000000000000008000000000000000000000000000000 set
cpu-bind=MASK - nid001734, task 249 121 [162203]: mask 0x200000000000000000000000000000002000000000000000000000000000000 set
cpu-bind=MASK - nid001734, task 247 119 [162201]: mask 0x80000000000000000000000000000000800000000000000000000000000000 set
cpu-bind=MASK - nid001734, task 255 127 [162209]: mask 0x8000000000000000000000000000000080000000000000000000000000000000 set
MPICH Notice [Rank 0] [job id 1441459.0] [Wed Apr 19 10:08:01 2023] [nid001704] - Abort(1) (rank 0 in comm 0): application called MPI_Abort(MPI_COMM_WORLD, 1) - process 0

aborting job:
application called MPI_Abort(MPI_COMM_WORLD, 1) - process 0
srun: error: nid001704: task 0: Exited with exit code 255
srun: launch/slurm: _step_signal: Terminating StepId=1441459.0
slurmstepd: error: *** STEP 1441459.0 ON nid001704 CANCELLED AT 2023-04-19T10:08:01 ***
srun: error: nid001734: tasks 128-255: Terminated
srun: error: nid001704: tasks 1-127: Terminated
srun: Force Terminated StepId=1441459.0
